
Uses verb segment ids: no
Model: camembert/camembert-large
Train set: 3328
Validation set: 416
Test set: 416
roberta.encoder.layer.0.attention.self.query.weight     (1024, 1024)
roberta.encoder.layer.0.attention.self.query.bias            (1024,)
roberta.encoder.layer.0.attention.self.key.weight       (1024, 1024)
roberta.encoder.layer.0.attention.self.key.bias              (1024,)
roberta.encoder.layer.0.attention.self.value.weight     (1024, 1024)
roberta.encoder.layer.0.attention.self.value.bias            (1024,)
roberta.encoder.layer.0.attention.output.dense.weight   (1024, 1024)
roberta.encoder.layer.0.attention.output.dense.bias          (1024,)
roberta.encoder.layer.0.attention.output.LayerNorm.weight      (1024,)
roberta.encoder.layer.0.attention.output.LayerNorm.bias      (1024,)
roberta.encoder.layer.0.intermediate.dense.weight       (4096, 1024)
roberta.encoder.layer.0.intermediate.dense.bias              (4096,)
roberta.encoder.layer.0.output.dense.weight             (1024, 4096)
roberta.encoder.layer.0.output.dense.bias                    (1024,)
roberta.encoder.layer.0.output.LayerNorm.weight              (1024,)
roberta.encoder.layer.0.output.LayerNorm.bias                (1024,)
	======== Epoch 1 / 4 ========
Training...
	Batch    40	of	  104.		Elapsed: 0:20:52.
	Batch    80	of	  104.		Elapsed: 0:41:36.
	Average training loss: 0.48
	Training epoch took: 0:54:03
	Running Validation...
	Accuracy: 0.82
	Validation took: 0:02:02
	Confusion matrix:
              precision    recall  f1-score   support

           0       0.80      0.89      0.84       227
           1       0.84      0.74      0.79       189

   micro avg       0.82      0.82      0.82       416
   macro avg       0.82      0.81      0.82       416
weighted avg       0.82      0.82      0.82       416

	======== Epoch 2 / 4 ========
Training...
	Batch    40	of	  104.		Elapsed: 0:20:44.
	Batch    80	of	  104.		Elapsed: 0:41:26.
	Average training loss: 0.30
	Training epoch took: 0:53:49
	Running Validation...
	Accuracy: 0.87
	Validation took: 0:02:00
	Confusion matrix:
              precision    recall  f1-score   support

           0       0.88      0.89      0.88       227
           1       0.86      0.85      0.86       189

   micro avg       0.87      0.87      0.87       416
   macro avg       0.87      0.87      0.87       416
weighted avg       0.87      0.87      0.87       416

	======== Epoch 3 / 4 ========
Training...
	Batch    40	of	  104.		Elapsed: 0:20:47.
	Batch    80	of	  104.		Elapsed: 0:41:35.
	Average training loss: 0.18
	Training epoch took: 0:54:01
	Running Validation...
	Accuracy: 0.86
	Validation took: 0:01:58
	Confusion matrix:
              precision    recall  f1-score   support

           0       0.89      0.85      0.87       227
           1       0.83      0.88      0.85       189

   micro avg       0.86      0.86      0.86       416
   macro avg       0.86      0.86      0.86       416
weighted avg       0.86      0.86      0.86       416

	======== Epoch 4 / 4 ========
Training...
	Batch    40	of	  104.		Elapsed: 0:20:47.
	Batch    80	of	  104.		Elapsed: 0:41:32.
	Average training loss: 0.12
	Training epoch took: 0:54:00
	Running Validation...
	Accuracy: 0.87
	Validation took: 0:01:59
	Confusion matrix:
              precision    recall  f1-score   support

           0       0.87      0.89      0.88       227
           1       0.87      0.84      0.85       189

   micro avg       0.87      0.87      0.87       416
   macro avg       0.87      0.87      0.87       416
weighted avg       0.87      0.87      0.87       416

Loaded model succesful. Running testing...
Accuracy: 0.87
Confusion matrix:
              precision    recall  f1-score   support

           0       0.87      0.89      0.88       227
           1       0.87      0.84      0.85       189

   micro avg       0.87      0.87      0.87       416
   macro avg       0.87      0.87      0.87       416
weighted avg       0.87      0.87      0.87       416


Wrong predictions:

wrong label: 0	prob: [0.9731153845787048, 0.026884544640779495]	Je comprends  , la police ne porter ait pas plainte pour une personne qui a disparu pendant la nuit  . 

wrong label: 1	prob: [0.15023761987686157, 0.8497623801231384]	Il m ' a fallu une trentaine de secondes pour choisir le sandwich à le poulet Charles ton : poitrine de poulet marin ée et grillé e sur un pain à le le vain avec de le  hav arti fondu  , de la lait ue romaine et de la ma yon naise à les canne berg es  . 

wrong label: 1	prob: [0.33248525857925415, 0.6675147414207458]	Lorsque le lecteur souhaite approfondir certains sujets  , ou lorsque de les questions techniques sont en jeu  , la lecture de les ouvrages pertinents cités dans la bibliographie est recommandée  . 

wrong label: 1	prob: [0.47774752974510193, 0.5222524404525757]	Une foule se rassemble dans un bar local  . 

wrong label: 1	prob: [0.018851501867175102, 0.9811485409736633]	Deux hommes regardent dans les télescope s solaires  . 

wrong label: 0	prob: [0.7951073050498962, 0.20489272475242615]	Une nage use portant un costume rose sort de l ' eau d ' une piscine et fait de les éc lab ous s ures  . 

wrong label: 0	prob: [0.8993337750434875, 0.10066615045070648]	Les conditions d ' hygiène dans les bidonville s sont catastrophique s  . 

wrong label: 0	prob: [0.7098016738891602, 0.29019832611083984]	Certains messages étaient politiques  . 

wrong label: 0	prob: [0.5363708734512329, 0.4636291265487671]	Des mond dit que c ' est la femme avec qui il vit  , n ' est - ce pas terrible  , à son âge ! 

wrong label: 0	prob: [0.8238295912742615, 0.17617040872573853]	Nous pourrions juste nous  asseoir et collecter les loyers d ' un nombre toujours plus réduit de locataires  . 

wrong label: 0	prob: [0.6728927493095398, 0.327107310295105]	Elle d ét est ait ces escaliers  . 

wrong label: 1	prob: [0.22006703913211823, 0.779932975769043]	Voyager à l ' étranger peut être un plaisir ! 

wrong label: 0	prob: [0.9773830771446228, 0.0226169154047966]	Je veux prendre mon badge  , sinon si tu le tire s  , il va déchire r mon jean  . 

wrong label: 0	prob: [0.9795278310775757, 0.020472094416618347]	Je vous le l irai plus tard et vous dirai exactement ce qui se passe  . 

wrong label: 0	prob: [0.9842362403869629, 0.015763824805617332]	Il est clair que les questions doivent être telles que l ' on peut s ' attendre à ce que la population concernée les comprenne et y répond e en connaissance de cause  . 

wrong label: 0	prob: [0.9828187823295593, 0.01718115247786045]	J ' ai décidé de briser ce schéma  . 

wrong label: 0	prob: [0.985273540019989, 0.014726441353559494]	Case y  , qui n ' était pas sûre de son avenir  , était devenue une grande créatrice de mode à New York  . 

wrong label: 0	prob: [0.8867090344429016, 0.1132909506559372]	Je ne l ' ai jamais fait  , dit Rose  , avec sa vieille énergie  . 

wrong label: 0	prob: [0.9847584962844849, 0.01524154283106327]	Ils devaient être riches  , vu la taille de leurs pierres tomba les  . 

wrong label: 1	prob: [0.02880088798701763, 0.971199095249176]	Tout le monde est habillé à les couleurs de mon mariage  . 

wrong label: 1	prob: [0.39892253279685974, 0.6010774374008179]	Le calme de la pièce y a contribué  , tout comme la vue  . 

wrong label: 1	prob: [0.04430193826556206, 0.9556980133056641]	C ' est Halloween et tous les enfants sont déguisé s  . 

wrong label: 1	prob: [0.024379950016736984, 0.9756200909614563]	Un petit garçon en chemise blanche fait de l '  escalade  . 

wrong label: 0	prob: [0.9932067394256592, 0.006793315522372723]	Eh bien  , je ne vais pas le faire là - de dans  . 

wrong label: 0	prob: [0.9878431558609009, 0.012156844139099121]	Un homme portant une casquette noire  , une chemise noire à manches longues et un tablier violet est souriant 

wrong label: 0	prob: [0.9876135587692261, 0.012386426329612732]	La vérité est que je n ' ai aucune chance de trouver un emploi  . 

wrong label: 0	prob: [0.6428331732749939, 0.35716676712036133]	La famille prenant quelques verres avant notre barbecue annuel est toujours un bon souvenir  . 

wrong label: 0	prob: [0.6481477618217468, 0.3518522083759308]	Je dis  , tu veux une autre bière ? 

wrong label: 1	prob: [0.0062171840108931065, 0.9937828183174133]	De les adultes et de les enfants dans ent dans une pièce  . 

wrong label: 0	prob: [0.9943912625312805, 0.005608719773590565]	Il ne l ' attribue certainement pas à un discours où elle n ' a pas été prononcée et  , comme indiqué ci - dessus  , le faire deux fois n ' aurait aucun sens si Moore était le maître de la tromper ie que ses détracteurs prétendent qu ' il est  . 

wrong label: 0	prob: [0.9939795732498169, 0.006020445376634598]	Pas seulement parce que c ' était un motif ridicule ment in a dé quat  , mais parce que ce n ' était pas vrai .  , 

wrong label: 1	prob: [0.10423915088176727, 0.8957608938217163]	Une maison est en construction  . 

wrong label: 0	prob: [0.9870295524597168, 0.012970509007573128]	Mais ... bon  , personne d ' important ne disparaît jamais  , alors ça n ' a pas vraiment d ' importance  , n ' est - ce pas ? 

wrong label: 0	prob: [0.9520487189292908, 0.047951243817806244]	Nous étions très proches  . 

wrong label: 1	prob: [0.41794806718826294, 0.5820519328117371]	Cordialement  , Erik M <unk> ller 

wrong label: 0	prob: [0.6431692242622375, 0.35683080554008484]	Ici  , à une réunion de Team USA  , ils montrent la nouvelle ligne de vêtements pour 2015  . 

wrong label: 1	prob: [0.0674702599644661, 0.9325298070907593]	Un joueur de tennis asiatique s '  apprête à frapper la balle  . 

wrong label: 0	prob: [0.9891890287399292, 0.010810949839651585]	Mais voyant un regard de sympathie  , elle a répondu : Oui  , c ' est vrai  . 

wrong label: 1	prob: [0.4266755282878876, 0.5733245015144348]	Il s ' est assis sans bouger et a ignoré la pensée furieuse ment  . 

wrong label: 1	prob: [0.005644124001264572, 0.9943558573722839]	Un homme vêtu de cuir noir avec un band ana rouge sourit à la caméra  . 

wrong label: 1	prob: [0.3947289288043976, 0.6052711009979248]	Les photos vont être magnifiques  . 

wrong label: 1	prob: [0.022961821407079697, 0.9770381450653076]	La réception va être géniale  . 

wrong label: 1	prob: [0.022054044529795647, 0.9779459238052368]	R  . 

wrong label: 1	prob: [0.008756609633564949, 0.9912433624267578]	Deux femmes et un homme portent de les veste s noires et souri ent  . 

wrong label: 1	prob: [0.005260335747152567, 0.9947397112846375]	vous l ' utilisez pour faire naviguer un mini ra deau sur la lente et lourde rivière Mot h ; 

wrong label: 0	prob: [0.9052988886833191, 0.09470108151435852]	2 ) 

wrong label: 0	prob: [0.9536340832710266, 0.04636593535542488]	Ils vont seulement se perdre dans les mien s  . 

wrong label: 1	prob: [0.16936323046684265, 0.8306368589401245]	Deux jeunes hommes  exécute nt un numéro de dans e moderne  . 

wrong label: 0	prob: [0.9916619062423706, 0.008338119834661484]	Je n ' aime pas l ' attitude de le peuple Emma  . 

wrong label: 1	prob: [0.29196327924728394, 0.7080367207527161]	Plusieurs personnes  , dont l ' une est à vélo  , traversent une rue très fréquenté e  . 

wrong label: 0	prob: [0.8386279940605164, 0.16137197613716125]	Le soir  , les routes étaient relativement dégagée s  . 

wrong label: 1	prob: [0.04161413758993149, 0.9583858847618103]	Les couverts sont vraiment magnifiques  . 

wrong label: 1	prob: [0.3301352262496948, 0.6698647737503052]	Et les meilleurs acteurs  , chanteurs et danseurs de l ' Opéra étaient là pour agrément er les dîner s  . 

wrong label: 0	prob: [0.7589897513389587, 0.24101029336452484]	Après minuit  , tout le monde se sentait fatigué et é tour di  . 

wrong label: 0	prob: [0.6787331104278564, 0.32126688957214355]	Il y avait aussi beaucoup de gens qui prêt aient serment  . 55 out of 416

Right predictions:

right label: 0	prob: [0.9844017624855042, 0.015598262660205364]	Mais ce décret n ' avait pas la puissance de le droit civil derrière lui  . 

right label: 0	prob: [0.9839574098587036, 0.01604263111948967]	Il est certain que Moore est l ' un de les cinéaste s les plus talentueux de les États - Unis aujourd ' hui  , et que son film mérit ait pleinement son Oscar  . 

right label: 0	prob: [0.994722843170166, 0.00527719734236598]	C ' était juste une petite installation où quelqu ' un avait emp il é quelques caisses et apporté quelque chose d ' alcool isé à partager  , principalement de la bière  . 

right label: 1	prob: [0.004261993337422609, 0.9957380294799805]	Un chien blond est allongé sur le carrelage 

right label: 1	prob: [0.0038387326058000326, 0.9961612224578857]	Une personne tient un long  hot - dog devant une boîte d ' animaux en peluche  . 

right label: 1	prob: [0.004159590229392052, 0.9958403706550598]	Une femme tient un ours en peluche et sourit  . 

right label: 1	prob: [0.0069757685996592045, 0.9930242300033569]	Une femme tient un ours habillé comme un soldat britannique  . 

right label: 0	prob: [0.9933845400810242, 0.006615499034523964]	C ' est naïf à l ' extrême - H est on ne serait pas président de la N RA s ' il n ' était pas tenu à le courant de les cas les plus marquant s de violence armée  . 

right label: 0	prob: [0.7931783199310303, 0.20682166516780853]	Je ne suis pas sûre d ' être prête à sortir  . 

right label: 1	prob: [0.00502018490806222, 0.9949797987937927]	Elle aimait poser et sourire pour l ' appareil photo  . 

right label: 1	prob: [0.04459911957383156, 0.9554008841514587]	cabine s privées - pour les invités les plus importants  , nous avons de les lits situés dans de les cabine s privées  . 

right label: 1	prob: [0.006036785896867514, 0.9939631819725037]	Il s ' est rapidement fa mili a risé avec les collègues de la nouvelle entreprise  . 

right label: 0	prob: [0.9925487041473389, 0.007451213896274567]	Le tout se ré s um ait à l ' expression d ' une sécurité absolue et à l '  ignorance de toute transgression  . 

right label: 1	prob: [0.033091951161623, 0.9669080376625061]	Un alpin iste grimpe à le sommet d ' une montagne enneigé e  . 

right label: 0	prob: [0.9923467636108398, 0.007653188891708851]	Une petite fille dans un har nais est dans les airs par une journée ensoleillée  . 

right label: 1	prob: [0.022888442501425743, 0.9771115183830261]	Une main tient de la nourriture et une boisson est sur la table  . 

right label: 1	prob: [0.0065779550932347775, 0.9934220910072327]	J ' ai essayé de m ' entraîner à faire de les portraits ces derniers temps  . 

right label: 0	prob: [0.99394291639328, 0.006057010497897863]	Mon nom  , Je sus Qui les  , est juste là  . 

right label: 0	prob: [0.9950602650642395, 0.004939660429954529]	Arthur essaya it de mesurer la vitesse à laquelle ils voyage aient  , mais le noir extérieur était absolu et il n ' avait aucun point de référence  . 

right label: 1	prob: [0.02113456279039383, 0.9788655042648315]	Une femme fu mant une cigarette joue de la guitare  . 

right label: 1	prob: [0.0029485938139259815, 0.9970513582229614]	vous êtes - vous déjà demandé à quoi ressemble la maison blanche pendant les vacances ? 

right label: 1	prob: [0.29394322633743286, 0.7060567736625671]	Monte  . 

right label: 0	prob: [0.8717100620269775, 0.12828993797302246]	En ref er mant la boîte  , il s ' est arrêté près de la porte ouverte et m ' a regardé  . 

right label: 1	prob: [0.004902185406535864, 0.995097815990448]	La femme lit un livre dans la bibliothèque  . 

right label: 0	prob: [0.9847399592399597, 0.015260010026395321]	Dans les régions pauvres  , le commerce très rentable de la drogue est souvent considéré comme le dernier recours  . 

right label: 0	prob: [0.9935271739959717, 0.006472907494753599]	Concernant l ' extrait de le site de la N RA sur l ' affaire et le sur lig nage de la phrase 48 heures après que Kay la Rolland ait été déclarée morte : 

right label: 0	prob: [0.9928444027900696, 0.007155603263527155]	J ' étais maintenant l ' un d ' entre eux  . 

right label: 0	prob: [0.9645860195159912, 0.03541398420929909]	De les groupes de personnes sont dans un parc urbain ou marche nt vers le quartier principal  . 

right label: 0	prob: [0.9844129681587219, 0.01558705698698759]	On pourrait dire que je suis plus différent que différent  . 

right label: 0	prob: [0.9937435984611511, 0.0062563540413975716]	Par une coïncidence extraordinaire  , le jour suivant  , il y avait deux rapports dans le journal  , l ' un concernant les incidents les plus étonnant s avec une sou coupe volant e  , et l ' autre sur une série d ' émeutes inc on venant es dans les pub s  . 

right label: 0	prob: [0.9859338402748108, 0.01406620629131794]	J é hu se rend it alors à Je z ré el où rési d ait la vieille reine - mère  , J é za bel  . 

right label: 0	prob: [0.8871479034423828, 0.1128520518541336]	Il sait pour nous  . 

right label: 1	prob: [0.0026617441326379776, 0.9973382353782654]	comment se battre si l ' on est arrêté à un feu rouge 

right label: 1	prob: [0.029586046934127808, 0.9704139828681946]	Un homme portant un chapeau de c ow - boy monte un cheval brun  . 

right label: 0	prob: [0.9587616324424744, 0.041238341480493546]	Cur tis souri ait et se fr ot tait les mains  , s avou rant le coup de grâce  . 

right label: 1	prob: [0.002772259758785367, 0.9972277283668518]	les clients n ' aimer ont jamais une entreprise tant que les employés ne l ' aiment pas d ' abord  . 

right label: 1	prob: [0.01889924332499504, 0.9811007976531982]	Un groupe de personnes habillé es professionnelle ment à l ' extérieur  . 

right label: 0	prob: [0.9928105473518372, 0.0071894023567438126]	Cependant  , la ville étant divisée par de les fortifications et de les fils barbe lés  , aucun pèlerin israélien ou juif n ' a été autorisé à visiter le Mur occidental ou d ' autres sites juifs à Jérusalem - Est  . 

right label: 0	prob: [0.9928222298622131, 0.007177744526416063]	En un clin d ' oeil à la lumière str obo scopique  , il était sur ses pieds et se précipita it hors de la pièce  . 

right label: 1	prob: [0.0024618555326014757, 0.9975380897521973]	un joueur de football a échangé de les maillot s signé s en été lorsque l ' intérêt était 

right label: 0	prob: [0.9926651120185852, 0.007334860973060131]	Nous ne nous souci ons pas d ' être les derniers et nous ne nous souci ons pas qu ' il n ' y ait plus d ' étoiles  . 

right label: 0	prob: [0.655149519443512, 0.34485042095184326]	Je veux voir à quoi ressemble une pierre magique  . 

right label: 1	prob: [0.011637040413916111, 0.9883629679679871]	mais 4  écrou s sur vos 4 boul ons comme le montre l ' image  . 

right label: 0	prob: [0.9934862852096558, 0.006513627246022224]	Elle prit une g org ée de sa boisson  , de l ' eau plate car  , avait - elle expliqué plus tôt  , elle n ' avait jamais aimé le goût de l ' alcool  , puis fi xa son regard sur moi  . 

right label: 0	prob: [0.9895429611206055, 0.010456989519298077]	Il est toutefois peu probable que les attaques injuste s dont il fait l ' objet aient un impact significatif  . 

right label: 1	prob: [0.18613789975643158, 0.813862144947052]	J ' ai rencontré certains de les coureurs  . 

right label: 0	prob: [0.9240531325340271, 0.07594684511423111]	Un homme en chemise rouge tient deux animaux éco r ché s morts sur une table  , avec une scie à proximité et un couteau à la main  . 

right label: 1	prob: [0.00915479939430952, 0.9908451437950134]	Un homme en costume - cra vat e et chapeau tient un pistolet  . 

right label: 0	prob: [0.993078887462616, 0.006921134423464537]	Il était naturel qu ' une petite ville h od za ne puisse maintenir ce qu ' un Grand V ez ir avait fondé et que les événements historiques avaient condamné à le désastre  . 

right label: 0	prob: [0.9937179088592529, 0.006282071582973003]	Mais si jamais tu vois une fée  , dis - lui que tu es de le sang d ' Ivan Bog at y riv itch et elle ne te laissera pas passer si vite  . 

right label: 1	prob: [0.008937438949942589, 0.9910625219345093]	Mettez l ' a il  , le basilic  , les c â pres et le jus de citron dans un mix eur avec environ une demi - t asse d ' huile d '  olive et commencez à mix er  . 

right label: 1	prob: [0.0074805282056331635, 0.9925194978713989]	Il y a plusieurs verres de vin vides sur la table  . 

right label: 0	prob: [0.9922466278076172, 0.007753364741802216]	Une grande partie de la meilleure architecture islamique de la ville a été construite à l ' époque ma mel ouk e  , mais les mille dernières années ont fait de les ravage s : Jérusalem n ' a pas pu retrouver la prospérité dont elle avait bénéficié auparavant  . 

right label: 0	prob: [0.9940822720527649, 0.005917749833315611]	Quand votre vie  , la raison pour laquelle vous avez vécu  , les gens  , les visages  , les lieux  , les émotions que vous avez ressenti es  , les personnes et les choses que vous avez aimé es  , quand tout cela aura disparu  , qu ' est - ce qu ' il vous restera ? 

right label: 0	prob: [0.9947521686553955, 0.005247812252491713]	La reine Hélène  , une chrétienne fervent e et la mère de l '  empereur Constantin le Grand  , a fait un pèlerinage en Terre Sainte en 3 26 pour identifier les sites associés à la vie de Jésus  . 

right label: 0	prob: [0.9924845099449158, 0.0075155203230679035]	Dans une main  , je tenais en équilibre mon assiette de cra cker s en forme d ' étoile  , de boules de trempe ttes et de garniture s élégante s  , de petites boules roulé es de viandes et de fromages traversée s par de les tige s d ' une plante vert pâle  , et un ensemble d ' autres petites choses dé lect ables  . 

right label: 0	prob: [0.9888169765472412, 0.011183066293597221]	Et bien que cette pensée eût dû être douloureuse  , l ' avocat était cal mé par la certitude que personne ne s ' aff lig er ait  . 

right label: 0	prob: [0.9941511750221252, 0.005848834756761789]	Ceux d ' entre nous qui vivent en permanence dans ce monde ont tendance à s ' installer dans de les endroits comme celui - ci  , où la population humaine est si écrasant e qu ' on ne les remarque pas dans le bon coin  , avec les bons sort s de protection ... 

right label: 0	prob: [0.9728447794914246, 0.027155214920639992]	Vos accusations de coupure s inapproprié es sont une fois de plus totalement in fondé es  . 

right label: 0	prob: [0.9942663311958313, 0.0057337116450071335]	Ses yeux étaient rouges et il avait dé nu dé une série de c roc s qui auraient pu m '  arrache r la main  . 

right label: 1	prob: [0.00529426010325551, 0.9947057366371155]	Nous avons profité de le reste de la journée à le bord de la plage en regardant le coucher de le soleil  . 

right label: 0	prob: [0.9925199747085571, 0.007480057422071695]	Je ne sais pas comment Jeff er son a su que je me trouvais là  . 

right label: 0	prob: [0.9868267774581909, 0.013173220679163933]	La seule chose que l ' on savait  . 

right label: 1	prob: [0.0030021441634744406, 0.9969978332519531]	Faites une fente verticale dans l ' une de les  olive s J um bo  , ce sera le corps  , que vous far ci rez de fromage frais  . 

right label: 0	prob: [0.9946574568748474, 0.005342546384781599]	Constantinople a été prise par les forces de les Crois és en 12 04  , qui ont dépouillé la ville de nombre de ses plus beaux trésors - qui or nent aujourd ' hui les bâtiments publics de Venise - bien qu ' un important lot de livres et de manuscrits ait été transféré à le monastère de Pat mos avant la chute de la ville  . 

right label: 0	prob: [0.9802387952804565, 0.019761240109801292]	Hé  , j ' ai dit  , tu es sûr qu ' on devrait aller par là ? 

right label: 1	prob: [0.003672999329864979, 0.9963269829750061]	Faites - en un autre si vous l ' aimez ! !! 

right label: 0	prob: [0.9945640563964844, 0.005435924977064133]	A l ' époque  , Jérusalem était un bas tion c ana né en situé sur une route commerciale secondaire  , bien moins important que les villes biblique s telles que Haz or  , Me g id do  , Beth She an et Si chem  . 

right label: 1	prob: [0.013945477083325386, 0.9860544800758362]	inquiet : les agriculteurs cra ign aient que la forte hausse de les températures cette année n ' entraîne un raccourci ssement de la saison de culture de le genre biologique  , mais les pluies récentes pourraient l ' aider à poursuivre sa croissance jusqu ' à la fin de le mois de juillet 

right label: 0	prob: [0.9160298109054565, 0.08397024124860764]	Tous les mets raffiné s et les éclairage s décoratifs  , il fallait un prix exorbitant pour les entretenir  . 

right label: 1	prob: [0.008750672452151775, 0.9912493228912354]	Un surf eur chevauch e une vague sur sa planche de surf  . 

right label: 0	prob: [0.9950534701347351, 0.004946533124893904]	Je me suis assis de côté dans le fauteuil  , les pieds pendu s à un bras  , le cou reposant contre l ' autre  , tra çant dis traitement de les lignes invisibles entre les étoiles à l ' extérieur de ma fenêtre pendant que je ru min ais la situation  . 

right label: 1	prob: [0.09253470599651337, 0.9074652791023254]	Elle a l ut té pour se lever et l ' accompagner jusqu ' à la porte  . 

right label: 0	prob: [0.991028904914856, 0.008971045725047588]	Régional isme D ès ses premiers jours  , la vallée de Mah on ing a été une région remplie de petits villages et hameau x  . 

right label: 0	prob: [0.9912917017936707, 0.00870826281607151]	Alors  , quelle est notre cargaison  , hein  , capitaine ? 

right label: 1	prob: [0.0029294395353645086, 0.9970705509185791]	le plus important est de s ' assurer que la taille de le costume est adaptée à votre morphologie  . 

right label: 0	prob: [0.9927812218666077, 0.007218766491860151]	Un homme et une femme sont dans un bus  . 

right label: 0	prob: [0.9560501575469971, 0.04394983500242233]	Sa cri nière est si cool  . 

right label: 0	prob: [0.9939370155334473, 0.006062924396246672]	Une nouvelle école d ' historiens juifs est plus critique à l ' égard de les bouleversement s causés par l ' acquisition de terres par les Juifs  , et conclut que cela n ' a pas toujours été juste  . 

right label: 1	prob: [0.0035419410560280085, 0.9964579939842224]	un b un ker secret  , nouvelle ment construit  , est situé sous le vaste terrain  . 

right label: 1	prob: [0.3886169195175171, 0.6113830208778381]	Essayez de comprendre les gens avant de leur faire confiance  . 

right label: 1	prob: [0.0026401167269796133, 0.9973598122596741]	un réalisateur assiste à la cérémonie de remise d ' une étoile à un acteur  . 

right label: 1	prob: [0.3846508264541626, 0.6153491735458374]	Une vue à la première personne d ' un homme qui regarde la télévision les pieds en l ' air  . 

right label: 0	prob: [0.9932408332824707, 0.006759149953722954]	Une femme en vêtements noirs est dans une cuisine  , en train de r â per de le fromage  . 

right label: 0	prob: [0.9951996803283691, 0.004800315015017986]	Ce que l ' étranger penser a  , c ' est qu ' un homme qui peut faire de le stop à travers la galaxie  , la rendre difficile  , l ' en can a iller  , lutter contre de terrible s obstacles  , gagner  , et qui sait toujours où se trouve sa serviette est clairement un homme avec lequel il faut compter  . 

right label: 0	prob: [0.9933079481124878, 0.006692014168947935]	Il nous a conduit s à la porte d ' un bâtiment ressemblant à une pagode courte surmonté e d ' une enseigne montrant un visage à les mains levée s  , comme un saint sous la lumière de Dieu  , et me not tés  . 

right label: 0	prob: [0.9954747557640076, 0.004525225609540939]	Son taux de change de huit N ing is pour un Pu est assez simple  , mais comme un N ing i est une pièce triangulaire en caoutchouc de six mille huit cents mille s de côté  , personne n ' a jamais rassemblé assez de pièces pour posséder un Pu  . 

right label: 0	prob: [0.9953927993774414, 0.004607227630913258]	Après avoir vu mon vaisseau se déchire r  , après avoir passé vingt - trois bonnes heures à flotte r en silence dans l '  épave  , après m ' être demandé si je faisais face à les étoiles de la constellation de la Balance ou de la constellation d ' Or ion vues de la Terre  , après m ' être demandé ce que je ressent ais en s uff o quant et après avoir eu le sentiment que oui  , j '  allais mourir seul dans l ' espace  , il m ' a fallu de le temps pour que ce sentiment se d issi pe  . 

right label: 0	prob: [0.9895591735839844, 0.010440843179821968]	Cela ressemble plus à une correction ultérieure à de les fins de relations publiques  , mais bien sûr  , personne ne remet en question les déclarations de la banque lorsqu ' elles peuvent être utilisées contre Moore  . 

right label: 0	prob: [0.9756518602371216, 0.024348091334104538]	La chaîne de la corde s ' en roule sur mes genoux  . 

right label: 0	prob: [0.9502367973327637, 0.049763210117816925]	Cela fait plus d ' une semaine  , et je veux dans er  . 

right label: 1	prob: [0.004997236654162407, 0.995002806186676]	Le claque ment de la porte résonne dans toute la maison  . 

right label: 1	prob: [0.0026271871756762266, 0.9973728656768799]	Rou lez - les en boules de la taille d ' une bouchée ( la taille de les boules dépend de la quantité que vous voulez faire )  . 

right label: 0	prob: [0.9872128367424011, 0.012787172570824623]	Il s ' est élan cé vers un escalier en cast ré dans le mur  , et nous avons couru après lui  , en montant un énorme escalier qui semblait avoir plus d ' étages que le bâtiment ne pouvait en contenir  . 

right label: 0	prob: [0.99355548620224, 0.006444449536502361]	Alors  , un camarade a demandé  , Donner sa vie pour un autre être est le don ultime ? 

right label: 1	prob: [0.02232862263917923, 0.9776713848114014]	 <unk> a ne te fatigue rait pas ? dit rapidement Des mond  . 

right label: 1	prob: [0.0027583527844399214, 0.9972416162490845]	un artiste country donne un concert surprise pendant le festival 

right label: 0	prob: [0.9946178793907166, 0.005382088478654623]	Notre héritage ancien et notre physiologie même nous disent que le sexe est naturel - une voie privilégiée vers l '  épanouissement spirituel - et pourtant la religion moderne le déc rie comme honteux  , nous apprenant à craindre notre désir sexuel comme la main de le diable  . 

right label: 0	prob: [0.9921072125434875, 0.00789270456880331]	Pendant les 19 années suivantes  , Jérusalem était deux villes  . 

right label: 0	prob: [0.9896768927574158, 0.010323084890842438]	Il est maintenant bien documenté que la CIA a toléré la vente de c rack dans les villes américaines pour financer les opérations de les contra s sud - américain s 

right label: 1	prob: [0.007034760434180498, 0.9929652214050293]	J ' ai aussi pu passer de le temps avec le chat  . 

right label: 0	prob: [0.9937846660614014, 0.006215349305421114]	La question de la vente de les terres est depuis longtemps un sous - th ème de la lutte entre Juifs et Arabes  . 

right label: 0	prob: [0.946283757686615, 0.05371620133519173]	Mais Rond eau n ' a pas tenu compte de l ' avertissement  . 

right label: 1	prob: [0.2970668077468872, 0.7029331922531128]	Je commença is à être très fatigué  . 

right label: 0	prob: [0.9948921203613281, 0.005107856821268797]	Ils ont rempli la soute à bagages de deux valises d ' effets personnels  , de deux sacs de nourriture et d ' une couverture roulé e dans une housse à carreaux fraîche avec un oreille r - après tout  , selon elle  , ils ne pouvaient pas dormir dans la même que cette pauvre fille ... 

right label: 1	prob: [0.00262401788495481, 0.9973759651184082]	Maintenant  , mettez le tout dans le congélateur pour qu ' il soit congelé  . 

right label: 1	prob: [0.0025584774557501078, 0.9974415302276611]	En vous assurant qu ' elles sont encore chaudes  , remplissez un mix eur ou un robot de cuisine avec les cacahuète s grillé es  . 

right label: 1	prob: [0.002987135900184512, 0.9970128536224365]	Dans un bol  , verser 1 / 2 tasse d ' eau bouillante et 1 / 2 tasse d ' eau froide Ajouter 1 cuillère à café de sucre à l ' eau et remue r Ajouter 1 cuillère à soupe de levure à l ' eau  , remue r et laisser reposer 10 minutes ( une mousse doit se former à la surface de l ' eau )  . 

right label: 0	prob: [0.9949395656585693, 0.005060495343059301]	Nous  , et de les milliers d ' autres comme nous  , vivons séparément depuis qu ' il y a une société humaine  , dit mon chauffeur  . 

right label: 0	prob: [0.9746817350387573, 0.02531823329627514]	En fait  , cela a fait naître l ' espoir chez les travailleurs sans qu ' il y ait une réelle chance de sauver quoi que ce soit  . 

right label: 0	prob: [0.9936571717262268, 0.006342797540128231]	La fille était aussi douce et rose que l ' éclat de les pierres  , et elle était vêtu e d ' une robe blanche attachée à la taille par une ceinture comme un noeud celtique  . 

right label: 0	prob: [0.9947217702865601, 0.0052782283164560795]	Ou encore  , il pouvait s ' agir d ' une de ces étranges  incitation s qui sur g issaient de temps à autre de cette zone sombre de son esprit qu ' il avait in exp lic ablement verrouillé e avant de devenir président de la galaxie  . 

right label: 1	prob: [0.0029581638518720865, 0.9970417618751526]	c ' est un bain de salade  . 

right label: 0	prob: [0.9939780235290527, 0.006022017914801836]	La brume bleue semblait s ' arrêter juste à côté de sa pâle ur  , mettant en valeur son visage frappant sans en illumine r les détails  , et ses poignet s  éti nce laient de blanche ur dans l '  obscurité  . 

right label: 0	prob: [0.9751419425010681, 0.024858053773641586]	Notre cuisine rend hommage à notre amour de les traditions de le Sud à table  , mais  , comme les bonnes gens d ' Ash e ville  , elle marche à son propre rythme  . 

right label: 1	prob: [0.004864415619522333, 0.9951356053352356]	La personne sur une moto roule sur la plage  . 

right label: 0	prob: [0.9931315779685974, 0.00686847697943449]	En quelques minutes  , nous étions de retour à la première porte à laquelle nous avons frappé dans cette ville et D vor ov lui - même nous accueillait  . 

right label: 0	prob: [0.89280104637146, 0.10719895362854004]	Ce passage  , tu te souviens ? 

right label: 0	prob: [0.9950149655342102, 0.004985040985047817]	Les gens s ' accro ch aient à de vagues idées de  collect iv isation de les travailleurs  , mais personne ne pouvait vraiment comprendre comment cela fonctionner ait exactement ; les habitants de Young s town n ' étaient  , après tout  , pas  particulièrement familier s avec le socialisme ou la  collect iv isation en général  . 

right label: 0	prob: [0.9640766978263855, 0.0359233096241951]	Une femme a un tatouage dans le dos  . 

right label: 0	prob: [0.9907387495040894, 0.009261282160878181]	L ' a pathie de l ' US WA Uni ted Steel Work ers of America était le syndicat qui représentait les travailleurs de l ' acier de Young s town à le moment de les fermeture s  . 

right label: 1	prob: [0.30331745743751526, 0.6966825127601624]	Une machine agricole bleue tire de les personnes le long de rangée s de végétation  , tandis que quatre personnes font quelque chose avec la végétation dans les rangée s  . 

right label: 0	prob: [0.9809905290603638, 0.019009442999958992]	Je me sens encore un peu é tour di  . 

right label: 0	prob: [0.9666783809661865, 0.0333215706050396]	C ' est une généralisation erronée  . 

right label: 0	prob: [0.9945328235626221, 0.005467155482620001]	Il promet un État moderne à son peuple  , mais la situation devenant explosive  , de les troubles civils éclat ent dans les villes turque s et les personnes considérées comme grecque s sont victimes de menaces et de violences  . 

right label: 0	prob: [0.9816504120826721, 0.01834964007139206]	Je ne savais pas comment ils pouvaient manquer de les traits si exotiques  , même dans cette lumière dé form ante  . 

right label: 0	prob: [0.9948514103889465, 0.005148588679730892]	J ' ai été surpris à l ' époque que vous pardon ni ez si facilement mes fausses accusations contre les Space r s  , alors que vous m ' aviez auparavant sermon né sur leur sensibilité  . 

right label: 1	prob: [0.004764782264828682, 0.9952352643013]	Une femme tient un parapluie blanc par une nuit noire  . 

right label: 0	prob: [0.9893202781677246, 0.01067966129630804]	Elle a de le bon sang sous les joue s  . 

right label: 1	prob: [0.002590269548818469, 0.9974097609519958]	une personne va finalement jusqu ' à le bout 

right label: 1	prob: [0.003218516707420349, 0.9967814683914185]	Le chat est assis patiemment sur le banc de le piano  . 

right label: 0	prob: [0.9751162528991699, 0.024883775040507317]	Une médecine pour l ' esprit 

right label: 0	prob: [0.9835326671600342, 0.016467364504933357]	Je vous  aurais juré qu ' il était mort  . 

right label: 0	prob: [0.8403703570365906, 0.1596296727657318]	" De les demi - p aires de chaussettes allongé es dans de les tasse s de café à moitié bu es  . 

right label: 0	prob: [0.9935332536697388, 0.006466687191277742]	Une femme en chemise rouge est sous une couverture et dort dans un véhicule  . 

right label: 0	prob: [0.9947152733802795, 0.005284671206027269]	Ils tomba ient maintenant ensemble  , ce qui était très gentil et romantique  , mais ne ré sol v ait pas le problème de base  , qui était qu ' ils tomba ient  , et que le sol n ' attendait pas de voir s ' il avait d ' autres tours dans son sac  , mais venait à leur rencontre comme un train express  . 

right label: 0	prob: [0.9948737025260925, 0.005126315634697676]	En ce qui concerne son apparence physique  , il suffit de dire que Do y le était assez vir il pour les tâches qu ' il s ' était fixées  , robuste  , at hl étique  , sans va nité  , mais pas au - dessus d ' un pince ment conditionné de la honte s ' il rencontr ait de les supérieurs sociaux alors qu ' il portait de les manche ttes ou un col eff il och és par ses limites financières  . 

right label: 1	prob: [0.017995741218328476, 0.9820042252540588]	Cette petite poupée avait l ' impression qu ' elle ne pouvait plus continuer  . 

right label: 0	prob: [0.9952775239944458, 0.004722428508102894]	Cependant  , le résultat de leurs arguments est toujours le même et témoigne de leur sagesse : après chaque conflit  , les Grecs et les  Arménie ns demandent de les temples séparés  . 

right label: 1	prob: [0.00652962876483798, 0.9934704303741455]	Un chien court avec un jouet dans sa gueule  . 

right label: 0	prob: [0.9946476817131042, 0.005352305248379707]	Qu ' il me suffi s e de dire que je n ' ai pas perçu la moindre trace de modestie chez cette belle jeune fille à peine formée que la mixité moderne  , les mœurs juvénile s  , le va car me de les feux de camp  , etc . avaient complètement et irré médi ablement dép ra vée  . 

right label: 1	prob: [0.013804009184241295, 0.9861960411071777]	De nombreuses personnes marche nt et participent à un défilé  . 

right label: 1	prob: [0.11302967369556427, 0.8869703412055969]	Deux personnes s '  affrontent dans un match d ' arts martiaux  . 

right label: 1	prob: [0.002866106340661645, 0.9971338510513306]	je veux ce texte  , avec un arbre dans la chambre de mon fils  . 

right label: 0	prob: [0.9908747673034668, 0.00912525411695242]	A l ' intérieur  , l ' espace s '  ouvr ait sur une large chambre carré e  , avec de les miroir s et si sombre qu ' elle aurait pu être de n ' importe quelle taille  . 

right label: 1	prob: [0.2948736250400543, 0.7051264047622681]	consacré : la veille de la grande annonce  , le couple a été vu avec ses enfants en train de se promener près de leur maison  . 

right label: 0	prob: [0.985148012638092, 0.014852000400424004]	Car même les meilleures qualités d ' une personne ne peuvent être appréciée s à leur juste valeur que si elles nous sont présentées d ' une manière conforme à nos propres opinions et inc lin ations  . 

right label: 0	prob: [0.9945494532585144, 0.005450533237308264]	L ' écran lumineux fourni m ' avait informé de la date et de le lieu de les repas officiels  , mais je n ' avais pas pris la peine de répondre à les invitation s  . 

right label: 1	prob: [0.003019242314621806, 0.9969807267189026]	un homme est debout sur un skate board dans une rue 

right label: 0	prob: [0.9940263032913208, 0.0059736636467278]	Moi  , j ' ai suivi l ' exemple d ' Adrien ne et je n ' ai rien dit ( je me suis inventé de les excuses pour rester en sécurité dans le mode d ' observation " g ather - info " )  . 

right label: 0	prob: [0.992099940776825, 0.007899993099272251]	S ' il vous plaît  , si nous pouvions le voir  , nous vous en serions très reconnaissant s  . 

right label: 1	prob: [0.002837792271748185, 0.9971621632575989]	Réf rig érer l '  écorce jusqu ' à ce qu ' elle soit complètement durci e  . 

right label: 0	prob: [0.993994414806366, 0.006005574017763138]	Le jaune de ce ciel n ' était pas seulement de le s mo g : il était d ' une noirceur pesant e et sanglante  . 

right label: 0	prob: [0.9949946403503418, 0.0050052753649652]	En 1946  , les Juifs ne poss éd aient que 7 % de la Palestine  , mais la menace de déplacement était largement perçue par les Arabes  . 

right label: 0	prob: [0.9937532544136047, 0.006246703211218119]	J ' ai réalisé que Rachel avait disparu sans laisser d ' indice et que je ne pouvais rien faire d ' autre qu ' attendre qu ' elle se manifeste - ce qui  , si elle était dans une situation où je devrais faire quelque chose  , ne serait probablement jamais  . 4 

right label: 1	prob: [0.004348918329924345, 0.9956510663032532]	personne  , a déménagé et vient certains vendredi s soir s pour rencontrer de nouvelles personnes  . 

right label: 1	prob: [0.03722509741783142, 0.962774932384491]	Elle se d étend en espérant que le repos guérir a son corps  . 

right label: 0	prob: [0.9593337178230286, 0.04066624864935875]	a demandé Adrien ne  , en utilisant la formulation de Sarah  . 

right label: 0	prob: [0.9936209321022034, 0.006379090249538422]	Une fois - c ' était dans les années trente - il m ' a dit avec un certain  embarras que les femmes ne sont jamais tout à fait elles - mêmes  , ou  , pour le dire c r û ment  , qu ' elles sont toujours en train de faire semblant et de prendre de les attitudes  . 

right label: 1	prob: [0.03419525548815727, 0.9658046960830688]	Rien de le tout  , dit Greg en sortant par la porte d ' entrée  . 

right label: 0	prob: [0.9958833456039429, 0.004116721451282501]	Les lois in ex or ables de la mécanique céleste avaient décrété que l ' En de avou r était le premier  , et le dernier  , de tous les vaisseaux de l ' Homme qui entre raient en contact avec Ram a  . 

right label: 1	prob: [0.00811781082302332, 0.9918822646141052]	Un homme blond chante passionné ment dans le micro phone  . 

right label: 1	prob: [0.02345421351492405, 0.9765457510948181]	J ' ai passé un bon moment là - bas  . 

right label: 1	prob: [0.012066483497619629, 0.9879335761070251]	Certains outils à main sont magnifique ment conçus pour s ' adapter à l ' utilisateur  , par exemple la faux à deux mains  . 

right label: 1	prob: [0.32069841027259827, 0.6793015599250793]	Est - ce que Claire est passée ? 

right label: 0	prob: [0.9927322268486023, 0.0072677782736718655]	Les  bey s et les a yan s se le v èrent et prirent congé en silence  , heureux d ' être en vie et aussi perplexe s que s ' ils avaient assisté à un spectacle de pres ti dig itation  . 

right label: 1	prob: [0.06608382612466812, 0.9339162111282349]	Tout le monde semble s ' intéresser à lui ces derniers temps  . 

right label: 1	prob: [0.0023984715808182955, 0.9976015686988831]	une fan montre sa déception alors que la personne était bouleversé e le samedi soir  . 

right label: 1	prob: [0.37550657987594604, 0.624493420124054]	Ce sont les côtes que mon mari cuisine  . 

right label: 1	prob: [0.0034182893577963114, 0.9965817332267761]	Un homme est assis sur le bord de la route à un stand de fruits  . 

right label: 0	prob: [0.9935643076896667, 0.006435619667172432]	Elle a soudain repris sa manière de parler  , celle qu ' il  associa it à leur conversation téléphonique : l '  Herzégovine était pac ifiée  . 

right label: 0	prob: [0.9878556132316589, 0.012144447304308414]	Voilà ce qui arrive quand on n ' utilise pas de mer ce naires  . 

right label: 1	prob: [0.002790268510580063, 0.9972097277641296]	détendu : une personne a passé son bras autour de l ' épaule de le modèle  . 

right label: 0	prob: [0.9901150465011597, 0.00988498330116272]	J ' ai appuyé mes jambes contre le sol en pierre et il était sur moi  . 

right label: 1	prob: [0.007489107549190521, 0.9925109148025513]	Les enfants se sont amusé s à jouer ensemble  . 

right label: 0	prob: [0.8934582471847534, 0.10654176026582718]	Ess ay er de soutenir les usines d ' une ville était impossible face à la dépression qui s ' est étendue à toute l ' industrie  . 

right label: 0	prob: [0.990016758441925, 0.009983239695429802]	Les pommes de terre étaient légères et non grasse s ; 

right label: 0	prob: [0.5360791087150574, 0.46392086148262024]	Mon chauffeur a tourné à nouveau à côté d ' un vie il entrepôt dans lequel j ' ai peut - être été une fois lorsque M itch nous a emmené s à une  rave en deuxième année  . 

right label: 1	prob: [0.0025982873048633337, 0.9974017143249512]	une façon naturelle de recycler les déchets alimentaires - les donner à les poules 

right label: 0	prob: [0.8518035411834717, 0.1481965184211731]	Un chien noir participe à une course de chiens  . 

right label: 0	prob: [0.977836012840271, 0.022163910791277885]	L ' ob si dienne est une roche volcanique dure et vit reuse  , qui pouvait être façonné e en outils de coupe et de poignard age  . 

right label: 0	prob: [0.9739538431167603, 0.026046203449368477]	Z h eng avait l ' air sceptique  . 

right label: 0	prob: [0.995107889175415, 0.004892189055681229]	Les Otto man s ont apporté de nouvelles influences à les îles qu ' ils contr ô laient  , formant un vaste empire qui s '  étend ait autour de la Méditerranée orientale  . 

right label: 0	prob: [0.9900819659233093, 0.00991805735975504]	Après un moment  , Ray a dit  , je ne pense pas  . 

right label: 1	prob: [0.0038539355155080557, 0.9961460828781128]	Ils ont continué à prendre de les photos ensemble devant d ' autres sites historiques  . 

right label: 0	prob: [0.648537814617157, 0.351462185382843]	De nombreuses personnes sont dehors et regardent les patine urs sur glace  . 

right label: 1	prob: [0.003524205181747675, 0.9964757561683655]	- S avou rez ces  tik ki s avec de le ke tch up  . 

right label: 0	prob: [0.9952412843704224, 0.004758703522384167]	Ces personnes ne ressentent pas le besoin d ' exprimer leur sympathie  , ni de réfléchir à de les moyens d ' éviter de tels incidents  , mais elles ressentent le besoin d ' affirmer leurs droits et de chercher de les réponses rapides et simples - comme le dit Bus ch  , les propriétaires d ' armes à feu voulaient p endre [ l ' enfant ] à l ' arbre le plus haut  . 

right label: 0	prob: [0.9915385842323303, 0.008461435325443745]	A ceux qui disaient qu ' ils avaient le sentiment que le savon ne se trouvait pas dans les mines  , le Capitaine s ' était risqué à suggérer que c ' était peut - être parce que personne n ' avait assez cherché  , et cette possibilité avait été reconnue à contre cœur  . 

right label: 0	prob: [0.9947143197059631, 0.00528566911816597]	Il reste à voir si cela se produira un jour  , mais l ' aide offerte par la Grèce à la Turquie après le tremblement de terre dévastateur de 1999 est peut - être un signe que l '  anim osité entre ces deux ennemis traditionnels commence à diminuer  . 

right label: 0	prob: [0.9702175855636597, 0.029782414436340332]	Je me suis demandé si la nourriture livrée dans mes quartiers ces derniers jours avait été aussi incroyable  . 

right label: 0	prob: [0.9955548644065857, 0.004445139318704605]	En 15 66  , ils  arrache nt Chi os à les Gén ois  , renforçant ainsi leur main mise sur les îles orientale s de la mer É gée  , mais les Cycl ades restent à les mains de les Vé nit iens pendant une autre génération ou plus - Tin os est la dernière à tomber en 17 15  . 

right label: 0	prob: [0.9857079386711121, 0.014292134903371334]	Un matériau ancien important  , l ' ob si dienne  , a été découvert sur l ' île de Milo s  . 

right label: 0	prob: [0.9925540089607239, 0.007446014788001776]	On m ' emp ois onne  , mais on ne sait pas que je ... si je ... 

right label: 1	prob: [0.015586580149829388, 0.9844133853912354]	De les gens regardent un homme jouer à un jeu vidéo de boxe dans un immeuble  . 

right label: 1	prob: [0.009302578866481781, 0.99069744348526]	Une bouteille de Frank s Red Hot B uff alo S au ce est parfaite pour cette recette ! 

right label: 1	prob: [0.003735695267096162, 0.9962642788887024]	Un policier est assis sur une moto  . 

right label: 1	prob: [0.002642238512635231, 0.9973577857017517]	un conférencier présente un documentaire dans une galerie d ' art de la banlieue tranquille  . 

right label: 0	prob: [0.7448985576629639, 0.25510144233703613]	Madame  , je dois tenir compte de sa santé  . 

right label: 0	prob: [0.9936990737915039, 0.006300897337496281]	Cependant  , même ces révision nistes conviennent que les Juifs n ' avaient pas l ' intention d ' ex puls er les musulmans de Palestine  . 

right label: 1	prob: [0.01360558345913887, 0.9863944053649902]	On a eu de la d inde ce soir  . 

right label: 1	prob: [0.004675716161727905, 0.9953243136405945]	Le chien est assis à l ' arrière de la voiture  . 

right label: 0	prob: [0.9933642148971558, 0.006635836325585842]	Et si ce n ' est pas un can ular  , alors je suis directement impliqué et eux aussi  , ce qui me donne le droit de parler avec eux  . 

right label: 1	prob: [0.12285932898521423, 0.8771407008171082]	L ' avion de ligne est montré devant le hangar après son arrivée  . 

right label: 1	prob: [0.003351824590936303, 0.9966481328010559]	Place z le  ham burg er dans une casserole avec 1 / 3 de tasse d ' eau  , a s saison nez avec de le sel et de le poivre  . 

right label: 0	prob: [0.9953927993774414, 0.004607227630913258]	Après avoir vu mon vaisseau se déchire r  , après avoir passé vingt - trois bonnes heures à flotte r en silence dans l '  épave  , après m ' être demandé si je faisais face à les étoiles de la constellation de la Balance ou de la constellation d ' Or ion vues de la Terre  , après m ' être demandé ce que je ressent ais en s uff o quant et après avoir eu le sentiment que oui  , j '  allais mourir seul dans l ' espace  , il m ' a fallu de le temps pour que ce sentiment se d issi pe  . 

right label: 0	prob: [0.9198218584060669, 0.0801781490445137]	Elles ont toujours été ma partie préférée de les mythes grec s que j ' ai l us à l ' école primaire  . 

right label: 1	prob: [0.0056532565504312515, 0.9943466782569885]	la recherche bio médi cale comporte de nombreux murs angulaire s  . 

right label: 0	prob: [0.9956544637680054, 0.004345491994172335]	L ' origine de le navire et la raison pour laquelle Jeff er son m ' a sauvé avaient - elles vraiment de l ' importance  , si maintenant  , j ' étais content ? 

right label: 0	prob: [0.9904720783233643, 0.009527965448796749]	Quelle est notre destination ? 

right label: 1	prob: [0.005994359962642193, 0.994005560874939]	Deux hommes et une femme sont assis dans une rame de métro  . 

right label: 0	prob: [0.9788291454315186, 0.021170804277062416]	L ' univers tel que nous le connaissons ne sera plus le même  . 

right label: 1	prob: [0.07412748038768768, 0.9258725643157959]	Par exemple  , toute tâche de diagnostic peut être facilité e par une tax o nomie de les symptômes et une tax o nomie de les causes  , ainsi que par les liens entre eux  . 

right label: 0	prob: [0.9948294758796692, 0.005170496646314859]	Maintenant  , pouvez - vous me dire quel sera votre plan d ' attaque avant que nous ne tour n ions dans le sens inverse de les aiguilles d ' une montre dans un roman d ' Anne Ri ce ? 

right label: 1	prob: [0.002766706282272935, 0.9972333312034607]	Pour faire la pâte 1 tasse de farine tout usage / Mai da 1 tasse d ' eau 1 cuillère à soupe de sucre 1 cuillère à soupe d ' huile végétale 1 / 2 cuillère à café de sel Pour faire les Ch ur ros Huile pour la frit ure Pour saupoudr er / Rou ler 1 cuillère à soupe de sucre 1 cuillère à café de cannelle moulu e 

right label: 1	prob: [0.0068006357178092, 0.9931994080543518]	Patrick a lancé la balle ; 

right label: 1	prob: [0.0046324655413627625, 0.9953675270080566]	Ben se d étend dans un fauteuil confortable à le coin de le feu  . 

right label: 0	prob: [0.9526078104972839, 0.047392237931489944]	Il n ' a pas été déco ur agé par la distance  , j ' en suis sûr  . 

right label: 1	prob: [0.007664024829864502, 0.9923359751701355]	De les personnes sur de les moto s descend ent une rue où flotte un drapeau américain  . 

right label: 0	prob: [0.9930283427238464, 0.006971618160605431]	Tout membre de l ' équipe qui aurait pu mettre en danger le projet était de la viande  . 

right label: 1	prob: [0.013927863910794258, 0.9860721230506897]	Un j oc key monte un cheval dans l ' herbe verte  . 

right label: 0	prob: [0.9885478019714355, 0.0114522073417902]	Cela ne dérange ait personne ; 

right label: 1	prob: [0.004693716764450073, 0.9953063130378723]	dans son discours  , le militaire a assuré les pays de son engagement durable envers la sécurité et la prospérité de la région  . 

right label: 1	prob: [0.0051825265400111675, 0.9948174357414246]	De les po m - po m girl s en tenue rouge s ' entraînent dans l ' herbe  . 

right label: 0	prob: [0.9931614398956299, 0.006838571280241013]	Le plafond était haut et en bois  , et je pouvais voir une partie de la cabine d ' un DJ à le bout de le couloir  . 

right label: 0	prob: [0.7110167145729065, 0.2889832556247711]	J ' en doute  , dit Mar vin  . 

right label: 1	prob: [0.007846539840102196, 0.9921534657478333]	Papa veut savoir si ces balance s sont arrivée s  . 

right label: 0	prob: [0.9942979216575623, 0.0057020834647119045]	Le comté de Mah on ing était une région mono - industriel le et les habitants de Young s town  , S tru ther s  , Campbell  , Board man Town ship et de les nombreux autres petits villages de la région n ' avaient qu ' un seul employeur principal : les a ci érie s  . 

right label: 1	prob: [0.002567935036495328, 0.9974320530891418]	une personne a dirigé la cérémonie de découpe de le gâteau de la fête nationale 

right label: 0	prob: [0.9949694275856018, 0.0050305589102208614]	La Grèce se voit attribuer une bande de terre le long de la côte occidentale de l ' Asie Mine ure  , où la population grecque était importante depuis plus de 2 000 ans  . 

right label: 1	prob: [0.00411629443988204, 0.9958836436271667]	Vous aurez besoin d ' un fer à repasser  , d ' une barre métallique plate ( j ' ai utilisé un niveau )  , d ' un aspirateur  , de sacs My lar et de les aliments à emb aller  . 

right label: 0	prob: [0.9950685501098633, 0.004931483417749405]	Le vaisseau  , il était étrange et vieux  , soit tellement dépassé  , soit tellement modifié que je ne pouvais pas dire de quelle marque il était  , et d ' une certaine manière  , l '  équipage qui se tenait autour de moi correspond ait à la même description  , un  amalgame de personnes singulière ment atypique  . 

right label: 1	prob: [0.002459493698552251, 0.9975404739379883]	Utilisez une cuillère ou un couteau à beurre pour répartir la gelée sur la tranche de pain opposée  , encore ordinaire  . 

right label: 0	prob: [0.9154865741729736, 0.08451341092586517]	... c ' est ce que je pensais  . 

right label: 0	prob: [0.9935081005096436, 0.006491953507065773]	Franchement  , je ne sais pas si nous pouvons faire quoi que ce soit contre un vampire  . 

right label: 1	prob: [0.0070561571046710014, 0.9929438233375549]	L ' homme est souriant et porte un costume  . 

right label: 0	prob: [0.9943189024925232, 0.005681164562702179]	Et moi  , je suppose que j ' étais une pièce de plus dans leur puzzle  . 

right label: 0	prob: [0.9944644570350647, 0.005535592790693045]	Les événements qui ont suivi cette date ( connus sous le nom de " lundi noir " ) sont considérés par les personnes qui en ont été témoins soit comme de les histoires de grand courage et de détermination  , soit comme de les monuments de l ' échec humain et de les faux espoirs  . 

right label: 0	prob: [0.9727736115455627, 0.027226382866501808]	Il était temps de découvrir à quoi ressemblait l ' enfer  . 

right label: 1	prob: [0.004465008620172739, 0.9955350160598755]	J ' adore  , dit Greg  , et il regarde H il ary aller vers une petite bou il loire sur une plaque chauffant e dans le coin de la pièce et verser de l ' eau bouillante sur un sachet de thé  . 

right label: 1	prob: [0.003240067744627595, 0.9967599511146545]	je vais me faire faire ça pour mes cheveux  . 

right label: 1	prob: [0.007164578419178724, 0.9928353428840637]	Mes meilleures amies et moi avons fait en sorte de prendre de les photos ensemble  . 

right label: 1	prob: [0.16377486288547516, 0.8362252116203308]	Claire et Am anda ne s ' étaient pas vues depuis dix ans et étaient ravie s de passer de le temps ensemble  . 

right label: 0	prob: [0.9947127103805542, 0.005287299398332834]	Moi  , j ' ai suivi l ' exemple d ' Adrien ne et je n ' ai rien dit ( je me suis inventé de les excuses pour rester en sécurité en mode observation )  . même si je pensais que Z h eng avait raison  . 

right label: 1	prob: [0.009861336089670658, 0.9901386499404907]	Un skate r fait de les figures dans le ha lf pipe  . 

right label: 0	prob: [0.9015218615531921, 0.09847810119390488]	Qu ' est - ce que tu en pense s ? demanda le boss u  . 

right label: 0	prob: [0.9817274808883667, 0.01827249303460121]	Lorsque j ' ai posté sur Facebook que je venais en ville  , pas moins de trois personnes m ' ont dit que je devais absolument visiter le Tu pel o Ho ney Ca fe  . 

right label: 0	prob: [0.8619542717933655, 0.13804568350315094]	Eh bien  , vous devez vous détendre beaucoup dans un travail comme le mien  , dit - il  . 

right label: 0	prob: [0.99554044008255, 0.004459577612578869]	Un  observateur occasionnel n ' aurait pas su dire si c ' était parce qu ' il était  ivre  , malade ou suicidaire  , et en effet  , il n ' y avait pas d ' observateurs occasionnel s dans le vieux Pink Dog Bar de le quartier sud de Han D old City  , car ce n ' était pas le genre d ' endroit où l ' on pouvait se permettre de faire les choses avec dés in volt ure si l ' on voulait rester en vie  . 

right label: 1	prob: [0.003869920503348112, 0.996130108833313]	Un ours brun se tient dans l ' herbe le long d ' une route  . 

right label: 0	prob: [0.995107889175415, 0.004892189055681229]	Les Otto man s ont apporté de nouvelles influences à les îles qu ' ils contr ô laient  , formant un vaste empire qui s '  étend ait autour de la Méditerranée orientale  . 

right label: 0	prob: [0.9930786490440369, 0.006921304389834404]	Dix on ne pouvait s ' empêcher d ' admirer la façon dont  , sans rien dire ni faire de particulier  , ils s ' établi ssaient si facilement qu ' il n ' était pas censé les accompagner lui - même  . 

right label: 0	prob: [0.9913840293884277, 0.008615934289991856]	Nous n ' avons pas embarqué beaucoup de passagers  , juste quelques privilégiés  , éparpillé s ici et là entre les étoiles  . 

right label: 0	prob: [0.9435153603553772, 0.056484635919332504]	La poussière épaisse amorti ssait nos pas  . 

right label: 1	prob: [0.0028883791528642178, 0.9971115589141846]	" Si vous le souhaitez  , vous pouvez rassembler de le gla çage ou d ' autres garniture s et décorer votre gâteau " " Cup " " avant de le manger  . 

right label: 1	prob: [0.01416001282632351, 0.9858399629592896]	Une jeune femme et un jeune homme discute nt avec un groupe d ' autres personnes autour d ' eux  . 

right label: 0	prob: [0.9942914247512817, 0.005708558950573206]	Le riche parfum de le vin avait une touche de quelque chose de chimique que j ' ai reconnu de le bar  , mais il a rempli ma bouche et a coulé dans mes veine s avec une chaleur rassurant e  . 

right label: 1	prob: [0.004285525530576706, 0.9957144856452942]	L ' homme pose pour une photo avec une cravate  , de les lunettes de soleil et un chapeau  . 

right label: 0	prob: [0.9896768927574158, 0.010323084890842438]	Il est maintenant bien documenté que la CIA a toléré la vente de c rack dans les villes américaines pour financer les opérations de les contra s sud - américain s 

right label: 0	prob: [0.989323079586029, 0.010676856152713299]	Son affirmation selon laquelle il est possible d ' acheter de les munitions dans les supermarché s est indépendante de cette affirmation  . 

right label: 1	prob: [0.006322822533547878, 0.9936771988868713]	Elle prépare le restaurant pour l ' arrivée de les clients  . 

right label: 1	prob: [0.007181653752923012, 0.9928183555603027]	Elle entre dans le bâtiment  . 

right label: 1	prob: [0.022434735670685768, 0.9775652885437012]	Ce sont de les filles qui jouent à un jeu vidéo 

right label: 0	prob: [0.9949405193328857, 0.005059525370597839]	Ceux qui vivaient encore étaient frappé s et a pathique s  , comme s ' ils s ouff raient d ' une maladie de l ' esprit plutôt que de le corps  . 

right label: 1	prob: [0.003490809118375182, 0.9965091347694397]	l ' image peut contenir : personne  , sur scène  , assis  , jouant d ' un instrument de musique et intérieur 

right label: 1	prob: [0.011913293041288853, 0.9880867004394531]	Un troupeau de z èbre s b route dans un champ  . 

right label: 0	prob: [0.9953834414482117, 0.00461656553670764]	Les jours pas s aient  , les semaines pas s aient  , mais je ne pouvais pas dire si cela faisait de les mois ou de les années que j ' avais été se cour u  . 

right label: 1	prob: [0.0036597319412976503, 0.996340274810791]	Un homme marche dans un marché étroit 

right label: 0	prob: [0.9901120066642761, 0.009888026863336563]	J ' ai appelé M itch et nos autres amis  , en espérant que le hangar s ' était écrasé chez l ' un d ' entre eux  , mais je n ' ai pas eu de chance  . 

right label: 0	prob: [0.9881268739700317, 0.011873137205839157]	C ' était D vor ov  . 

right label: 1	prob: [0.0028039715252816677, 0.9971959590911865]	Chauffe r le four à 3 75 degrés F . Dé poser une couche de sauce à le fond d ' un plat de cuisson de 9 par 13 pouces  . 

right label: 0	prob: [0.9735364317893982, 0.026463549584150314]	Tara ne laissera pas ses espoirs démesuré s les entraîner sur un rocher qui signifie rait la fin de le projet et de l ' espèce Arr al lin  . 

right label: 0	prob: [0.9910238981246948, 0.008976100943982601]	La pièce pu ait  , principalement son propre désespoir  . 

right label: 0	prob: [0.9923061728477478, 0.00769385602325201]	Une femme est dans un bus public traversant une ville  . 

right label: 1	prob: [0.002577501116320491, 0.997422456741333]	Un h ibou est assis dans la branche d ' un arbre 

right label: 1	prob: [0.01269105076789856, 0.987308919429779]	Un jeune homme et une femme apprécient un repas  . 

right label: 1	prob: [0.006124130915850401, 0.9938759207725525]	Un homme est debout dans un salon  . 

right label: 0	prob: [0.8674511909484863, 0.13254879415035248]	Je ne sais pas comment on aurait pu l ' entendre avec la musique  . " 

right label: 0	prob: [0.9940711855888367, 0.005928823724389076]	Tout s '  efface  , se perd en poussière et en atomes dispersé s entre les étoiles  , et chacun d ' entre nous se retrouve aussi seul qu ' à le moment de sa naissance  . 

right label: 0	prob: [0.9914420247077942, 0.008557970635592937]	Il ne savait pas que T ed Col e avait cessé d ' être un travailleur acharné  , et que ce qui restait de les " normes " doute uses de T ed avait été compromis par l ' échec insupportable de son mariage avec Marion - ceci en combinaison avec ces décès inacceptable s  . 

right label: 1	prob: [0.006924291606992483, 0.9930757284164429]	Un a vi ateur guide un drone alors qu ' il se dirige vers la piste d '  atterrissage  . 

right label: 0	prob: [0.9891287684440613, 0.01087125763297081]	J ' essaie de me lever  , mais je retomb e  , paralysé par le froid et la prise de conscience de ma misérable  impuissance  . 

right label: 0	prob: [0.9883677363395691, 0.01163230836391449]	Mus ta fa avait 14 ans quand il a été tué  . 

right label: 1	prob: [0.3313615918159485, 0.6686384081840515]	Je me suis senti e si bien lorsque mon nom a été appelé et que je me suis dirigée vers l ' avant de la scène pour recevoir mon diplôme  . 

right label: 1	prob: [0.0034858982544392347, 0.9965141415596008]	Pour créer le visage de Pep pa  , vous devez réaliser une forme de cœur  . 

right label: 0	prob: [0.9919174313545227, 0.008082598447799683]	La raison pour laquelle il a été publié sous la forme d ' un composant électronique micro - sous - mé son est que s ' il était imprimé sous la forme d ' un livre normal  , un auto - s top peur inter s tel laire aurait besoin de plusieurs bâtiments de taille in com mode pour le transporter  . 

right label: 0	prob: [0.9954985976219177, 0.0045013572089374065]	Après avoir vu mon vaisseau se déchire r  , après avoir passé vingt - trois bonnes heures à flotte r en silence dans l '  épave  , à me demander si je faisais face à les étoiles de la constellation de la Balance ou de la constellation d ' Or ion vues de la Terre  , à me demander ce que cela faisait de s uff o quer  , et après avoir eu le sentiment que oui  , j '  allais en fait mourir seul dans l ' espace  , il a fallu de le temps pour que ce sentiment se d issi pe  . 

right label: 0	prob: [0.9937073588371277, 0.0062927016988396645]	La lutte a contour né la plupart de les îles  , bien que de violents combats aient eu lieu à Sam os  . 

right label: 1	prob: [0.0027190386317670345, 0.9972809553146362]	voiture de reportage restée gar ée devant la maison  . 

right label: 1	prob: [0.009741715155541897, 0.9902583360671997]	Un jeune ours gr izz ly se promène dans un ruisseau  . 

right label: 0	prob: [0.9917542934417725, 0.008245676755905151]	Il est maintenant bien documenté que la CIA a toléré la vente de c rack dans les villes américaines pour financer les opérations de les contra s sud - américain s  . 

right label: 1	prob: [0.0033885929733514786, 0.9966114163398743]	Une vieille télévision est assise sur une plage de sable  . 

right label: 0	prob: [0.995055079460144, 0.004944948945194483]	L ' Empire byzantin possédait de les villes puissantes et bien fort ifiée s  , mais les campagnes et les îles périphériques étaient ravagé es par de les vagues d '  envahisseur s  . 

right label: 1	prob: [0.015068926848471165, 0.9849311113357544]	Un homme passe devant un bâtiment couvert de graffiti s  . 

right label: 1	prob: [0.0037572518922388554, 0.9962427616119385]	un ami est quelqu ' un qui peut voir la vérité et la douleur en vous  , même lorsque vous trompe z tout le monde  . 

right label: 0	prob: [0.5757816433906555, 0.4242183566093445]	C ' est le message clé de cette partie de l ' animation  , qui est à nouveau ignoré par ses détracteurs  . 

right label: 1	prob: [0.008491608314216137, 0.9915083646774292]	J ' ai roulé aussi vite que possible jusqu ' à ce que je trouve l ' école  . 

right label: 1	prob: [0.01722223311662674, 0.9827777743339539]	Plusieurs personnes se dirige nt vers la plage pour aller faire de le surf  . 

right label: 1	prob: [0.005371198058128357, 0.9946288466453552]	Un jeune garçon se tient à le bord d ' un  étang  . 

right label: 0	prob: [0.979860246181488, 0.020139720290899277]	Dans un autre ordre d ' idées  , j ' ai fait une découverte à le Tu pel o Ho ney Ca fe  , que j '  aimerais partager avec vous maintenant  . 

right label: 1	prob: [0.002719427924603224, 0.9972805976867676]	une personne utilise de les huiles pour peindre à la main une publicité  . 

right label: 0	prob: [0.9909135103225708, 0.00908651016652584]	Un opportuniste et un homme d ' affaires  , tel était Jeff er son  . 

right label: 1	prob: [0.004884627182036638, 0.9951153993606567]	Un homme vérifie son téléphone en s ' a s sey ant sur un banc de pierre  . 

right label: 1	prob: [0.003572209272533655, 0.9964278340339661]	les c ow - boy s comme lui existent - ils vraiment ? 

right label: 0	prob: [0.9880943894386292, 0.011905593797564507]	Si - " Vous voyez ce que je veux dire  . 

right label: 0	prob: [0.9929534792900085, 0.007046491838991642]	Comment pourrait - il même penser à blâme r la pauvreté et les programmes de travail forcé pour tout ce qui arrive de mal ? 

right label: 0	prob: [0.9920364022254944, 0.007963592186570168]	La nourriture était délicieuse et tout le monde était ras s asi é et heureux  . 

right label: 1	prob: [0.02821420133113861, 0.971785843372345]	Ils avaient une grande variété d ' aliments parmi lesquels choisir  . 

right label: 0	prob: [0.9927850961685181, 0.0072148749604821205]	On pourrait penser que ce sont là les philosophes professionnels : trop occupés à thé oris er dans l ' abstrait pour remarquer à quelle station ils se trouvent  , sans parler de ce qui se passe dans le monde non abstrait dans lequel nous vivons tous  . 

right label: 1	prob: [0.0025191609747707844, 0.9974808096885681]	R assemble z les ingrédients nécessaires à la préparation de les c up cake s à le chocolat  . 

right label: 1	prob: [0.05832342058420181, 0.9416766166687012]	Un jeune garçon en maillot de bain jette une pierre dans l ' eau  . 

right label: 1	prob: [0.0037922642659395933, 0.9962077140808105]	Un homme est assis dans l ' herbe avec une vache près d ' une clôture  . 

right label: 1	prob: [0.008297216147184372, 0.9917028546333313]	Debout devant un tableau noir numérique  , il a commencé à noter de les informations importantes qui se sont affichée s instantanément  . 

right label: 1	prob: [0.037391647696495056, 0.9626083374023438]	Et cela aurait pu facilement la faire panique r  . 

right label: 0	prob: [0.9921574592590332, 0.007842497900128365]	Un homme vêtu d ' un s we at - shirt à cap uche bleu a les mains sur les rayons arrière de son vélo renversé  , alors qu ' il est assis sur un mur et couvert de graffiti s parmi de les pal mier s  . 

right label: 0	prob: [0.9948398470878601, 0.005160146858543158]	Il savait que cette grotte sacrée était réservée exclusivement à les reliques de les Pape s  , mais d ' une certaine manière Mort ati a senti que c ' était approprié  . 

right label: 1	prob: [0.003086849581450224, 0.9969130754470825]	Une vieille femme regarde le gâteau de son 95 e anniversaire  . 

right label: 1	prob: [0.0037839796859771013, 0.9962159991264343]	améliore z votre événement avec une performance de qualité  , nous pouvons vous aider  , appelez - nous dès aujourd ' hui ! 

right label: 0	prob: [0.7478097081184387, 0.2521902620792389]	mais j ' admet s que le roman est actuellement en retard sur la réalité probable  . 

right label: 1	prob: [0.0028039715252816677, 0.9971959590911865]	Chauffe r le four à 3 75 degrés F . Dé poser une couche de sauce à le fond d ' un plat de cuisson de 9 par 13 pouces  . 

right label: 1	prob: [0.005976405926048756, 0.9940236210823059]	Voilà  , je vais garder ça  . 

right label: 0	prob: [0.990639328956604, 0.009360668249428272]	De les gens sont dehors en train de dans er lors d ' un événement nocturne tandis que les artistes chantent et jouent de les instruments sur une scène bien éclairée  . 

right label: 0	prob: [0.8886529803276062, 0.11134698987007141]	Si c ' était en mars  , cela s igni fi ait que nous étions ensemble depuis presque un an et demi  . 

right label: 0	prob: [0.9796683192253113, 0.02033163420855999]	Un homme en maillot de bain noir est en train de plonger d ' un plonge oir dans une piscine  . 

right label: 0	prob: [0.9903136491775513, 0.009686400182545185]	Personne ne s ' en souci e ; 

right label: 1	prob: [0.0030074468813836575, 0.9969925880432129]	Place z le beurre et le sucre dans un grand bol à mélanger et batte z - les ensemble jusqu ' à ce qu ' ils soient légers et mousse ux  . 

right label: 0	prob: [0.9940434098243713, 0.005956657230854034]	Même L ock he ed ne croyait pas que le public était aussi cré du le  . 

right label: 1	prob: [0.16336590051651, 0.83663409948349]	Je ne pouvais pas m ' arrêter sans prendre une dernière photo de les montagnes enneigé es ! 

right label: 0	prob: [0.977059543132782, 0.02294052205979824]	L ' acier étranger était également beaucoup moins cher  . 

right label: 0	prob: [0.9915727376937866, 0.008427286520600319]	C ' était le thème m élo dra matique de ce soir : la nature éphémère de la vie  . 

right label: 1	prob: [0.04935528710484505, 0.9506447315216064]	Une  aptitude est donc une capacité plus une inc lin ation ou un intérêt  . 

right label: 1	prob: [0.007565267384052277, 0.9924347400665283]	É go utter le bœuf haché en laissant une petite quantité de graisse dans la casserole avec le bœuf haché et ajouter le rot el  , la crème de soupe à le poulet  , l ' a s saison nement pour ta cos  , le j ala pe no haché et une boîte de soupe pleine d ' eau  . 

right label: 1	prob: [0.003176000900566578, 0.9968240261077881]	Batt ez en crème le beurre et le sucre jusqu ' à ce qu ' ils soient légers et mousse ux  . 

right label: 1	prob: [0.003269341541454196, 0.9967306852340698]	Le chat regarde à l ' intérieur de le sac à dos ouvert  . 

right label: 1	prob: [0.03430786728858948, 0.9656921029090881]	Un homme est allongé dans le sable à côté d ' une vache  . 

right label: 0	prob: [0.9910975694656372, 0.008902409113943577]	Sur votre page web  , vous déclare z que la résolution de Moore est discutable  . 

right label: 0	prob: [0.9947834610939026, 0.005216566380113363]	Le si en était coupé de près  , avec une touche de style qui accent u ait les beaux angles de ses pomme ttes et de sa mâchoire  . 

right label: 0	prob: [0.9819754958152771, 0.018024524673819542]	Il allait nous donner de les informations précieuses pour elle  . 

right label: 0	prob: [0.9819416999816895, 0.018058285117149353]	Le taux de chômage est faible par rapport à les villes environ nantes  , et les rues sont propres et bien entretenue s  . 

right label: 0	prob: [0.9945894479751587, 0.005410521756857634]	L ' église était complètement différente maintenant : la lumière de le soleil tomba it à travers les vitraux  , at tra pant la poussière qui flot tait encore dans l ' air et envoyant une chaleur sèche et saine dans les bords de la pièce  , à travers la pierre et le béton poudre ux qui avaient été recouvert s la nuit dernière par la chair et les lumières cl ignot antes  . 

right label: 1	prob: [0.06154119595885277, 0.9384588003158569]	Les gens pas s aient un bon moment et avaient de les conversations  . 

right label: 0	prob: [0.9914406538009644, 0.008559403009712696]	Tu veux rester coincé ici pour le reste de ta vie ? 

right label: 0	prob: [0.9927914142608643, 0.007208562921732664]	Un jeune garçon est sur le dos d ' une autre personne qui porte un chapeau  . 

right label: 1	prob: [0.38613608479499817, 0.6138638854026794]	Dans une étrange j ux ta position de la réalité  , un vieux piano est assis à le coin d ' une rue animée la nuit  . 

right label: 1	prob: [0.17631909251213074, 0.8236809372901917]	Par définition et intentionnelle ment  , les routine s sont in flex ibles  . 

right label: 1	prob: [0.005658507812768221, 0.9943414926528931]	Un chat noir et blanc regarde dans la cuve tte de les toilettes  . 

right label: 1	prob: [0.0038276021368801594, 0.9961723685264587]	Les ingrédients nécessaires pour ce goûter sont une préparation pour gâteau à le chocolat  , 3 œufs  , 1 / 3 de tasse d ' huile végétale  , 1 tasse d ' eau  , 1 boîte de sucre en poudre  , 1 bâton de mar gar ine  , 4 cuillère s à soupe de cacao  , 1 / 4 de tasse de lait  , de les Twi zz ler s  , de les M & M ' s  , de les paillettes  , de le papier ci ré et de les  écorce s d ' amandes à le chocolat blanc  . 

right label: 0	prob: [0.9949946403503418, 0.0050052753649652]	En 1946  , les Juifs ne poss éd aient que 7 % de la Palestine  , mais la menace de déplacement était largement perçue par les Arabes  . 

right label: 1	prob: [0.0035958897788077593, 0.9964041709899902]	Bien sûr  , dit Greg ..  , 

right label: 0	prob: [0.7736513018608093, 0.22634868323802948]	La première loi de la thermodynamique affirme sans équivoque que l ' énergie est toujours conservé e et qu ' elle ne peut donc ni se perdre ni se renouveler  . 

right label: 1	prob: [0.0034212779719382524, 0.9965787529945374]	Dans un four pré cha uff é à 400 degrés  , faites cuire votre zombie pendant 15 -18 minutes  . 

right label: 1	prob: [0.005974116735160351, 0.9940258264541626]	Un homme marche tout en utilisant son téléphone portable  . 

right label: 0	prob: [0.9897382855415344, 0.010261708870530128]	C ' est de lui qu ' il s '  agissait  . 

right label: 1	prob: [0.005686915013939142, 0.99431312084198]	Un enfant blond joue avec un  ornement de jardin en métal  . 

right label: 1	prob: [0.04055612161755562, 0.9594439268112183]	Bon  , je vais aller me coiffe r  . 

right label: 0	prob: [0.9943810105323792, 0.00561903789639473]	Par os et Andro s ont contribué à l '  armement pers e  , tandis que d ' autres soute naient Athènes  . 

right label: 0	prob: [0.9933261871337891, 0.006673774681985378]	Fait : L ' enfer  , c ' est les autres  . 

right label: 0	prob: [0.9950514435768127, 0.0049485377967357635]	Ne p thy s nous a conduit dans un couloir qui correspond ait à la façade de le bâtiment  , un couloir v oût é  , un  intestin ne rv uré  , dont les murs noirs avaient un aspect organique inquiétant  . 

right label: 0	prob: [0.9884620904922485, 0.011537968181073666]	Mais nous voyons de nouveaux visages  . 

right label: 0	prob: [0.9953516721725464, 0.004648356232792139]	Le nouveau juif palestinien  , disaient - ils  , devait être physiquement plus fort que les commerçants intelligents qui avaient été pié tin és en Europe  . 

right label: 1	prob: [0.0027233983855694532, 0.9972766041755676]	l ' organisation a déménagé dans de les locaux temporaires près de l '  intersection de les routes en avril pendant que le bâtiment principal subit de les rénovation s d ' une valeur de 14 , 4 millions de dollars  . 361 out of 416