
Uses verb segment ids: yes
Model: flaubert/flaubert_base_uncased
Model type: flaubert/flaubert_base_uncased
Train set: 3328
Validation set: 416
Test set: 416
transformer.attentions.0.q_lin.bias                           (768,)
transformer.attentions.0.k_lin.weight                     (768, 768)
transformer.attentions.0.k_lin.bias                           (768,)
transformer.attentions.0.v_lin.weight                     (768, 768)
transformer.attentions.0.v_lin.bias                           (768,)
transformer.attentions.0.out_lin.weight                   (768, 768)
transformer.attentions.0.out_lin.bias                         (768,)
transformer.attentions.1.q_lin.weight                     (768, 768)
transformer.attentions.1.q_lin.bias                           (768,)
transformer.attentions.1.k_lin.weight                     (768, 768)
transformer.attentions.1.k_lin.bias                           (768,)
transformer.attentions.1.v_lin.weight                     (768, 768)
transformer.attentions.1.v_lin.bias                           (768,)
transformer.attentions.1.out_lin.weight                   (768, 768)
transformer.attentions.1.out_lin.bias                         (768,)
transformer.attentions.2.q_lin.weight                     (768, 768)
	======== Epoch 1 / 4 ========
Training...
	Batch    40	of	  104.		Elapsed: 0:04:21.
	Batch    80	of	  104.		Elapsed: 0:08:44.
	Average training loss: 0.64
	Training epoch took: 0:11:23
	Running Validation...
	Accuracy: 0.77
	Validation took: 0:00:24
	Confusion matrix:
              precision    recall  f1-score   support

           0       0.79      0.79      0.79       227
           1       0.74      0.74      0.74       189

    accuracy                           0.77       416
   macro avg       0.76      0.76      0.76       416
weighted avg       0.77      0.77      0.77       416

	======== Epoch 2 / 4 ========
Training...
	Batch    40	of	  104.		Elapsed: 0:04:23.
	Batch    80	of	  104.		Elapsed: 0:08:47.
	Average training loss: 0.52
	Training epoch took: 0:11:24
	Running Validation...
	Accuracy: 0.78
	Validation took: 0:00:24
	Confusion matrix:
              precision    recall  f1-score   support

           0       0.81      0.78      0.79       227
           1       0.74      0.78      0.76       189

    accuracy                           0.78       416
   macro avg       0.77      0.78      0.78       416
weighted avg       0.78      0.78      0.78       416

	======== Epoch 3 / 4 ========
Training...
	Batch    40	of	  104.		Elapsed: 0:04:23.
	Batch    80	of	  104.		Elapsed: 0:08:47.
	Average training loss: 0.46
	Training epoch took: 0:11:26
	Running Validation...
	Accuracy: 0.81
	Validation took: 0:00:24
	Confusion matrix:
              precision    recall  f1-score   support

           0       0.80      0.86      0.83       227
           1       0.82      0.74      0.78       189

    accuracy                           0.81       416
   macro avg       0.81      0.80      0.80       416
weighted avg       0.81      0.81      0.81       416

	======== Epoch 4 / 4 ========
Training...
	Batch    40	of	  104.		Elapsed: 0:04:24.
	Batch    80	of	  104.		Elapsed: 0:08:49.
	Average training loss: 0.41
	Training epoch took: 0:11:27
	Running Validation...
	Accuracy: 0.80
	Validation took: 0:00:24
	Confusion matrix:
              precision    recall  f1-score   support

           0       0.78      0.89      0.83       227
           1       0.84      0.70      0.76       189

    accuracy                           0.80       416
   macro avg       0.81      0.79      0.80       416
weighted avg       0.81      0.80      0.80       416

Loaded model succesful. Running testing...
Accuracy: 0.80
Confusion matrix:
              precision    recall  f1-score   support

           0       0.78      0.89      0.83       227
           1       0.84      0.70      0.76       189

    accuracy                           0.80       416
   macro avg       0.81      0.79      0.80       416
weighted avg       0.81      0.80      0.80       416


Wrong predictions:

wrong label: 0	prob: [0.6319578886032104, 0.3680420517921448]	U ne femme tient un ours habillé comme un soldat britannique . 

wrong label: 0	prob: [0.5410151481628418, 0.4589848816394806]	M on te . 

wrong label: 1	prob: [0.35411420464515686, 0.6458858251571655]	J ' étais maintenant l ' un d ' entre eux . 

wrong label: 1	prob: [0.16752594709396362, 0.8324740529060364]	D e les groupes de personnes sont dans un parc urbain ou marchent vers le quartier principal . 

wrong label: 1	prob: [0.4785396456718445, 0.5214602947235107]	Il sait pour nous . 

wrong label: 0	prob: [0.9089731574058533, 0.09102682769298553]	J e comprends , la police ne porterait pas plainte pour une personne qui a disparu pendant la nuit . 

wrong label: 1	prob: [0.32486996054649353, 0.6751300096511841]	Il m ' a fallu une trentaine de secondes pour choisir le sandwich à le poulet C har les ton : poitrine de poulet mar inée et grill ée sur un pain à le levain avec de le hav ar ti fondu , de la lai tue romaine et de la mayonnaise à les cann e berges . 

wrong label: 1	prob: [0.41720226407051086, 0.5827977061271667]	L or sque le lecteur souhaite approfondir certains sujets , ou lorsque de les questions techniques sont en jeu , la lecture de les ouvrages pertinents cités dans la bibliographie est recommandée . 

wrong label: 1	prob: [0.07410246133804321, 0.9258975982666016]	U ne foule se rassemble dans un bar local . 

wrong label: 1	prob: [0.1682676374912262, 0.8317323327064514]	J e veux voir à quoi ressemble une pierre magique . 

wrong label: 0	prob: [0.5688281655311584, 0.43117183446884155]	J ' ai rencontré certains de les coureurs . 

wrong label: 1	prob: [0.2455228716135025, 0.7544771432876587]	D eux hommes regardent dans les téles copes solaires . 

wrong label: 0	prob: [0.6784549355506897, 0.3215450942516327]	U ne nag euse portant un costume rose sort de l ' eau d ' une piscine et fait de les éclabou s sures . 

wrong label: 0	prob: [0.637076199054718, 0.3629237711429596]	inquiet : les agriculteurs craignaient que la forte hausse de les températures cette année n ' entraîne un raccour cissement de la saison de culture de le genre biologique , mais les pluies récentes pourraient l ' aider à poursuivre sa croissance jusqu ' à la fin de le mois de juillet 

wrong label: 0	prob: [0.6323518753051758, 0.3676481544971466]	Les conditions d ' hygiène dans les bidonvilles sont catastrophiques . 

wrong label: 0	prob: [0.6159159541130066, 0.3840840458869934]	un bunker secret , nouvellement construit , est situé sous le vaste terrain . 

wrong label: 0	prob: [0.5611368417739868, 0.4388631582260132]	U ne vue à la première personne d ' un homme qui regarde la télévision les pieds en l ' air . 

wrong label: 0	prob: [0.8056761026382446, 0.19432386755943298]	C er tains messages étaient politiques . 

wrong label: 1	prob: [0.0928262248635292, 0.9071738123893738]	La chaîne de la corde s ' en roule sur mes genoux . 

wrong label: 0	prob: [0.8919492363929749, 0.10805077850818634]	Ç a ne te fati gu erait pas ? dit rapidement D es mond . 

wrong label: 0	prob: [0.6744797229766846, 0.32552024722099304]	D es mond dit que c ' est la femme avec qui il vit , n ' est -ce pas terrible , à son âge ! 

wrong label: 0	prob: [0.8565685749053955, 0.14343145489692688]	J e commençais à être très fatigué . 

wrong label: 0	prob: [0.7948693633079529, 0.20513056218624115]	N ous pourrions juste nous asseoir et collecter les loyers d ' un nombre toujours plus réduit de locataires . 

wrong label: 1	prob: [0.3583938777446747, 0.6416060924530029]	U ne femme a un tatouage dans le dos . 

wrong label: 0	prob: [0.5059257745742798, 0.49407416582107544]	U ne machine agricole bleue tire de les personnes le long de rangées de végétation , tandis que quatre personnes font quelque chose avec la végétation dans les rangées . 

wrong label: 0	prob: [0.5535373091697693, 0.4464626908302307]	U ne femme tient un parapluie blanc par une nuit noire . 

wrong label: 1	prob: [0.05838420242071152, 0.9416157603263855]	" D e les demi- paires de chaussettes allon gées dans de les tasses de café à moitié bu es . 

wrong label: 0	prob: [0.6018275618553162, 0.398172527551651]	J e vous le li rai plus tard et vous dirai exactement ce qui se passe . 

wrong label: 0	prob: [0.8041812777519226, 0.195818692445755]	C ette petite poupée avait l ' impression qu ' elle ne pouvait plus continuer . 

wrong label: 0	prob: [0.9295735359191895, 0.07042653113603592]	Il est clair que les questions doivent être telles que l ' on peut s ' attendre à ce que la population concernée les comprenne et y réponde en connaissance de cause . 

wrong label: 0	prob: [0.6087596416473389, 0.39124035835266113]	J ' ai décidé de briser ce schéma . 

wrong label: 0	prob: [0.9785022735595703, 0.02149774879217148]	C a sey , qui n ' était pas sûre de son avenir , était devenue une grande créatrice de mode à N ew Y or k . 

wrong label: 0	prob: [0.9340760111808777, 0.06592399626970291]	J e ne l ' ai jamais fait , dit R ose , avec sa vieille énergie . 

wrong label: 0	prob: [0.8441430926322937, 0.15585686266422272]	R ien de le tout , dit G reg en sortant par la porte d ' entrée . 

wrong label: 0	prob: [0.6021772027015686, 0.3978228271007538]	C er tains outils à main sont magnifiquement conçus pour s ' adapter à l ' utilisateur , par exemple la faux à deux mains . 

wrong label: 0	prob: [0.7757022976875305, 0.22429776191711426]	E st -ce que C laire est passée ? 

wrong label: 0	prob: [0.7798133492469788, 0.22018671035766602]	T out le monde semble s ' intéresser à lui ces derniers temps . 

wrong label: 0	prob: [0.7657490968704224, 0.23425091803073883]	I ls devaient être riches , vu la taille de leurs pierres tom bales . 

wrong label: 0	prob: [0.8088834285736084, 0.19111663103103638]	C e sont les côtes que mon mari cuisine . 

wrong label: 1	prob: [0.2735508382320404, 0.726449191570282]	U n chien noir participe à une course de chiens . 

wrong label: 1	prob: [0.23627400398254395, 0.7637260556221008]	U n petit garçon en chemise blanche fait de l ' escalade . 

wrong label: 0	prob: [0.8759235143661499, 0.12407655268907547]	E h bien , je ne vais pas le faire là-dedans . 

wrong label: 0	prob: [0.6161848902702332, 0.38381507992744446]	U n homme portant une casquette noire , une chemise noire à manches longues et un tablier violet est souriant 

wrong label: 0	prob: [0.9443759322166443, 0.0556241013109684]	La vérité est que je n ' ai aucune chance de trouver un emploi . 

wrong label: 0	prob: [0.843682587146759, 0.15631739795207977]	U ne bouteille de F ran ks R ed H ot B u ff alo S au ce est parfaite pour cette recette ! 

wrong label: 0	prob: [0.5465704798698425, 0.45342952013015747]	L ' avion de ligne est montré devant le hangar après son arrivée . 

wrong label: 0	prob: [0.565116286277771, 0.4348837435245514]	J e dis , tu veux une autre bière ? 

wrong label: 1	prob: [0.10639635473489761, 0.8936036825180054]	D e les adultes et de les enfants dansent dans une pièce . 

wrong label: 0	prob: [0.9795713424682617, 0.020428648218512535]	Il ne l ' attribue certainement pas à un discours où elle n ' a pas été prononcée et , comme indiqué ci-dessus , le faire deux fois n ' aurait aucun sens si M o ore était le maître de la tromperie que ses détracteurs prétendent qu ' il est . 

wrong label: 0	prob: [0.9588030576705933, 0.04119693860411644]	P ar exemple , toute tâche de diagnostic peut être facilitée par une tax onomie de les symptômes et une tax onomie de les causes , ainsi que par les liens entre eux . 

wrong label: 0	prob: [0.9772670269012451, 0.022732965648174286]	P as seulement parce que c ' était un motif ridi culement in adéquat , mais parce que ce n ' était pas vrai . , 

wrong label: 0	prob: [0.6609950065612793, 0.3390050232410431]	P apa veut savoir si ces balances sont arrivées . 

wrong label: 0	prob: [0.8897929191589355, 0.11020705848932266]	M ais ... bon , personne d ' important ne disparaît jamais , alors ça n ' a pas vraiment d ' importance , n ' est -ce pas ? 

wrong label: 0	prob: [0.7027278542518616, 0.29727211594581604]	V ous aurez besoin d ' un fer à repasser , d ' une barre métallique plate ( j ' ai utilisé un niveau ) , d ' un aspirateur , de sacs M y lar et de les aliments à emballer . 

wrong label: 0	prob: [0.8197139501571655, 0.18028603494167328]	L ' homme est souriant et porte un costume . 

wrong label: 0	prob: [0.8290891647338867, 0.17091083526611328]	N ous étions très proches . 

wrong label: 0	prob: [0.8902503252029419, 0.1097496822476387]	C laire et A man da ne s ' étaient pas vues depuis dix ans et étaient ravi es de passer de le temps ensemble . 

wrong label: 1	prob: [0.33880355954170227, 0.6611964106559753]	C ordi alement , E ri k M ö ller 

wrong label: 1	prob: [0.446195513010025, 0.5538045167922974]	E h bien , vous devez vous détendre beaucoup dans un travail comme le mien , dit -il . 

wrong label: 0	prob: [0.8994621634483337, 0.10053785145282745]	I ci , à une réunion de T e am U S A , ils montrent la nouvelle ligne de vêtements pour 2015 . 

wrong label: 1	prob: [0.19744820892810822, 0.8025517463684082]	U n joueur de tennis asiatique s ' apprête à frapper la balle . 

wrong label: 0	prob: [0.9537234306335449, 0.04627662152051926]	M ais voyant un regard de sympathie , elle a répondu : O ui , c ' est vrai . 

wrong label: 1	prob: [0.49339744448661804, 0.5066025853157043]	U n homme vêtu de cuir noir avec un band ana rouge sourit à la caméra . 

wrong label: 1	prob: [0.34288710355758667, 0.6571129560470581]	Les photos vont être magnifiques . 

wrong label: 1	prob: [0.450613409280777, 0.5493865609169006]	R . 

wrong label: 0	prob: [0.8667523860931396, 0.13324765861034393]	J e me suis sentie si bien lorsque mon nom a été appelé et que je me suis dirigée vers l ' avant de la scène pour recevoir mon diplôme . 

wrong label: 1	prob: [0.3647134006023407, 0.6352866291999817]	D eux femmes et un homme portent de les vestes noires et souri ent . 

wrong label: 1	prob: [0.011440913192927837, 0.9885590672492981]	vous l ' utilisez pour faire naviguer un mini radeau sur la lente et lourde rivière M oth ; 

wrong label: 0	prob: [0.5445166826248169, 0.4554833769798279]	les cow- boys comme lui existent -ils vraiment ? 

wrong label: 0	prob: [0.5023016929626465, 0.4976983070373535]	D e bout devant un tableau noir numérique , il a commencé à noter de les informations importantes qui se sont affichées instantanément . 

wrong label: 0	prob: [0.8118029236793518, 0.1881970763206482]	E t cela aurait pu facilement la faire pani quer . 

wrong label: 1	prob: [0.19318518042564392, 0.8068148493766785]	D eux jeunes hommes exécutent un numéro de danse moderne . 

wrong label: 0	prob: [0.7516866326332092, 0.24831335246562958]	V oi là , je vais garder ça . 

wrong label: 1	prob: [0.27026811242103577, 0.7297318577766418]	D e les gens sont dehors en train de danser lors d ' un événement nocturne tandis que les artistes chantent et jouent de les instruments sur une scène bien éclairée . 

wrong label: 0	prob: [0.9271917343139648, 0.07280828803777695]	J e n ' aime pas l ' attitude de le peuple E mma . 

wrong label: 0	prob: [0.8576306700706482, 0.1423693299293518]	U ne aptitude est donc une capacité plus une inclin ation ou un intérêt . 

wrong label: 0	prob: [0.8624781966209412, 0.13752180337905884]	Le soir , les routes étaient relativement dégagées . 

wrong label: 1	prob: [0.25211435556411743, 0.7478855848312378]	Il allait nous donner de les informations précieuses pour elle . 

wrong label: 0	prob: [0.8681015968322754, 0.13189835846424103]	A près minuit , tout le monde se sentait fatigué et étour di . 

wrong label: 0	prob: [0.7588167190551758, 0.24118323624134064]	D ans une étrange juxta position de la réalité , un vieux piano est assis à le coin d ' une rue animée la nuit . 

wrong label: 0	prob: [0.5618138909339905, 0.4381861686706543]	B ien sûr , dit G reg .. , 

wrong label: 0	prob: [0.878828763961792, 0.12117116898298264]	Il y avait aussi beaucoup de gens qui prê taient serment . 82 out of 416

Right predictions:

right label: 0	prob: [0.9099551439285278, 0.09004488587379456]	M ais ce décret n ' avait pas la puissance de le droit civil derrière lui . 

right label: 0	prob: [0.9757207632064819, 0.02427925355732441]	Il est certain que M o ore est l ' un de les cinéastes les plus talentueux de les É tats- U nis aujourd' hui , et que son film méritait pleinement son O s car . 

right label: 0	prob: [0.9133044481277466, 0.08669561892747879]	C ' était juste une petite installation où quelqu' un avait empil é quelques caisses et apporté quelque chose d ' alcool isé à partager , principalement de la bière . 

right label: 1	prob: [0.19935743510723114, 0.8006426095962524]	U n chien blond est allongé sur le carrelage 

right label: 1	prob: [0.12258753925561905, 0.8774124383926392]	U ne personne tient un long ho t- dog devant une boîte d ' animaux en peluche . 

right label: 1	prob: [0.1363787055015564, 0.8636213541030884]	U ne femme tient un ours en peluche et sourit . 

right label: 0	prob: [0.9877158999443054, 0.012284107506275177]	C ' est naïf à l ' extrême - H es ton ne serait pas président de la N R A s ' il n ' était pas tenu à le courant de les cas les plus marquants de violence armée . 

right label: 0	prob: [0.8711986541748047, 0.1288013458251953]	J e ne suis pas sûre d ' être prête à sortir . 

right label: 1	prob: [0.016972502693533897, 0.983027458190918]	E lle aimait poser et sourire pour l ' appareil photo . 

right label: 1	prob: [0.12027449160814285, 0.879725456237793]	cabines privées - pour les invités les plus importants , nous avons de les lits situés dans de les cabines privées . 

right label: 1	prob: [0.41937023401260376, 0.5806297063827515]	Il s ' est rapidement famili arisé avec les collègues de la nouvelle entreprise . 

right label: 0	prob: [0.9379797577857971, 0.06202024221420288]	Le tout se résu mait à l ' expression d ' une sécurité absolue et à l ' ignorance de toute transgression . 

right label: 1	prob: [0.07443147897720337, 0.9255685210227966]	U n alpin iste grimpe à le sommet d ' une montagne ennei gée . 

right label: 0	prob: [0.6346385478973389, 0.3653614819049835]	U ne petite fille dans un harnais est dans les airs par une journée ensoleillée . 

right label: 1	prob: [0.02899812161922455, 0.971001923084259]	U ne main tient de la nourriture et une boisson est sur la table . 

right label: 1	prob: [0.19703105092048645, 0.8029689788818359]	J ' ai essayé de m ' entraîner à faire de les portraits ces derniers temps . 

right label: 0	prob: [0.9435846209526062, 0.05641533061861992]	M on nom , J es us Q u iles , est juste là . 

right label: 0	prob: [0.9660526514053345, 0.033947400748729706]	A r th ur essayait de mesurer la vitesse à laquelle ils voyag eaient , mais le noir extérieur était absolu et il n ' avait aucun point de référence . 

right label: 1	prob: [0.04636277258396149, 0.9536372423171997]	U ne femme fu mant une cigarette joue de la guitare . 

right label: 1	prob: [0.015283280983567238, 0.9847167730331421]	vous êtes-vous déjà demandé à quoi ressemble la maison blanche pendant les vacances ? 

right label: 0	prob: [0.7178226113319397, 0.2821773588657379]	E n refer mant la boîte , il s ' est arrêté près de la porte ouverte et m ' a regardé . 

right label: 1	prob: [0.06813397258520126, 0.9318660497665405]	La femme lit un livre dans la bibliothèque . 

right label: 0	prob: [0.8128166794776917, 0.18718333542346954]	D ans les régions pauvres , le commerce très rentable de la drogue est souvent considéré comme le dernier recours . 

right label: 0	prob: [0.7643142938613892, 0.23568564653396606]	C on cer nant l ' extrait de le site de la N R A sur l ' affaire et le sur lign age de la phrase 48 heures après que K ay la R ol land ait été déclarée morte : 

right label: 0	prob: [0.9103125929832458, 0.08968736231327057]	O n pourrait dire que je suis plus différent que différent . 

right label: 0	prob: [0.9364932179450989, 0.06350680440664291]	P ar une coïncidence extraordinaire , le jour suivant , il y avait deux rapports dans le journal , l ' un concernant les incidents les plus étonnants avec une sou coupe volante , et l ' autre sur une série d ' émeutes incon ven antes dans les pubs . 

right label: 0	prob: [0.9033805131912231, 0.09661945700645447]	J é hu se rendit alors à J ez réel où résidait la vieille re ine- mère , J é zab el . 

right label: 1	prob: [0.06228130683302879, 0.9377186894416809]	comment se battre si l ' on est arrêté à un feu rouge 

right label: 1	prob: [0.128416046500206, 0.871583878993988]	U n homme portant un chapeau de cow- boy monte un cheval brun . 

right label: 0	prob: [0.5937856435775757, 0.4062143564224243]	C ur tis souriait et se frot tait les mains , savour ant le coup de grâce . 

right label: 1	prob: [0.4573200047016144, 0.542680025100708]	les clients n ' aimer ont jamais une entreprise tant que les employés ne l ' aiment pas d ' abord . 

right label: 1	prob: [0.22265620529651642, 0.7773438096046448]	U n groupe de personnes hab illées professionnellement à l ' extérieur . 

right label: 0	prob: [0.9795786142349243, 0.0204213447868824]	C e pendant , la ville étant divisée par de les fortifications et de les fils barbelés , aucun pèlerin israélien ou juif n ' a été autorisé à visiter le M ur occidental ou d ' autres sites juifs à J éru salem - E st . 

right label: 0	prob: [0.9302260279655457, 0.06977400183677673]	E n un clin d ' oeil à la lumière str ob os copique , il était sur ses pieds et se précipi tait hors de la pièce . 

right label: 1	prob: [0.18933086097240448, 0.8106691241264343]	un joueur de football a échangé de les maillots signés en été lorsque l ' intérêt était 

right label: 0	prob: [0.9681311845779419, 0.03186875209212303]	N ous ne nous souci ons pas d ' être les derniers et nous ne nous souci ons pas qu ' il n ' y ait plus d ' étoiles . 

right label: 1	prob: [0.021382832899689674, 0.9786171317100525]	mais 4 écr ous sur vos 4 boulons comme le montre l ' image . 

right label: 0	prob: [0.7522631883621216, 0.24773678183555603]	E lle prit une gorgée de sa boisson , de l ' eau plate car , avait -elle expliqué plus tôt , elle n ' avait jamais aimé le goût de l ' alcool , puis fix a son regard sur moi . 

right label: 0	prob: [0.9395999312400818, 0.0604000985622406]	Il est toutefois peu probable que les attaques injustes dont il fait l ' objet aient un impact significatif . 

right label: 0	prob: [0.7942564487457275, 0.20574355125427246]	U n homme en chemise rouge tient deux animaux écor chés morts sur une table , avec une scie à proximité et un couteau à la main . 

right label: 1	prob: [0.24379266798496246, 0.7562073469161987]	U n homme en costu me- cravate et chapeau tient un pistolet . 

right label: 0	prob: [0.9737612009048462, 0.026238786056637764]	Il était naturel qu ' une petite ville hod za ne puisse maintenir ce qu ' un G rand V ez ir avait fondé et que les événements historiques avaient condamné à le désastre . 

right label: 0	prob: [0.9465177059173584, 0.05348225310444832]	M ais si jamais tu vois une fée , dis- lui que tu es de le sang d ' I van B og aty rivi tch et elle ne te laissera pas passer si vite . 

right label: 1	prob: [0.0020912843756377697, 0.9979087114334106]	M et tez l ' ail , le basilic , les câ pres et le jus de citron dans un mixeur avec environ une demi- tasse d ' huile d ' olive et commencez à mixer . 

right label: 1	prob: [0.10985872149467468, 0.8901413083076477]	Il y a plusieurs verres de vin vides sur la table . 

right label: 0	prob: [0.9893787503242493, 0.010621238499879837]	U ne grande partie de la meilleure architecture islamique de la ville a été construite à l ' époque mamel ou ke , mais les mille dernières années ont fait de les ravages : J éru salem n ' a pas pu retrouver la prospérité dont elle avait bénéficié auparavant . 

right label: 0	prob: [0.962699830532074, 0.0373002290725708]	Q u and votre vie , la raison pour laquelle vous avez vécu , les gens , les visages , les lieux , les émotions que vous avez ressenti es , les personnes et les choses que vous avez ai mées , quand tout cela aura disparu , qu ' est -ce qu ' il vous restera ? 

right label: 0	prob: [0.9806414246559143, 0.01935851201415062]	La reine H él ène , une chrétienne fer vente et la mère de l ' empereur C on st antin le G rand , a fait un pèlerinage en T erre S ain te en 326 pour identifier les sites associés à la vie de J é sus . 

right label: 0	prob: [0.759340763092041, 0.24065926671028137]	D ans une main , je tenais en équilibre mon assiette de cra ckers en forme d ' étoile , de boules de trem p ettes et de garnitures élégantes , de petites boules rou lées de viandes et de fromages traversées par de les tiges d ' une plante vert pâle , et un ensemble d ' autres petites choses délec tables . 

right label: 0	prob: [0.983201801776886, 0.016798164695501328]	E t bien que cette pensée eût dû être douloureuse , l ' avocat était cal mé par la certitude que personne ne s ' affli gerait . 

right label: 0	prob: [0.8697286248207092, 0.13027143478393555]	C eux d ' entre nous qui vivent en permanence dans ce monde ont tendance à s ' installer dans de les endroits comme celui-ci , où la population humaine est si écrasante qu ' on ne les remarque pas dans le bon coin , avec les bons sorts de protection ... 

right label: 0	prob: [0.8777525424957275, 0.12224749475717545]	V os accusations de coupures in appropriées sont une fois de plus totalement in fondées . 

right label: 0	prob: [0.9582491517066956, 0.04175087809562683]	S es yeux étaient rouges et il avait dénu dé une série de crocs qui auraient pu m ' arracher la main . 

right label: 1	prob: [0.1019933819770813, 0.8980066776275635]	N ous avons profité de le reste de la journée à le bord de la plage en regardant le coucher de le soleil . 

right label: 0	prob: [0.9285207986831665, 0.07147923111915588]	J e ne sais pas comment J eff erson a su que je me trouvais là . 

right label: 0	prob: [0.8839828372001648, 0.11601722240447998]	La seule chose que l ' on savait . 

right label: 1	prob: [0.21088865399360657, 0.7891113758087158]	F ai tes une fente verticale dans l ' une de les olives J um bo , ce sera le corps , que vous far ci rez de fromage frais . 

right label: 0	prob: [0.9322276711463928, 0.06777229905128479]	C on st anti no ple a été prise par les forces de les C ro isés en 120 4 , qui ont dépouillé la ville de nombre de ses plus beaux trésors - qui ornent aujourd' hui les bâtiments publics de V en ise - bien qu ' un important lot de livres et de manuscrits ait été transféré à le monastère de P at mos avant la chute de la ville . 

right label: 0	prob: [0.7234801054000854, 0.27651986479759216]	H é , j ' ai dit , tu es sûr qu ' on devrait aller par là ? 

right label: 1	prob: [0.28840309381484985, 0.7115969657897949]	F ai tes -en un autre si vous l ' aimez ! ! ! 

right label: 0	prob: [0.9778280854225159, 0.02217189222574234]	A l ' époque , J éru salem était un bastion can ané en situé sur une route commerciale secondaire , bien moins important que les villes bibliques telles que H az or , M e gi d do , B eth S he an et S i chem . 

right label: 0	prob: [0.5844604969024658, 0.4155394732952118]	T ous les mets raffinés et les éclairages décoratifs , il fallait un prix exorbi tant pour les entretenir . 

right label: 1	prob: [0.04341848939657211, 0.9565815329551697]	U n surf eur chevau che une vague sur sa planche de surf . 

right label: 0	prob: [0.9029963612556458, 0.09700357913970947]	J e me suis assis de côté dans le fauteuil , les pieds pend us à un bras , le cou reposant contre l ' autre , traçant dis traitement de les lignes invisibles entre les étoiles à l ' extérieur de ma fenêtre pendant que je rumin ais la situation . 

right label: 1	prob: [0.22238458693027496, 0.7776154279708862]	E lle a lutté pour se lever et l ' accompagner jusqu ' à la porte . 

right label: 0	prob: [0.9453752636909485, 0.054624758660793304]	R égi on alis me D ès ses premiers jours , la vallée de M a hon ing a été une région remplie de petits villages et hameaux . 

right label: 0	prob: [0.8701925277709961, 0.1298074871301651]	A lors , quelle est notre cargaison , hein , capitaine ? 

right label: 1	prob: [0.04886844754219055, 0.9511315226554871]	le plus important est de s ' assurer que la taille de le costume est adaptée à votre morphologie . 

right label: 0	prob: [0.638167679309845, 0.36183232069015503]	U n homme et une femme sont dans un bus . 

right label: 0	prob: [0.8228580355644226, 0.177141934633255]	S a crinière est si cool . 

right label: 0	prob: [0.9690487384796143, 0.03095129318535328]	U ne nouvelle école d ' historiens juifs est plus critique à l ' égard de les bouleversements causés par l ' acquisition de terres par les J ui fs , et conclut que cela n ' a pas toujours été juste . 

right label: 1	prob: [0.1046680212020874, 0.8953319787979126]	E ss ayez de comprendre les gens avant de leur faire confiance . 

right label: 1	prob: [0.003357510082423687, 0.9966424703598022]	un réalisateur assiste à la cérémonie de remise d ' une étoile à un acteur . 

right label: 0	prob: [0.8865485787391663, 0.11345137655735016]	U ne femme en vêtements noirs est dans une cuisine , en train de râ per de le fromage . 

right label: 0	prob: [0.979526698589325, 0.020473241806030273]	C e que l ' étranger pensera , c ' est qu ' un homme qui peut faire de le stop à travers la galaxie , la rendre difficile , l ' en can ailler , lutter contre de terribles obstacles , gagner , et qui sait toujours où se trouve sa serviette est clairement un homme avec lequel il faut compter . 

right label: 0	prob: [0.9775350093841553, 0.022464999929070473]	Il nous a conduits à la porte d ' un bâtiment ressemblant à une pa gode courte surmontée d ' une enseigne montrant un visage à les mains levées , comme un saint sous la lumière de D ieu , et menot tés . 

right label: 0	prob: [0.8946278691291809, 0.10537213832139969]	S on taux de change de huit N ing is pour un P u est assez simple , mais comme un N ing i est une pièce triangulaire en caoutchouc de six mille huit cents milles de côté , personne n ' a jamais rassemblé assez de pièces pour posséder un P u . 

right label: 0	prob: [0.9819324612617493, 0.018067536875605583]	A près avoir vu mon vaisseau se déchirer , après avoir passé vingt-trois bonnes heures à flotter en silence dans l ' épave , après m ' être demandé si je faisais face à les étoiles de la const ellation de la B al ance ou de la const ellation d ' O rion vues de la T erre , après m ' être demandé ce que je res sentais en suff o quant et après avoir eu le sentiment que oui , j ' allais mourir seul dans l ' espace , il m ' a fallu de le temps pour que ce sentiment se dissi pe . 

right label: 0	prob: [0.9303014278411865, 0.06969860196113586]	C ela ressemble plus à une correction ultérieure à de les fins de relations publiques , mais bien sûr , personne ne remet en question les déclarations de la banque lorsqu ' elles peuvent être utilisées contre M o ore . 

right label: 0	prob: [0.7121596336364746, 0.28784042596817017]	C ela fait plus d ' une semaine , et je veux danser . 

right label: 1	prob: [0.3278798758983612, 0.6721201539039612]	Le cla quement de la porte résonne dans toute la maison . 

right label: 1	prob: [0.01884348690509796, 0.981156587600708]	R oul ez -les en boules de la taille d ' une bouchée ( la taille de les boules dépend de la quantité que vous voulez faire ) . 

right label: 0	prob: [0.9742106199264526, 0.02578943967819214]	Il s ' est él ancé vers un escalier encastr é dans le mur , et nous avons couru après lui , en montant un énorme escalier qui semblait avoir plus d ' étages que le bâtiment ne pouvait en contenir . 

right label: 0	prob: [0.8659085035324097, 0.13409146666526794]	A lors , un camarade a demandé , D onner sa vie pour un autre être est le don ultime ? 

right label: 1	prob: [0.016060585156083107, 0.9839394092559814]	un artiste country donne un concert surprise pendant le festival 

right label: 0	prob: [0.9834625720977783, 0.0165374968200922]	N o tre héritage ancien et notre physiologie même nous disent que le sexe est naturel - une voie privilégiée vers l ' épanouissement spirituel - et pourtant la religion moderne le décri e comme honteux , nous apprenant à craindre notre désir sexuel comme la main de le diable . 

right label: 0	prob: [0.9025497436523438, 0.09745027124881744]	P endant les 19 années suivantes , J éru salem était deux villes . 

right label: 0	prob: [0.9029200673103333, 0.09707994759082794]	Il est maintenant bien documenté que la C I A a toléré la vente de crack dans les villes américaines pour financer les opérations de les contr as sud- américains 

right label: 1	prob: [0.038992106914520264, 0.9610078930854797]	J ' ai aussi pu passer de le temps avec le chat . 

right label: 0	prob: [0.8439691662788391, 0.15603084862232208]	La question de la vente de les terres est depuis longtemps un sous- thème de la lutte entre J ui fs et A ra bes . 

right label: 0	prob: [0.8721023797988892, 0.12789767980575562]	M ais R on deau n ' a pas tenu compte de l ' avertissement . 

right label: 0	prob: [0.6729573011398315, 0.32704269886016846]	I ls ont rempli la soute à bagages de deux valises d ' effets personnels , de deux sacs de nourriture et d ' une couverture rou lée dans une housse à carreaux fraîche avec un oreiller - après tout , selon elle , ils ne pouvaient pas dormir dans la même que cette pauvre fille ... 

right label: 1	prob: [0.024631435051560402, 0.9753686189651489]	M ain tenant , mettez le tout dans le congélateur pour qu ' il soit congel é . 

right label: 1	prob: [0.051570549607276917, 0.9484294652938843]	E n vous assurant qu ' elles sont encore chaudes , remplissez un mixeur ou un robot de cuisine avec les cacahuètes grillées . 

right label: 1	prob: [0.008912588469684124, 0.9910873770713806]	D ans un bol , verser 1 / 2 tasse d ' eau bouillante et 1 / 2 tasse d ' eau froide A jou ter 1 cuillère à café de sucre à l ' eau et remuer A jou ter 1 cuillère à soupe de levure à l ' eau , remuer et laisser reposer 10 minutes ( une mousse doit se former à la surface de l ' eau ) . 

right label: 0	prob: [0.9691947102546692, 0.030805304646492004]	N ous , et de les milliers d ' autres comme nous , vivons séparément depuis qu ' il y a une société humaine , dit mon chauffeur . 

right label: 0	prob: [0.9581480026245117, 0.04185199737548828]	E n fait , cela a fait naître l ' espoir chez les travailleurs sans qu ' il y ait une réelle chance de sauver quoi que ce soit . 

right label: 0	prob: [0.9805518388748169, 0.019448228180408478]	La fille était aussi douce et rose que l ' éclat de les pierres , et elle était vêtue d ' une robe blanche attachée à la taille par une ceinture comme un noeud celtique . 

right label: 0	prob: [0.9793213605880737, 0.020678620785474777]	O u encore , il pouvait s ' agir d ' une de ces étranges incitations qui surg issaient de temps à autre de cette zone sombre de son esprit qu ' il avait inexpli cablement verrou illée avant de devenir président de la galaxie . 

right label: 1	prob: [0.1293141096830368, 0.8706859350204468]	c ' est un bain de salade . 

right label: 0	prob: [0.976049542427063, 0.02395048923790455]	La brume bleue semblait s ' arrêter juste à côté de sa pâ leur , mettant en valeur son visage frappant sans en illuminer les détails , et ses poignets étincel aient de blancheur dans l ' obscurité . 

right label: 0	prob: [0.8925026059150696, 0.10749734193086624]	N o tre cuisine rend hommage à notre amour de les traditions de le S ud à table , mais , comme les bonnes gens d ' A she ville , elle marche à son propre rythme . 

right label: 1	prob: [0.015629321336746216, 0.9843706488609314]	La personne sur une moto roule sur la plage . 

right label: 0	prob: [0.9199771881103516, 0.08002277463674545]	E n quelques minutes , nous étions de retour à la première porte à laquelle nous avons frappé dans cette ville et D vor ov lui-même nous accueillait . 

right label: 0	prob: [0.7891668677330017, 0.2108331173658371]	C e passage , tu te souviens ? 

right label: 0	prob: [0.9782820343971252, 0.021717922762036324]	Les gens s ' accro chaient à de vagues idées de collecti vis ation de les travailleurs , mais personne ne pouvait vraiment comprendre comment cela fonctionn erait exactement ; les habitants de Y oun g sto wn n ' étaient , après tout , pas particulièrement familiers avec le socialisme ou la collecti vis ation en général . 

right label: 0	prob: [0.9837647080421448, 0.016235284507274628]	L ' a pathie de l ' U S W A U ni ted S te el W or kers of A mer ica était le syndicat qui représentait les travailleurs de l ' acier de Y oun g sto wn à le moment de les fermetures . 

right label: 0	prob: [0.879991888999939, 0.12000811845064163]	J e me sens encore un peu étour di . 

right label: 0	prob: [0.9282597303390503, 0.07174026966094971]	C ' est une généralisation erronée . 

right label: 0	prob: [0.9757258892059326, 0.02427416853606701]	Il promet un É tat moderne à son peuple , mais la situation devenant explosive , de les troubles civils éclatent dans les villes turques et les personnes considérées comme grecques sont victimes de menaces et de violences . 

right label: 1	prob: [0.30378854274749756, 0.6962113976478577]	E lle détes tait ces escaliers . 

right label: 0	prob: [0.9776808023452759, 0.02231915108859539]	J e ne savais pas comment ils pouvaient manquer de les traits si exotiques , même dans cette lumière dé for mante . 

right label: 0	prob: [0.9724211692810059, 0.027578771114349365]	J ' ai été surpris à l ' époque que vous par don niez si facilement mes fausses accusations contre les S pac ers , alors que vous m ' aviez auparavant ser m onné sur leur sensibilité . 

right label: 0	prob: [0.5709444880485535, 0.42905545234680176]	E lle a de le bon sang sous les joues . 

right label: 1	prob: [0.020779429003596306, 0.9792206287384033]	une personne va finalement jusqu ' à le bout 

right label: 1	prob: [0.053890254348516464, 0.9461097121238708]	Le chat est assis patiemment sur le banc de le piano . 

right label: 0	prob: [0.6158284544944763, 0.3841715455055237]	U ne médecine pour l ' esprit 

right label: 0	prob: [0.9076381921768188, 0.09236184507608414]	J e vous aurais juré qu ' il était mort . 

right label: 0	prob: [0.6932958960533142, 0.3067041039466858]	V oy ager à l ' étranger peut être un plaisir ! 

right label: 0	prob: [0.8190034627914429, 0.18099652230739594]	U ne femme en chemise rouge est sous une couverture et dort dans un véhicule . 

right label: 0	prob: [0.9843160510063171, 0.01568395271897316]	I ls tombaient maintenant ensemble , ce qui était très gentil et romantique , mais ne résol vait pas le problème de base , qui était qu ' ils tombaient , et que le sol n ' attendait pas de voir s ' il avait d ' autres tours dans son sac , mais venait à leur rencontre comme un train express . 

right label: 1	prob: [0.4146251976490021, 0.5853747725486755]	J e veux prendre mon badge , sinon si tu le ti res , il va déchirer mon jean . 

right label: 0	prob: [0.9821797013282776, 0.017820365726947784]	E n ce qui concerne son apparence physique , il suffit de dire que D oy le était assez viril pour les tâches qu ' il s ' était fixées , robuste , athlétique , sans vanité , mais pas au-dessus d ' un pin cement conditionné de la honte s ' il rencontrait de les supérieurs sociaux alors qu ' il portait de les man chettes ou un col eff ilo chés par ses limites financières . 

right label: 0	prob: [0.9629886746406555, 0.03701126575469971]	C e pendant , le résultat de leurs arguments est toujours le même et témoigne de leur sagesse : après chaque conflit , les G rec s et les A r mé niens demandent de les temples séparés . 

right label: 1	prob: [0.09140422195196152, 0.9085958003997803]	U n chien court avec un jouet dans sa gueule . 

right label: 0	prob: [0.9872022271156311, 0.01279772724956274]	Q u ' il me suff ise de dire que je n ' ai pas perçu la moindre trace de modestie chez cette belle jeune fille à peine formée que la mixité moderne , les mœurs juvéniles , le vac arme de les feux de camp , etc. avaient complètement et irrémédiablement dé prav ée . 

right label: 1	prob: [0.08134469389915466, 0.918655276298523]	D e nombreuses personnes marchent et participent à un défilé . 

right label: 1	prob: [0.28662416338920593, 0.7133758664131165]	D eux personnes s ' affrontent dans un match d ' arts martiaux . 

right label: 1	prob: [0.05295286327600479, 0.9470471143722534]	je veux ce texte , avec un arbre dans la chambre de mon fils . 

right label: 0	prob: [0.9286673069000244, 0.07133269309997559]	A l ' intérieur , l ' espace s ' ouvrait sur une large chambre carrée , avec de les miroirs et si sombre qu ' elle aurait pu être de n ' importe quelle taille . 

right label: 1	prob: [0.06753307580947876, 0.932466983795166]	consacré : la veille de la grande annonce , le couple a été vu avec ses enfants en train de se promener près de leur maison . 

right label: 0	prob: [0.9307016134262085, 0.0692984089255333]	C ar même les meilleures qualités d ' une personne ne peuvent être appréciées à leur juste valeur que si elles nous sont présentées d ' une manière conforme à nos propres opinions et inclin ations . 

right label: 0	prob: [0.5854393839836121, 0.4145606458187103]	L ' écran lumineux fourni m ' avait informé de la date et de le lieu de les repas officiels , mais je n ' avais pas pris la peine de répondre à les invitations . 

right label: 1	prob: [0.0020961512345820665, 0.9979038238525391]	un homme est debout sur un skat ebo ard dans une rue 

right label: 0	prob: [0.9837961196899414, 0.016203897073864937]	M oi , j ' ai suivi l ' exemple d ' A dri enne et je n ' ai rien dit ( je me suis inventé de les excuses pour rester en sécurité dans le mode d ' observation " gat her - info " ) . 

right label: 0	prob: [0.8076234459877014, 0.19237655401229858]	S ' il vous plaît , si nous pouvions le voir , nous vous en serions très reconnaissants . 

right label: 1	prob: [0.12158561497926712, 0.8784143924713135]	R é fri gérer l ' écorce jusqu ' à ce qu ' elle soit complètement dur cie . 

right label: 0	prob: [0.9661509990692139, 0.03384900838136673]	Le jaune de ce ciel n ' était pas seulement de le smo g : il était d ' une noirceur pesante et sanglante . 

right label: 0	prob: [0.9863442182540894, 0.013655802235007286]	E n 1946 , les J ui fs ne possédaient que 7 % de la P al esti ne , mais la menace de déplacement était largement perçue par les A ra bes . 

right label: 0	prob: [0.9821221828460693, 0.017877867445349693]	J ' ai réalisé que R ach el avait disparu sans laisser d ' indice et que je ne pouvais rien faire d ' autre qu ' attendre qu ' elle se manifeste - ce qui , si elle était dans une situation où je devrais faire quelque chose , ne serait probablement jamais . 4 

right label: 1	prob: [0.0655781701207161, 0.9344218969345093]	personne , a déménagé et vient certains vendredis soirs pour rencontrer de nouvelles personnes . 

right label: 1	prob: [0.3440497815608978, 0.6559502482414246]	E lle se déten d en espérant que le repos guéri ra son corps . 

right label: 0	prob: [0.6706857681274414, 0.32931429147720337]	a demandé A dri enne , en utilisant la formulation de S ar ah . 

right label: 0	prob: [0.9778469800949097, 0.022153038531541824]	U ne fois - c ' était dans les années trente - il m ' a dit avec un certain embarras que les femmes ne sont jamais tout à fait elles-mêmes , ou , pour le dire cr ûment , qu ' elles sont toujours en train de faire semblant et de prendre de les attitudes . 

right label: 0	prob: [0.9800976514816284, 0.019902266561985016]	Les lois inexor ables de la mécanique céleste avaient décrété que l ' E n de av our était le premier , et le dernier , de tous les vaisseaux de l ' H om me qui entr eraient en contact avec R ama . 

right label: 1	prob: [0.07412641495466232, 0.9258735775947571]	U n homme blond chante passionnément dans le microphone . 

right label: 1	prob: [0.32810091972351074, 0.671899139881134]	J ' ai passé un bon moment là-bas . 

right label: 0	prob: [0.9240142703056335, 0.07598569989204407]	Les be ys et les ay ans se lev èrent et prirent congé en silence , heureux d ' être en vie et aussi perpl exes que s ' ils avaient assisté à un spectacle de presti digi tation . 

right label: 1	prob: [0.07243981212377548, 0.9275602102279663]	une fan montre sa déception alors que la personne était bouleversée le samedi soir . 

right label: 1	prob: [0.06180786341428757, 0.9381921887397766]	U n homme est assis sur le bord de la route à un stand de fruits . 

right label: 0	prob: [0.9775650501251221, 0.022434944286942482]	E lle a soudain repris sa manière de parler , celle qu ' il associ ait à leur conversation téléphonique : l ' H er z ég ovine était paci fiée . 

right label: 0	prob: [0.8166611194610596, 0.18333891034126282]	V oi là ce qui arrive quand on n ' utilise pas de mercenaires . 

right label: 1	prob: [0.006617135833948851, 0.9933829307556152]	détendu : une personne a passé son bras autour de l ' épaule de le modèle . 

right label: 0	prob: [0.6517817974090576, 0.3482181429862976]	J ' ai appuyé mes jambes contre le sol en pierre et il était sur moi . 

right label: 1	prob: [0.13093583285808563, 0.8690641522407532]	Les enfants se sont amus és à jouer ensemble . 

right label: 0	prob: [0.8906099796295166, 0.10939006507396698]	E ss ayer de soutenir les usines d ' une ville était impossible face à la dépression qui s ' est étendue à toute l ' industrie . 

right label: 0	prob: [0.7085994482040405, 0.2914005219936371]	Les pommes de terre étaient légères et non grasses ; 

right label: 0	prob: [0.65320885181427, 0.34679114818573]	M on chauffeur a tourné à nouveau à côté d ' un vieil entrepôt dans lequel j ' ai peut-être été une fois lorsque M it ch nous a emmenés à une r ave en deuxième année . 

right label: 0	prob: [0.6063007116317749, 0.3936993479728699]	T out le monde est habillé à les couleurs de mon mariage . 

right label: 1	prob: [0.008646560832858086, 0.991353452205658]	une façon naturelle de recycler les déchets alimentaires - les donner à les poules 

right label: 0	prob: [0.6317130327224731, 0.36828699707984924]	Le calme de la pièce y a contribué , tout comme la vue . 

right label: 0	prob: [0.9650444388389587, 0.03495554253458977]	L ' ob sidi enne est une roche volcanique dure et vitr euse , qui pouvait être faç onnée en outils de coupe et de poignar dage . 

right label: 0	prob: [0.8057608008384705, 0.19423918426036835]	Z hen g avait l ' air sceptique . 

right label: 0	prob: [0.8960984349250793, 0.10390149056911469]	C ' est H allo ween et tous les enfants sont déguisés . 

right label: 0	prob: [0.9847937226295471, 0.015206298790872097]	Les O t tom ans ont apporté de nouvelles influences à les îles qu ' ils contrôl aient , formant un vaste empire qui s ' étendait autour de la M édi terran ée orientale . 

right label: 0	prob: [0.8953374028205872, 0.10466251522302628]	A près un moment , R ay a dit , je ne pense pas . 

right label: 1	prob: [0.09748617559671402, 0.902513861656189]	I ls ont continué à prendre de les photos ensemble devant d ' autres sites historiques . 

right label: 0	prob: [0.5995434522628784, 0.40045657753944397]	D e nombreuses personnes sont dehors et regardent les patin eurs sur glace . 

right label: 1	prob: [0.04640301316976547, 0.9535970091819763]	- S avou rez ces ti k kis avec de le ket chup . 

right label: 0	prob: [0.9645534157752991, 0.03544658049941063]	C es personnes ne ressentent pas le besoin d ' exprimer leur sympathie , ni de réfléchir à de les moyens d ' éviter de tels incidents , mais elles ressentent le besoin d ' affirmer leurs droits et de chercher de les réponses rapides et simples - comme le dit B us ch , les propriétaires d ' armes à feu voulaient pendre [ l ' enfant ] à l ' arbre le plus haut . 

right label: 0	prob: [0.9752214550971985, 0.024778617545962334]	A ceux qui disaient qu ' ils avaient le sentiment que le savon ne se trouvait pas dans les mines , le C api taine s ' était risqué à suggérer que c ' était peut-être parce que personne n ' avait assez cherché , et cette possibilité avait été reconnue à contr ec œur . 

right label: 0	prob: [0.9691084027290344, 0.03089164011180401]	Il reste à voir si cela se produira un jour , mais l ' aide offerte par la G rè ce à la T ur quie après le tremblement de terre dévastateur de 1999 est peut-être un signe que l ' animo sité entre ces deux ennemis traditionnels commence à diminuer . 

right label: 0	prob: [0.8350784182548523, 0.1649216115474701]	J e me suis demandé si la nourriture livrée dans mes quartiers ces derniers jours avait été aussi incroyable . 

right label: 0	prob: [0.9810453653335571, 0.01895461231470108]	E n 15 66 , ils arra chent C hi os à les G én ois , renforçant ainsi leur mainmise sur les îles orientales de la mer É gée , mais les C y cl ades restent à les mains de les V éni tiens pendant une autre génération ou plus - T inos est la dernière à tomber en 17 15 . 

right label: 0	prob: [0.9732560515403748, 0.026743926107883453]	U n matériau ancien important , l ' ob sidi enne , a été découvert sur l ' île de M il os . 

right label: 0	prob: [0.8856805562973022, 0.11431947350502014]	O n m ' empois onne , mais on ne sait pas que je ... si je ... 

right label: 1	prob: [0.06201069429516792, 0.9379892945289612]	D e les gens regardent un homme jouer à un jeu vidéo de boxe dans un immeuble . 

right label: 1	prob: [0.17551006376743317, 0.824489951133728]	U n policier est assis sur une moto . 

right label: 1	prob: [0.008203181438148022, 0.9917968511581421]	un conférencier présente un documentaire dans une galerie d ' art de la banlieue tranquille . 

right label: 0	prob: [0.865310549736023, 0.13468945026397705]	M ad ame , je dois tenir compte de sa santé . 

right label: 1	prob: [0.22778481245040894, 0.7722151279449463]	La famille prenant quelques verres avant notre barbecue annuel est toujours un bon souvenir . 

right label: 0	prob: [0.9783568978309631, 0.021643169224262238]	C e pendant , même ces révisionn istes conviennent que les J ui fs n ' avaient pas l ' intention d ' expulser les musulmans de P al esti ne . 

right label: 1	prob: [0.2958129346370697, 0.7041870951652527]	O n a eu de la dinde ce soir . 

right label: 1	prob: [0.09067879617214203, 0.9093211889266968]	Le chien est assis à l ' arrière de la voiture . 

right label: 0	prob: [0.9653650522232056, 0.03463493660092354]	E t si ce n ' est pas un canu lar , alors je suis directement impliqué et eux aussi , ce qui me donne le droit de parler avec eux . 

right label: 1	prob: [0.0008207059581764042, 0.9991793036460876]	P lac ez le hamburger dans une casserole avec 1 / 3 de tasse d ' eau , assaisonn ez avec de le sel et de le poivre . 

right label: 0	prob: [0.9819324612617493, 0.01806754246354103]	A près avoir vu mon vaisseau se déchirer , après avoir passé vingt-trois bonnes heures à flotter en silence dans l ' épave , après m ' être demandé si je faisais face à les étoiles de la const ellation de la B al ance ou de la const ellation d ' O rion vues de la T erre , après m ' être demandé ce que je res sentais en suff o quant et après avoir eu le sentiment que oui , j ' allais mourir seul dans l ' espace , il m ' a fallu de le temps pour que ce sentiment se dissi pe . 

right label: 0	prob: [0.9422873854637146, 0.057712655514478683]	E lles ont toujours été ma partie préférée de les mythes grecs que j ' ai lus à l ' école primaire . 

right label: 1	prob: [0.06252746284008026, 0.9374725222587585]	la recherche biomédi cale comporte de nombreux murs angu laires . 

right label: 0	prob: [0.9418330192565918, 0.05816700682044029]	L ' origine de le navire et la raison pour laquelle J eff erson m ' a sauvé avaient - elles vraiment de l ' importance , si maintenant , j ' étais content ? 

right label: 0	prob: [0.6734433174133301, 0.32655662298202515]	Q u elle est notre destination ? 

right label: 1	prob: [0.22930917143821716, 0.7706907987594604]	D eux hommes et une femme sont assis dans une rame de métro . 

right label: 0	prob: [0.9564774036407471, 0.04352262616157532]	L ' univers tel que nous le connaissons ne sera plus le même . 

right label: 0	prob: [0.8874735832214355, 0.11252636462450027]	M ain tenant , pouvez -vous me dire quel sera votre plan d ' attaque avant que nous ne tour nions dans le sens inverse de les aiguilles d ' une montre dans un roman d ' A n ne R ice ? 

right label: 1	prob: [0.006741470657289028, 0.9932585954666138]	P our faire la pâte 1 tasse de farine tout usage / M aida 1 tasse d ' eau 1 cuillère à soupe de sucre 1 cuillère à soupe d ' huile végétale 1 / 2 cuillère à café de sel P our faire les C hur ros H u ile pour la fri ture P our saupoudrer / R ou ler 1 cuillère à soupe de sucre 1 cuillère à café de cannelle mou lue 

right label: 1	prob: [0.20299944281578064, 0.7970005869865417]	P atri ck a lancé la balle ; 

right label: 1	prob: [0.057868048548698425, 0.9421319365501404]	B en se déten d dans un fauteuil confortable à le coin de le feu . 

right label: 0	prob: [0.9089416265487671, 0.09105833619832993]	Il n ' a pas été découragé par la distance , j ' en suis sûr . 

right label: 1	prob: [0.25301697850227356, 0.746982991695404]	D e les personnes sur de les motos descendent une rue où flotte un drapeau américain . 

right label: 0	prob: [0.8092202544212341, 0.19077974557876587]	T out membre de l ' équipe qui aurait pu mettre en danger le projet était de la viande . 

right label: 1	prob: [0.037384744733572006, 0.9626153111457825]	U n joc key monte un cheval dans l ' herbe verte . 

right label: 0	prob: [0.7292000651359558, 0.2707999050617218]	C ela ne déran geait personne ; 

right label: 1	prob: [0.4449141025543213, 0.5550858974456787]	dans son discours , le militaire a assuré les pays de son engagement durable envers la sécurité et la prospérité de la région . 

right label: 1	prob: [0.31272435188293457, 0.6872757077217102]	D e les pom - pom girls en tenue rouge s ' entraînent dans l ' herbe . 

right label: 0	prob: [0.9333709478378296, 0.06662903726100922]	Le plafond était haut et en bois , et je pouvais voir une partie de la cabine d ' un D J à le bout de le couloir . 

right label: 0	prob: [0.6198992729187012, 0.38010069727897644]	U ne maison est en construction . 

right label: 0	prob: [0.869945228099823, 0.13005471229553223]	J ' en doute , dit M ar vin . 

right label: 0	prob: [0.9787845015525818, 0.021215541288256645]	Le comté de M a hon ing était une région mono- industrielle et les habitants de Y oun g sto wn , S tru thers , C am p bell , B o ard man T ow n ship et de les nombreux autres petits villages de la région n ' avaient qu ' un seul employeur principal : les aci éri es . 

right label: 1	prob: [0.013940488919615746, 0.9860594868659973]	une personne a dirigé la cérémonie de découpe de le gâteau de la fête nationale 

right label: 0	prob: [0.9806976318359375, 0.019302403554320335]	La G rè ce se voit attribuer une bande de terre le long de la côte occidentale de l ' A sie M in eure , où la population grecque était importante depuis plus de 2 000 ans . 

right label: 0	prob: [0.9913083910942078, 0.008691642433404922]	Le vaisseau , il était étrange et vieux , soit tellement dépassé , soit tellement modifié que je ne pouvais pas dire de quelle marque il était , et d ' une certaine manière , l ' équipage qui se tenait autour de moi correspondait à la même description , un amalgame de personnes singulièrement atypique . 

right label: 1	prob: [0.0019831350073218346, 0.9980168342590332]	U ti lisez une cuillère ou un couteau à beurre pour répartir la gelée sur la tranche de pain opposée , encore ordinaire . 

right label: 0	prob: [0.7871754765510559, 0.21282446384429932]	... c ' est ce que je pensais . 

right label: 0	prob: [0.9360914826393127, 0.06390845775604248]	F ran chement , je ne sais pas si nous pouvons faire quoi que ce soit contre un vampire . 

right label: 0	prob: [0.8633509874343872, 0.1366489976644516]	E t moi , je suppose que j ' étais une pièce de plus dans leur puzzle . 

right label: 0	prob: [0.9803044199943542, 0.019695553928613663]	Les événements qui ont suivi cette date ( connus sous le nom de " lundi noir " ) sont considérés par les personnes qui en ont été témoins soit comme de les histoires de grand courage et de détermination , soit comme de les monuments de l ' échec humain et de les faux espoirs . 

right label: 0	prob: [0.8276365399360657, 0.1723634898662567]	Il était temps de découvrir à quoi ressemblait l ' enfer . 

right label: 1	prob: [0.36806994676589966, 0.6319301128387451]	J ' adore , dit G reg , et il regarde H il ary aller vers une petite bouilloire sur une plaque chauff ante dans le coin de la pièce et verser de l ' eau bouillante sur un sachet de thé . 

right label: 1	prob: [0.16495166718959808, 0.8350483179092407]	je vais me faire faire ça pour mes cheveux . 

right label: 1	prob: [0.30145734548568726, 0.6985427141189575]	M es meilleures amies et moi avons fait en sorte de prendre de les photos ensemble . 

right label: 0	prob: [0.9840445518493652, 0.015955476090312004]	M oi , j ' ai suivi l ' exemple d ' A dri enne et je n ' ai rien dit ( je me suis inventé de les excuses pour rester en sécurité en mode observation ) . même si je pensais que Z hen g avait raison . 

right label: 1	prob: [0.03884003683924675, 0.9611599445343018]	U n sk ater fait de les figures dans le half pipe . 

right label: 0	prob: [0.8695937991142273, 0.1304062306880951]	Q u ' est -ce que tu en penses ? demanda le boss u . 

right label: 0	prob: [0.8810642957687378, 0.11893574148416519]	L or sque j ' ai posté sur F ac ebook que je venais en ville , pas moins de trois personnes m ' ont dit que je devais absolument visiter le T u pel o H oney C afe . 

right label: 0	prob: [0.9846981167793274, 0.01530189998447895]	U n observateur occasionnel n ' aurait pas su dire si c ' était parce qu ' il était ivre , malade ou suicidaire , et en effet , il n ' y avait pas d ' observateurs occasionnels dans le vieux P ink D og B ar de le quartier sud de H an D old C ity , car ce n ' était pas le genre d ' endroit où l ' on pouvait se permettre de faire les choses avec désinvol ture si l ' on voulait rester en vie . 

right label: 1	prob: [0.1959572583436966, 0.8040426969528198]	U n ours brun se tient dans l ' herbe le long d ' une route . 

right label: 0	prob: [0.9847937226295471, 0.015206298790872097]	Les O t tom ans ont apporté de nouvelles influences à les îles qu ' ils contrôl aient , formant un vaste empire qui s ' étendait autour de la M édi terran ée orientale . 

right label: 0	prob: [0.9739798307418823, 0.026020120829343796]	D ix on ne pouvait s ' empêcher d ' admirer la façon dont , sans rien dire ni faire de particulier , ils s ' établ issaient si facilement qu ' il n ' était pas censé les accompagner lui-même . 

right label: 0	prob: [0.9451619386672974, 0.05483806133270264]	N ous n ' avons pas embarqué beaucoup de passagers , juste quelques privilégiés , éparpillés ici et là entre les étoiles . 

right label: 0	prob: [0.6726766228675842, 0.32732337713241577]	La poussière épaisse amor tiss ait nos pas . 

right label: 1	prob: [0.43929463624954224, 0.5607053637504578]	" S i vous le souhaitez , vous pouvez rassembler de le glaçage ou d ' autres garnitures et décorer votre gâteau " " C up " " avant de le manger . 

right label: 1	prob: [0.2706528604030609, 0.7293471097946167]	U ne jeune femme et un jeune homme discutent avec un groupe d ' autres personnes autour d ' eux . 

right label: 0	prob: [0.9168955683708191, 0.08310446888208389]	Le riche parfum de le vin avait une touche de quelque chose de chimique que j ' ai reconnu de le bar , mais il a rempli ma bouche et a coulé dans mes veines avec une chaleur rassurante . 

right label: 1	prob: [0.057144615799188614, 0.9428554177284241]	L ' homme pose pour une photo avec une cravate , de les lunettes de soleil et un chapeau . 

right label: 0	prob: [0.9029200673103333, 0.09707994759082794]	Il est maintenant bien documenté que la C I A a toléré la vente de crack dans les villes américaines pour financer les opérations de les contr as sud- américains 

right label: 0	prob: [0.747506320476532, 0.25249364972114563]	S on affirmation selon laquelle il est possible d ' acheter de les munitions dans les supermarchés est indépendante de cette affirmation . 

right label: 1	prob: [0.00966719351708889, 0.9903327822685242]	E lle prépare le restaurant pour l ' arrivée de les clients . 

right label: 1	prob: [0.04702485352754593, 0.9529752135276794]	E lle entre dans le bâtiment . 

right label: 1	prob: [0.11499323695898056, 0.8850067257881165]	C e sont de les filles qui jouent à un jeu vidéo 

right label: 0	prob: [0.9858863353729248, 0.01411367952823639]	C eux qui vivaient encore étaient frappés et a pathiques , comme s ' ils souff raient d ' une maladie de l ' esprit plutôt que de le corps . 

right label: 1	prob: [0.028214016929268837, 0.9717859625816345]	l ' image peut contenir : personne , sur scène , assis , jouant d ' un instrument de musique et intérieur 

right label: 0	prob: [0.5578776597976685, 0.44212228059768677]	Il s ' est assis sans bouger et a ignoré la pensée furieusement . 

right label: 1	prob: [0.11292221397161484, 0.887077808380127]	U n troupeau de z èbres brou te dans un champ . 

right label: 0	prob: [0.9605463743209839, 0.03945367783308029]	Les jours passaient , les semaines passaient , mais je ne pouvais pas dire si cela faisait de les mois ou de les années que j ' avais été secour u . 

right label: 1	prob: [0.08344613760709763, 0.9165538549423218]	U n homme marche dans un marché étroit 

right label: 0	prob: [0.9690535068511963, 0.030946509912610054]	J ' ai appelé M it ch et nos autres amis , en espérant que le hangar s ' était écrasé chez l ' un d ' entre eux , mais je n ' ai pas eu de chance . 

right label: 0	prob: [0.8621641397476196, 0.13783586025238037]	C ' était D vor ov . 

right label: 1	prob: [0.05229930952191353, 0.9477007389068604]	C hau ffer le four à 375 degrés F . D é poser une couche de sauce à le fond d ' un plat de cuisson de 9 par 13 pouces . 

right label: 0	prob: [0.9544742703437805, 0.04552571102976799]	T ara ne laissera pas ses espoirs dé mesurés les entraîner sur un rocher qui signifierait la fin de le projet et de l ' espèce A r ral lin . 

right label: 0	prob: [0.9041435122489929, 0.09585649520158768]	La pièce pu ait , principalement son propre désespoir . 

right label: 0	prob: [0.5450855493545532, 0.45491448044776917]	U ne femme est dans un bus public traversant une ville . 

right label: 1	prob: [0.011841526255011559, 0.9881585240364075]	U n hibou est assis dans la branche d ' un arbre 

right label: 1	prob: [0.14059679210186005, 0.8594031929969788]	U n jeune homme et une femme apprécient un repas . 

right label: 1	prob: [0.29871273040771484, 0.7012872695922852]	U n homme est debout dans un salon . 

right label: 0	prob: [0.9382609128952026, 0.061739031225442886]	J e ne sais pas comment on aurait pu l ' entendre avec la musique . " 

right label: 0	prob: [0.9347097873687744, 0.06529027968645096]	T out s ' efface , se perd en poussière et en atomes dispersés entre les étoiles , et chacun d ' entre nous se retrouve aussi seul qu ' à le moment de sa naissance . 

right label: 0	prob: [0.9827359914779663, 0.01726394332945347]	Il ne savait pas que T ed C ole avait cessé d ' être un travailleur acharné , et que ce qui restait de les " normes " douteuses de T ed avait été compromis par l ' échec insupportable de son mariage avec M ari on - ceci en combinaison avec ces décès inacceptables . 

right label: 1	prob: [0.13446027040481567, 0.8655397891998291]	U n avi ateur guide un drone alors qu ' il se dirige vers la piste d ' atterrissage . 

right label: 0	prob: [0.9205256104469299, 0.07947440445423126]	J ' essaie de me lever , mais je retombe , paralysé par le froid et la prise de conscience de ma misérable impuissance . 

right label: 0	prob: [0.6423658132553101, 0.35763421654701233]	La réception va être géniale . 

right label: 0	prob: [0.7198101282119751, 0.2801899015903473]	M u sta fa avait 14 ans quand il a été tué . 

right label: 1	prob: [0.21027067303657532, 0.7897293567657471]	P our créer le visage de P ep pa , vous devez réaliser une forme de cœur . 

right label: 0	prob: [0.9424481987953186, 0.05755176395177841]	La raison pour laquelle il a été publié sous la forme d ' un composant électronique micro- sous- mé son est que s ' il était imprimé sous la forme d ' un livre normal , un auto- stop peur inter st ell aire aurait besoin de plusieurs bâtiments de taille incom mode pour le transporter . 

right label: 0	prob: [0.9798545241355896, 0.020145492628216743]	A près avoir vu mon vaisseau se déchirer , après avoir passé vingt-trois bonnes heures à flotter en silence dans l ' épave , à me demander si je faisais face à les étoiles de la const ellation de la B al ance ou de la const ellation d ' O rion vues de la T erre , à me demander ce que cela faisait de suff o quer , et après avoir eu le sentiment que oui , j ' allais en fait mourir seul dans l ' espace , il a fallu de le temps pour que ce sentiment se dissi pe . 

right label: 0	prob: [0.9521385431289673, 0.047861456871032715]	La lutte a con tourné la plupart de les îles , bien que de violents combats aient eu lieu à S amos . 

right label: 1	prob: [0.018242163583636284, 0.9817578196525574]	voiture de reportage restée gar ée devant la maison . 

right label: 1	prob: [0.07616623491048813, 0.9238337278366089]	U n jeune ours gri zz ly se promène dans un ruisseau . 

right label: 0	prob: [0.9603474140167236, 0.03965258225798607]	Il est maintenant bien documenté que la C I A a toléré la vente de crack dans les villes américaines pour financer les opérations de les contr as sud- américains . 

right label: 1	prob: [0.25856438279151917, 0.7414355874061584]	U ne vieille télévision est assise sur une plage de sable . 

right label: 0	prob: [0.9785146117210388, 0.02148541994392872]	L ' E m pire byzantin possédait de les villes puissantes et bien fortifi ées , mais les campagnes et les îles périphériques étaient ravag ées par de les vagues d ' envahisseurs . 

right label: 1	prob: [0.09662476927042007, 0.9033752679824829]	U n homme passe devant un bâtiment couvert de graffitis . 

right label: 1	prob: [0.4751236140727997, 0.5248764753341675]	un ami est quelqu' un qui peut voir la vérité et la douleur en vous , même lorsque vous trompez tout le monde . 

right label: 0	prob: [0.8556776642799377, 0.1443222612142563]	C ' est le message clé de cette partie de l ' animation , qui est à nouveau ignoré par ses détracteurs . 

right label: 1	prob: [0.300848126411438, 0.6991519331932068]	2 ) 

right label: 1	prob: [0.3056216239929199, 0.6943783760070801]	J ' ai roulé aussi vite que possible jusqu ' à ce que je trouve l ' école . 

right label: 1	prob: [0.06456786394119263, 0.9354320764541626]	P lu si eurs personnes se dirigent vers la plage pour aller faire de le surf . 

right label: 1	prob: [0.07064210623502731, 0.9293578863143921]	U n jeune garçon se tient à le bord d ' un étang . 

right label: 0	prob: [0.7459800243377686, 0.2540200352668762]	D ans un autre ordre d ' idées , j ' ai fait une découverte à le T u pel o H oney C afe , que j ' aimerais partager avec vous maintenant . 

right label: 1	prob: [0.003644404234364629, 0.9963556528091431]	une personne utilise de les huiles pour peindre à la main une publicité . 

right label: 0	prob: [0.8767341375350952, 0.12326584756374359]	U n opportuniste et un homme d ' affaires , tel était J eff erson . 

right label: 1	prob: [0.035677220672369, 0.9643227458000183]	U n homme vérifie son téléphone en s ' assey ant sur un banc de pierre . 

right label: 0	prob: [0.8748015761375427, 0.1251983940601349]	S i - " V ous voyez ce que je veux dire . 

right label: 0	prob: [0.9094468951225281, 0.0905531570315361]	C om ment pourrait -il même penser à blâmer la pauvreté et les programmes de travail forcé pour tout ce qui arrive de mal ? 

right label: 0	prob: [0.8556699156761169, 0.14433006942272186]	La nourriture était délicieuse et tout le monde était rassasi é et heureux . 

right label: 1	prob: [0.23544573783874512, 0.7645542621612549]	I ls avaient une grande variété d ' aliments parmi lesquels choisir . 

right label: 1	prob: [0.4942088723182678, 0.5057911276817322]	I ls vont seulement se perdre dans les miens . 

right label: 0	prob: [0.9706318378448486, 0.029368124902248383]	O n pourrait penser que ce sont là les philosophes professionnels : trop occupés à thé oriser dans l ' abstrait pour remarquer à quelle station ils se trouvent , sans parler de ce qui se passe dans le monde non abstrait dans lequel nous vivons tous . 

right label: 1	prob: [0.0030665085650980473, 0.9969334602355957]	R assembl ez les ingrédients nécessaires à la préparation de les cupcakes à le chocolat . 

right label: 1	prob: [0.24094082415103912, 0.7590591907501221]	U n jeune garçon en maillot de bain jette une pierre dans l ' eau . 

right label: 1	prob: [0.08464646339416504, 0.9153534770011902]	U n homme est assis dans l ' herbe avec une vache près d ' une clôture . 

right label: 0	prob: [0.9091417193412781, 0.09085826575756073]	U n homme vêtu d ' un swe at- shirt à capuche bleu a les mains sur les rayons arrière de son vélo renversé , alors qu ' il est assis sur un muret couvert de graffitis parmi de les palmiers . 

right label: 0	prob: [0.972427487373352, 0.027572520077228546]	Il savait que cette grotte sacrée était réservée exclusivement à les reliques de les P ap es , mais d ' une certaine manière M or ta ti a senti que c ' était approprié . 

right label: 1	prob: [0.12836992740631104, 0.871630072593689]	U ne vieille femme regarde le gâteau de son 9 5e anniversaire . 

right label: 1	prob: [0.028546983376145363, 0.971453070640564]	améliorez votre événement avec une performance de qualité , nous pouvons vous aider , appelez - nous dès aujourd' hui ! 

right label: 0	prob: [0.782002866268158, 0.21799714863300323]	mais j ' ad mets que le roman est actuellement en retard sur la réalité probable . 

right label: 1	prob: [0.05229930952191353, 0.9477007389068604]	C hau ffer le four à 375 degrés F . D é poser une couche de sauce à le fond d ' un plat de cuisson de 9 par 13 pouces . 

right label: 0	prob: [0.9782393574714661, 0.021760590374469757]	S i c ' était en mars , cela signifiait que nous étions ensemble depuis presque un an et demi . 

right label: 0	prob: [0.6815990209579468, 0.3184010088443756]	U n homme en maillot de bain noir est en train de plonger d ' un plon ge oir dans une piscine . 

right label: 0	prob: [0.6728585362434387, 0.32714152336120605]	P er sonne ne s ' en soucie ; 

right label: 1	prob: [0.0031398781575262547, 0.996860146522522]	P lac ez le beurre et le sucre dans un grand bol à mélanger et battez -les ensemble jusqu ' à ce qu ' ils soient légers et mousseux . 

right label: 0	prob: [0.9660804867744446, 0.033919576555490494]	M ême L oc khe ed ne croyait pas que le public était aussi cré dule . 

right label: 1	prob: [0.2772073447704315, 0.7227926850318909]	J e ne pouvais pas m ' arrêter sans prendre une dernière photo de les montagnes enne ig ées ! 

right label: 0	prob: [0.9026126861572266, 0.09738734364509583]	L ' acier étranger était également beaucoup moins cher . 

right label: 0	prob: [0.9254284501075745, 0.07457153499126434]	C ' était le thème mélo dramatique de ce soir : la nature éphémère de la vie . 

right label: 0	prob: [0.7531773447990417, 0.24682271480560303]	P lu si eurs personnes , dont l ' une est à vélo , traversent une rue très fréquentée . 

right label: 1	prob: [0.06724986433982849, 0.9327501058578491]	É gou tter le bœuf haché en laissant une petite quantité de graisse dans la casserole avec le bœuf haché et ajouter le ro tel , la crème de soupe à le poulet , l ' assaisonnement pour ta cos , le jal ap eno haché et une boîte de soupe pleine d ' eau . 

right label: 1	prob: [0.022969257086515427, 0.9770307540893555]	B at tez en crème le beurre et le sucre jusqu ' à ce qu ' ils soient légers et mousseux . 

right label: 1	prob: [0.025826267898082733, 0.9741737246513367]	Le chat regarde à l ' intérieur de le sac à dos ouvert . 

right label: 1	prob: [0.15479032695293427, 0.8452096581459045]	U n homme est allongé dans le sable à côté d ' une vache . 

right label: 0	prob: [0.6550418734550476, 0.3449580669403076]	Les couverts sont vraiment magnifiques . 

right label: 0	prob: [0.7501981258392334, 0.24980191886425018]	S ur votre page web , vous déclar ez que la résolution de M o ore est discutable . 

right label: 0	prob: [0.957778811454773, 0.04222123324871063]	Le sien était coupé de près , avec une touche de style qui accentu ait les beaux angles de ses pom mettes et de sa mâchoire . 

right label: 0	prob: [0.7659048438072205, 0.23409511148929596]	Le taux de chômage est faible par rapport à les villes environnantes , et les rues sont propres et bien entretenues . 

right label: 0	prob: [0.8300206065177917, 0.16997937858104706]	E t les meilleurs acteurs , chanteurs et danseurs de l ' O pé ra étaient là pour agrémenter les dîners . 

right label: 0	prob: [0.957579493522644, 0.042420513927936554]	L ' église était complètement différente maintenant : la lumière de le soleil tombait à travers les vitraux , attrap ant la poussière qui flot tait encore dans l ' air et envoyant une chaleur sèche et saine dans les bords de la pièce , à travers la pierre et le béton poudr eux qui avaient été recouverts la nuit dernière par la chair et les lumières cligno tantes . 

right label: 1	prob: [0.2644505202770233, 0.7355495095252991]	Les gens passaient un bon moment et avaient de les conversations . 

right label: 0	prob: [0.6046554446220398, 0.3953445553779602]	T u veux rester coincé ici pour le reste de ta vie ? 

right label: 0	prob: [0.5239211916923523, 0.4760788083076477]	U n jeune garçon est sur le dos d ' une autre personne qui porte un chapeau . 

right label: 1	prob: [0.303747296333313, 0.6962526440620422]	P ar définition et intentionnellement , les rou tines sont in flexibles . 

right label: 1	prob: [0.11280103772878647, 0.8871989250183105]	U n chat noir et blanc regarde dans la cuvette de les toilettes . 

right label: 1	prob: [0.15733033418655396, 0.842669665813446]	Les ingrédients nécessaires pour ce goûter sont une préparation pour gâteau à le chocolat , 3 œufs , 1 / 3 de tasse d ' huile végétale , 1 tasse d ' eau , 1 boîte de sucre en poudre , 1 bâton de margar ine , 4 cuillères à soupe de cacao , 1 / 4 de tasse de lait , de les T wi zz lers , de les M & M ' s , de les paillettes , de le papier ci ré et de les écor ces d ' amandes à le chocolat blanc . 

right label: 0	prob: [0.9863442182540894, 0.013655802235007286]	E n 1946 , les J ui fs ne possédaient que 7 % de la P al esti ne , mais la menace de déplacement était largement perçue par les A ra bes . 

right label: 0	prob: [0.9393497109413147, 0.060650333762168884]	La première loi de la thermodynamique affirme sans équivoque que l ' énergie est toujours conservée et qu ' elle ne peut donc ni se perdre ni se renouveler . 

right label: 1	prob: [0.02653099037706852, 0.9734689593315125]	D ans un four préchauffé à 400 degrés , faites cuire votre zombie pendant 15- 18 minutes . 

right label: 1	prob: [0.022446254268288612, 0.9775537848472595]	U n homme marche tout en utilisant son téléphone portable . 

right label: 0	prob: [0.86637282371521, 0.13362719118595123]	C ' est de lui qu ' il s ' agissait . 

right label: 1	prob: [0.048948757350444794, 0.9510512948036194]	U n enfant blond joue avec un ornement de jardin en métal . 

right label: 1	prob: [0.41222280263900757, 0.5877771973609924]	B on , je vais aller me coiffer . 

right label: 0	prob: [0.9424254298210144, 0.05757460743188858]	P ar os et A n dro s ont contribué à l ' armement perse , tandis que d ' autres soutenaient A thè nes . 

right label: 0	prob: [0.8922210335731506, 0.10777892917394638]	F ait : L ' enfer , c ' est les autres . 

right label: 0	prob: [0.986092746257782, 0.013907263055443764]	N ep th ys nous a conduit dans un couloir qui correspondait à la façade de le bâtiment , un couloir voû té , un intestin ner vu ré , dont les murs noirs avaient un aspect organique inquiétant . 

right label: 0	prob: [0.8239924907684326, 0.176007479429245]	M ais nous voyons de nouveaux visages . 

right label: 0	prob: [0.9734939336776733, 0.026506077498197556]	Le nouveau juif palestinien , disaient -ils , devait être physiquement plus fort que les commerçants intelli gents qui avaient été piétin és en E uro pe . 

right label: 1	prob: [0.11416580528020859, 0.8858342170715332]	l ' organisation a déménagé dans de les locaux temporaires près de l ' intersection de les routes en avril pendant que le bâtiment principal subit de les rénovations d ' une valeur de 14, 4 millions de dollars . 334 out of 416