
Uses verb segment ids: no
Model: flaubert/flaubert_small_cased
Model type: flaubert/flaubert_small_cased
Train set: 3328
Validation set: 416
Test set: 416
transformer.attentions.0.q_lin.bias                           (512,)
transformer.attentions.0.k_lin.weight                     (512, 512)
transformer.attentions.0.k_lin.bias                           (512,)
transformer.attentions.0.v_lin.weight                     (512, 512)
transformer.attentions.0.v_lin.bias                           (512,)
transformer.attentions.0.out_lin.weight                   (512, 512)
transformer.attentions.0.out_lin.bias                         (512,)
transformer.attentions.1.q_lin.weight                     (512, 512)
transformer.attentions.1.q_lin.bias                           (512,)
transformer.attentions.1.k_lin.weight                     (512, 512)
transformer.attentions.1.k_lin.bias                           (512,)
transformer.attentions.1.v_lin.weight                     (512, 512)
transformer.attentions.1.v_lin.bias                           (512,)
transformer.attentions.1.out_lin.weight                   (512, 512)
transformer.attentions.1.out_lin.bias                         (512,)
transformer.attentions.2.q_lin.weight                     (512, 512)
	======== Epoch 1 / 4 ========
Training...
	Batch    40	of	  104.		Elapsed: 0:01:04.
	Batch    80	of	  104.		Elapsed: 0:02:11.
	Average training loss: 0.57
	Training epoch took: 0:02:49
	Running Validation...
	Accuracy: 0.79
	Validation took: 0:00:06
	Confusion matrix:
              precision    recall  f1-score   support

           0       0.79      0.84      0.82       227
           1       0.79      0.74      0.77       189

    accuracy                           0.79       416
   macro avg       0.79      0.79      0.79       416
weighted avg       0.79      0.79      0.79       416

	======== Epoch 2 / 4 ========
Training...
	Batch    40	of	  104.		Elapsed: 0:01:09.
	Batch    80	of	  104.		Elapsed: 0:02:13.
	Average training loss: 0.46
	Training epoch took: 0:02:52
	Running Validation...
	Accuracy: 0.79
	Validation took: 0:00:06
	Confusion matrix:
              precision    recall  f1-score   support

           0       0.81      0.82      0.81       227
           1       0.78      0.76      0.77       189

    accuracy                           0.79       416
   macro avg       0.79      0.79      0.79       416
weighted avg       0.79      0.79      0.79       416

	======== Epoch 3 / 4 ========
Training...
	Batch    40	of	  104.		Elapsed: 0:01:06.
	Batch    80	of	  104.		Elapsed: 0:02:12.
	Average training loss: 0.42
	Training epoch took: 0:02:52
	Running Validation...
	Accuracy: 0.80
	Validation took: 0:00:06
	Confusion matrix:
              precision    recall  f1-score   support

           0       0.80      0.84      0.82       227
           1       0.80      0.75      0.77       189

    accuracy                           0.80       416
   macro avg       0.80      0.79      0.80       416
weighted avg       0.80      0.80      0.80       416

	======== Epoch 4 / 4 ========
Training...
	Batch    40	of	  104.		Elapsed: 0:01:05.
	Batch    80	of	  104.		Elapsed: 0:02:09.
	Average training loss: 0.41
	Training epoch took: 0:02:48
	Running Validation...
	Accuracy: 0.81
	Validation took: 0:00:06
	Confusion matrix:
              precision    recall  f1-score   support

           0       0.80      0.86      0.83       227
           1       0.82      0.74      0.77       189

    accuracy                           0.81       416
   macro avg       0.81      0.80      0.80       416
weighted avg       0.81      0.81      0.80       416

Loaded model succesful. Running testing...
Accuracy: 0.81
Confusion matrix:
              precision    recall  f1-score   support

           0       0.80      0.86      0.83       227
           1       0.82      0.74      0.77       189

    accuracy                           0.81       416
   macro avg       0.81      0.80      0.80       416
weighted avg       0.81      0.81      0.80       416


Wrong predictions:

wrong label: 0	prob: [0.6137303113937378, 0.3862697184085846]	Monte . 

wrong label: 1	prob: [0.2564792037010193, 0.7435207962989807]	De les groupes de personnes sont dans un parc urbain ou marchent vers le quartier principal . 

wrong label: 1	prob: [0.30558428168296814, 0.6944157481193542]	Il sait pour nous . 

wrong label: 0	prob: [0.9407859444618225, 0.05921413376927376]	Je comprends , la police ne porterait pas plainte pour une personne qui a disparu pendant la nuit . 

wrong label: 1	prob: [0.058484096080064774, 0.9415158629417419]	Curtis souri ait et se frott ait les mains , savour ant le coup de grâce . 

wrong label: 1	prob: [0.2730739712715149, 0.7269260287284851]	Il m ' a fallu une trentaine de secondes pour choisir le sandwich à le poulet Charles ton : poitrine de poulet mar inée et grill ée sur un pain à le lev ain avec de le hav ar ti fondu , de la lai tue romaine et de la mayonnaise à les cann e berges . 

wrong label: 1	prob: [0.332792729139328, 0.6672073006629944]	Lorsque le lecteur souhaite approfondir certains sujets , ou lorsque de les questions techniques sont en jeu , la lecture de les ouvrages pertinents cités dans la bibliographie est recommandée . 

wrong label: 1	prob: [0.06601569056510925, 0.9339842796325684]	Une foule se rassemble dans un bar local . 

wrong label: 1	prob: [0.28006911277770996, 0.7199309468269348]	Je veux voir à quoi ressemble une pierre magique . 

wrong label: 0	prob: [0.5366869568824768, 0.4633130431175232]	J ' ai rencontré certains de les coureurs . 

wrong label: 1	prob: [0.2766712009906769, 0.7233287692070007]	Deux hommes regardent dans les télesco pes solaires . 

wrong label: 0	prob: [0.5065504908561707, 0.49344953894615173]	Une n ageuse portant un costume rose sort de l ' eau d ' une piscine et fait de les éclabou ssures . 

wrong label: 0	prob: [0.878662645816803, 0.12133730947971344]	inquiet : les agriculteurs craign aient que la forte hausse de les températures cette année n ' entraîne un raccour c issement de la saison de culture de le genre biologique , mais les pluies récentes pourraient l ' aider à poursuivre sa croissance jusqu ' à la fin de le mois de juillet 

wrong label: 1	prob: [0.4658600091934204, 0.5341399908065796]	Tous les mets raffinés et les éclairages décoratifs , il fallait un prix exorbi tant pour les entretenir . 

wrong label: 0	prob: [0.8286188244819641, 0.1713811457157135]	Les conditions d ' hygiène dans les bidon villes sont catastrophiques . 

wrong label: 0	prob: [0.7283059358596802, 0.2716940939426422]	Une vue à la première personne d ' un homme qui regarde la télévision les pieds en l ' air . 

wrong label: 0	prob: [0.8711814284324646, 0.1288185864686966]	Certains messages étaient politiques . 

wrong label: 1	prob: [0.1158536821603775, 0.8841463327407837]	La chaîne de la corde s ' en roule sur mes genoux . 

wrong label: 0	prob: [0.6145896315574646, 0.38541027903556824]	Ça ne te fati gu erait pas ? dit rapidement Des mond . 

wrong label: 0	prob: [0.8931193947792053, 0.10688059031963348]	Des mond dit que c ' est la femme avec qui il vit , n ' est -ce pas terrible , à son âge ! 

wrong label: 0	prob: [0.6523966193199158, 0.34760335087776184]	Je commençais à être très fatigué . 

wrong label: 1	prob: [0.2622142732143402, 0.7377857565879822]	Une femme a un tatouage dans le dos . 

wrong label: 0	prob: [0.676607608795166, 0.3233923614025116]	Une machine agricole bleue tire de les personnes le long de rangées de végétation , tandis que quatre personnes font quelque chose avec la végétation dans les rangées . 

wrong label: 1	prob: [0.3661786913871765, 0.6338213682174683]	Elle a de le bon sang sous les joues . 

wrong label: 1	prob: [0.37681281566619873, 0.6231871843338013]	Voy ager à l ' étranger peut être un plaisir ! 

wrong label: 1	prob: [0.05500762537121773, 0.9449923038482666]	" De les demi- paires de chaussettes allon gées dans de les tasses de café à moitié bu es . 

wrong label: 0	prob: [0.7239895462989807, 0.2760104238986969]	Cette petite poupée avait l ' impression qu ' elle ne pouvait plus continuer . 

wrong label: 0	prob: [0.7881687879562378, 0.2118312269449234]	Il est clair que les questions doivent être telles que l ' on peut s ' attendre à ce que la population concernée les comprenne et y réponde en connaissance de cause . 

wrong label: 0	prob: [0.6826785802841187, 0.31732141971588135]	J ' ai décidé de briser ce schéma . 

wrong label: 0	prob: [0.9089571237564087, 0.09104284644126892]	Cas ey , qui n ' était pas sûre de son avenir , était devenue une grande créatrice de mode à New York . 

wrong label: 0	prob: [0.8394779562950134, 0.16052205860614777]	Je ne l ' ai jamais fait , dit Rose , avec sa vieille énergie . 

wrong label: 1	prob: [0.1617967039346695, 0.8382033109664917]	a demandé Adri enne , en utilisant la formulation de Sarah . 

wrong label: 0	prob: [0.708084762096405, 0.29191526770591736]	Rien de le tout , dit Greg en sortant par la porte d ' entrée . 

wrong label: 0	prob: [0.8051287531852722, 0.19487127661705017]	Est -ce que Claire est passée ? 

wrong label: 0	prob: [0.5184463858604431, 0.4815535843372345]	Tout le monde semble s ' intéresser à lui ces derniers temps . 

wrong label: 0	prob: [0.6677619814872742, 0.33223798871040344]	Ce sont les côtes que mon mari cuisine . 

wrong label: 1	prob: [0.46140754222869873, 0.5385923981666565]	Voilà ce qui arrive quand on n ' utilise pas de mercenaires . 

wrong label: 1	prob: [0.2578529417514801, 0.7421470284461975]	Tout le monde est habillé à les couleurs de mon mariage . 

wrong label: 1	prob: [0.08795730024576187, 0.9120426177978516]	Un chien noir participe à une course de chiens . 

wrong label: 1	prob: [0.39933714270591736, 0.6006628274917603]	De nombreuses personnes sont dehors et regardent les patin eurs sur glace . 

wrong label: 1	prob: [0.07650913298130035, 0.9234908819198608]	Un petit garçon en chemise blanche fait de l ' escalade . 

wrong label: 0	prob: [0.8720822334289551, 0.12791776657104492]	Eh bien , je ne vais pas le faire là-dedans . 

wrong label: 0	prob: [0.5348330140113831, 0.46516692638397217]	Un homme portant une casquette noire , une chemise noire à manches longues et un tablier violet est souriant 

wrong label: 0	prob: [0.9282341599464417, 0.07176589965820312]	La vérité est que je n ' ai aucune chance de trouver un emploi . 

wrong label: 0	prob: [0.5184903740882874, 0.48150959610939026]	L ' avion de ligne est montré devant le hangar après son arrivée . 

wrong label: 0	prob: [0.5653772950172424, 0.43462270498275757]	Je dis , tu veux une autre bière ? 

wrong label: 0	prob: [0.6636056303977966, 0.33639442920684814]	Deux hommes et une femme sont assis dans une rame de métro . 

wrong label: 1	prob: [0.08145149052143097, 0.918548583984375]	De les adultes et de les enfants dansent dans une pièce . 

wrong label: 0	prob: [0.9821619391441345, 0.017838075757026672]	Il ne l ' attribue certainement pas à un discours où elle n ' a pas été prononcée et , comme indiqué ci-dessus , le faire deux fois n ' aurait aucun sens si Moore était le maître de la tromperie que ses détracteurs prétendent qu ' il est . 

wrong label: 0	prob: [0.8304927349090576, 0.16950729489326477]	Par exemple , toute tâche de diagnostic peut être facilitée par une tax onomie de les symptômes et une tax onomie de les causes , ainsi que par les liens entre eux . 

wrong label: 0	prob: [0.9908822774887085, 0.00911770761013031]	Pas seulement parce que c ' était un motif ridi culement in adéquat , mais parce que ce n ' était pas vrai . , 

wrong label: 1	prob: [0.4554375410079956, 0.5445624589920044]	Une maison est en construction . 

wrong label: 0	prob: [0.9393234252929688, 0.060676611959934235]	Mais ... bon , personne d ' important ne disparaît jamais , alors ça n ' a pas vraiment d ' importance , n ' est -ce pas ? 

wrong label: 0	prob: [0.6912727355957031, 0.3087272346019745]	L ' homme est souriant et porte un costume . 

wrong label: 0	prob: [0.8146909475326538, 0.18530908226966858]	Nous étions très proches . 

wrong label: 0	prob: [0.6326113939285278, 0.36738863587379456]	Claire et Amanda ne s ' étaient pas vues depuis dix ans et étaient ravi es de passer de le temps ensemble . 

wrong label: 0	prob: [0.5337790846824646, 0.466220885515213]	Ici , à une réunion de Team USA , ils montrent la nouvelle ligne de vêtements pour 2015 . 

wrong label: 1	prob: [0.20283275842666626, 0.7971673011779785]	Un joueur de tennis asiatique s ' apprête à frapper la balle . 

wrong label: 0	prob: [0.8836250901222229, 0.1163749098777771]	Mais voyant un regard de sympathie , elle a répondu : Oui , c ' est vrai . 

wrong label: 1	prob: [0.3087785840034485, 0.6912214159965515]	Il s ' est assis sans bouger et a ignoré la pensée furi eusement . 

wrong label: 1	prob: [0.08452031016349792, 0.9154796600341797]	Un homme vêtu de cuir noir avec un band ana rouge sourit à la caméra . 

wrong label: 1	prob: [0.4554568827152252, 0.5445430874824524]	Les photos vont être magnifiques . 

wrong label: 0	prob: [0.8750326633453369, 0.12496738135814667]	Je me suis sentie si bien lorsque mon nom a été appelé et que je me suis dirigée vers l ' avant de la scène pour recevoir mon diplôme . 

wrong label: 1	prob: [0.0015264860121533275, 0.9984734654426575]	vous l ' utilisez pour faire naviguer un mini ra deau sur la lente et lourde rivière M oth ; 

wrong label: 0	prob: [0.6307328343391418, 0.3692671060562134]	2 ) 

wrong label: 0	prob: [0.5852426290512085, 0.4147573411464691]	Ils vont seulement se perdre dans les miens . 

wrong label: 0	prob: [0.5676438808441162, 0.43235620856285095]	Et cela aurait pu facilement la faire pani quer . 

wrong label: 1	prob: [0.3058375418186188, 0.6941624879837036]	mais j ' ad mets que le roman est actuellement en retard sur la réalité probable . 

wrong label: 0	prob: [0.541594922542572, 0.45840510725975037]	Voilà , je vais garder ça . 

wrong label: 1	prob: [0.26477181911468506, 0.7352281808853149]	De les gens sont dehors en train de danser lors d ' un événement nocturne tandis que les artistes chantent et jouent de les instruments sur une scène bien éclairée . 

wrong label: 0	prob: [0.6362108588218689, 0.3637891709804535]	Je n ' aime pas l ' attitude de le peuple Emma . 

wrong label: 0	prob: [0.7540756464004517, 0.24592438340187073]	Une aptitude est donc une capacité plus une incl ination ou un intérêt . 

wrong label: 0	prob: [0.9044339060783386, 0.09556609392166138]	Le soir , les routes étaient relativement dégag ées . 

wrong label: 1	prob: [0.46434327960014343, 0.5356566905975342]	Les couverts sont vraiment magnifiques . 

wrong label: 1	prob: [0.2809019982814789, 0.7190980315208435]	Il allait nous donner de les informations précieuses pour elle . 

wrong label: 0	prob: [0.5533164143562317, 0.44668352603912354]	Les gens passaient un bon moment et avaient de les conversations . 

wrong label: 0	prob: [0.830829918384552, 0.16917011141777039]	Après minuit , tout le monde se sentait fatigué et étour di . 

wrong label: 0	prob: [0.760725200176239, 0.23927481472492218]	Dans une étrange juxta position de la réalité , un vieux piano est assis à le coin d ' une rue animée la nuit . 

wrong label: 0	prob: [0.9720380902290344, 0.027961956337094307]	Par définition et inten tionnellement , les rou tines sont inflexi bles . 

wrong label: 0	prob: [0.9360489845275879, 0.06395101547241211]	Bien sûr , dit Greg .. , 

wrong label: 0	prob: [0.8330690264701843, 0.1669308990240097]	Il y avait aussi beaucoup de gens qui prê taient serment . 81 out of 416

Right predictions:

right label: 0	prob: [0.9539715051651001, 0.04602852091193199]	Mais ce décret n ' avait pas la puissance de le droit civil derrière lui . 

right label: 0	prob: [0.9590292572975159, 0.04097069427371025]	Il est certain que Moore est l ' un de les cinéastes les plus talentueux de les États-Unis aujourd' hui , et que son film méritait pleinement son Oscar . 

right label: 0	prob: [0.8676822781562805, 0.1323177069425583]	C ' était juste une petite installation où quelqu' un avait empil é quelques caisses et apporté quelque chose d ' alcool isé à partager , principalement de la bière . 

right label: 1	prob: [0.011785981245338917, 0.9882140159606934]	Un chien blond est allongé sur le carrelage 

right label: 1	prob: [0.07761020213365555, 0.9223898649215698]	Une personne tient un long ho t- dog devant une boîte d ' animaux en peluche . 

right label: 1	prob: [0.02801801823079586, 0.9719820022583008]	Une femme tient un ours en peluche et sourit . 

right label: 1	prob: [0.19636425375938416, 0.8036357760429382]	Une femme tient un ours habillé comme un soldat britannique . 

right label: 0	prob: [0.9635168313980103, 0.03648310527205467]	C ' est naïf à l ' extrême - Hes ton ne serait pas président de la N RA s ' il n ' était pas tenu à le courant de les cas les plus marquants de violence armée . 

right label: 0	prob: [0.8109598755836487, 0.18904007971286774]	Je ne suis pas sûre d ' être prête à sortir . 

right label: 1	prob: [0.02107960730791092, 0.9789204001426697]	Elle aimait poser et sourire pour l ' appareil photo . 

right label: 1	prob: [0.09139113128185272, 0.9086089134216309]	cabines privées - pour les invités les plus importants , nous avons de les lits situés dans de les cabines privées . 

right label: 1	prob: [0.3175346255302429, 0.6824653744697571]	Il s ' est rapidement famili arisé avec les collègues de la nouvelle entreprise . 

right label: 0	prob: [0.9466103315353394, 0.05338967591524124]	Le tout se résu mait à l ' expression d ' une sécurité absolue et à l ' ignorance de toute transgr ession . 

right label: 1	prob: [0.018247462809085846, 0.9817525148391724]	Un alpin iste grimpe à le sommet d ' une montagne ennei gée . 

right label: 0	prob: [0.6770153641700745, 0.32298463582992554]	Une petite fille dans un harnais est dans les airs par une journée ensoleillée . 

right label: 1	prob: [0.12921038269996643, 0.8707895874977112]	Une main tient de la nourriture et une boisson est sur la table . 

right label: 1	prob: [0.35795265436172485, 0.6420473456382751]	J ' ai essayé de m ' entraîner à faire de les portraits ces derniers temps . 

right label: 0	prob: [0.9584152698516846, 0.04158473759889603]	Mon nom , Jesus Qui les , est juste là . 

right label: 0	prob: [0.7481845021247864, 0.25181546807289124]	Arthur essayait de mesurer la vitesse à laquelle ils voyage aient , mais le noir extérieur était absolu et il n ' avait aucun point de référence . 

right label: 1	prob: [0.06634190678596497, 0.9336581230163574]	Une femme fum ant une cigarette joue de la guitare . 

right label: 1	prob: [0.1411159187555313, 0.8588840365409851]	vous êtes-vous déjà demandé à quoi ressemble la maison blanche pendant les vacances ? 

right label: 0	prob: [0.7091821432113647, 0.2908177971839905]	En refer mant la boîte , il s ' est arrêté près de la porte ouverte et m ' a regardé . 

right label: 1	prob: [0.055113133043050766, 0.9448868632316589]	La femme lit un livre dans la bibliothèque . 

right label: 0	prob: [0.8953189849853516, 0.10468100756406784]	Dans les régions pauvres , le commerce très rentable de la drogue est souvent considéré comme le dernier recours . 

right label: 0	prob: [0.8032124638557434, 0.19678758084774017]	Concernant l ' extrait de le site de la N RA sur l ' affaire et le sur lign age de la phrase 48 heures après que Kay la Rolland ait été déclarée morte : 

right label: 0	prob: [0.8506268262863159, 0.14937318861484528]	J ' étais maintenant l ' un d ' entre eux . 

right label: 0	prob: [0.9622251987457275, 0.03777484595775604]	On pourrait dire que je suis plus différent que différent . 

right label: 0	prob: [0.9841592311859131, 0.015840766951441765]	Par une coïncidence extraordinaire , le jour suivant , il y avait deux rapports dans le journal , l ' un concernant les incidents les plus étonnants avec une sou coupe vol ante , et l ' autre sur une série d ' émeutes incon ven antes dans les pubs . 

right label: 0	prob: [0.77152019739151, 0.22847984731197357]	Jé hu se rendit alors à Je z réel où résidait la vieille re ine- mère , Jé z abel . 

right label: 1	prob: [0.02346136048436165, 0.9765387177467346]	comment se battre si l ' on est arrêté à un feu rouge 

right label: 1	prob: [0.05622851476073265, 0.943771481513977]	Un homme portant un chapeau de cow- boy monte un cheval brun . 

right label: 1	prob: [0.05222504958510399, 0.9477749466896057]	les clients n ' aimer ont jamais une entreprise tant que les employés ne l ' aiment pas d ' abord . 

right label: 1	prob: [0.300453245639801, 0.699546754360199]	Un groupe de personnes hab illées professionnellement à l ' extérieur . 

right label: 0	prob: [0.9943875670433044, 0.0056124040856957436]	Cependant , la ville étant divisée par de les fortifications et de les fils barbel és , aucun pèler in israélien ou juif n ' a été autorisé à visiter le Mur occidental ou d ' autres sites juifs à Jérusalem-Est . 

right label: 0	prob: [0.886408269405365, 0.11359171569347382]	En un clin d ' oeil à la lumière str ob oscopique , il était sur ses pieds et se précipi tait hors de la pièce . 

right label: 1	prob: [0.0008672241820022464, 0.9991328120231628]	un joueur de football a échangé de les maillots signés en été lorsque l ' intérêt était 

right label: 0	prob: [0.9644355177879333, 0.03556448593735695]	Nous ne nous souci ons pas d ' être les derniers et nous ne nous souci ons pas qu ' il n ' y ait plus d ' étoiles . 

right label: 1	prob: [0.004808458965271711, 0.9951915740966797]	mais 4 écr ous sur vos 4 boul ons comme le montre l ' image . 

right label: 0	prob: [0.8605576753616333, 0.1394423246383667]	Elle prit une gor gée de sa boisson , de l ' eau plate car , avait -elle expliqué plus tôt , elle n ' avait jamais aimé le goût de l ' alcool , puis fix a son regard sur moi . 

right label: 0	prob: [0.940924346446991, 0.059075579047203064]	Il est toutefois peu probable que les attaques injustes dont il fait l ' objet aient un impact significatif . 

right label: 0	prob: [0.5854297876358032, 0.4145702123641968]	Un homme en chemise rouge tient deux animaux écor chés morts sur une table , avec une scie à proximité et un couteau à la main . 

right label: 1	prob: [0.05051160603761673, 0.9494883418083191]	Un homme en costu me- cravate et chapeau tient un pistolet . 

right label: 0	prob: [0.9817195534706116, 0.018280470743775368]	Il était naturel qu ' une petite ville ho d za ne puisse maintenir ce qu ' un Grand V ez ir avait fondé et que les événements historiques avaient condamné à le désastre . 

right label: 0	prob: [0.9734564423561096, 0.026543568819761276]	Mais si jamais tu vois une fée , dis- lui que tu es de le sang d ' Ivan Bog aty ri vitch et elle ne te laissera pas passer si vite . 

right label: 1	prob: [0.0005589101929217577, 0.9994410872459412]	Mettez l ' ail , le basilic , les câ pres et le jus de citron dans un mix eur avec environ une demi- tasse d ' huile d ' olive et commencez à mixer . 

right label: 1	prob: [0.16533257067203522, 0.834667444229126]	Il y a plusieurs verres de vin vides sur la table . 

right label: 0	prob: [0.9897116422653198, 0.010288388468325138]	Une grande partie de la meilleure architecture islamique de la ville a été construite à l ' époque mam el ou ke , mais les mille dernières années ont fait de les ravages : Jérusalem n ' a pas pu retrouver la prospérité dont elle avait bénéficié auparavant . 

right label: 0	prob: [0.9937751293182373, 0.006224848795682192]	Quand votre vie , la raison pour laquelle vous avez vécu , les gens , les visages , les lieux , les émotions que vous avez ressenti es , les personnes et les choses que vous avez aim ées , quand tout cela aura disparu , qu ' est -ce qu ' il vous restera ? 

right label: 0	prob: [0.9858359098434448, 0.01416408084332943]	La reine Hélène , une chrétienne fer vente et la mère de l ' empereur Constantin le Grand , a fait un pèlerinage en Terre Sainte en 3 26 pour identifier les sites associés à la vie de Jésus . 

right label: 0	prob: [0.6860862374305725, 0.3139137327671051]	Dans une main , je tenais en équilibre mon assiette de cr ack ers en forme d ' étoile , de boules de tremp ettes et de garni tures élégantes , de petites boules rou lées de viandes et de fromages traversées par de les tiges d ' une plante vert pâle , et un ensemble d ' autres petites choses délec tables . 

right label: 0	prob: [0.9856808185577393, 0.014319163747131824]	Et bien que cette pensée eût dû être douloureuse , l ' avocat était cal mé par la certitude que personne ne s ' affli gerait . 

right label: 0	prob: [0.9380409717559814, 0.06195896118879318]	Ceux d ' entre nous qui vivent en permanence dans ce monde ont tendance à s ' installer dans de les endroits comme celui-ci , où la population humaine est si écrasante qu ' on ne les remarque pas dans le bon coin , avec les bons sorts de protection ... 

right label: 0	prob: [0.9390344619750977, 0.06096553057432175]	Vos accusations de coupures in appropriées sont une fois de plus totalement in fondées . 

right label: 0	prob: [0.9499910473823547, 0.050008948892354965]	Ses yeux étaient rouges et il avait dénu dé une série de cro cs qui auraient pu m ' arracher la main . 

right label: 1	prob: [0.04373267665505409, 0.9562672972679138]	Nous avons profité de le reste de la journée à le bord de la plage en regardant le coucher de le soleil . 

right label: 0	prob: [0.9336967468261719, 0.06630325317382812]	Je ne sais pas comment Jeff erson a su que je me trouvais là . 

right label: 0	prob: [0.8900222182273865, 0.1099778264760971]	La seule chose que l ' on savait . 

right label: 1	prob: [0.016232801601290703, 0.9837671518325806]	Faites une fente verticale dans l ' une de les olives Jum bo , ce sera le corps , que vous far ci rez de fromage frais . 

right label: 0	prob: [0.9640805721282959, 0.0359194278717041]	Constantinople a été prise par les forces de les Cro isés en 120 4 , qui ont dépouillé la ville de nombre de ses plus beaux trésors - qui or nent aujourd' hui les bâtiments publics de Venise - bien qu ' un important lot de livres et de manuscrits ait été transféré à le monastère de Pat mos avant la chute de la ville . 

right label: 0	prob: [0.8384332060813904, 0.1615668088197708]	Hé , j ' ai dit , tu es sûr qu ' on devrait aller par là ? 

right label: 1	prob: [0.015516731888055801, 0.9844833016395569]	Faites - en un autre si vous l ' aimez ! ! ! 

right label: 0	prob: [0.9954041242599487, 0.004595830570906401]	A l ' époque , Jérusalem était un bastion can an éen situé sur une route commerciale secondaire , bien moins important que les villes bibliques telles que Haz or , Me gi d do , B eth She an et Si che m . 

right label: 1	prob: [0.006178210489451885, 0.9938217401504517]	Un surf eur chev auche une vague sur sa planche de surf . 

right label: 0	prob: [0.9473660588264465, 0.05263395234942436]	Je me suis assis de côté dans le fauteuil , les pieds pend us à un bras , le cou reposant contre l ' autre , traçant dis traitement de les lignes invisibles entre les étoiles à l ' extérieur de ma fenêtre pendant que je ru min ais la situation . 

right label: 1	prob: [0.13825088739395142, 0.8617491126060486]	Elle a lutté pour se lever et l ' accompagner jusqu ' à la porte . 

right label: 0	prob: [0.8885489702224731, 0.11145100742578506]	Régi on alis me Dès ses premiers jours , la vallée de Mah oning a été une région remplie de petits villages et hameaux . 

right label: 0	prob: [0.885755717754364, 0.11424426734447479]	Alors , quelle est notre cargaison , hein , capitaine ? 

right label: 1	prob: [0.09183964878320694, 0.9081603288650513]	le plus important est de s ' assurer que la taille de le costume est adaptée à votre morphologie . 

right label: 0	prob: [0.7094706892967224, 0.2905293107032776]	Un homme et une femme sont dans un bus . 

right label: 0	prob: [0.674588143825531, 0.325411856174469]	Sa cr inière est si cool . 

right label: 0	prob: [0.9947023987770081, 0.005297555588185787]	Une nouvelle école d ' historiens juifs est plus critique à l ' égard de les bouleversements causés par l ' acquisition de terres par les Juifs , et conclut que cela n ' a pas toujours été juste . 

right label: 1	prob: [0.06649424880743027, 0.9335057735443115]	un bun ker secret , nouvellement construit , est situé sous le vaste terrain . 

right label: 1	prob: [0.09290827810764313, 0.9070916771888733]	Essayez de comprendre les gens avant de leur faire confiance . 

right label: 1	prob: [0.0004091807350050658, 0.9995908141136169]	un réalisateur assiste à la cérémonie de remise d ' une étoile à un acteur . 

right label: 0	prob: [0.8264427781105042, 0.17355725169181824]	Une femme en vêtements noirs est dans une cuisine , en train de râ per de le fromage . 

right label: 0	prob: [0.9798896312713623, 0.02011031098663807]	Ce que l ' étranger pen sera , c ' est qu ' un homme qui peut faire de le stop à travers la galaxie , la rendre difficile , l ' en can ailler , lutter contre de terribles obstacles , gagner , et qui sait toujours où se trouve sa serviette est clairement un homme avec lequel il faut compter . 

right label: 0	prob: [0.9528894424438477, 0.04711048677563667]	Il nous a conduits à la porte d ' un bâtiment ressemblant à une pag ode courte surmontée d ' une enseigne montrant un visage à les mains levées , comme un saint sous la lumière de Dieu , et men ot tés . 

right label: 0	prob: [0.9880324602127075, 0.011967580765485764]	Son taux de change de huit N ing is pour un P u est assez simple , mais comme un N ing i est une pièce triangulaire en caoutchouc de six mille huit cents milles de côté , personne n ' a jamais rassemblé assez de pièces pour posséder un P u . 

right label: 0	prob: [0.9499797224998474, 0.0500202514231205]	Après avoir vu mon vaisseau se déchirer , après avoir passé vingt-trois bonnes heures à flotter en silence dans l ' épave , après m ' être demandé si je faisais face à les étoiles de la const ellation de la Balance ou de la const ellation d ' Ori on vues de la Terre , après m ' être demandé ce que je ressent ais en suff o quant et après avoir eu le sentiment que oui , j ' allais mourir seul dans l ' espace , il m ' a fallu de le temps pour que ce sentiment se dissi pe . 

right label: 0	prob: [0.9139782190322876, 0.08602184802293777]	Cela ressemble plus à une correction ultérieure à de les fins de relations publiques , mais bien sûr , personne ne remet en question les déclarations de la banque lorsqu ' elles peuvent être utilisées contre Moore . 

right label: 0	prob: [0.5162185430526733, 0.4837814271450043]	Cela fait plus d ' une semaine , et je veux danser . 

right label: 1	prob: [0.22765134274959564, 0.7723485827445984]	Le cla quement de la porte résonne dans toute la maison . 

right label: 1	prob: [0.00368326879106462, 0.99631667137146]	Roul ez - les en boules de la taille d ' une bouchée ( la taille de les boules dépend de la quantité que vous voulez faire ) . 

right label: 0	prob: [0.8961251974105835, 0.1038748174905777]	Il s ' est él ancé vers un escalier encastr é dans le mur , et nous avons couru après lui , en montant un énorme escalier qui semblait avoir plus d ' étages que le bâtiment ne pouvait en contenir . 

right label: 0	prob: [0.7904143929481506, 0.20958559215068817]	Alors , un camarade a demandé , Donner sa vie pour un autre être est le don ultime ? 

right label: 1	prob: [8.066096597758587e-06, 0.9999918937683105]	un artiste country donne un concert surprise pendant le festival 

right label: 0	prob: [0.9963855743408203, 0.00361445895396173]	Notre héritage ancien et notre physiologie même nous disent que le sexe est naturel - une voie privilégiée vers l ' épanouissement spirituel - et pourtant la religion moderne le déc rie comme honteux , nous apprenant à craindre notre désir sexuel comme la main de le diable . 

right label: 0	prob: [0.9882737398147583, 0.01172618381679058]	Pendant les 19 années suivantes , Jérusalem était deux villes . 

right label: 0	prob: [0.955848753452301, 0.04415120929479599]	Il est maintenant bien documenté que la CIA a toléré la vente de cr ack dans les villes américaines pour financer les opérations de les contr as sud- américains 

right label: 1	prob: [0.14397597312927246, 0.8560239672660828]	J ' ai aussi pu passer de le temps avec le chat . 

right label: 0	prob: [0.9525192975997925, 0.04748070612549782]	La question de la vente de les terres est depuis longtemps un sous- thème de la lutte entre Juifs et Arabes . 

right label: 0	prob: [0.8848862051963806, 0.11511373519897461]	Mais Ron deau n ' a pas tenu compte de l ' avertissement . 

right label: 0	prob: [0.9140166640281677, 0.08598332852125168]	Ils ont rempli la sou te à bagages de deux valises d ' effets personnels , de deux sacs de nourriture et d ' une couverture rou lée dans une housse à carreaux fraîche avec un oreiller - après tout , selon elle , ils ne pouvaient pas dormir dans la même que cette pauvre fille ... 

right label: 1	prob: [0.003686577547341585, 0.9963133931159973]	Maintenant , mettez le tout dans le congélateur pour qu ' il soit congel é . 

right label: 1	prob: [0.11140668392181396, 0.888593316078186]	Nous pourrions juste nous asseoir et collecter les loyers d ' un nombre toujours plus réduit de locataires . 

right label: 1	prob: [0.011133462190628052, 0.9888665080070496]	En vous assurant qu ' elles sont encore chaudes , remplissez un mix eur ou un robot de cuisine avec les cacahu ètes grillées . 

right label: 1	prob: [0.0032611519563943148, 0.996738851070404]	Dans un bol , verser 1 / 2 tasse d ' eau bouillante et 1 / 2 tasse d ' eau froide Ajouter 1 cuillère à café de sucre à l ' eau et remuer Ajouter 1 cuillère à soupe de levure à l ' eau , remuer et laisser reposer 10 minutes ( une mousse doit se former à la surface de l ' eau ) . 

right label: 0	prob: [0.9797655940055847, 0.020234450697898865]	Nous , et de les milliers d ' autres comme nous , vivons séparément depuis qu ' il y a une société humaine , dit mon chauffeur . 

right label: 0	prob: [0.96625816822052, 0.03374183923006058]	En fait , cela a fait naître l ' espoir chez les travailleurs sans qu ' il y ait une réelle chance de sauver quoi que ce soit . 

right label: 0	prob: [0.9543827176094055, 0.045617323368787766]	La fille était aussi douce et rose que l ' éclat de les pierres , et elle était vêtue d ' une robe blanche attachée à la taille par une ceinture comme un noeud celtique . 

right label: 0	prob: [0.9795650243759155, 0.020434938371181488]	Ou encore , il pouvait s ' agir d ' une de ces étranges incitations qui surg issaient de temps à autre de cette zone sombre de son esprit qu ' il avait in explic ablement verrou illée avant de devenir président de la galaxie . 

right label: 1	prob: [0.0960649624466896, 0.9039350748062134]	c ' est un bain de salade . 

right label: 0	prob: [0.9659650921821594, 0.03403494879603386]	La brume bleue semblait s ' arrêter juste à côté de sa pâ leur , mettant en valeur son visage frappant sans en illumin er les détails , et ses poignets étincel aient de blancheur dans l ' obscurité . 

right label: 0	prob: [0.8918524384498596, 0.10814755409955978]	Notre cuisine rend hommage à notre amour de les traditions de le Sud à table , mais , comme les bonnes gens d ' Ash eville , elle marche à son propre rythme . 

right label: 1	prob: [0.039727624505758286, 0.9602723717689514]	La personne sur une moto roule sur la plage . 

right label: 0	prob: [0.9689071178436279, 0.031092900782823563]	En quelques minutes , nous étions de retour à la première porte à laquelle nous avons frappé dans cette ville et D vor ov lui-même nous accueillait . 

right label: 0	prob: [0.872248649597168, 0.12775135040283203]	Ce passage , tu te souviens ? 

right label: 0	prob: [0.9904858469963074, 0.009514151141047478]	Les gens s ' accro chaient à de vagues idées de collecti vis ation de les travailleurs , mais personne ne pouvait vraiment comprendre comment cela fonctionn erait exactement ; les habitants de You ng sto wn n ' étaient , après tout , pas particulièrement familiers avec le socialisme ou la collecti vis ation en général . 

right label: 0	prob: [0.9725855588912964, 0.02741437405347824]	L ' a pathie de l ' US W A United Steel Wor kers of America était le syndicat qui représentait les travailleurs de l ' acier de You ng sto wn à le moment de les fermetures . 

right label: 0	prob: [0.7861537337303162, 0.21384626626968384]	Je me sens encore un peu étour di . 

right label: 0	prob: [0.9365471601486206, 0.0634528249502182]	C ' est une généralisation erronée . 

right label: 0	prob: [0.9913141131401062, 0.008685849606990814]	Il promet un État moderne à son peuple , mais la situation devenant explosive , de les troubles civils éclatent dans les villes turques et les personnes considérées comme grecques sont victimes de menaces et de violences . 

right label: 1	prob: [0.41578537225723267, 0.5842146873474121]	Elle détes tait ces escaliers . 

right label: 0	prob: [0.9553857445716858, 0.044614214450120926]	Je ne savais pas comment ils pouvaient manquer de les traits si exotiques , même dans cette lumière dé for mante . 

right label: 0	prob: [0.9824212193489075, 0.01757877692580223]	J ' ai été surpris à l ' époque que vous par don ni ez si facilement mes fausses accusations contre les Spa c ers , alors que vous m ' aviez auparavant ser m onné sur leur sensibilité . 

right label: 1	prob: [0.11985734850168228, 0.8801426887512207]	Une femme tient un parapluie blanc par une nuit noire . 

right label: 1	prob: [0.0024506603367626667, 0.9975493550300598]	une personne va finalement jusqu ' à le bout 

right label: 1	prob: [0.052377354353666306, 0.9476226568222046]	Le chat est assis patiemment sur le banc de le piano . 

right label: 0	prob: [0.5486605763435364, 0.451339453458786]	Une médecine pour l ' esprit 

right label: 0	prob: [0.8929603695869446, 0.10703960061073303]	Je vous aurais juré qu ' il était mort . 

right label: 0	prob: [0.5952485203742981, 0.40475139021873474]	Une femme en chemise rouge est sous une couverture et dort dans un véhicule . 

right label: 0	prob: [0.9590387940406799, 0.040961142629384995]	Ils tombaient maintenant ensemble , ce qui était très gentil et romantique , mais ne résol vait pas le problème de base , qui était qu ' ils tombaient , et que le sol n ' attendait pas de voir s ' il avait d ' autres tours dans son sac , mais venait à leur rencontre comme un train express . 

right label: 1	prob: [0.24274969100952148, 0.7572502493858337]	Je veux prendre mon badge , sinon si tu le ti res , il va déchirer mon jean . 

right label: 0	prob: [0.9811354279518127, 0.018864532932639122]	En ce qui concerne son apparence physique , il suffit de dire que Doy le était assez vi ril pour les tâches qu ' il s ' était fixées , robuste , athl étique , sans vanité , mais pas au-dessus d ' un pinc ement conditionné de la honte s ' il rencontrait de les supérieurs sociaux alors qu ' il portait de les man chettes ou un col effi lo chés par ses limites financières . 

right label: 1	prob: [0.49561944603919983, 0.5043805241584778]	Je vous le li rai plus tard et vous dirai exactement ce qui se passe . 

right label: 0	prob: [0.9965417981147766, 0.0034581476356834173]	Cependant , le résultat de leurs arguments est toujours le même et témoigne de leur sagesse : après chaque conflit , les Grecs et les Arméniens demandent de les temples séparés . 

right label: 1	prob: [0.020662670955061913, 0.9793373346328735]	Un chien court avec un jouet dans sa gueule . 

right label: 0	prob: [0.9838160872459412, 0.016183918341994286]	Qu ' il me suff ise de dire que je n ' ai pas perçu la moindre trace de modestie chez cette belle jeune fille à peine formée que la mixité moderne , les mœurs juvéni les , le vac arme de les feux de camp , etc. avaient complètement et irrémédiablement dé pr av ée . 

right label: 1	prob: [0.22223854064941406, 0.7777615189552307]	De nombreuses personnes marchent et participent à un défilé . 

right label: 1	prob: [0.35307422280311584, 0.6469258069992065]	Deux personnes s ' affrontent dans un match d ' arts martiaux . 

right label: 1	prob: [0.0881255716085434, 0.9118744134902954]	je veux ce texte , avec un arbre dans la chambre de mon fils . 

right label: 0	prob: [0.8725764751434326, 0.127423495054245]	A l ' intérieur , l ' espace s ' ouvrait sur une large chambre carrée , avec de les miroirs et si sombre qu ' elle aurait pu être de n ' importe quelle taille . 

right label: 1	prob: [0.08066005259752274, 0.9193398952484131]	consacré : la veille de la grande annonce , le couple a été vu avec ses enfants en train de se promener près de leur maison . 

right label: 0	prob: [0.9060291051864624, 0.09397093951702118]	Car même les meilleures qualités d ' une personne ne peuvent être appréciées à leur juste valeur que si elles nous sont présentées d ' une manière conforme à nos propres opinions et inclin ations . 

right label: 0	prob: [0.7996401786804199, 0.2003597915172577]	L ' écran lumineux fourni m ' avait informé de la date et de le lieu de les repas officiels , mais je n ' avais pas pris la peine de répondre à les invitations . 

right label: 1	prob: [0.0005746317328885198, 0.9994254112243652]	un homme est debout sur un sk ate board dans une rue 

right label: 0	prob: [0.9759815335273743, 0.024018526077270508]	Moi , j ' ai suivi l ' exemple d ' Adri enne et je n ' ai rien dit ( je me suis inventé de les excuses pour rester en sécurité dans le mode d ' observation " g ath er- info " ) . 

right label: 0	prob: [0.921543300151825, 0.07845669984817505]	S ' il vous plaît , si nous pouvions le voir , nous vous en serions très reconnaissants . 

right label: 1	prob: [0.018405044451355934, 0.9815949201583862]	Ré fri gérer l ' écorce jusqu ' à ce qu ' elle soit complètement dur cie . 

right label: 0	prob: [0.9716240167617798, 0.028376050293445587]	Le jaune de ce ciel n ' était pas seulement de le smo g : il était d ' une noirceur pes ante et sanglante . 

right label: 0	prob: [0.9892475008964539, 0.010752562433481216]	En 1946 , les Juifs ne possédaient que 7 % de la Palestine , mais la menace de déplacement était largement perçue par les Arabes . 

right label: 0	prob: [0.9902364611625671, 0.009763584472239017]	J ' ai réalisé que Rachel avait disparu sans laisser d ' indice et que je ne pouvais rien faire d ' autre qu ' attendre qu ' elle se manifeste - ce qui , si elle était dans une situation où je devrais faire quelque chose , ne serait probablement jamais . 4 

right label: 1	prob: [0.037471793591976166, 0.9625281691551208]	personne , a déménagé et vient certains vendredis soirs pour rencontrer de nouvelles personnes . 

right label: 1	prob: [0.2927665710449219, 0.7072334289550781]	Elle se dé tend en espérant que le repos guéri ra son corps . 

right label: 0	prob: [0.9769656658172607, 0.023034345358610153]	Une fois - c ' était dans les années trente - il m ' a dit avec un certain embarras que les femmes ne sont jamais tout à fait elles-mêmes , ou , pour le dire cr ûment , qu ' elles sont toujours en train de faire semblant et de prendre de les attitudes . 

right label: 0	prob: [0.996137797832489, 0.0038621709682047367]	Les lois inexor ables de la mécanique céleste avaient décrété que l ' En de av our était le premier , et le dernier , de tous les vaisseaux de l ' Homme qui entr eraient en contact avec R ama . 

right label: 1	prob: [0.15973757207393646, 0.8402624130249023]	Un homme blond chante passionn ément dans le microphone . 

right label: 1	prob: [0.45841461420059204, 0.5415854454040527]	J ' ai passé un bon moment là-bas . 

right label: 1	prob: [0.18354125320911407, 0.8164588212966919]	Certains outils à main sont magnifiquement conçus pour s ' adapter à l ' utilisateur , par exemple la faux à deux mains . 

right label: 0	prob: [0.9702032208442688, 0.029796773567795753]	Les be ys et les ay ans se lev èrent et prirent congé en silence , heureux d ' être en vie et aussi perpl exes que s ' ils avaient assisté à un spectacle de pres tidi gi tation . 

right label: 1	prob: [0.005741806700825691, 0.9942581653594971]	une fan montre sa déception alors que la personne était bouleversée le samedi soir . 

right label: 1	prob: [0.392868310213089, 0.6071317195892334]	Ils devaient être riches , vu la taille de leurs pierres tomb ales . 

right label: 1	prob: [0.10010301321744919, 0.8998969197273254]	Un homme est assis sur le bord de la route à un stand de fruits . 

right label: 0	prob: [0.922088086605072, 0.0779118537902832]	Elle a soudain repris sa manière de parler , celle qu ' il associ ait à leur conversation téléphonique : l ' Herzégovine était paci fiée . 

right label: 1	prob: [0.10265276581048965, 0.8973472118377686]	détendu : une personne a passé son bras autour de l ' épaule de le modèle . 

right label: 0	prob: [0.724774956703186, 0.2752250134944916]	J ' ai appuyé mes jambes contre le sol en pierre et il était sur moi . 

right label: 1	prob: [0.03542231023311615, 0.9645776748657227]	Les enfants se sont amus és à jouer ensemble . 

right label: 0	prob: [0.8648840188980103, 0.13511599600315094]	Ess ayer de soutenir les usines d ' une ville était impossible face à la dépression qui s ' est étendue à toute l ' industrie . 

right label: 0	prob: [0.9279308319091797, 0.07206912338733673]	Les pommes de terre étaient légères et non grasses ; 

right label: 0	prob: [0.8386939764022827, 0.1613060086965561]	Mon chauffeur a tourné à nouveau à côté d ' un vieil entrepôt dans lequel j ' ai peut-être été une fois lorsque Mit ch nous a emmenés à une r ave en deuxième année . 

right label: 1	prob: [0.0007636288064531982, 0.9992363452911377]	une façon naturelle de recycler les déchets alimentaires - les donner à les poules 

right label: 0	prob: [0.8421228528022766, 0.15787716209888458]	Le calme de la pièce y a contribué , tout comme la vue . 

right label: 0	prob: [0.9404918551445007, 0.05950818210840225]	L ' ob sidi enne est une roche volcanique dure et vitr euse , qui pouvait être faç onnée en outils de coupe et de poign ard age . 

right label: 0	prob: [0.787180483341217, 0.21281950175762177]	Z h eng avait l ' air sceptique . 

right label: 0	prob: [0.7172335982322693, 0.2827663719654083]	C ' est Halloween et tous les enfants sont dégu isés . 

right label: 0	prob: [0.9852635860443115, 0.014736364595592022]	Les Ott om ans ont apporté de nouvelles influences à les îles qu ' ils contrô laient , formant un vaste empire qui s ' étendait autour de la Méditerranée orientale . 

right label: 0	prob: [0.7004149556159973, 0.2995849847793579]	Après un moment , Ray a dit , je ne pense pas . 

right label: 1	prob: [0.044557277113199234, 0.9554427862167358]	Ils ont continué à prendre de les photos ensemble devant d ' autres sites historiques . 

right label: 1	prob: [0.1966162919998169, 0.8033837080001831]	-S avou rez ces ti kk is avec de le ket chu p . 

right label: 0	prob: [0.9796375632286072, 0.020362457260489464]	Ces personnes ne ressentent pas le besoin d ' exprimer leur sympathie , ni de réfléchir à de les moyens d ' éviter de tels incidents , mais elles ressentent le besoin d ' affirmer leurs droits et de chercher de les réponses rapides et simples - comme le dit Bus ch , les propriétaires d ' armes à feu voulaient pendre [ l ' enfant ] à l ' arbre le plus haut . 

right label: 0	prob: [0.9881408214569092, 0.011859165504574776]	A ceux qui disaient qu ' ils avaient le sentiment que le savon ne se trouvait pas dans les mines , le Capitaine s ' était risqué à suggérer que c ' était peut-être parce que personne n ' avait assez cherché , et cette possibilité avait été reconnue à contrec œur . 

right label: 0	prob: [0.9476908445358276, 0.05230916291475296]	Il reste à voir si cela se produira un jour , mais l ' aide offerte par la Grèce à la Turquie après le tremblement de terre dévastateur de 1999 est peut-être un signe que l ' anim osité entre ces deux ennemis traditionnels commence à diminuer . 

right label: 0	prob: [0.7857840657234192, 0.21421590447425842]	Je me suis demandé si la nourriture livrée dans mes quartiers ces derniers jours avait été aussi incroyable . 

right label: 0	prob: [0.9955364465713501, 0.004463569726794958]	En 15 66 , ils arra chent Chi os à les Gén ois , renforçant ainsi leur mainmise sur les îles orientales de la mer É gée , mais les Cycl ades restent à les mains de les V éni tiens pendant une autre génération ou plus - Tin os est la dernière à tomber en 17 15 . 

right label: 0	prob: [0.9137676358222961, 0.08623231202363968]	Un matériau ancien important , l ' ob sidi enne , a été découvert sur l ' île de Mil os . 

right label: 0	prob: [0.8635331392288208, 0.13646681606769562]	On m ' empois onne , mais on ne sait pas que je ... si je ... 

right label: 1	prob: [0.0934879407286644, 0.9065120816230774]	De les gens regardent un homme jouer à un jeu vidéo de boxe dans un immeuble . 

right label: 1	prob: [0.0583735890686512, 0.9416264295578003]	Une bouteille de Fran ks Red Hot Buffalo Sau ce est parfaite pour cette recette ! 

right label: 1	prob: [0.16474755108356476, 0.8352524042129517]	Un policier est assis sur une moto . 

right label: 1	prob: [0.00024897317052818835, 0.9997510313987732]	un conférencier présente un documentaire dans une galerie d ' art de la banlieue tranquille . 

right label: 0	prob: [0.8273996710777283, 0.17260031402111053]	Madame , je dois tenir compte de sa santé . 

right label: 1	prob: [0.2798997163772583, 0.7201002836227417]	La famille prenant quelques verres avant notre barbecue annuel est toujours un bon souvenir . 

right label: 0	prob: [0.9915682673454285, 0.008431786671280861]	Cependant , même ces ré visionn istes conviennent que les Juifs n ' avaient pas l ' intention d ' expulser les musulmans de Palestine . 

right label: 1	prob: [0.14401142299175262, 0.855988621711731]	On a eu de la dinde ce soir . 

right label: 1	prob: [0.1992826610803604, 0.8007173538208008]	Le chien est assis à l ' arrière de la voiture . 

right label: 0	prob: [0.974497377872467, 0.025502590462565422]	Et si ce n ' est pas un can ul ar , alors je suis directement impliqué et eux aussi , ce qui me donne le droit de parler avec eux . 

right label: 1	prob: [0.0009751595207490027, 0.9990248680114746]	Placez le ham burger dans une casserole avec 1 / 3 de tasse d ' eau , assais onnez avec de le sel et de le poivre . 

right label: 0	prob: [0.9499797224998474, 0.0500202514231205]	Après avoir vu mon vaisseau se déchirer , après avoir passé vingt-trois bonnes heures à flotter en silence dans l ' épave , après m ' être demandé si je faisais face à les étoiles de la const ellation de la Balance ou de la const ellation d ' Ori on vues de la Terre , après m ' être demandé ce que je ressent ais en suff o quant et après avoir eu le sentiment que oui , j ' allais mourir seul dans l ' espace , il m ' a fallu de le temps pour que ce sentiment se dissi pe . 

right label: 0	prob: [0.8503526449203491, 0.14964738488197327]	Elles ont toujours été ma partie préférée de les mythes grecs que j ' ai lus à l ' école primaire . 

right label: 1	prob: [0.0434718020260334, 0.9565281867980957]	la recherche biomédi cale comporte de nombreux murs angulaires . 

right label: 0	prob: [0.9730371832847595, 0.026962798088788986]	L ' origine de le navire et la raison pour laquelle Jeff erson m ' a sauvé avaient -elles vraiment de l ' importance , si maintenant , j ' étais content ? 

right label: 0	prob: [0.7025362253189087, 0.2974637448787689]	Quelle est notre destination ? 

right label: 0	prob: [0.9782738089561462, 0.021726183593273163]	L ' univers tel que nous le connaissons ne sera plus le même . 

right label: 0	prob: [0.9497427940368652, 0.05025721341371536]	Maintenant , pouvez -vous me dire quel sera votre plan d ' attaque avant que nous ne tour ni ons dans le sens inverse de les aiguilles d ' une montre dans un roman d ' Anne Rice ? 

right label: 1	prob: [2.839365515683312e-05, 0.9999716281890869]	Pour faire la pâte 1 tasse de farine tout usage / Mai da 1 tasse d ' eau 1 cuillère à soupe de sucre 1 cuillère à soupe d ' huile végétale 1 / 2 cuillère à café de sel Pour faire les Chur ros Huile pour la fri ture Pour saupoudrer / Roul er 1 cuillère à soupe de sucre 1 cuillère à café de cannelle mou lue 

right label: 1	prob: [0.1830167919397354, 0.8169832229614258]	Patrick a lancé la balle ; 

right label: 1	prob: [0.05187622085213661, 0.9481238126754761]	Ben se dé tend dans un fauteuil confortable à le coin de le feu . 

right label: 0	prob: [0.8713804483413696, 0.12861953675746918]	Il n ' a pas été décour agé par la distance , j ' en suis sûr . 

right label: 1	prob: [0.2485368698835373, 0.7514631152153015]	De les personnes sur de les motos descendent une rue où flotte un drapeau américain . 

right label: 0	prob: [0.7431607246398926, 0.2568392753601074]	Tout membre de l ' équipe qui aurait pu mettre en danger le projet était de la viande . 

right label: 1	prob: [0.03187853842973709, 0.9681214690208435]	Un j ockey monte un cheval dans l ' herbe verte . 

right label: 0	prob: [0.9722641706466675, 0.027735764160752296]	Cela ne déran geait personne ; 

right label: 1	prob: [0.35645991563796997, 0.64354008436203]	dans son discours , le militaire a assuré les pays de son engagement durable envers la sécurité et la prospérité de la région . 

right label: 1	prob: [0.1626346856355667, 0.8373652696609497]	De les pom - po m girls en tenue rouge s ' entraînent dans l ' herbe . 

right label: 0	prob: [0.9415452480316162, 0.058454710990190506]	Le plafond était haut et en bois , et je pouvais voir une partie de la cabine d ' un DJ à le bout de le couloir . 

right label: 0	prob: [0.8638187646865845, 0.13618123531341553]	J ' en doute , dit Mar vin . 

right label: 1	prob: [0.42526775598526, 0.57473224401474]	Papa veut savoir si ces bal ances sont arrivées . 

right label: 0	prob: [0.9895581603050232, 0.010441823862493038]	Le comté de Mah oning était une région mon o- industrielle et les habitants de You ng sto wn , S tru thers , Campbell , Bo ard man Town ship et de les nombreux autres petits villages de la région n ' avaient qu ' un seul employeur principal : les aci éries . 

right label: 1	prob: [5.25115174241364e-05, 0.9999474287033081]	une personne a dirigé la cérémonie de découpe de le gâteau de la fête nationale 

right label: 0	prob: [0.9832046627998352, 0.016795281320810318]	La Grèce se voit attribuer une bande de terre le long de la côte occidentale de l ' Asie Min eure , où la population grecque était importante depuis plus de 2 000 ans . 

right label: 1	prob: [0.027938060462474823, 0.9720619916915894]	Vous aurez besoin d ' un fer à repasser , d ' une barre métallique plate ( j ' ai utilisé un niveau ) , d ' un aspirateur , de sacs M yl ar et de les aliments à emballer . 

right label: 0	prob: [0.9974229335784912, 0.0025771360378712416]	Le vaisseau , il était étrange et vieux , soit tellement dépassé , soit tellement modifié que je ne pouvais pas dire de quelle marque il était , et d ' une certaine manière , l ' équipage qui se tenait autour de moi correspondait à la même description , un amalgame de personnes singulièrement atypique . 

right label: 1	prob: [0.0011869581649079919, 0.9988130331039429]	Utilisez une cuillère ou un couteau à beurre pour répartir la gelée sur la tranche de pain opposée , encore ordinaire . 

right label: 0	prob: [0.7161446809768677, 0.2838553190231323]	... c ' est ce que je pensais . 

right label: 0	prob: [0.9440341591835022, 0.055965881794691086]	Franchement , je ne sais pas si nous pouvons faire quoi que ce soit contre un vampire . 

right label: 0	prob: [0.9328601956367493, 0.06713979691267014]	Et moi , je suppose que j ' étais une pièce de plus dans leur puzzle . 

right label: 0	prob: [0.9960924983024597, 0.00390744861215353]	Les événements qui ont suivi cette date ( connus sous le nom de " lundi noir " ) sont considérés par les personnes qui en ont été témoins soit comme de les histoires de grand courage et de détermination , soit comme de les monuments de l ' échec humain et de les faux espoirs . 

right label: 0	prob: [0.7538507580757141, 0.2461491823196411]	Il était temps de découvrir à quoi ressemblait l ' enfer . 

right label: 1	prob: [0.21246589720249176, 0.7875340580940247]	J ' adore , dit Greg , et il regarde Hil ary aller vers une petite bouilloire sur une plaque chauff ante dans le coin de la pièce et verser de l ' eau bouillante sur un sachet de thé . 

right label: 1	prob: [0.02350866235792637, 0.9764912724494934]	je vais me faire faire ça pour mes cheveux . 

right label: 1	prob: [0.14105543494224548, 0.8589445352554321]	Mes meilleures amies et moi avons fait en sorte de prendre de les photos ensemble . 

right label: 0	prob: [0.9790230393409729, 0.020976977422833443]	Moi , j ' ai suivi l ' exemple d ' Adri enne et je n ' ai rien dit ( je me suis inventé de les excuses pour rester en sécurité en mode observation ) . même si je pensais que Z h eng avait raison . 

right label: 0	prob: [0.9194521903991699, 0.08054786175489426]	Cordi alement , Erik M ö ller 

right label: 1	prob: [0.07668013125658035, 0.923319935798645]	Un sk ater fait de les figures dans le hal f pipe . 

right label: 0	prob: [0.8595457673072815, 0.1404542624950409]	Qu ' est -ce que tu en penses ? demanda le boss u . 

right label: 0	prob: [0.9302836060523987, 0.06971639394760132]	Lorsque j ' ai posté sur Facebook que je venais en ville , pas moins de trois personnes m ' ont dit que je devais absolument visiter le Tu pel o Hon ey Caf e . 

right label: 0	prob: [0.8539090752601624, 0.14609093964099884]	Eh bien , vous devez vous détendre beaucoup dans un travail comme le mien , dit -il . 

right label: 0	prob: [0.9405418634414673, 0.05945815145969391]	Un observateur occasionnel n ' aurait pas su dire si c ' était parce qu ' il était ivre , malade ou suicidaire , et en effet , il n ' y avait pas d ' observateurs occasionnels dans le vieux Pink Do g Bar de le quartier sud de Han D old City , car ce n ' était pas le genre d ' endroit où l ' on pouvait se permettre de faire les choses avec désinvol ture si l ' on voulait rester en vie . 

right label: 1	prob: [0.10882921516895294, 0.8911707401275635]	Un ours brun se tient dans l ' herbe le long d ' une route . 

right label: 0	prob: [0.9852635860443115, 0.014736364595592022]	Les Ott om ans ont apporté de nouvelles influences à les îles qu ' ils contrô laient , formant un vaste empire qui s ' étendait autour de la Méditerranée orientale . 

right label: 0	prob: [0.9793989658355713, 0.020600982010364532]	Di xon ne pouvait s ' empêcher d ' admirer la façon dont , sans rien dire ni faire de particulier , ils s ' établis saient si facilement qu ' il n ' était pas censé les accompagner lui-même . 

right label: 0	prob: [0.9214467406272888, 0.07855325192213058]	Nous n ' avons pas embarqué beaucoup de passagers , juste quelques privilégiés , épar pillés ici et là entre les étoiles . 

right label: 0	prob: [0.6646623015403748, 0.33533766865730286]	La poussière épaisse amor tiss ait nos pas . 

right label: 1	prob: [0.008979273959994316, 0.9910207390785217]	" Si vous le souhaitez , vous pouvez rassembler de le glaçage ou d ' autres garni tures et décorer votre gâteau " " Cup " " avant de le manger . 

right label: 1	prob: [0.40577325224876404, 0.5942267179489136]	Une jeune femme et un jeune homme discutent avec un groupe d ' autres personnes autour d ' eux . 

right label: 0	prob: [0.949221134185791, 0.050778910517692566]	Le riche parfum de le vin avait une touche de quelque chose de chimique que j ' ai reconnu de le bar , mais il a rempli ma bouche et a coulé dans mes veines avec une chaleur rassurante . 

right label: 1	prob: [0.15031903982162476, 0.8496809601783752]	L ' homme pose pour une photo avec une cravate , de les lunettes de soleil et un chapeau . 

right label: 0	prob: [0.955848753452301, 0.04415120929479599]	Il est maintenant bien documenté que la CIA a toléré la vente de cr ack dans les villes américaines pour financer les opérations de les contr as sud- américains 

right label: 0	prob: [0.9623554348945618, 0.037644512951374054]	Son affirmation selon laquelle il est possible d ' acheter de les munitions dans les supermarchés est indépendante de cette affirmation . 

right label: 1	prob: [0.010784140788018703, 0.9892158508300781]	Elle prépare le restaurant pour l ' arrivée de les clients . 

right label: 1	prob: [0.27363160252571106, 0.7263684272766113]	Elle entre dans le bâtiment . 

right label: 1	prob: [0.013783334754407406, 0.98621666431427]	Ce sont de les filles qui jouent à un jeu vidéo 

right label: 0	prob: [0.9012447595596313, 0.09875518083572388]	Ceux qui vivaient encore étaient frappés et a pathiques , comme s ' ils souff raient d ' une maladie de l ' esprit plutôt que de le corps . 

right label: 1	prob: [0.00041567583684809506, 0.9995843768119812]	l ' image peut contenir : personne , sur scène , assis , jouant d ' un instrument de musique et intérieur 

right label: 1	prob: [0.11847449094057083, 0.8815255165100098]	Un troupeau de z èbres b route dans un champ . 

right label: 0	prob: [0.9722288250923157, 0.02777121029794216]	Les jours passaient , les semaines passaient , mais je ne pouvais pas dire si cela faisait de les mois ou de les années que j ' avais été secour u . 

right label: 1	prob: [0.16409432888031006, 0.8359057307243347]	Un homme marche dans un marché étroit 

right label: 0	prob: [0.9524185061454773, 0.04758143052458763]	J ' ai appelé Mit ch et nos autres amis , en espérant que le hangar s ' était écrasé chez l ' un d ' entre eux , mais je n ' ai pas eu de chance . 

right label: 0	prob: [0.9143033623695374, 0.08569668978452682]	C ' était D vor ov . 

right label: 1	prob: [0.0009168635006062686, 0.9990831613540649]	Chau ffer le four à 375 degrés F. Déposer une couche de sauce à le fond d ' un plat de cuisson de 9 par 13 pouces . 

right label: 0	prob: [0.7563409209251404, 0.2436590939760208]	Tara ne laissera pas ses espoirs dé mesurés les entraîner sur un rocher qui signifierait la fin de le projet et de l ' espèce Arr allin . 

right label: 0	prob: [0.905987024307251, 0.09401305019855499]	La pièce pu ait , principalement son propre désespoir . 

right label: 0	prob: [0.5322582721710205, 0.4677416682243347]	Une femme est dans un bus public traversant une ville . 

right label: 1	prob: [0.0020305628422647715, 0.9979694485664368]	Un hib ou est assis dans la branche d ' un arbre 

right label: 1	prob: [0.177451029419899, 0.8225489854812622]	Un jeune homme et une femme apprécient un repas . 

right label: 1	prob: [0.24373258650302887, 0.7562674880027771]	Un homme est debout dans un salon . 

right label: 0	prob: [0.7751994132995605, 0.22480057179927826]	Je ne sais pas comment on aurait pu l ' entendre avec la musique . " 

right label: 0	prob: [0.8848424553871155, 0.11515756696462631]	Tout s ' efface , se perd en poussière et en atomes dispersés entre les étoiles , et chacun d ' entre nous se retrouve aussi seul qu ' à le moment de sa naissance . 

right label: 0	prob: [0.9899495840072632, 0.01005044300109148]	Il ne savait pas que Ted Cole avait cessé d ' être un travailleur acharné , et que ce qui restait de les " normes " douteuses de Ted avait été compromis par l ' échec insupportable de son mariage avec Marion - ceci en combinaison avec ces décès inacceptables . 

right label: 1	prob: [0.055008672177791595, 0.9449913501739502]	Un avi ateur guide un drone alors qu ' il se dirige vers la piste d ' atterrissage . 

right label: 0	prob: [0.8599182963371277, 0.14008168876171112]	J ' essaie de me lever , mais je retombe , paralysé par le froid et la prise de conscience de ma misérable impuissance . 

right label: 0	prob: [0.5090920925140381, 0.4909079074859619]	La réception va être géniale . 

right label: 0	prob: [0.6543160676956177, 0.3456839323043823]	Must afa avait 14 ans quand il a été tué . 

right label: 0	prob: [0.504463791847229, 0.4955362379550934]	R . 

right label: 1	prob: [0.19351421296596527, 0.8064857721328735]	Pour créer le visage de Pep pa , vous devez réaliser une forme de cœur . 

right label: 0	prob: [0.9588200449943542, 0.04118001461029053]	La raison pour laquelle il a été publié sous la forme d ' un composant électronique micro- sous- mé son est que s ' il était imprimé sous la forme d ' un livre normal , un auto- stopp eur inter st ell aire aurait besoin de plusieurs bâtiments de taille in commode pour le transporter . 

right label: 0	prob: [0.5994905829429626, 0.40050944685935974]	Deux femmes et un homme portent de les vestes noires et souri ent . 

right label: 0	prob: [0.938133955001831, 0.061866018921136856]	Après avoir vu mon vaisseau se déchirer , après avoir passé vingt-trois bonnes heures à flotter en silence dans l ' épave , à me demander si je faisais face à les étoiles de la const ellation de la Balance ou de la const ellation d ' Ori on vues de la Terre , à me demander ce que cela faisait de suff o quer , et après avoir eu le sentiment que oui , j ' allais en fait mourir seul dans l ' espace , il a fallu de le temps pour que ce sentiment se dissi pe . 

right label: 0	prob: [0.9721323847770691, 0.027867654338479042]	La lutte a con tourné la plupart de les îles , bien que de violents combats aient eu lieu à Sam os . 

right label: 1	prob: [0.01437853742390871, 0.9856215119361877]	voiture de reportage restée gar ée devant la maison . 

right label: 1	prob: [0.023571960628032684, 0.9764279723167419]	Un jeune ours gri zz ly se promène dans un ruisseau . 

right label: 0	prob: [0.9410750865936279, 0.05892490595579147]	Il est maintenant bien documenté que la CIA a toléré la vente de cr ack dans les villes américaines pour financer les opérations de les contr as sud- américains . 

right label: 1	prob: [0.14304204285144806, 0.8569579720497131]	Une vieille télévision est assise sur une plage de sable . 

right label: 0	prob: [0.9939426779747009, 0.006057318300008774]	L ' Empire byzantin possédait de les villes puissantes et bien forti fiées , mais les campagnes et les îles périphériques étaient rav agées par de les vagues d ' envahisseurs . 

right label: 1	prob: [0.101341113448143, 0.8986589312553406]	Un homme passe devant un bâtiment couvert de graffi tis . 

right label: 1	prob: [0.2379913032054901, 0.7620087265968323]	un ami est quelqu' un qui peut voir la vérité et la douleur en vous , même lorsque vous tromp ez tout le monde . 

right label: 0	prob: [0.9065277576446533, 0.09347222000360489]	C ' est le message clé de cette partie de l ' animation , qui est à nouveau ignoré par ses détracteurs . 

right label: 1	prob: [0.12528395652770996, 0.87471604347229]	J ' ai roulé aussi vite que possible jusqu ' à ce que je trouve l ' école . 

right label: 1	prob: [0.02667725645005703, 0.9733226895332336]	Plusieurs personnes se dirigent vers la plage pour aller faire de le surf . 

right label: 1	prob: [0.039083100855350494, 0.9609169363975525]	Un jeune garçon se tient à le bord d ' un étang . 

right label: 0	prob: [0.8180997371673584, 0.18190032243728638]	Dans un autre ordre d ' idées , j ' ai fait une découverte à le Tu pel o Hon ey Caf e , que j ' aimerais partager avec vous maintenant . 

right label: 1	prob: [0.0005789896822534502, 0.9994210004806519]	une personne utilise de les huiles pour peindre à la main une publicité . 

right label: 0	prob: [0.9310715198516846, 0.0689285397529602]	Un opportun iste et un homme d ' affaires , tel était Jeff erson . 

right label: 1	prob: [0.051022063940763474, 0.9489779472351074]	Un homme vérifie son télé phone en s ' asse yant sur un banc de pierre . 

right label: 1	prob: [0.13729989528656006, 0.8627001643180847]	les cow- boys comme lui existent -ils vraiment ? 

right label: 0	prob: [0.9532723426818848, 0.04672766476869583]	Si - " Vous voyez ce que je veux dire . 

right label: 0	prob: [0.9117675423622131, 0.08823242038488388]	Comment pourrait -il même penser à blâmer la pauvreté et les programmes de travail forcé pour tout ce qui arrive de mal ? 

right label: 0	prob: [0.8237279057502747, 0.17627209424972534]	La nourriture était délicieuse et tout le monde était rassasi é et heureux . 

right label: 1	prob: [0.2961510419845581, 0.7038489580154419]	Ils avaient une grande variété d ' aliments parmi lesquels choisir . 

right label: 0	prob: [0.9677829146385193, 0.032217055559158325]	On pourrait penser que ce sont là les philosophes professionnels : trop occupés à thé oriser dans l ' abstrait pour remarquer à quelle station ils se trouvent , sans parler de ce qui se passe dans le monde non abstrait dans lequel nous vivons tous . 

right label: 1	prob: [0.0006078818114474416, 0.9993921518325806]	R assembl ez les ingrédients nécessaires à la préparation de les cup cakes à le chocolat . 

right label: 1	prob: [0.1635054647922516, 0.836494505405426]	Un jeune garçon en maillot de bain jette une pierre dans l ' eau . 

right label: 1	prob: [0.30031538009643555, 0.6996845602989197]	Un homme est assis dans l ' herbe avec une vache près d ' une clôture . 

right label: 1	prob: [0.4767839312553406, 0.5232160687446594]	Debout devant un tableau noir numérique , il a commencé à noter de les informations importantes qui se sont affichées instantanément . 

right label: 0	prob: [0.8240141272544861, 0.17598587274551392]	Un homme vêtu d ' un swe at- shirt à capuche bleu a les mains sur les rayons arrière de son vélo renversé , alors qu ' il est assis sur un mur et couvert de graffi tis parmi de les palmiers . 

right label: 0	prob: [0.9868120551109314, 0.013187900185585022]	Il savait que cette grotte sacrée était réservée exclusivement à les reliques de les Pap es , mais d ' une certaine manière Mor tat i a senti que c ' était approprié . 

right label: 1	prob: [0.0230732262134552, 0.9769267439842224]	Une vieille femme regarde le gâteau de son 9 5e anniversaire . 

right label: 1	prob: [0.012389903888106346, 0.9876101016998291]	amélior ez votre événement avec une performance de qualité , nous pouvons vous aider , appelez - nous dès aujourd' hui ! 

right label: 0	prob: [0.535085141658783, 0.46491488814353943]	Deux jeunes hommes exécutent un numéro de danse moderne . 

right label: 1	prob: [0.0009168635006062686, 0.9990831613540649]	Chau ffer le four à 375 degrés F. Déposer une couche de sauce à le fond d ' un plat de cuisson de 9 par 13 pouces . 

right label: 0	prob: [0.8436651229858398, 0.15633483231067657]	Si c ' était en mars , cela signifiait que nous étions ensemble depuis presque un an et demi . 

right label: 0	prob: [0.6929312944412231, 0.30706870555877686]	Un homme en maillot de bain noir est en train de plonger d ' un plon ge oir dans une piscine . 

right label: 0	prob: [0.9179016947746277, 0.0820983275771141]	Personne ne s ' en soucie ; 

right label: 1	prob: [0.00034036312717944384, 0.9996596574783325]	Placez le beurre et le sucre dans un grand bol à mélanger et batt ez - les ensemble jusqu ' à ce qu ' ils soient légers et mouss eux . 

right label: 0	prob: [0.8461136817932129, 0.15388625860214233]	Même Lock he ed ne croyait pas que le public était aussi cré dule . 

right label: 1	prob: [0.34245094656944275, 0.6575490832328796]	Je ne pouvais pas m ' arrêter sans prendre une dernière photo de les montagnes ennei gées ! 

right label: 0	prob: [0.8890610933303833, 0.1109389066696167]	L ' acier étranger était également beaucoup moins cher . 

right label: 0	prob: [0.890421450138092, 0.10957855731248856]	C ' était le thème mél o dramatique de ce soir : la nature éphémère de la vie . 

right label: 0	prob: [0.6156011819839478, 0.38439878821372986]	Plusieurs personnes , dont l ' une est à vélo , traversent une rue très fréquentée . 

right label: 1	prob: [0.0022564653772860765, 0.9977436065673828]	É gou tter le bœuf haché en laissant une petite quantité de graisse dans la casserole avec le bœuf haché et ajouter le ro tel , la crème de soupe à le poulet , l ' assaisonnement pour tac os , le jal ap eno haché et une boîte de soupe pleine d ' eau . 

right label: 1	prob: [0.00044243750744499266, 0.9995575547218323]	Batt ez en crème le beurre et le sucre jusqu ' à ce qu ' ils soient légers et mouss eux . 

right label: 1	prob: [0.005635978188365698, 0.9943640232086182]	Le chat regarde à l ' intérieur de le sac à dos ouvert . 

right label: 1	prob: [0.14244140684604645, 0.8575586080551147]	Un homme est allongé dans le sable à côté d ' une vache . 

right label: 0	prob: [0.8844243884086609, 0.1155756488442421]	Sur votre page web , vous déclar ez que la résolution de Moore est discutable . 

right label: 0	prob: [0.9592286348342896, 0.040771372616291046]	Le sien était coupé de près , avec une touche de style qui accen tu ait les beaux angles de ses pomm ettes et de sa mâchoire . 

right label: 0	prob: [0.948674738407135, 0.051325246691703796]	Le taux de chômage est faible par rapport à les villes environnantes , et les rues sont propres et bien entreten ues . 

right label: 0	prob: [0.6160825490951538, 0.38391754031181335]	Et les meilleurs acteurs , chanteurs et danseurs de l ' Opéra étaient là pour agrémenter les dîners . 

right label: 0	prob: [0.9781206250190735, 0.021879421547055244]	L ' église était complètement différente maintenant : la lumière de le soleil tombait à travers les vitraux , attrap ant la poussière qui flott ait encore dans l ' air et envoyant une chaleur sèche et saine dans les bords de la pièce , à travers la pierre et le béton poudr eux qui avaient été recouverts la nuit dernière par la chair et les lumières cli gnot antes . 

right label: 0	prob: [0.7302435040473938, 0.2697564959526062]	Tu veux rester coincé ici pour le reste de ta vie ? 

right label: 0	prob: [0.7863749265670776, 0.21362508833408356]	Un jeune garçon est sur le dos d ' une autre personne qui porte un chapeau . 

right label: 1	prob: [0.02917175367474556, 0.9708281755447388]	Un chat noir et blanc regarde dans la cuvette de les toilettes . 

right label: 1	prob: [0.2924158275127411, 0.7075842022895813]	Les ingrédients nécessaires pour ce goûter sont une préparation pour gâteau à le chocolat , 3 œufs , 1 / 3 de tasse d ' huile végétale , 1 tasse d ' eau , 1 boîte de sucre en poudre , 1 bâton de mar gar ine , 4 cuillères à soupe de cacao , 1 / 4 de tasse de lait , de les T wi zz lers , de les M & M' s , de les paillettes , de le papier ci ré et de les écor ces d ' amandes à le chocolat blanc . 

right label: 0	prob: [0.9892475008964539, 0.010752562433481216]	En 1946 , les Juifs ne possédaient que 7 % de la Palestine , mais la menace de déplacement était largement perçue par les Arabes . 

right label: 0	prob: [0.9748837947845459, 0.025116244331002235]	La première loi de la ther modyn amique affirme sans équivoque que l ' énergie est toujours conservée et qu ' elle ne peut donc ni se perdre ni se renouveler . 

right label: 1	prob: [0.002082407707348466, 0.9979175925254822]	Dans un four préchauffé à 400 degrés , faites cuire votre zombie pendant 15- 18 minutes . 

right label: 1	prob: [0.04890277609229088, 0.9510971903800964]	Un homme marche tout en utilisant son télé phone portable . 

right label: 0	prob: [0.9244749546051025, 0.07552503794431686]	C ' est de lui qu ' il s ' agissait . 

right label: 1	prob: [0.012480592355132103, 0.987519383430481]	Un enfant blond joue avec un ornement de jardin en métal . 

right label: 1	prob: [0.24045898020267487, 0.7595410346984863]	Bon , je vais aller me coiff er . 

right label: 0	prob: [0.982792317867279, 0.017207663506269455]	Par os et An dro s ont contribué à l ' armement per se , tandis que d ' autres sou tenaient Athènes . 

right label: 0	prob: [0.9455170035362244, 0.05448298156261444]	Fait : L ' enfer , c ' est les autres . 

right label: 0	prob: [0.9753965139389038, 0.024603543803095818]	Ne p th ys nous a conduit dans un couloir qui correspondait à la façade de le bâtiment , un couloir voû té , un intestin nerv ur é , dont les murs noirs avaient un aspect organique inquiétant . 

right label: 0	prob: [0.7639313340187073, 0.23606863617897034]	Mais nous voyons de nouveaux visages . 

right label: 0	prob: [0.9919281005859375, 0.008071919903159142]	Le nouveau juif palestinien , disaient -ils , devait être physiquement plus fort que les commerçants intelli gents qui avaient été piétin és en Europe . 

right label: 1	prob: [0.20798982679843903, 0.7920102477073669]	l ' organisation a déménagé dans de les locaux temporaires près de l ' intersection de les routes en avril pendant que le bâtiment principal subit de les rénovations d ' une valeur de 14, 4 millions de dollars . 335 out of 416