
Uses verb segment ids: yes
Model: flaubert/flaubert_base_cased
Model type: flaubert/flaubert_base_cased
Train set: 3328
Validation set: 416
Test set: 416
transformer.attentions.0.q_lin.bias                           (768,)
transformer.attentions.0.k_lin.weight                     (768, 768)
transformer.attentions.0.k_lin.bias                           (768,)
transformer.attentions.0.v_lin.weight                     (768, 768)
transformer.attentions.0.v_lin.bias                           (768,)
transformer.attentions.0.out_lin.weight                   (768, 768)
transformer.attentions.0.out_lin.bias                         (768,)
transformer.attentions.1.q_lin.weight                     (768, 768)
transformer.attentions.1.q_lin.bias                           (768,)
transformer.attentions.1.k_lin.weight                     (768, 768)
transformer.attentions.1.k_lin.bias                           (768,)
transformer.attentions.1.v_lin.weight                     (768, 768)
transformer.attentions.1.v_lin.bias                           (768,)
transformer.attentions.1.out_lin.weight                   (768, 768)
transformer.attentions.1.out_lin.bias                         (768,)
transformer.attentions.2.q_lin.weight                     (768, 768)
	======== Epoch 1 / 4 ========
Training...
	Batch    40	of	  104.		Elapsed: 0:04:23.
	Batch    80	of	  104.		Elapsed: 0:08:47.
	Average training loss: 0.63
	Training epoch took: 0:11:25
	Running Validation...
	Accuracy: 0.73
	Validation took: 0:00:24
	Confusion matrix:
              precision    recall  f1-score   support

           0       0.72      0.84      0.77       227
           1       0.76      0.60      0.67       189

    accuracy                           0.73       416
   macro avg       0.74      0.72      0.72       416
weighted avg       0.73      0.73      0.73       416

	======== Epoch 2 / 4 ========
Training...
	Batch    40	of	  104.		Elapsed: 0:04:24.
	Batch    80	of	  104.		Elapsed: 0:08:51.
	Average training loss: 0.52
	Training epoch took: 0:11:30
	Running Validation...
	Accuracy: 0.80
	Validation took: 0:00:25
	Confusion matrix:
              precision    recall  f1-score   support

           0       0.81      0.83      0.82       227
           1       0.79      0.76      0.78       189

    accuracy                           0.80       416
   macro avg       0.80      0.80      0.80       416
weighted avg       0.80      0.80      0.80       416

	======== Epoch 3 / 4 ========
Training...
	Batch    40	of	  104.		Elapsed: 0:04:25.
	Batch    80	of	  104.		Elapsed: 0:08:49.
	Average training loss: 0.45
	Training epoch took: 0:11:29
	Running Validation...
	Accuracy: 0.81
	Validation took: 0:00:24
	Confusion matrix:
              precision    recall  f1-score   support

           0       0.78      0.91      0.84       227
           1       0.86      0.70      0.77       189

    accuracy                           0.81       416
   macro avg       0.82      0.80      0.81       416
weighted avg       0.82      0.81      0.81       416

	======== Epoch 4 / 4 ========
Training...
	Batch    40	of	  104.		Elapsed: 0:04:24.
	Batch    80	of	  104.		Elapsed: 0:08:47.
	Average training loss: 0.39
	Training epoch took: 0:11:26
	Running Validation...
	Accuracy: 0.81
	Validation took: 0:00:24
	Confusion matrix:
              precision    recall  f1-score   support

           0       0.79      0.88      0.83       227
           1       0.83      0.72      0.77       189

    accuracy                           0.81       416
   macro avg       0.81      0.80      0.80       416
weighted avg       0.81      0.81      0.81       416

Loaded model succesful. Running testing...
Accuracy: 0.81
Confusion matrix:
              precision    recall  f1-score   support

           0       0.79      0.88      0.83       227
           1       0.83      0.72      0.77       189

    accuracy                           0.81       416
   macro avg       0.81      0.80      0.80       416
weighted avg       0.81      0.81      0.81       416


Wrong predictions:

wrong label: 0	prob: [0.5035321116447449, 0.4964679181575775]	cabines privées - pour les invités les plus importants , nous avons de les lits situés dans de les cabines privées . 

wrong label: 0	prob: [0.5318219661712646, 0.46817803382873535]	Monte . 

wrong label: 1	prob: [0.4045076072216034, 0.5954923629760742]	En refer mant la boîte , il s ' est arrêté près de la porte ouverte et m ' a regardé . 

wrong label: 1	prob: [0.46675899624824524, 0.5332409739494324]	De les groupes de personnes sont dans un parc urbain ou marchent vers le quartier principal . 

wrong label: 1	prob: [0.40479516983032227, 0.595204770565033]	Il sait pour nous . 

wrong label: 0	prob: [0.8023077249526978, 0.19769223034381866]	Je comprends , la police ne porterait pas plainte pour une personne qui a disparu pendant la nuit . 

wrong label: 1	prob: [0.20388585329055786, 0.7961141467094421]	Curtis souri ait et se frott ait les mains , savour ant le coup de grâce . 

wrong label: 0	prob: [0.6352800130844116, 0.364719957113266]	les clients n ' aimer ont jamais une entreprise tant que les employés ne l ' aiment pas d ' abord . 

wrong label: 1	prob: [0.41503435373306274, 0.5849656462669373]	Lorsque le lecteur souhaite approfondir certains sujets , ou lorsque de les questions techniques sont en jeu , la lecture de les ouvrages pertinents cités dans la bibliographie est recommandée . 

wrong label: 1	prob: [0.034594401717185974, 0.9654055833816528]	Une foule se rassemble dans un bar local . 

wrong label: 1	prob: [0.40876978635787964, 0.5912302136421204]	Deux hommes regardent dans les télesco pes solaires . 

wrong label: 0	prob: [0.5928622484207153, 0.40713775157928467]	Une n ageuse portant un costume rose sort de l ' eau d ' une piscine et fait de les éclabou ssures . 

wrong label: 0	prob: [0.8412656188011169, 0.15873432159423828]	inquiet : les agriculteurs craign aient que la forte hausse de les températures cette année n ' entraîne un raccour c issement de la saison de culture de le genre biologique , mais les pluies récentes pourraient l ' aider à poursuivre sa croissance jusqu ' à la fin de le mois de juillet 

wrong label: 0	prob: [0.7864213585853577, 0.21357864141464233]	Les conditions d ' hygiène dans les bidon villes sont catastrophiques . 

wrong label: 0	prob: [0.776161253452301, 0.22383879125118256]	un bun ker secret , nouvellement construit , est situé sous le vaste terrain . 

wrong label: 0	prob: [0.5944055914878845, 0.40559443831443787]	Une vue à la première personne d ' un homme qui regarde la télévision les pieds en l ' air . 

wrong label: 0	prob: [0.7043178677558899, 0.2956821918487549]	Certains messages étaient politiques . 

wrong label: 0	prob: [0.6922760605812073, 0.3077239394187927]	Ça ne te fati gu erait pas ? dit rapidement Des mond . 

wrong label: 0	prob: [0.8209208250045776, 0.17907918989658356]	Des mond dit que c ' est la femme avec qui il vit , n ' est -ce pas terrible , à son âge ! 

wrong label: 0	prob: [0.8751563429832458, 0.12484362721443176]	Je commençais à être très fatigué . 

wrong label: 1	prob: [0.2742108702659607, 0.7257891297340393]	Ce passage , tu te souviens ? 

wrong label: 1	prob: [0.4691549241542816, 0.530845046043396]	Une femme a un tatouage dans le dos . 

wrong label: 0	prob: [0.6457436680793762, 0.35425636172294617]	Une machine agricole bleue tire de les personnes le long de rangées de végétation , tandis que quatre personnes font quelque chose avec la végétation dans les rangées . 

wrong label: 0	prob: [0.7388136982917786, 0.2611863315105438]	Elle détes tait ces escaliers . 

wrong label: 1	prob: [0.3359353244304657, 0.6640647053718567]	Une médecine pour l ' esprit 

wrong label: 1	prob: [0.4697149395942688, 0.530285120010376]	Voy ager à l ' étranger peut être un plaisir ! 

wrong label: 1	prob: [0.2295328825712204, 0.7704671025276184]	" De les demi- paires de chaussettes allon gées dans de les tasses de café à moitié bu es . 

wrong label: 0	prob: [0.6986456513404846, 0.30135440826416016]	Je veux prendre mon badge , sinon si tu le ti res , il va déchirer mon jean . 

wrong label: 0	prob: [0.7574380040168762, 0.242561936378479]	Cette petite poupée avait l ' impression qu ' elle ne pouvait plus continuer . 

wrong label: 0	prob: [0.6461789011955261, 0.3538210391998291]	Il est clair que les questions doivent être telles que l ' on peut s ' attendre à ce que la population concernée les comprenne et y réponde en connaissance de cause . 

wrong label: 0	prob: [0.8282613158226013, 0.17173871397972107]	J ' ai décidé de briser ce schéma . 

wrong label: 0	prob: [0.7836775779724121, 0.2163224071264267]	Cas ey , qui n ' était pas sûre de son avenir , était devenue une grande créatrice de mode à New York . 

wrong label: 0	prob: [0.6293995380401611, 0.3706004321575165]	Je ne l ' ai jamais fait , dit Rose , avec sa vieille énergie . 

wrong label: 0	prob: [0.5923030376434326, 0.407696932554245]	Certains outils à main sont magnifiquement conçus pour s ' adapter à l ' utilisateur , par exemple la faux à deux mains . 

wrong label: 0	prob: [0.9695823192596436, 0.030417652800679207]	Est -ce que Claire est passée ? 

wrong label: 0	prob: [0.8659403324127197, 0.13405968248844147]	Ils devaient être riches , vu la taille de leurs pierres tomb ales . 

wrong label: 0	prob: [0.6686822175979614, 0.3313177824020386]	Ce sont les côtes que mon mari cuisine . 

wrong label: 1	prob: [0.15842187404632568, 0.8415780663490295]	Tout le monde est habillé à les couleurs de mon mariage . 

wrong label: 1	prob: [0.036224115639925, 0.9637758731842041]	Un chien noir participe à une course de chiens . 

wrong label: 1	prob: [0.34835562109947205, 0.6516444087028503]	C ' est Halloween et tous les enfants sont dégu isés . 

wrong label: 1	prob: [0.21080368757247925, 0.7891963720321655]	Un petit garçon en chemise blanche fait de l ' escalade . 

wrong label: 0	prob: [0.8175280690193176, 0.18247199058532715]	Eh bien , je ne vais pas le faire là-dedans . 

wrong label: 0	prob: [0.6929850578308105, 0.3070148825645447]	Un homme portant une casquette noire , une chemise noire à manches longues et un tablier violet est souriant 

wrong label: 0	prob: [0.9275822639465332, 0.07241776585578918]	La vérité est que je n ' ai aucune chance de trouver un emploi . 

wrong label: 0	prob: [0.6031050682067871, 0.3968949019908905]	Deux hommes et une femme sont assis dans une rame de métro . 

wrong label: 1	prob: [0.14115802943706512, 0.8588419556617737]	De les adultes et de les enfants dansent dans une pièce . 

wrong label: 0	prob: [0.990778923034668, 0.009221099317073822]	Il ne l ' attribue certainement pas à un discours où elle n ' a pas été prononcée et , comme indiqué ci-dessus , le faire deux fois n ' aurait aucun sens si Moore était le maître de la tromperie que ses détracteurs prétendent qu ' il est . 

wrong label: 0	prob: [0.701478123664856, 0.29852187633514404]	Par exemple , toute tâche de diagnostic peut être facilitée par une tax onomie de les symptômes et une tax onomie de les causes , ainsi que par les liens entre eux . 

wrong label: 0	prob: [0.9947092533111572, 0.005290779285132885]	Pas seulement parce que c ' était un motif ridi culement in adéquat , mais parce que ce n ' était pas vrai . , 

wrong label: 0	prob: [0.7641340494155884, 0.23586593568325043]	dans son discours , le militaire a assuré les pays de son engagement durable envers la sécurité et la prospérité de la région . 

wrong label: 1	prob: [0.4426524043083191, 0.5573475956916809]	Une maison est en construction . 

wrong label: 0	prob: [0.6823023557662964, 0.3176976442337036]	Papa veut savoir si ces bal ances sont arrivées . 

wrong label: 0	prob: [0.8919870257377625, 0.10801298916339874]	Mais ... bon , personne d ' important ne disparaît jamais , alors ça n ' a pas vraiment d ' importance , n ' est -ce pas ? 

wrong label: 0	prob: [0.5368160009384155, 0.4631839990615845]	L ' homme est souriant et porte un costume . 

wrong label: 0	prob: [0.5529480576515198, 0.4470519423484802]	J ' adore , dit Greg , et il regarde Hil ary aller vers une petite bouilloire sur une plaque chauff ante dans le coin de la pièce et verser de l ' eau bouillante sur un sachet de thé . 

wrong label: 0	prob: [0.6543587446212769, 0.3456413149833679]	Nous étions très proches . 

wrong label: 0	prob: [0.6182212829589844, 0.3817787170410156]	Claire et Amanda ne s ' étaient pas vues depuis dix ans et étaient ravi es de passer de le temps ensemble . 

wrong label: 1	prob: [0.19081729650497437, 0.8091827034950256]	Un joueur de tennis asiatique s ' apprête à frapper la balle . 

wrong label: 0	prob: [0.8874231576919556, 0.11257682740688324]	Mais voyant un regard de sympathie , elle a répondu : Oui , c ' est vrai . 

wrong label: 1	prob: [0.17759518325328827, 0.8224048018455505]	Les photos vont être magnifiques . 

wrong label: 1	prob: [0.19883747398853302, 0.801162600517273]	La réception va être géniale . 

wrong label: 0	prob: [0.7807086110115051, 0.21929141879081726]	Je me suis sentie si bien lorsque mon nom a été appelé et que je me suis dirigée vers l ' avant de la scène pour recevoir mon diplôme . 

wrong label: 0	prob: [0.5127751231193542, 0.48722487688064575]	Pour créer le visage de Pep pa , vous devez réaliser une forme de cœur . 

wrong label: 1	prob: [0.04675024747848511, 0.9532496929168701]	vous l ' utilisez pour faire naviguer un mini ra deau sur la lente et lourde rivière M oth ; 

wrong label: 0	prob: [0.8214352130889893, 0.17856480181217194]	un ami est quelqu' un qui peut voir la vérité et la douleur en vous , même lorsque vous tromp ez tout le monde . 

wrong label: 0	prob: [0.6337533593177795, 0.36624664068222046]	les cow- boys comme lui existent -ils vraiment ? 

wrong label: 0	prob: [0.532120406627655, 0.46787965297698975]	Ils vont seulement se perdre dans les miens . 

wrong label: 1	prob: [0.12931928038597107, 0.8706806898117065]	Deux jeunes hommes exécutent un numéro de danse moderne . 

wrong label: 1	prob: [0.37474387884140015, 0.6252561807632446]	De les gens sont dehors en train de danser lors d ' un événement nocturne tandis que les artistes chantent et jouent de les instruments sur une scène bien éclairée . 

wrong label: 0	prob: [0.9650506377220154, 0.03494936600327492]	Je n ' aime pas l ' attitude de le peuple Emma . 

wrong label: 0	prob: [0.6798365116119385, 0.3201634883880615]	Je ne pouvais pas m ' arrêter sans prendre une dernière photo de les montagnes ennei gées ! 

wrong label: 1	prob: [0.49112609028816223, 0.5088739395141602]	Plusieurs personnes , dont l ' une est à vélo , traversent une rue très fréquentée . 

wrong label: 0	prob: [0.9027738571166992, 0.09722616523504257]	Une aptitude est donc une capacité plus une incl ination ou un intérêt . 

wrong label: 0	prob: [0.8987365365028381, 0.10126346349716187]	Le soir , les routes étaient relativement dégag ées . 

wrong label: 1	prob: [0.48264434933662415, 0.5173556208610535]	Il allait nous donner de les informations précieuses pour elle . 

wrong label: 1	prob: [0.37146905064582825, 0.6285309791564941]	Et les meilleurs acteurs , chanteurs et danseurs de l ' Opéra étaient là pour agrémenter les dîners . 

wrong label: 0	prob: [0.8335987329483032, 0.16640125215053558]	Après minuit , tout le monde se sentait fatigué et étour di . 

wrong label: 0	prob: [0.8589696884155273, 0.14103031158447266]	Dans une étrange juxta position de la réalité , un vieux piano est assis à le coin d ' une rue animée la nuit . 

wrong label: 0	prob: [0.9715193510055542, 0.02848064713180065]	Par définition et inten tionnellement , les rou tines sont inflexi bles . 

wrong label: 0	prob: [0.9051975011825562, 0.09480251371860504]	Il y avait aussi beaucoup de gens qui prê taient serment . 80 out of 416

Right predictions:

right label: 0	prob: [0.989039421081543, 0.010960564017295837]	Mais ce décret n ' avait pas la puissance de le droit civil derrière lui . 

right label: 0	prob: [0.8791003823280334, 0.12089959532022476]	Il est certain que Moore est l ' un de les cinéastes les plus talentueux de les États-Unis aujourd' hui , et que son film méritait pleinement son Oscar . 

right label: 0	prob: [0.8001337647438049, 0.19986620545387268]	C ' était juste une petite installation où quelqu' un avait empil é quelques caisses et apporté quelque chose d ' alcool isé à partager , principalement de la bière . 

right label: 1	prob: [0.034557852894067764, 0.9654421210289001]	Un chien blond est allongé sur le carrelage 

right label: 1	prob: [0.03556063398718834, 0.9644393920898438]	Une personne tient un long ho t- dog devant une boîte d ' animaux en peluche . 

right label: 1	prob: [0.025349972769618034, 0.9746500253677368]	Une femme tient un ours en peluche et sourit . 

right label: 1	prob: [0.12782756984233856, 0.8721723556518555]	Une femme tient un ours habillé comme un soldat britannique . 

right label: 0	prob: [0.9837729334831238, 0.016227083280682564]	C ' est naïf à l ' extrême - Hes ton ne serait pas président de la N RA s ' il n ' était pas tenu à le courant de les cas les plus marquants de violence armée . 

right label: 0	prob: [0.7700809240341187, 0.22991904616355896]	Je ne suis pas sûre d ' être prête à sortir . 

right label: 1	prob: [0.03552931547164917, 0.9644706845283508]	Elle aimait poser et sourire pour l ' appareil photo . 

right label: 1	prob: [0.18554092943668365, 0.8144591450691223]	Il s ' est rapidement famili arisé avec les collègues de la nouvelle entreprise . 

right label: 0	prob: [0.957192063331604, 0.04280791059136391]	Le tout se résu mait à l ' expression d ' une sécurité absolue et à l ' ignorance de toute transgr ession . 

right label: 1	prob: [0.1673978716135025, 0.8326021432876587]	Un alpin iste grimpe à le sommet d ' une montagne ennei gée . 

right label: 0	prob: [0.603544294834137, 0.39645564556121826]	Une petite fille dans un harnais est dans les airs par une journée ensoleillée . 

right label: 1	prob: [0.1144704520702362, 0.8855295181274414]	Une main tient de la nourriture et une boisson est sur la table . 

right label: 1	prob: [0.45720693469047546, 0.5427930951118469]	J ' ai essayé de m ' entraîner à faire de les portraits ces derniers temps . 

right label: 0	prob: [0.931156575679779, 0.06884343177080154]	Mon nom , Jesus Qui les , est juste là . 

right label: 0	prob: [0.9661412239074707, 0.03385882079601288]	Arthur essayait de mesurer la vitesse à laquelle ils voyage aient , mais le noir extérieur était absolu et il n ' avait aucun point de référence . 

right label: 1	prob: [0.05029438063502312, 0.9497056007385254]	Une femme fum ant une cigarette joue de la guitare . 

right label: 1	prob: [0.16419704258441925, 0.8358029127120972]	vous êtes-vous déjà demandé à quoi ressemble la maison blanche pendant les vacances ? 

right label: 1	prob: [0.08422357589006424, 0.9157764315605164]	La femme lit un livre dans la bibliothèque . 

right label: 0	prob: [0.9187731146812439, 0.08122686296701431]	Dans les régions pauvres , le commerce très rentable de la drogue est souvent considéré comme le dernier recours . 

right label: 0	prob: [0.9515756964683533, 0.04842432588338852]	Concernant l ' extrait de le site de la N RA sur l ' affaire et le sur lign age de la phrase 48 heures après que Kay la Rolland ait été déclarée morte : 

right label: 0	prob: [0.9465674161911011, 0.0534326545894146]	J ' étais maintenant l ' un d ' entre eux . 

right label: 0	prob: [0.9663574695587158, 0.03364256024360657]	On pourrait dire que je suis plus différent que différent . 

right label: 0	prob: [0.9497897624969482, 0.05021021142601967]	Par une coïncidence extraordinaire , le jour suivant , il y avait deux rapports dans le journal , l ' un concernant les incidents les plus étonnants avec une sou coupe vol ante , et l ' autre sur une série d ' émeutes incon ven antes dans les pubs . 

right label: 0	prob: [0.8752431869506836, 0.1247568428516388]	Jé hu se rendit alors à Je z réel où résidait la vieille re ine- mère , Jé z abel . 

right label: 1	prob: [0.18675930798053741, 0.8132407069206238]	comment se battre si l ' on est arrêté à un feu rouge 

right label: 1	prob: [0.22375372052192688, 0.7762463092803955]	Un homme portant un chapeau de cow- boy monte un cheval brun . 

right label: 0	prob: [0.58150714635849, 0.41849285364151]	Il m ' a fallu une trentaine de secondes pour choisir le sandwich à le poulet Charles ton : poitrine de poulet mar inée et grill ée sur un pain à le lev ain avec de le hav ar ti fondu , de la lai tue romaine et de la mayonnaise à les cann e berges . 

right label: 1	prob: [0.1279555857181549, 0.8720444440841675]	Un groupe de personnes hab illées professionnellement à l ' extérieur . 

right label: 0	prob: [0.985116183757782, 0.014883876778185368]	Cependant , la ville étant divisée par de les fortifications et de les fils barbel és , aucun pèler in israélien ou juif n ' a été autorisé à visiter le Mur occidental ou d ' autres sites juifs à Jérusalem-Est . 

right label: 0	prob: [0.8919000625610352, 0.10809993743896484]	En un clin d ' oeil à la lumière str ob oscopique , il était sur ses pieds et se précipi tait hors de la pièce . 

right label: 1	prob: [0.16467249393463135, 0.8353275060653687]	un joueur de football a échangé de les maillots signés en été lorsque l ' intérêt était 

right label: 0	prob: [0.9650044441223145, 0.03499551862478256]	Nous ne nous souci ons pas d ' être les derniers et nous ne nous souci ons pas qu ' il n ' y ait plus d ' étoiles . 

right label: 0	prob: [0.5027548670768738, 0.4972451329231262]	Je veux voir à quoi ressemble une pierre magique . 

right label: 1	prob: [0.07329614460468292, 0.9267038702964783]	mais 4 écr ous sur vos 4 boul ons comme le montre l ' image . 

right label: 0	prob: [0.6192167401313782, 0.38078323006629944]	Elle prit une gor gée de sa boisson , de l ' eau plate car , avait -elle expliqué plus tôt , elle n ' avait jamais aimé le goût de l ' alcool , puis fix a son regard sur moi . 

right label: 0	prob: [0.9140859842300415, 0.0859140083193779]	Il est toutefois peu probable que les attaques injustes dont il fait l ' objet aient un impact significatif . 

right label: 1	prob: [0.40842536091804504, 0.5915746688842773]	J ' ai rencontré certains de les coureurs . 

right label: 0	prob: [0.6544469594955444, 0.34555310010910034]	Un homme en chemise rouge tient deux animaux écor chés morts sur une table , avec une scie à proximité et un couteau à la main . 

right label: 1	prob: [0.2596288025379181, 0.7403711676597595]	Un homme en costu me- cravate et chapeau tient un pistolet . 

right label: 0	prob: [0.9724813103675842, 0.027518773451447487]	Il était naturel qu ' une petite ville ho d za ne puisse maintenir ce qu ' un Grand V ez ir avait fondé et que les événements historiques avaient condamné à le désastre . 

right label: 0	prob: [0.9367206692695618, 0.06327934563159943]	Mais si jamais tu vois une fée , dis- lui que tu es de le sang d ' Ivan Bog aty ri vitch et elle ne te laissera pas passer si vite . 

right label: 1	prob: [0.0007243141299113631, 0.9992757439613342]	Mettez l ' ail , le basilic , les câ pres et le jus de citron dans un mix eur avec environ une demi- tasse d ' huile d ' olive et commencez à mixer . 

right label: 1	prob: [0.07073402404785156, 0.9292659163475037]	Il y a plusieurs verres de vin vides sur la table . 

right label: 0	prob: [0.974217414855957, 0.025782663375139236]	Une grande partie de la meilleure architecture islamique de la ville a été construite à l ' époque mam el ou ke , mais les mille dernières années ont fait de les ravages : Jérusalem n ' a pas pu retrouver la prospérité dont elle avait bénéficié auparavant . 

right label: 0	prob: [0.978986918926239, 0.021013109013438225]	Quand votre vie , la raison pour laquelle vous avez vécu , les gens , les visages , les lieux , les émotions que vous avez ressenti es , les personnes et les choses que vous avez aim ées , quand tout cela aura disparu , qu ' est -ce qu ' il vous restera ? 

right label: 0	prob: [0.9303200840950012, 0.06967984884977341]	La reine Hélène , une chrétienne fer vente et la mère de l ' empereur Constantin le Grand , a fait un pèlerinage en Terre Sainte en 3 26 pour identifier les sites associés à la vie de Jésus . 

right label: 0	prob: [0.8880829811096191, 0.11191704869270325]	Dans une main , je tenais en équilibre mon assiette de cr ack ers en forme d ' étoile , de boules de tremp ettes et de garni tures élégantes , de petites boules rou lées de viandes et de fromages traversées par de les tiges d ' une plante vert pâle , et un ensemble d ' autres petites choses délec tables . 

right label: 0	prob: [0.9192848801612854, 0.0807151272892952]	Et bien que cette pensée eût dû être douloureuse , l ' avocat était cal mé par la certitude que personne ne s ' affli gerait . 

right label: 0	prob: [0.9632806181907654, 0.036719389259815216]	Ceux d ' entre nous qui vivent en permanence dans ce monde ont tendance à s ' installer dans de les endroits comme celui-ci , où la population humaine est si écrasante qu ' on ne les remarque pas dans le bon coin , avec les bons sorts de protection ... 

right label: 0	prob: [0.9845885634422302, 0.015411457978188992]	Vos accusations de coupures in appropriées sont une fois de plus totalement in fondées . 

right label: 0	prob: [0.9715430736541748, 0.02845688723027706]	Ses yeux étaient rouges et il avait dénu dé une série de cro cs qui auraient pu m ' arracher la main . 

right label: 1	prob: [0.057274699211120605, 0.9427253007888794]	Nous avons profité de le reste de la journée à le bord de la plage en regardant le coucher de le soleil . 

right label: 0	prob: [0.971059262752533, 0.02894069440662861]	Je ne sais pas comment Jeff erson a su que je me trouvais là . 

right label: 0	prob: [0.9558976888656616, 0.04410236328840256]	La seule chose que l ' on savait . 

right label: 1	prob: [0.057903990149497986, 0.9420960545539856]	Faites une fente verticale dans l ' une de les olives Jum bo , ce sera le corps , que vous far ci rez de fromage frais . 

right label: 0	prob: [0.9917138814926147, 0.008286086842417717]	Constantinople a été prise par les forces de les Cro isés en 120 4 , qui ont dépouillé la ville de nombre de ses plus beaux trésors - qui or nent aujourd' hui les bâtiments publics de Venise - bien qu ' un important lot de livres et de manuscrits ait été transféré à le monastère de Pat mos avant la chute de la ville . 

right label: 0	prob: [0.8470471501350403, 0.15295280516147614]	Hé , j ' ai dit , tu es sûr qu ' on devrait aller par là ? 

right label: 1	prob: [0.06090428680181503, 0.9390957355499268]	Faites - en un autre si vous l ' aimez ! ! ! 

right label: 0	prob: [0.9943106174468994, 0.005689374636858702]	A l ' époque , Jérusalem était un bastion can an éen situé sur une route commerciale secondaire , bien moins important que les villes bibliques telles que Haz or , Me gi d do , B eth She an et Si che m . 

right label: 0	prob: [0.7891577482223511, 0.21084226667881012]	Tous les mets raffinés et les éclairages décoratifs , il fallait un prix exorbi tant pour les entretenir . 

right label: 1	prob: [0.027602504938840866, 0.97239750623703]	Un surf eur chev auche une vague sur sa planche de surf . 

right label: 0	prob: [0.6808986067771912, 0.3191014230251312]	Je me suis assis de côté dans le fauteuil , les pieds pend us à un bras , le cou reposant contre l ' autre , traçant dis traitement de les lignes invisibles entre les étoiles à l ' extérieur de ma fenêtre pendant que je ru min ais la situation . 

right label: 1	prob: [0.3074609041213989, 0.6925390958786011]	Elle a lutté pour se lever et l ' accompagner jusqu ' à la porte . 

right label: 0	prob: [0.9034194946289062, 0.09658044576644897]	Régi on alis me Dès ses premiers jours , la vallée de Mah oning a été une région remplie de petits villages et hameaux . 

right label: 0	prob: [0.5999069213867188, 0.40009304881095886]	Alors , quelle est notre cargaison , hein , capitaine ? 

right label: 1	prob: [0.2904823422431946, 0.7095177173614502]	le plus important est de s ' assurer que la taille de le costume est adaptée à votre morphologie . 

right label: 0	prob: [0.8460586667060852, 0.1539413332939148]	Un homme et une femme sont dans un bus . 

right label: 0	prob: [0.7501482367515564, 0.2498517632484436]	Sa cr inière est si cool . 

right label: 0	prob: [0.9874681234359741, 0.012531913816928864]	Une nouvelle école d ' historiens juifs est plus critique à l ' égard de les bouleversements causés par l ' acquisition de terres par les Juifs , et conclut que cela n ' a pas toujours été juste . 

right label: 1	prob: [0.2764038145542145, 0.7235962152481079]	Essayez de comprendre les gens avant de leur faire confiance . 

right label: 1	prob: [0.010848339647054672, 0.9891515970230103]	un réalisateur assiste à la cérémonie de remise d ' une étoile à un acteur . 

right label: 0	prob: [0.8409408926963806, 0.15905910730361938]	Une femme en vêtements noirs est dans une cuisine , en train de râ per de le fromage . 

right label: 0	prob: [0.9730519652366638, 0.026948055252432823]	Ce que l ' étranger pen sera , c ' est qu ' un homme qui peut faire de le stop à travers la galaxie , la rendre difficile , l ' en can ailler , lutter contre de terribles obstacles , gagner , et qui sait toujours où se trouve sa serviette est clairement un homme avec lequel il faut compter . 

right label: 0	prob: [0.8581464290618896, 0.14185352623462677]	Il nous a conduits à la porte d ' un bâtiment ressemblant à une pag ode courte surmontée d ' une enseigne montrant un visage à les mains levées , comme un saint sous la lumière de Dieu , et men ot tés . 

right label: 0	prob: [0.9521397352218628, 0.047860246151685715]	Son taux de change de huit N ing is pour un P u est assez simple , mais comme un N ing i est une pièce triangulaire en caoutchouc de six mille huit cents milles de côté , personne n ' a jamais rassemblé assez de pièces pour posséder un P u . 

right label: 0	prob: [0.9901798963546753, 0.009820128791034222]	Après avoir vu mon vaisseau se déchirer , après avoir passé vingt-trois bonnes heures à flotter en silence dans l ' épave , après m ' être demandé si je faisais face à les étoiles de la const ellation de la Balance ou de la const ellation d ' Ori on vues de la Terre , après m ' être demandé ce que je ressent ais en suff o quant et après avoir eu le sentiment que oui , j ' allais mourir seul dans l ' espace , il m ' a fallu de le temps pour que ce sentiment se dissi pe . 

right label: 0	prob: [0.9641559720039368, 0.03584408015012741]	Cela ressemble plus à une correction ultérieure à de les fins de relations publiques , mais bien sûr , personne ne remet en question les déclarations de la banque lorsqu ' elles peuvent être utilisées contre Moore . 

right label: 0	prob: [0.5994468331336975, 0.4005531668663025]	La chaîne de la corde s ' en roule sur mes genoux . 

right label: 0	prob: [0.7376090288162231, 0.26239094138145447]	Cela fait plus d ' une semaine , et je veux danser . 

right label: 1	prob: [0.19545979797840118, 0.8045401573181152]	Le cla quement de la porte résonne dans toute la maison . 

right label: 1	prob: [0.047799479216337204, 0.9522005915641785]	Roul ez - les en boules de la taille d ' une bouchée ( la taille de les boules dépend de la quantité que vous voulez faire ) . 

right label: 0	prob: [0.9228313565254211, 0.07716863602399826]	Il s ' est él ancé vers un escalier encastr é dans le mur , et nous avons couru après lui , en montant un énorme escalier qui semblait avoir plus d ' étages que le bâtiment ne pouvait en contenir . 

right label: 0	prob: [0.8688386082649231, 0.1311614066362381]	Alors , un camarade a demandé , Donner sa vie pour un autre être est le don ultime ? 

right label: 1	prob: [0.0038243960589170456, 0.9961755275726318]	un artiste country donne un concert surprise pendant le festival 

right label: 0	prob: [0.9936918020248413, 0.0063081709668040276]	Notre héritage ancien et notre physiologie même nous disent que le sexe est naturel - une voie privilégiée vers l ' épanouissement spirituel - et pourtant la religion moderne le déc rie comme honteux , nous apprenant à craindre notre désir sexuel comme la main de le diable . 

right label: 0	prob: [0.9260600805282593, 0.07393988966941833]	Pendant les 19 années suivantes , Jérusalem était deux villes . 

right label: 0	prob: [0.9632061719894409, 0.036793775856494904]	Il est maintenant bien documenté que la CIA a toléré la vente de cr ack dans les villes américaines pour financer les opérations de les contr as sud- américains 

right label: 1	prob: [0.10507062822580338, 0.8949293494224548]	J ' ai aussi pu passer de le temps avec le chat . 

right label: 0	prob: [0.9690770506858826, 0.03092290833592415]	La question de la vente de les terres est depuis longtemps un sous- thème de la lutte entre Juifs et Arabes . 

right label: 0	prob: [0.9402156472206116, 0.05978431925177574]	Mais Ron deau n ' a pas tenu compte de l ' avertissement . 

right label: 0	prob: [0.9191300868988037, 0.0808698758482933]	Ils ont rempli la sou te à bagages de deux valises d ' effets personnels , de deux sacs de nourriture et d ' une couverture rou lée dans une housse à carreaux fraîche avec un oreiller - après tout , selon elle , ils ne pouvaient pas dormir dans la même que cette pauvre fille ... 

right label: 1	prob: [0.08485489338636398, 0.9151450991630554]	Maintenant , mettez le tout dans le congélateur pour qu ' il soit congel é . 

right label: 1	prob: [0.4970491826534271, 0.5029507279396057]	Nous pourrions juste nous asseoir et collecter les loyers d ' un nombre toujours plus réduit de locataires . 

right label: 1	prob: [0.06008397042751312, 0.9399160742759705]	En vous assurant qu ' elles sont encore chaudes , remplissez un mix eur ou un robot de cuisine avec les cacahu ètes grillées . 

right label: 1	prob: [0.05661725252866745, 0.9433826804161072]	Dans un bol , verser 1 / 2 tasse d ' eau bouillante et 1 / 2 tasse d ' eau froide Ajouter 1 cuillère à café de sucre à l ' eau et remuer Ajouter 1 cuillère à soupe de levure à l ' eau , remuer et laisser reposer 10 minutes ( une mousse doit se former à la surface de l ' eau ) . 

right label: 0	prob: [0.9165890216827393, 0.08341102302074432]	Nous , et de les milliers d ' autres comme nous , vivons séparément depuis qu ' il y a une société humaine , dit mon chauffeur . 

right label: 0	prob: [0.9795852899551392, 0.020414669066667557]	En fait , cela a fait naître l ' espoir chez les travailleurs sans qu ' il y ait une réelle chance de sauver quoi que ce soit . 

right label: 0	prob: [0.9425807595252991, 0.05741921812295914]	La fille était aussi douce et rose que l ' éclat de les pierres , et elle était vêtue d ' une robe blanche attachée à la taille par une ceinture comme un noeud celtique . 

right label: 0	prob: [0.9869144558906555, 0.013085544109344482]	Ou encore , il pouvait s ' agir d ' une de ces étranges incitations qui surg issaient de temps à autre de cette zone sombre de son esprit qu ' il avait in explic ablement verrou illée avant de devenir président de la galaxie . 

right label: 1	prob: [0.15860413014888763, 0.8413958549499512]	c ' est un bain de salade . 

right label: 0	prob: [0.9335847496986389, 0.06641531735658646]	La brume bleue semblait s ' arrêter juste à côté de sa pâ leur , mettant en valeur son visage frappant sans en illumin er les détails , et ses poignets étincel aient de blancheur dans l ' obscurité . 

right label: 0	prob: [0.5997835993766785, 0.40021634101867676]	Notre cuisine rend hommage à notre amour de les traditions de le Sud à table , mais , comme les bonnes gens d ' Ash eville , elle marche à son propre rythme . 

right label: 1	prob: [0.02579125016927719, 0.9742087721824646]	La personne sur une moto roule sur la plage . 

right label: 0	prob: [0.9498276710510254, 0.05017230659723282]	En quelques minutes , nous étions de retour à la première porte à laquelle nous avons frappé dans cette ville et D vor ov lui-même nous accueillait . 

right label: 0	prob: [0.990347146987915, 0.009652823209762573]	Les gens s ' accro chaient à de vagues idées de collecti vis ation de les travailleurs , mais personne ne pouvait vraiment comprendre comment cela fonctionn erait exactement ; les habitants de You ng sto wn n ' étaient , après tout , pas particulièrement familiers avec le socialisme ou la collecti vis ation en général . 

right label: 0	prob: [0.9774222373962402, 0.022577743977308273]	L ' a pathie de l ' US W A United Steel Wor kers of America était le syndicat qui représentait les travailleurs de l ' acier de You ng sto wn à le moment de les fermetures . 

right label: 0	prob: [0.7743020057678223, 0.22569802403450012]	Je me sens encore un peu étour di . 

right label: 0	prob: [0.981652557849884, 0.018347468227148056]	C ' est une généralisation erronée . 

right label: 0	prob: [0.9690988659858704, 0.030901087448000908]	Il promet un État moderne à son peuple , mais la situation devenant explosive , de les troubles civils éclatent dans les villes turques et les personnes considérées comme grecques sont victimes de menaces et de violences . 

right label: 0	prob: [0.9786900877952576, 0.02130991965532303]	Je ne savais pas comment ils pouvaient manquer de les traits si exotiques , même dans cette lumière dé for mante . 

right label: 0	prob: [0.985068142414093, 0.01493186503648758]	J ' ai été surpris à l ' époque que vous par don ni ez si facilement mes fausses accusations contre les Spa c ers , alors que vous m ' aviez auparavant ser m onné sur leur sensibilité . 

right label: 1	prob: [0.3081791400909424, 0.6918208599090576]	Une femme tient un parapluie blanc par une nuit noire . 

right label: 0	prob: [0.5233614444732666, 0.4766385555267334]	Elle a de le bon sang sous les joues . 

right label: 1	prob: [0.010540430434048176, 0.9894596338272095]	une personne va finalement jusqu ' à le bout 

right label: 1	prob: [0.038232047110795975, 0.9617679119110107]	Le chat est assis patiemment sur le banc de le piano . 

right label: 0	prob: [0.9624311923980713, 0.037568848580121994]	Je vous aurais juré qu ' il était mort . 

right label: 0	prob: [0.8813799023628235, 0.11862009763717651]	Une femme en chemise rouge est sous une couverture et dort dans un véhicule . 

right label: 0	prob: [0.9690887928009033, 0.03091123141348362]	Ils tombaient maintenant ensemble , ce qui était très gentil et romantique , mais ne résol vait pas le problème de base , qui était qu ' ils tombaient , et que le sol n ' attendait pas de voir s ' il avait d ' autres tours dans son sac , mais venait à leur rencontre comme un train express . 

right label: 0	prob: [0.9649032354354858, 0.03509680554270744]	En ce qui concerne son apparence physique , il suffit de dire que Doy le était assez vi ril pour les tâches qu ' il s ' était fixées , robuste , athl étique , sans vanité , mais pas au-dessus d ' un pinc ement conditionné de la honte s ' il rencontrait de les supérieurs sociaux alors qu ' il portait de les man chettes ou un col effi lo chés par ses limites financières . 

right label: 1	prob: [0.41399848461151123, 0.5860015153884888]	Je vous le li rai plus tard et vous dirai exactement ce qui se passe . 

right label: 0	prob: [0.9937618374824524, 0.006238139700144529]	Cependant , le résultat de leurs arguments est toujours le même et témoigne de leur sagesse : après chaque conflit , les Grecs et les Arméniens demandent de les temples séparés . 

right label: 1	prob: [0.022244811058044434, 0.9777552485466003]	Un chien court avec un jouet dans sa gueule . 

right label: 0	prob: [0.9920216202735901, 0.007978357374668121]	Qu ' il me suff ise de dire que je n ' ai pas perçu la moindre trace de modestie chez cette belle jeune fille à peine formée que la mixité moderne , les mœurs juvéni les , le vac arme de les feux de camp , etc. avaient complètement et irrémédiablement dé pr av ée . 

right label: 1	prob: [0.0945124477148056, 0.905487596988678]	De nombreuses personnes marchent et participent à un défilé . 

right label: 1	prob: [0.2082931399345398, 0.791706919670105]	Deux personnes s ' affrontent dans un match d ' arts martiaux . 

right label: 1	prob: [0.34322986006736755, 0.6567701697349548]	je veux ce texte , avec un arbre dans la chambre de mon fils . 

right label: 0	prob: [0.9731615781784058, 0.026838401332497597]	A l ' intérieur , l ' espace s ' ouvrait sur une large chambre carrée , avec de les miroirs et si sombre qu ' elle aurait pu être de n ' importe quelle taille . 

right label: 1	prob: [0.18778029084205627, 0.8122196793556213]	consacré : la veille de la grande annonce , le couple a été vu avec ses enfants en train de se promener près de leur maison . 

right label: 0	prob: [0.9633923768997192, 0.03660757839679718]	Car même les meilleures qualités d ' une personne ne peuvent être appréciées à leur juste valeur que si elles nous sont présentées d ' une manière conforme à nos propres opinions et inclin ations . 

right label: 0	prob: [0.9142376780509949, 0.08576226979494095]	L ' écran lumineux fourni m ' avait informé de la date et de le lieu de les repas officiels , mais je n ' avais pas pris la peine de répondre à les invitations . 

right label: 1	prob: [0.01904533989727497, 0.980954647064209]	un homme est debout sur un sk ate board dans une rue 

right label: 0	prob: [0.9557445049285889, 0.04425545781850815]	Moi , j ' ai suivi l ' exemple d ' Adri enne et je n ' ai rien dit ( je me suis inventé de les excuses pour rester en sécurité dans le mode d ' observation " g ath er- info " ) . 

right label: 0	prob: [0.537783145904541, 0.462216854095459]	S ' il vous plaît , si nous pouvions le voir , nous vous en serions très reconnaissants . 

right label: 1	prob: [0.04757901281118393, 0.9524210095405579]	Ré fri gérer l ' écorce jusqu ' à ce qu ' elle soit complètement dur cie . 

right label: 0	prob: [0.986004650592804, 0.013995352201163769]	Le jaune de ce ciel n ' était pas seulement de le smo g : il était d ' une noirceur pes ante et sanglante . 

right label: 0	prob: [0.9900847673416138, 0.009915200062096119]	En 1946 , les Juifs ne possédaient que 7 % de la Palestine , mais la menace de déplacement était largement perçue par les Arabes . 

right label: 0	prob: [0.9873759746551514, 0.012623974122107029]	J ' ai réalisé que Rachel avait disparu sans laisser d ' indice et que je ne pouvais rien faire d ' autre qu ' attendre qu ' elle se manifeste - ce qui , si elle était dans une situation où je devrais faire quelque chose , ne serait probablement jamais . 4 

right label: 1	prob: [0.09696973860263824, 0.9030302166938782]	personne , a déménagé et vient certains vendredis soirs pour rencontrer de nouvelles personnes . 

right label: 1	prob: [0.3000987768173218, 0.6999012231826782]	Elle se dé tend en espérant que le repos guéri ra son corps . 

right label: 0	prob: [0.8496835827827454, 0.15031641721725464]	a demandé Adri enne , en utilisant la formulation de Sarah . 

right label: 0	prob: [0.9556158185005188, 0.04438414424657822]	Une fois - c ' était dans les années trente - il m ' a dit avec un certain embarras que les femmes ne sont jamais tout à fait elles-mêmes , ou , pour le dire cr ûment , qu ' elles sont toujours en train de faire semblant et de prendre de les attitudes . 

right label: 1	prob: [0.3030076324939728, 0.6969923973083496]	Rien de le tout , dit Greg en sortant par la porte d ' entrée . 

right label: 0	prob: [0.993676483631134, 0.006323538720607758]	Les lois inexor ables de la mécanique céleste avaient décrété que l ' En de av our était le premier , et le dernier , de tous les vaisseaux de l ' Homme qui entr eraient en contact avec R ama . 

right label: 1	prob: [0.4308309257030487, 0.5691691040992737]	Un homme blond chante passionn ément dans le microphone . 

right label: 1	prob: [0.24906222522258759, 0.7509377598762512]	J ' ai passé un bon moment là-bas . 

right label: 0	prob: [0.7404434084892273, 0.2595566213130951]	Les be ys et les ay ans se lev èrent et prirent congé en silence , heureux d ' être en vie et aussi perpl exes que s ' ils avaient assisté à un spectacle de pres tidi gi tation . 

right label: 1	prob: [0.43706971406936646, 0.5629303455352783]	Tout le monde semble s ' intéresser à lui ces derniers temps . 

right label: 1	prob: [0.12321820855140686, 0.8767817616462708]	une fan montre sa déception alors que la personne était bouleversée le samedi soir . 

right label: 1	prob: [0.11015553772449493, 0.8898444175720215]	Un homme est assis sur le bord de la route à un stand de fruits . 

right label: 0	prob: [0.899874746799469, 0.1001252681016922]	Elle a soudain repris sa manière de parler , celle qu ' il associ ait à leur conversation téléphonique : l ' Herzégovine était paci fiée . 

right label: 0	prob: [0.6259344220161438, 0.3740656077861786]	Voilà ce qui arrive quand on n ' utilise pas de mercenaires . 

right label: 1	prob: [0.03539092838764191, 0.9646090865135193]	détendu : une personne a passé son bras autour de l ' épaule de le modèle . 

right label: 0	prob: [0.9552367329597473, 0.04476328566670418]	J ' ai appuyé mes jambes contre le sol en pierre et il était sur moi . 

right label: 1	prob: [0.0609501488506794, 0.9390497803688049]	Les enfants se sont amus és à jouer ensemble . 

right label: 0	prob: [0.9505146145820618, 0.04948534071445465]	Ess ayer de soutenir les usines d ' une ville était impossible face à la dépression qui s ' est étendue à toute l ' industrie . 

right label: 0	prob: [0.976830005645752, 0.023169927299022675]	Les pommes de terre étaient légères et non grasses ; 

right label: 0	prob: [0.8678052425384521, 0.13219483196735382]	Mon chauffeur a tourné à nouveau à côté d ' un vieil entrepôt dans lequel j ' ai peut-être été une fois lorsque Mit ch nous a emmenés à une r ave en deuxième année . 

right label: 1	prob: [0.00312223844230175, 0.9968777894973755]	une façon naturelle de recycler les déchets alimentaires - les donner à les poules 

right label: 0	prob: [0.6004303693771362, 0.39956963062286377]	Le calme de la pièce y a contribué , tout comme la vue . 

right label: 0	prob: [0.9445902109146118, 0.05540985241532326]	L ' ob sidi enne est une roche volcanique dure et vitr euse , qui pouvait être faç onnée en outils de coupe et de poign ard age . 

right label: 0	prob: [0.9178739786148071, 0.08212604373693466]	Z h eng avait l ' air sceptique . 

right label: 0	prob: [0.9726030826568604, 0.027396932244300842]	Les Ott om ans ont apporté de nouvelles influences à les îles qu ' ils contrô laient , formant un vaste empire qui s ' étendait autour de la Méditerranée orientale . 

right label: 0	prob: [0.7514745593070984, 0.248525470495224]	Après un moment , Ray a dit , je ne pense pas . 

right label: 1	prob: [0.16436542570590973, 0.8356345891952515]	Ils ont continué à prendre de les photos ensemble devant d ' autres sites historiques . 

right label: 0	prob: [0.5059908628463745, 0.4940091371536255]	De nombreuses personnes sont dehors et regardent les patin eurs sur glace . 

right label: 1	prob: [0.1553250253200531, 0.8446749448776245]	-S avou rez ces ti kk is avec de le ket chu p . 

right label: 0	prob: [0.9870365858078003, 0.012963336892426014]	Ces personnes ne ressentent pas le besoin d ' exprimer leur sympathie , ni de réfléchir à de les moyens d ' éviter de tels incidents , mais elles ressentent le besoin d ' affirmer leurs droits et de chercher de les réponses rapides et simples - comme le dit Bus ch , les propriétaires d ' armes à feu voulaient pendre [ l ' enfant ] à l ' arbre le plus haut . 

right label: 0	prob: [0.9700132608413696, 0.029986727982759476]	A ceux qui disaient qu ' ils avaient le sentiment que le savon ne se trouvait pas dans les mines , le Capitaine s ' était risqué à suggérer que c ' était peut-être parce que personne n ' avait assez cherché , et cette possibilité avait été reconnue à contrec œur . 

right label: 0	prob: [0.9329113960266113, 0.0670885369181633]	Il reste à voir si cela se produira un jour , mais l ' aide offerte par la Grèce à la Turquie après le tremblement de terre dévastateur de 1999 est peut-être un signe que l ' anim osité entre ces deux ennemis traditionnels commence à diminuer . 

right label: 0	prob: [0.8575606942176819, 0.1424393504858017]	Je me suis demandé si la nourriture livrée dans mes quartiers ces derniers jours avait été aussi incroyable . 

right label: 0	prob: [0.9821880459785461, 0.01781192049384117]	En 15 66 , ils arra chent Chi os à les Gén ois , renforçant ainsi leur mainmise sur les îles orientales de la mer É gée , mais les Cycl ades restent à les mains de les V éni tiens pendant une autre génération ou plus - Tin os est la dernière à tomber en 17 15 . 

right label: 0	prob: [0.8791402578353882, 0.12085967510938644]	Un matériau ancien important , l ' ob sidi enne , a été découvert sur l ' île de Mil os . 

right label: 0	prob: [0.8983206152915955, 0.10167930275201797]	On m ' empois onne , mais on ne sait pas que je ... si je ... 

right label: 1	prob: [0.13239087164402008, 0.8676091432571411]	De les gens regardent un homme jouer à un jeu vidéo de boxe dans un immeuble . 

right label: 1	prob: [0.10958448052406311, 0.8904154896736145]	Une bouteille de Fran ks Red Hot Buffalo Sau ce est parfaite pour cette recette ! 

right label: 1	prob: [0.06510181725025177, 0.9348981976509094]	Un policier est assis sur une moto . 

right label: 1	prob: [0.026301072910428047, 0.9736989140510559]	un conférencier présente un documentaire dans une galerie d ' art de la banlieue tranquille . 

right label: 0	prob: [0.618721604347229, 0.3812783658504486]	Madame , je dois tenir compte de sa santé . 

right label: 1	prob: [0.11058689653873444, 0.889413058757782]	La famille prenant quelques verres avant notre barbecue annuel est toujours un bon souvenir . 

right label: 0	prob: [0.9874831438064575, 0.01251690648496151]	Cependant , même ces ré visionn istes conviennent que les Juifs n ' avaient pas l ' intention d ' expulser les musulmans de Palestine . 

right label: 1	prob: [0.23772558569908142, 0.7622743844985962]	On a eu de la dinde ce soir . 

right label: 1	prob: [0.1786070615053177, 0.8213928937911987]	Le chien est assis à l ' arrière de la voiture . 

right label: 0	prob: [0.9659468531608582, 0.03405318409204483]	Et si ce n ' est pas un can ul ar , alors je suis directement impliqué et eux aussi , ce qui me donne le droit de parler avec eux . 

right label: 1	prob: [0.12741149961948395, 0.8725885152816772]	L ' avion de ligne est montré devant le hangar après son arrivée . 

right label: 1	prob: [0.0012611930724233389, 0.9987388253211975]	Placez le ham burger dans une casserole avec 1 / 3 de tasse d ' eau , assais onnez avec de le sel et de le poivre . 

right label: 1	prob: [0.4960730969905853, 0.5039268136024475]	Je dis , tu veux une autre bière ? 

right label: 0	prob: [0.9901798963546753, 0.009820128791034222]	Après avoir vu mon vaisseau se déchirer , après avoir passé vingt-trois bonnes heures à flotter en silence dans l ' épave , après m ' être demandé si je faisais face à les étoiles de la const ellation de la Balance ou de la const ellation d ' Ori on vues de la Terre , après m ' être demandé ce que je ressent ais en suff o quant et après avoir eu le sentiment que oui , j ' allais mourir seul dans l ' espace , il m ' a fallu de le temps pour que ce sentiment se dissi pe . 

right label: 0	prob: [0.9326338768005371, 0.06736613065004349]	Elles ont toujours été ma partie préférée de les mythes grecs que j ' ai lus à l ' école primaire . 

right label: 1	prob: [0.09140772372484207, 0.9085922837257385]	la recherche biomédi cale comporte de nombreux murs angulaires . 

right label: 0	prob: [0.9764428734779358, 0.023557156324386597]	L ' origine de le navire et la raison pour laquelle Jeff erson m ' a sauvé avaient -elles vraiment de l ' importance , si maintenant , j ' étais content ? 

right label: 0	prob: [0.9265422821044922, 0.07345769554376602]	Quelle est notre destination ? 

right label: 0	prob: [0.9486441612243652, 0.05135588347911835]	L ' univers tel que nous le connaissons ne sera plus le même . 

right label: 0	prob: [0.9326242208480835, 0.06737576425075531]	Maintenant , pouvez -vous me dire quel sera votre plan d ' attaque avant que nous ne tour ni ons dans le sens inverse de les aiguilles d ' une montre dans un roman d ' Anne Rice ? 

right label: 1	prob: [0.0007844846695661545, 0.9992154836654663]	Pour faire la pâte 1 tasse de farine tout usage / Mai da 1 tasse d ' eau 1 cuillère à soupe de sucre 1 cuillère à soupe d ' huile végétale 1 / 2 cuillère à café de sel Pour faire les Chur ros Huile pour la fri ture Pour saupoudrer / Roul er 1 cuillère à soupe de sucre 1 cuillère à café de cannelle mou lue 

right label: 1	prob: [0.08180644363164902, 0.9181935787200928]	Patrick a lancé la balle ; 

right label: 1	prob: [0.024148106575012207, 0.975851833820343]	Ben se dé tend dans un fauteuil confortable à le coin de le feu . 

right label: 0	prob: [0.8658621907234192, 0.1341378539800644]	Il n ' a pas été décour agé par la distance , j ' en suis sûr . 

right label: 1	prob: [0.26555848121643066, 0.7344415783882141]	De les personnes sur de les motos descendent une rue où flotte un drapeau américain . 

right label: 0	prob: [0.8816236853599548, 0.11837627738714218]	Tout membre de l ' équipe qui aurait pu mettre en danger le projet était de la viande . 

right label: 1	prob: [0.054876357316970825, 0.9451236128807068]	Un j ockey monte un cheval dans l ' herbe verte . 

right label: 0	prob: [0.8860429525375366, 0.11395704746246338]	Cela ne déran geait personne ; 

right label: 1	prob: [0.16631025075912476, 0.8336897492408752]	De les pom - po m girls en tenue rouge s ' entraînent dans l ' herbe . 

right label: 0	prob: [0.9731783866882324, 0.026821613311767578]	Le plafond était haut et en bois , et je pouvais voir une partie de la cabine d ' un DJ à le bout de le couloir . 

right label: 0	prob: [0.7426475286483765, 0.2573525011539459]	J ' en doute , dit Mar vin . 

right label: 0	prob: [0.9861651659011841, 0.013834791257977486]	Le comté de Mah oning était une région mon o- industrielle et les habitants de You ng sto wn , S tru thers , Campbell , Bo ard man Town ship et de les nombreux autres petits villages de la région n ' avaient qu ' un seul employeur principal : les aci éries . 

right label: 1	prob: [0.007278010249137878, 0.9927219748497009]	une personne a dirigé la cérémonie de découpe de le gâteau de la fête nationale 

right label: 0	prob: [0.9742007851600647, 0.025799240916967392]	La Grèce se voit attribuer une bande de terre le long de la côte occidentale de l ' Asie Min eure , où la population grecque était importante depuis plus de 2 000 ans . 

right label: 1	prob: [0.3191865384578705, 0.6808134913444519]	Vous aurez besoin d ' un fer à repasser , d ' une barre métallique plate ( j ' ai utilisé un niveau ) , d ' un aspirateur , de sacs M yl ar et de les aliments à emballer . 

right label: 0	prob: [0.9881282448768616, 0.011871760711073875]	Le vaisseau , il était étrange et vieux , soit tellement dépassé , soit tellement modifié que je ne pouvais pas dire de quelle marque il était , et d ' une certaine manière , l ' équipage qui se tenait autour de moi correspondait à la même description , un amalgame de personnes singulièrement atypique . 

right label: 1	prob: [0.0020233583636581898, 0.9979766011238098]	Utilisez une cuillère ou un couteau à beurre pour répartir la gelée sur la tranche de pain opposée , encore ordinaire . 

right label: 0	prob: [0.9334898591041565, 0.06651010364294052]	... c ' est ce que je pensais . 

right label: 0	prob: [0.9461299777030945, 0.053869981318712234]	Franchement , je ne sais pas si nous pouvons faire quoi que ce soit contre un vampire . 

right label: 0	prob: [0.9624371528625488, 0.03756280243396759]	Et moi , je suppose que j ' étais une pièce de plus dans leur puzzle . 

right label: 0	prob: [0.9714670181274414, 0.028532959520816803]	Les événements qui ont suivi cette date ( connus sous le nom de " lundi noir " ) sont considérés par les personnes qui en ont été témoins soit comme de les histoires de grand courage et de détermination , soit comme de les monuments de l ' échec humain et de les faux espoirs . 

right label: 0	prob: [0.82892906665802, 0.17107096314430237]	Il était temps de découvrir à quoi ressemblait l ' enfer . 

right label: 1	prob: [0.11626190692186356, 0.883738100528717]	je vais me faire faire ça pour mes cheveux . 

right label: 1	prob: [0.09962702542543411, 0.9003730416297913]	Mes meilleures amies et moi avons fait en sorte de prendre de les photos ensemble . 

right label: 0	prob: [0.9433320164680481, 0.0566679872572422]	Moi , j ' ai suivi l ' exemple d ' Adri enne et je n ' ai rien dit ( je me suis inventé de les excuses pour rester en sécurité en mode observation ) . même si je pensais que Z h eng avait raison . 

right label: 0	prob: [0.8348626494407654, 0.16513730585575104]	Cordi alement , Erik M ö ller 

right label: 1	prob: [0.1673569232225418, 0.8326430916786194]	Un sk ater fait de les figures dans le hal f pipe . 

right label: 0	prob: [0.8731451034545898, 0.12685494124889374]	Qu ' est -ce que tu en penses ? demanda le boss u . 

right label: 0	prob: [0.9066271185874939, 0.09337293356657028]	Lorsque j ' ai posté sur Facebook que je venais en ville , pas moins de trois personnes m ' ont dit que je devais absolument visiter le Tu pel o Hon ey Caf e . 

right label: 0	prob: [0.7217247486114502, 0.2782753109931946]	Eh bien , vous devez vous détendre beaucoup dans un travail comme le mien , dit -il . 

right label: 0	prob: [0.983717679977417, 0.01628231815993786]	Un observateur occasionnel n ' aurait pas su dire si c ' était parce qu ' il était ivre , malade ou suicidaire , et en effet , il n ' y avait pas d ' observateurs occasionnels dans le vieux Pink Do g Bar de le quartier sud de Han D old City , car ce n ' était pas le genre d ' endroit où l ' on pouvait se permettre de faire les choses avec désinvol ture si l ' on voulait rester en vie . 

right label: 1	prob: [0.1360083967447281, 0.8639915585517883]	Un ours brun se tient dans l ' herbe le long d ' une route . 

right label: 0	prob: [0.9726030826568604, 0.027396932244300842]	Les Ott om ans ont apporté de nouvelles influences à les îles qu ' ils contrô laient , formant un vaste empire qui s ' étendait autour de la Méditerranée orientale . 

right label: 0	prob: [0.8585452437400818, 0.14145469665527344]	Di xon ne pouvait s ' empêcher d ' admirer la façon dont , sans rien dire ni faire de particulier , ils s ' établis saient si facilement qu ' il n ' était pas censé les accompagner lui-même . 

right label: 0	prob: [0.8154395818710327, 0.18456046283245087]	Nous n ' avons pas embarqué beaucoup de passagers , juste quelques privilégiés , épar pillés ici et là entre les étoiles . 

right label: 0	prob: [0.8288288116455078, 0.1711711436510086]	La poussière épaisse amor tiss ait nos pas . 

right label: 1	prob: [0.044488705694675446, 0.9555113315582275]	" Si vous le souhaitez , vous pouvez rassembler de le glaçage ou d ' autres garni tures et décorer votre gâteau " " Cup " " avant de le manger . 

right label: 1	prob: [0.33240658044815063, 0.6675933599472046]	Ici , à une réunion de Team USA , ils montrent la nouvelle ligne de vêtements pour 2015 . 

right label: 1	prob: [0.3735390305519104, 0.6264609694480896]	Une jeune femme et un jeune homme discutent avec un groupe d ' autres personnes autour d ' eux . 

right label: 0	prob: [0.9472679495811462, 0.052732035517692566]	Le riche parfum de le vin avait une touche de quelque chose de chimique que j ' ai reconnu de le bar , mais il a rempli ma bouche et a coulé dans mes veines avec une chaleur rassurante . 

right label: 1	prob: [0.05649440363049507, 0.943505585193634]	L ' homme pose pour une photo avec une cravate , de les lunettes de soleil et un chapeau . 

right label: 0	prob: [0.9632061719894409, 0.036793775856494904]	Il est maintenant bien documenté que la CIA a toléré la vente de cr ack dans les villes américaines pour financer les opérations de les contr as sud- américains 

right label: 0	prob: [0.9545829892158508, 0.04541704058647156]	Son affirmation selon laquelle il est possible d ' acheter de les munitions dans les supermarchés est indépendante de cette affirmation . 

right label: 1	prob: [0.016648054122924805, 0.98335200548172]	Elle prépare le restaurant pour l ' arrivée de les clients . 

right label: 1	prob: [0.17193007469177246, 0.8280698657035828]	Elle entre dans le bâtiment . 

right label: 1	prob: [0.4011024534702301, 0.5988975167274475]	Ce sont de les filles qui jouent à un jeu vidéo 

right label: 0	prob: [0.9782080054283142, 0.021791962906718254]	Ceux qui vivaient encore étaient frappés et a pathiques , comme s ' ils souff raient d ' une maladie de l ' esprit plutôt que de le corps . 

right label: 1	prob: [0.09463394433259964, 0.9053661227226257]	l ' image peut contenir : personne , sur scène , assis , jouant d ' un instrument de musique et intérieur 

right label: 0	prob: [0.6879808902740479, 0.31201910972595215]	Il s ' est assis sans bouger et a ignoré la pensée furi eusement . 

right label: 1	prob: [0.04227320849895477, 0.957726776599884]	Un troupeau de z èbres b route dans un champ . 

right label: 0	prob: [0.9416455626487732, 0.05835440754890442]	Les jours passaient , les semaines passaient , mais je ne pouvais pas dire si cela faisait de les mois ou de les années que j ' avais été secour u . 

right label: 1	prob: [0.1874573528766632, 0.8125426173210144]	Un homme marche dans un marché étroit 

right label: 0	prob: [0.9121492505073547, 0.08785077929496765]	J ' ai appelé Mit ch et nos autres amis , en espérant que le hangar s ' était écrasé chez l ' un d ' entre eux , mais je n ' ai pas eu de chance . 

right label: 0	prob: [0.9716450572013855, 0.028354914858937263]	C ' était D vor ov . 

right label: 1	prob: [0.010872693732380867, 0.9891273379325867]	Chau ffer le four à 375 degrés F. Déposer une couche de sauce à le fond d ' un plat de cuisson de 9 par 13 pouces . 

right label: 0	prob: [0.952003002166748, 0.04799695685505867]	Tara ne laissera pas ses espoirs dé mesurés les entraîner sur un rocher qui signifierait la fin de le projet et de l ' espèce Arr allin . 

right label: 0	prob: [0.8944894671440125, 0.10551058501005173]	La pièce pu ait , principalement son propre désespoir . 

right label: 0	prob: [0.5928495526313782, 0.4071504473686218]	Une femme est dans un bus public traversant une ville . 

right label: 0	prob: [0.5371677875518799, 0.46283215284347534]	Un homme vêtu de cuir noir avec un band ana rouge sourit à la caméra . 

right label: 1	prob: [0.06815367937088013, 0.9318463206291199]	Un hib ou est assis dans la branche d ' un arbre 

right label: 1	prob: [0.21791157126426697, 0.7820884585380554]	Un jeune homme et une femme apprécient un repas . 

right label: 1	prob: [0.4887697696685791, 0.5112302303314209]	Un homme est debout dans un salon . 

right label: 0	prob: [0.9070418477058411, 0.09295808523893356]	Je ne sais pas comment on aurait pu l ' entendre avec la musique . " 

right label: 0	prob: [0.947414219379425, 0.05258576571941376]	Tout s ' efface , se perd en poussière et en atomes dispersés entre les étoiles , et chacun d ' entre nous se retrouve aussi seul qu ' à le moment de sa naissance . 

right label: 0	prob: [0.9914470911026001, 0.008552963845431805]	Il ne savait pas que Ted Cole avait cessé d ' être un travailleur acharné , et que ce qui restait de les " normes " douteuses de Ted avait été compromis par l ' échec insupportable de son mariage avec Marion - ceci en combinaison avec ces décès inacceptables . 

right label: 1	prob: [0.27178245782852173, 0.7282175421714783]	Un avi ateur guide un drone alors qu ' il se dirige vers la piste d ' atterrissage . 

right label: 0	prob: [0.9540132284164429, 0.04598679021000862]	J ' essaie de me lever , mais je retombe , paralysé par le froid et la prise de conscience de ma misérable impuissance . 

right label: 0	prob: [0.7884652614593506, 0.21153472363948822]	Must afa avait 14 ans quand il a été tué . 

right label: 0	prob: [0.6765636801719666, 0.32343631982803345]	R . 

right label: 0	prob: [0.9767470955848694, 0.023252887651324272]	La raison pour laquelle il a été publié sous la forme d ' un composant électronique micro- sous- mé son est que s ' il était imprimé sous la forme d ' un livre normal , un auto- stopp eur inter st ell aire aurait besoin de plusieurs bâtiments de taille in commode pour le transporter . 

right label: 0	prob: [0.5607509613037109, 0.4392489790916443]	Deux femmes et un homme portent de les vestes noires et souri ent . 

right label: 0	prob: [0.991317868232727, 0.008682115003466606]	Après avoir vu mon vaisseau se déchirer , après avoir passé vingt-trois bonnes heures à flotter en silence dans l ' épave , à me demander si je faisais face à les étoiles de la const ellation de la Balance ou de la const ellation d ' Ori on vues de la Terre , à me demander ce que cela faisait de suff o quer , et après avoir eu le sentiment que oui , j ' allais en fait mourir seul dans l ' espace , il a fallu de le temps pour que ce sentiment se dissi pe . 

right label: 0	prob: [0.970524787902832, 0.029475193470716476]	La lutte a con tourné la plupart de les îles , bien que de violents combats aient eu lieu à Sam os . 

right label: 1	prob: [0.01422066893428564, 0.9857794046401978]	voiture de reportage restée gar ée devant la maison . 

right label: 1	prob: [0.1445242315530777, 0.8554757833480835]	Un jeune ours gri zz ly se promène dans un ruisseau . 

right label: 0	prob: [0.9626439213752747, 0.03735612332820892]	Il est maintenant bien documenté que la CIA a toléré la vente de cr ack dans les villes américaines pour financer les opérations de les contr as sud- américains . 

right label: 1	prob: [0.1626453399658203, 0.8373546600341797]	Une vieille télévision est assise sur une plage de sable . 

right label: 0	prob: [0.9855985641479492, 0.014401402324438095]	L ' Empire byzantin possédait de les villes puissantes et bien forti fiées , mais les campagnes et les îles périphériques étaient rav agées par de les vagues d ' envahisseurs . 

right label: 1	prob: [0.1090216338634491, 0.8909783959388733]	Un homme passe devant un bâtiment couvert de graffi tis . 

right label: 0	prob: [0.9275910258293152, 0.0724090039730072]	C ' est le message clé de cette partie de l ' animation , qui est à nouveau ignoré par ses détracteurs . 

right label: 1	prob: [0.33602938055992126, 0.6639705896377563]	2 ) 

right label: 1	prob: [0.4519902169704437, 0.5480097532272339]	J ' ai roulé aussi vite que possible jusqu ' à ce que je trouve l ' école . 

right label: 1	prob: [0.09501136094331741, 0.904988706111908]	Plusieurs personnes se dirigent vers la plage pour aller faire de le surf . 

right label: 1	prob: [0.05122535303235054, 0.9487746357917786]	Un jeune garçon se tient à le bord d ' un étang . 

right label: 0	prob: [0.6132883429527283, 0.3867117166519165]	Dans un autre ordre d ' idées , j ' ai fait une découverte à le Tu pel o Hon ey Caf e , que j ' aimerais partager avec vous maintenant . 

right label: 1	prob: [0.009860972873866558, 0.9901390075683594]	une personne utilise de les huiles pour peindre à la main une publicité . 

right label: 0	prob: [0.9777642488479614, 0.022235818207263947]	Un opportun iste et un homme d ' affaires , tel était Jeff erson . 

right label: 1	prob: [0.01697898842394352, 0.9830210208892822]	Un homme vérifie son télé phone en s ' asse yant sur un banc de pierre . 

right label: 0	prob: [0.8596161603927612, 0.14038382470607758]	Si - " Vous voyez ce que je veux dire . 

right label: 0	prob: [0.979600727558136, 0.020399270579218864]	Comment pourrait -il même penser à blâmer la pauvreté et les programmes de travail forcé pour tout ce qui arrive de mal ? 

right label: 0	prob: [0.7592604160308838, 0.2407396286725998]	La nourriture était délicieuse et tout le monde était rassasi é et heureux . 

right label: 1	prob: [0.37306904792785645, 0.6269310116767883]	Ils avaient une grande variété d ' aliments parmi lesquels choisir . 

right label: 0	prob: [0.9795772433280945, 0.020422695204615593]	On pourrait penser que ce sont là les philosophes professionnels : trop occupés à thé oriser dans l ' abstrait pour remarquer à quelle station ils se trouvent , sans parler de ce qui se passe dans le monde non abstrait dans lequel nous vivons tous . 

right label: 1	prob: [0.0007933586603030562, 0.9992067217826843]	R assembl ez les ingrédients nécessaires à la préparation de les cup cakes à le chocolat . 

right label: 1	prob: [0.10097523778676987, 0.8990247845649719]	Un jeune garçon en maillot de bain jette une pierre dans l ' eau . 

right label: 1	prob: [0.0838739350438118, 0.9161260724067688]	Un homme est assis dans l ' herbe avec une vache près d ' une clôture . 

right label: 1	prob: [0.36684727668762207, 0.6331527829170227]	Debout devant un tableau noir numérique , il a commencé à noter de les informations importantes qui se sont affichées instantanément . 

right label: 1	prob: [0.4832196831703186, 0.5167803168296814]	Et cela aurait pu facilement la faire pani quer . 

right label: 0	prob: [0.7832245826721191, 0.21677540242671967]	Un homme vêtu d ' un swe at- shirt à capuche bleu a les mains sur les rayons arrière de son vélo renversé , alors qu ' il est assis sur un mur et couvert de graffi tis parmi de les palmiers . 

right label: 0	prob: [0.963260293006897, 0.03673972189426422]	Il savait que cette grotte sacrée était réservée exclusivement à les reliques de les Pap es , mais d ' une certaine manière Mor tat i a senti que c ' était approprié . 

right label: 1	prob: [0.3022404611110687, 0.6977595090866089]	Une vieille femme regarde le gâteau de son 9 5e anniversaire . 

right label: 1	prob: [0.0633229985833168, 0.9366770386695862]	amélior ez votre événement avec une performance de qualité , nous pouvons vous aider , appelez - nous dès aujourd' hui ! 

right label: 0	prob: [0.9445168375968933, 0.055483195930719376]	mais j ' ad mets que le roman est actuellement en retard sur la réalité probable . 

right label: 1	prob: [0.010872693732380867, 0.9891273379325867]	Chau ffer le four à 375 degrés F. Déposer une couche de sauce à le fond d ' un plat de cuisson de 9 par 13 pouces . 

right label: 1	prob: [0.4277554750442505, 0.5722445249557495]	Voilà , je vais garder ça . 

right label: 0	prob: [0.8819029331207275, 0.11809701472520828]	Si c ' était en mars , cela signifiait que nous étions ensemble depuis presque un an et demi . 

right label: 0	prob: [0.5552310943603516, 0.4447689354419708]	Un homme en maillot de bain noir est en train de plonger d ' un plon ge oir dans une piscine . 

right label: 0	prob: [0.8230298161506653, 0.17697018384933472]	Personne ne s ' en soucie ; 

right label: 1	prob: [0.0021722211968153715, 0.9978277087211609]	Placez le beurre et le sucre dans un grand bol à mélanger et batt ez - les ensemble jusqu ' à ce qu ' ils soient légers et mouss eux . 

right label: 0	prob: [0.9712831377983093, 0.028716839849948883]	Même Lock he ed ne croyait pas que le public était aussi cré dule . 

right label: 0	prob: [0.8984586000442505, 0.10154138505458832]	L ' acier étranger était également beaucoup moins cher . 

right label: 0	prob: [0.8389409780502319, 0.16105899214744568]	C ' était le thème mél o dramatique de ce soir : la nature éphémère de la vie . 

right label: 1	prob: [0.006313533056527376, 0.9936864972114563]	É gou tter le bœuf haché en laissant une petite quantité de graisse dans la casserole avec le bœuf haché et ajouter le ro tel , la crème de soupe à le poulet , l ' assaisonnement pour tac os , le jal ap eno haché et une boîte de soupe pleine d ' eau . 

right label: 1	prob: [0.009179198183119297, 0.9908208250999451]	Batt ez en crème le beurre et le sucre jusqu ' à ce qu ' ils soient légers et mouss eux . 

right label: 1	prob: [0.02538803592324257, 0.9746119379997253]	Le chat regarde à l ' intérieur de le sac à dos ouvert . 

right label: 1	prob: [0.22069557011127472, 0.7793045043945312]	Un homme est allongé dans le sable à côté d ' une vache . 

right label: 0	prob: [0.5996472239494324, 0.40035274624824524]	Les couverts sont vraiment magnifiques . 

right label: 0	prob: [0.9465649127960205, 0.0534350723028183]	Sur votre page web , vous déclar ez que la résolution de Moore est discutable . 

right label: 0	prob: [0.9229752421379089, 0.07702478021383286]	Le sien était coupé de près , avec une touche de style qui accen tu ait les beaux angles de ses pomm ettes et de sa mâchoire . 

right label: 0	prob: [0.8252939581871033, 0.17470607161521912]	Le taux de chômage est faible par rapport à les villes environnantes , et les rues sont propres et bien entreten ues . 

right label: 0	prob: [0.9820225238800049, 0.017977477982640266]	L ' église était complètement différente maintenant : la lumière de le soleil tombait à travers les vitraux , attrap ant la poussière qui flott ait encore dans l ' air et envoyant une chaleur sèche et saine dans les bords de la pièce , à travers la pierre et le béton poudr eux qui avaient été recouverts la nuit dernière par la chair et les lumières cli gnot antes . 

right label: 1	prob: [0.1575106531381607, 0.8424894213676453]	Les gens passaient un bon moment et avaient de les conversations . 

right label: 0	prob: [0.9088695645332336, 0.09113045036792755]	Tu veux rester coincé ici pour le reste de ta vie ? 

right label: 0	prob: [0.7241213321685791, 0.2758787274360657]	Un jeune garçon est sur le dos d ' une autre personne qui porte un chapeau . 

right label: 1	prob: [0.15280534327030182, 0.8471946716308594]	Un chat noir et blanc regarde dans la cuvette de les toilettes . 

right label: 1	prob: [0.0956573635339737, 0.9043425917625427]	Les ingrédients nécessaires pour ce goûter sont une préparation pour gâteau à le chocolat , 3 œufs , 1 / 3 de tasse d ' huile végétale , 1 tasse d ' eau , 1 boîte de sucre en poudre , 1 bâton de mar gar ine , 4 cuillères à soupe de cacao , 1 / 4 de tasse de lait , de les T wi zz lers , de les M & M' s , de les paillettes , de le papier ci ré et de les écor ces d ' amandes à le chocolat blanc . 

right label: 0	prob: [0.9900847673416138, 0.009915200062096119]	En 1946 , les Juifs ne possédaient que 7 % de la Palestine , mais la menace de déplacement était largement perçue par les Arabes . 

right label: 1	prob: [0.25339844822883606, 0.7466015815734863]	Bien sûr , dit Greg .. , 

right label: 0	prob: [0.9161027073860168, 0.08389723300933838]	La première loi de la ther modyn amique affirme sans équivoque que l ' énergie est toujours conservée et qu ' elle ne peut donc ni se perdre ni se renouveler . 

right label: 1	prob: [0.009393797256052494, 0.9906062483787537]	Dans un four préchauffé à 400 degrés , faites cuire votre zombie pendant 15- 18 minutes . 

right label: 1	prob: [0.026735607534646988, 0.9732644557952881]	Un homme marche tout en utilisant son télé phone portable . 

right label: 0	prob: [0.919435441493988, 0.08056459575891495]	C ' est de lui qu ' il s ' agissait . 

right label: 1	prob: [0.1066649928689003, 0.8933350443840027]	Un enfant blond joue avec un ornement de jardin en métal . 

right label: 1	prob: [0.16806325316429138, 0.831936776638031]	Bon , je vais aller me coiff er . 

right label: 0	prob: [0.9165872931480408, 0.08341269940137863]	Par os et An dro s ont contribué à l ' armement per se , tandis que d ' autres sou tenaient Athènes . 

right label: 0	prob: [0.9399871826171875, 0.06001279503107071]	Fait : L ' enfer , c ' est les autres . 

right label: 0	prob: [0.95896315574646, 0.041036780923604965]	Ne p th ys nous a conduit dans un couloir qui correspondait à la façade de le bâtiment , un couloir voû té , un intestin nerv ur é , dont les murs noirs avaient un aspect organique inquiétant . 

right label: 0	prob: [0.9059212803840637, 0.09407874196767807]	Mais nous voyons de nouveaux visages . 

right label: 0	prob: [0.9967917799949646, 0.00320824864320457]	Le nouveau juif palestinien , disaient -ils , devait être physiquement plus fort que les commerçants intelli gents qui avaient été piétin és en Europe . 

right label: 1	prob: [0.38995662331581116, 0.6100433468818665]	l ' organisation a déménagé dans de les locaux temporaires près de l ' intersection de les routes en avril pendant que le bâtiment principal subit de les rénovations d ' une valeur de 14, 4 millions de dollars . 336 out of 416