
Uses verb segment ids: no
Model: flaubert/flaubert_base_cased
Model type: flaubert/flaubert_base_cased
Train set: 3328
Validation set: 416
Test set: 416
transformer.attentions.0.q_lin.bias                           (768,)
transformer.attentions.0.k_lin.weight                     (768, 768)
transformer.attentions.0.k_lin.bias                           (768,)
transformer.attentions.0.v_lin.weight                     (768, 768)
transformer.attentions.0.v_lin.bias                           (768,)
transformer.attentions.0.out_lin.weight                   (768, 768)
transformer.attentions.0.out_lin.bias                         (768,)
transformer.attentions.1.q_lin.weight                     (768, 768)
transformer.attentions.1.q_lin.bias                           (768,)
transformer.attentions.1.k_lin.weight                     (768, 768)
transformer.attentions.1.k_lin.bias                           (768,)
transformer.attentions.1.v_lin.weight                     (768, 768)
transformer.attentions.1.v_lin.bias                           (768,)
transformer.attentions.1.out_lin.weight                   (768, 768)
transformer.attentions.1.out_lin.bias                         (768,)
transformer.attentions.2.q_lin.weight                     (768, 768)
	======== Epoch 1 / 4 ========
Training...
	Batch    40	of	  104.		Elapsed: 0:04:13.
	Batch    80	of	  104.		Elapsed: 0:08:31.
	Average training loss: 0.60
	Training epoch took: 0:11:05
	Running Validation...
	Accuracy: 0.78
	Validation took: 0:00:24
	Confusion matrix:
              precision    recall  f1-score   support

           0       0.79      0.81      0.80       227
           1       0.76      0.74      0.75       189

    accuracy                           0.78       416
   macro avg       0.77      0.77      0.77       416
weighted avg       0.78      0.78      0.78       416

	======== Epoch 2 / 4 ========
Training...
	Batch    40	of	  104.		Elapsed: 0:04:17.
	Batch    80	of	  104.		Elapsed: 0:08:34.
	Average training loss: 0.46
	Training epoch took: 0:11:08
	Running Validation...
	Accuracy: 0.81
	Validation took: 0:00:24
	Confusion matrix:
              precision    recall  f1-score   support

           0       0.84      0.79      0.82       227
           1       0.76      0.83      0.79       189

    accuracy                           0.81       416
   macro avg       0.80      0.81      0.80       416
weighted avg       0.81      0.81      0.81       416

	======== Epoch 3 / 4 ========
Training...
	Batch    40	of	  104.		Elapsed: 0:04:17.
	Batch    80	of	  104.		Elapsed: 0:08:33.
	Average training loss: 0.38
	Training epoch took: 0:11:06
	Running Validation...
	Accuracy: 0.83
	Validation took: 0:00:24
	Confusion matrix:
              precision    recall  f1-score   support

           0       0.85      0.83      0.84       227
           1       0.80      0.82      0.81       189

    accuracy                           0.83       416
   macro avg       0.83      0.83      0.83       416
weighted avg       0.83      0.83      0.83       416

	======== Epoch 4 / 4 ========
Training...
	Batch    40	of	  104.		Elapsed: 0:04:16.
	Batch    80	of	  104.		Elapsed: 0:08:33.
	Average training loss: 0.32
	Training epoch took: 0:11:07
	Running Validation...
	Accuracy: 0.83
	Validation took: 0:00:24
	Confusion matrix:
              precision    recall  f1-score   support

           0       0.86      0.82      0.84       227
           1       0.79      0.84      0.81       189

    accuracy                           0.83       416
   macro avg       0.83      0.83      0.83       416
weighted avg       0.83      0.83      0.83       416

Loaded model succesful. Running testing...
Accuracy: 0.83
Confusion matrix:
              precision    recall  f1-score   support

           0       0.86      0.82      0.84       227
           1       0.79      0.84      0.81       189

    accuracy                           0.83       416
   macro avg       0.83      0.83      0.83       416
weighted avg       0.83      0.83      0.83       416


Wrong predictions:

wrong label: 1	prob: [0.23829804360866547, 0.7617019414901733]	De les groupes de personnes sont dans un parc urbain ou marchent vers le quartier principal . 

wrong label: 0	prob: [0.8887611031532288, 0.11123894900083542]	Je comprends , la police ne porterait pas plainte pour une personne qui a disparu pendant la nuit . 

wrong label: 1	prob: [0.3270179033279419, 0.6729820966720581]	Curtis souri ait et se frott ait les mains , savour ant le coup de grâce . 

wrong label: 1	prob: [0.1734539270401001, 0.8265460729598999]	Il m ' a fallu une trentaine de secondes pour choisir le sandwich à le poulet Charles ton : poitrine de poulet mar inée et grill ée sur un pain à le lev ain avec de le hav ar ti fondu , de la lai tue romaine et de la mayonnaise à les cann e berges . 

wrong label: 1	prob: [0.0239512138068676, 0.9760487675666809]	Une foule se rassemble dans un bar local . 

wrong label: 1	prob: [0.487637460231781, 0.512362539768219]	Un homme en chemise rouge tient deux animaux écor chés morts sur une table , avec une scie à proximité et un couteau à la main . 

wrong label: 1	prob: [0.07958128303289413, 0.9204187393188477]	Deux hommes regardent dans les télesco pes solaires . 

wrong label: 1	prob: [0.35872191190719604, 0.6412780284881592]	Tous les mets raffinés et les éclairages décoratifs , il fallait un prix exorbi tant pour les entretenir . 

wrong label: 0	prob: [0.9124167561531067, 0.08758321404457092]	Les conditions d ' hygiène dans les bidon villes sont catastrophiques . 

wrong label: 0	prob: [0.9268782734870911, 0.07312168926000595]	Certains messages étaient politiques . 

wrong label: 1	prob: [0.09729837626218796, 0.9027016758918762]	La chaîne de la corde s ' en roule sur mes genoux . 

wrong label: 0	prob: [0.5952710509300232, 0.4047289192676544]	Ça ne te fati gu erait pas ? dit rapidement Des mond . 

wrong label: 1	prob: [0.017162039875984192, 0.9828379154205322]	Il est maintenant bien documenté que la CIA a toléré la vente de cr ack dans les villes américaines pour financer les opérations de les contr as sud- américains 

wrong label: 1	prob: [0.4522671699523926, 0.5477328300476074]	Mais Ron deau n ' a pas tenu compte de l ' avertissement . 

wrong label: 0	prob: [0.8480759859085083, 0.1519239842891693]	Des mond dit que c ' est la femme avec qui il vit , n ' est -ce pas terrible , à son âge ! 

wrong label: 0	prob: [0.7166719436645508, 0.28332799673080444]	Je commençais à être très fatigué . 

wrong label: 1	prob: [0.35848110914230347, 0.6415189504623413]	Une femme a un tatouage dans le dos . 

wrong label: 1	prob: [0.25505301356315613, 0.7449469566345215]	Une médecine pour l ' esprit 

wrong label: 1	prob: [0.13948427140712738, 0.8605157732963562]	Voy ager à l ' étranger peut être un plaisir ! 

wrong label: 1	prob: [0.013565747067332268, 0.9864342212677002]	" De les demi- paires de chaussettes allon gées dans de les tasses de café à moitié bu es . 

wrong label: 0	prob: [0.8344044089317322, 0.1655956208705902]	Je veux prendre mon badge , sinon si tu le ti res , il va déchirer mon jean . 

wrong label: 0	prob: [0.8781156539916992, 0.12188436090946198]	Il est clair que les questions doivent être telles que l ' on peut s ' attendre à ce que la population concernée les comprenne et y réponde en connaissance de cause . 

wrong label: 0	prob: [0.8264145255088806, 0.17358553409576416]	J ' ai décidé de briser ce schéma . 

wrong label: 0	prob: [0.5273024439811707, 0.47269755601882935]	Cas ey , qui n ' était pas sûre de son avenir , était devenue une grande créatrice de mode à New York . 

wrong label: 0	prob: [0.776748538017273, 0.2232513725757599]	Je ne l ' ai jamais fait , dit Rose , avec sa vieille énergie . 

wrong label: 1	prob: [0.040835242718458176, 0.9591646790504456]	a demandé Adri enne , en utilisant la formulation de Sarah . 

wrong label: 0	prob: [0.5113326907157898, 0.488667368888855]	Rien de le tout , dit Greg en sortant par la porte d ' entrée . 

wrong label: 0	prob: [0.9202370643615723, 0.07976295799016953]	Ils devaient être riches , vu la taille de leurs pierres tomb ales . 

wrong label: 1	prob: [0.3336625397205353, 0.6663374900817871]	Mon chauffeur a tourné à nouveau à côté d ' un vieil entrepôt dans lequel j ' ai peut-être été une fois lorsque Mit ch nous a emmenés à une r ave en deuxième année . 

wrong label: 1	prob: [0.2575775682926178, 0.7424225211143494]	Tout le monde est habillé à les couleurs de mon mariage . 

wrong label: 1	prob: [0.08093417435884476, 0.9190658330917358]	Un chien noir participe à une course de chiens . 

wrong label: 1	prob: [0.4602694809436798, 0.5397304892539978]	C ' est Halloween et tous les enfants sont dégu isés . 

wrong label: 1	prob: [0.26266220211982727, 0.7373377680778503]	De nombreuses personnes sont dehors et regardent les patin eurs sur glace . 

wrong label: 1	prob: [0.0676872581243515, 0.9323127269744873]	Un petit garçon en chemise blanche fait de l ' escalade . 

wrong label: 0	prob: [0.8309313654899597, 0.16906863451004028]	Eh bien , je ne vais pas le faire là-dedans . 

wrong label: 0	prob: [0.8188658952713013, 0.18113413453102112]	La vérité est que je n ' ai aucune chance de trouver un emploi . 

wrong label: 1	prob: [0.35959336161613464, 0.6404066681861877]	Elles ont toujours été ma partie préférée de les mythes grecs que j ' ai lus à l ' école primaire . 

wrong label: 1	prob: [0.03505900502204895, 0.9649409651756287]	De les adultes et de les enfants dansent dans une pièce . 

wrong label: 0	prob: [0.9931898713111877, 0.006810104474425316]	Il ne l ' attribue certainement pas à un discours où elle n ' a pas été prononcée et , comme indiqué ci-dessus , le faire deux fois n ' aurait aucun sens si Moore était le maître de la tromperie que ses détracteurs prétendent qu ' il est . 

wrong label: 0	prob: [0.7609270811080933, 0.23907293379306793]	Par exemple , toute tâche de diagnostic peut être facilitée par une tax onomie de les symptômes et une tax onomie de les causes , ainsi que par les liens entre eux . 

wrong label: 0	prob: [0.9871588945388794, 0.01284104771912098]	Pas seulement parce que c ' était un motif ridi culement in adéquat , mais parce que ce n ' était pas vrai . , 

wrong label: 0	prob: [0.9394210577011108, 0.06057896465063095]	Mais ... bon , personne d ' important ne disparaît jamais , alors ça n ' a pas vraiment d ' importance , n ' est -ce pas ? 

wrong label: 0	prob: [0.7721390724182129, 0.22786091268062592]	Nous étions très proches . 

wrong label: 1	prob: [0.06474937498569489, 0.9352506399154663]	Cordi alement , Erik M ö ller 

wrong label: 1	prob: [0.49837517738342285, 0.5016247630119324]	Lorsque j ' ai posté sur Facebook que je venais en ville , pas moins de trois personnes m ' ont dit que je devais absolument visiter le Tu pel o Hon ey Caf e . 

wrong label: 1	prob: [0.49710386991500854, 0.5028961896896362]	Eh bien , vous devez vous détendre beaucoup dans un travail comme le mien , dit -il . 

wrong label: 1	prob: [0.10231372714042664, 0.897686243057251]	Un joueur de tennis asiatique s ' apprête à frapper la balle . 

wrong label: 1	prob: [0.017162039875984192, 0.9828379154205322]	Il est maintenant bien documenté que la CIA a toléré la vente de cr ack dans les villes américaines pour financer les opérations de les contr as sud- américains 

wrong label: 0	prob: [0.952000081539154, 0.047999877482652664]	Mais voyant un regard de sympathie , elle a répondu : Oui , c ' est vrai . 

wrong label: 1	prob: [0.16737957298755646, 0.83262038230896]	Il s ' est assis sans bouger et a ignoré la pensée furi eusement . 

wrong label: 1	prob: [0.047421567142009735, 0.9525784850120544]	Un homme vêtu de cuir noir avec un band ana rouge sourit à la caméra . 

wrong label: 1	prob: [0.2694753408432007, 0.7305246591567993]	Les photos vont être magnifiques . 

wrong label: 1	prob: [0.47248396277427673, 0.5275160074234009]	La réception va être géniale . 

wrong label: 0	prob: [0.613640546798706, 0.38635945320129395]	Je me suis sentie si bien lorsque mon nom a été appelé et que je me suis dirigée vers l ' avant de la scène pour recevoir mon diplôme . 

wrong label: 1	prob: [0.27120441198349, 0.7287955284118652]	Deux femmes et un homme portent de les vestes noires et souri ent . 

wrong label: 1	prob: [0.39511120319366455, 0.6048887968063354]	vous l ' utilisez pour faire naviguer un mini ra deau sur la lente et lourde rivière M oth ; 

wrong label: 1	prob: [0.43711012601852417, 0.5628898739814758]	Dans un autre ordre d ' idées , j ' ai fait une découverte à le Tu pel o Hon ey Caf e , que j ' aimerais partager avec vous maintenant . 

wrong label: 0	prob: [0.5423214435577393, 0.45767855644226074]	Ils vont seulement se perdre dans les miens . 

wrong label: 0	prob: [0.6200156807899475, 0.3799843490123749]	Et cela aurait pu facilement la faire pani quer . 

wrong label: 1	prob: [0.10175857692956924, 0.898241400718689]	Deux jeunes hommes exécutent un numéro de danse moderne . 

wrong label: 0	prob: [0.6297222375869751, 0.3702777326107025]	Voilà , je vais garder ça . 

wrong label: 1	prob: [0.07944577932357788, 0.9205541610717773]	De les gens sont dehors en train de danser lors d ' un événement nocturne tandis que les artistes chantent et jouent de les instruments sur une scène bien éclairée . 

wrong label: 0	prob: [0.8991377353668213, 0.1008623018860817]	Je n ' aime pas l ' attitude de le peuple Emma . 

wrong label: 1	prob: [0.46907827258110046, 0.5309217572212219]	Plusieurs personnes , dont l ' une est à vélo , traversent une rue très fréquentée . 

wrong label: 0	prob: [0.7791985273361206, 0.2208014577627182]	Une aptitude est donc une capacité plus une incl ination ou un intérêt . 

wrong label: 0	prob: [0.6705983281135559, 0.3294016718864441]	Le soir , les routes étaient relativement dégag ées . 

wrong label: 1	prob: [0.21212109923362732, 0.7878788709640503]	Les couverts sont vraiment magnifiques . 

wrong label: 1	prob: [0.3482203483581543, 0.6517797112464905]	Et les meilleurs acteurs , chanteurs et danseurs de l ' Opéra étaient là pour agrémenter les dîners . 

wrong label: 1	prob: [0.4973014295101166, 0.502698540687561]	Tu veux rester coincé ici pour le reste de ta vie ? 

wrong label: 0	prob: [0.5812071561813354, 0.41879284381866455]	Dans une étrange juxta position de la réalité , un vieux piano est assis à le coin d ' une rue animée la nuit . 

wrong label: 0	prob: [0.9153630137443542, 0.08463705331087112]	Par définition et inten tionnellement , les rou tines sont inflexi bles . 

wrong label: 0	prob: [0.7030419707298279, 0.29695799946784973]	Il y avait aussi beaucoup de gens qui prê taient serment . 72 out of 416

Right predictions:

right label: 0	prob: [0.9861437082290649, 0.01385621726512909]	Mais ce décret n ' avait pas la puissance de le droit civil derrière lui . 

right label: 0	prob: [0.8699808716773987, 0.13001908361911774]	Il est certain que Moore est l ' un de les cinéastes les plus talentueux de les États-Unis aujourd' hui , et que son film méritait pleinement son Oscar . 

right label: 0	prob: [0.8945980072021484, 0.10540203750133514]	C ' était juste une petite installation où quelqu' un avait empil é quelques caisses et apporté quelque chose d ' alcool isé à partager , principalement de la bière . 

right label: 1	prob: [0.025905627757310867, 0.9740944504737854]	Un chien blond est allongé sur le carrelage 

right label: 1	prob: [0.006764686666429043, 0.9932352900505066]	Une personne tient un long ho t- dog devant une boîte d ' animaux en peluche . 

right label: 1	prob: [0.01762935146689415, 0.9823706150054932]	Une femme tient un ours en peluche et sourit . 

right label: 1	prob: [0.15220151841640472, 0.8477984666824341]	Une femme tient un ours habillé comme un soldat britannique . 

right label: 0	prob: [0.9911783337593079, 0.008821634575724602]	C ' est naïf à l ' extrême - Hes ton ne serait pas président de la N RA s ' il n ' était pas tenu à le courant de les cas les plus marquants de violence armée . 

right label: 0	prob: [0.7297802567481995, 0.27021971344947815]	Je ne suis pas sûre d ' être prête à sortir . 

right label: 1	prob: [0.015786442905664444, 0.9842135906219482]	Elle aimait poser et sourire pour l ' appareil photo . 

right label: 1	prob: [0.20592595636844635, 0.7940740585327148]	cabines privées - pour les invités les plus importants , nous avons de les lits situés dans de les cabines privées . 

right label: 1	prob: [0.050381869077682495, 0.9496181011199951]	Il s ' est rapidement famili arisé avec les collègues de la nouvelle entreprise . 

right label: 0	prob: [0.9870381355285645, 0.012961897999048233]	Le tout se résu mait à l ' expression d ' une sécurité absolue et à l ' ignorance de toute transgr ession . 

right label: 1	prob: [0.04320993646979332, 0.956790030002594]	Un alpin iste grimpe à le sommet d ' une montagne ennei gée . 

right label: 0	prob: [0.7831781506538391, 0.2168218493461609]	Une petite fille dans un harnais est dans les airs par une journée ensoleillée . 

right label: 1	prob: [0.032112713903188705, 0.9678873419761658]	Une main tient de la nourriture et une boisson est sur la table . 

right label: 1	prob: [0.09354325383901596, 0.906456708908081]	J ' ai essayé de m ' entraîner à faire de les portraits ces derniers temps . 

right label: 0	prob: [0.9859436750411987, 0.014056275598704815]	Mon nom , Jesus Qui les , est juste là . 

right label: 0	prob: [0.8809983134269714, 0.11900162696838379]	Arthur essayait de mesurer la vitesse à laquelle ils voyage aient , mais le noir extérieur était absolu et il n ' avait aucun point de référence . 

right label: 1	prob: [0.028388995677232742, 0.9716110229492188]	Une femme fum ant une cigarette joue de la guitare . 

right label: 1	prob: [0.019829291850328445, 0.980170726776123]	vous êtes-vous déjà demandé à quoi ressemble la maison blanche pendant les vacances ? 

right label: 1	prob: [0.47738760709762573, 0.522612452507019]	Monte . 

right label: 0	prob: [0.5900079607963562, 0.4099920094013214]	En refer mant la boîte , il s ' est arrêté près de la porte ouverte et m ' a regardé . 

right label: 1	prob: [0.020316969603300095, 0.979682981967926]	La femme lit un livre dans la bibliothèque . 

right label: 0	prob: [0.7615757584571838, 0.23842425644397736]	Dans les régions pauvres , le commerce très rentable de la drogue est souvent considéré comme le dernier recours . 

right label: 0	prob: [0.8941256999969482, 0.10587422549724579]	Concernant l ' extrait de le site de la N RA sur l ' affaire et le sur lign age de la phrase 48 heures après que Kay la Rolland ait été déclarée morte : 

right label: 0	prob: [0.9198061227798462, 0.0801939070224762]	J ' étais maintenant l ' un d ' entre eux . 

right label: 0	prob: [0.824878990650177, 0.17512093484401703]	On pourrait dire que je suis plus différent que différent . 

right label: 0	prob: [0.9054439067840576, 0.09455607831478119]	Par une coïncidence extraordinaire , le jour suivant , il y avait deux rapports dans le journal , l ' un concernant les incidents les plus étonnants avec une sou coupe vol ante , et l ' autre sur une série d ' émeutes incon ven antes dans les pubs . 

right label: 0	prob: [0.7063130140304565, 0.29368698596954346]	Jé hu se rendit alors à Je z réel où résidait la vieille re ine- mère , Jé z abel . 

right label: 0	prob: [0.6185787320137024, 0.3814212381839752]	Il sait pour nous . 

right label: 1	prob: [0.012810355052351952, 0.9871895909309387]	comment se battre si l ' on est arrêté à un feu rouge 

right label: 1	prob: [0.07559629529714584, 0.924403727054596]	Un homme portant un chapeau de cow- boy monte un cheval brun . 

right label: 1	prob: [0.02839101292192936, 0.9716089963912964]	les clients n ' aimer ont jamais une entreprise tant que les employés ne l ' aiment pas d ' abord . 

right label: 1	prob: [0.028470726683735847, 0.9715292453765869]	Un groupe de personnes hab illées professionnellement à l ' extérieur . 

right label: 0	prob: [0.9783974885940552, 0.021602489054203033]	Cependant , la ville étant divisée par de les fortifications et de les fils barbel és , aucun pèler in israélien ou juif n ' a été autorisé à visiter le Mur occidental ou d ' autres sites juifs à Jérusalem-Est . 

right label: 0	prob: [0.7004116773605347, 0.29958832263946533]	Lorsque le lecteur souhaite approfondir certains sujets , ou lorsque de les questions techniques sont en jeu , la lecture de les ouvrages pertinents cités dans la bibliographie est recommandée . 

right label: 0	prob: [0.9600555300712585, 0.03994452953338623]	En un clin d ' oeil à la lumière str ob oscopique , il était sur ses pieds et se précipi tait hors de la pièce . 

right label: 1	prob: [0.013662444427609444, 0.9863376021385193]	un joueur de football a échangé de les maillots signés en été lorsque l ' intérêt était 

right label: 0	prob: [0.9779222011566162, 0.022077731788158417]	Nous ne nous souci ons pas d ' être les derniers et nous ne nous souci ons pas qu ' il n ' y ait plus d ' étoiles . 

right label: 0	prob: [0.740183413028717, 0.25981658697128296]	Je veux voir à quoi ressemble une pierre magique . 

right label: 1	prob: [0.024857258424162865, 0.975142776966095]	mais 4 écr ous sur vos 4 boul ons comme le montre l ' image . 

right label: 0	prob: [0.8669675588607788, 0.13303248584270477]	Elle prit une gor gée de sa boisson , de l ' eau plate car , avait -elle expliqué plus tôt , elle n ' avait jamais aimé le goût de l ' alcool , puis fix a son regard sur moi . 

right label: 0	prob: [0.9723083972930908, 0.027691658586263657]	Il est toutefois peu probable que les attaques injustes dont il fait l ' objet aient un impact significatif . 

right label: 1	prob: [0.19777339696884155, 0.8022265434265137]	J ' ai rencontré certains de les coureurs . 

right label: 1	prob: [0.09915740042924881, 0.9008426666259766]	Un homme en costu me- cravate et chapeau tient un pistolet . 

right label: 0	prob: [0.9858040809631348, 0.014195889234542847]	Il était naturel qu ' une petite ville ho d za ne puisse maintenir ce qu ' un Grand V ez ir avait fondé et que les événements historiques avaient condamné à le désastre . 

right label: 0	prob: [0.9450491666793823, 0.054950859397649765]	Mais si jamais tu vois une fée , dis- lui que tu es de le sang d ' Ivan Bog aty ri vitch et elle ne te laissera pas passer si vite . 

right label: 1	prob: [0.0020086418371647596, 0.9979913234710693]	Mettez l ' ail , le basilic , les câ pres et le jus de citron dans un mix eur avec environ une demi- tasse d ' huile d ' olive et commencez à mixer . 

right label: 1	prob: [0.030010761693120003, 0.9699892997741699]	Il y a plusieurs verres de vin vides sur la table . 

right label: 0	prob: [0.9834938049316406, 0.01650620996952057]	Une grande partie de la meilleure architecture islamique de la ville a été construite à l ' époque mam el ou ke , mais les mille dernières années ont fait de les ravages : Jérusalem n ' a pas pu retrouver la prospérité dont elle avait bénéficié auparavant . 

right label: 0	prob: [0.9386588931083679, 0.06134103983640671]	Quand votre vie , la raison pour laquelle vous avez vécu , les gens , les visages , les lieux , les émotions que vous avez ressenti es , les personnes et les choses que vous avez aim ées , quand tout cela aura disparu , qu ' est -ce qu ' il vous restera ? 

right label: 0	prob: [0.9390537142753601, 0.060946330428123474]	La reine Hélène , une chrétienne fer vente et la mère de l ' empereur Constantin le Grand , a fait un pèlerinage en Terre Sainte en 3 26 pour identifier les sites associés à la vie de Jésus . 

right label: 0	prob: [0.8969648480415344, 0.10303518176078796]	Dans une main , je tenais en équilibre mon assiette de cr ack ers en forme d ' étoile , de boules de tremp ettes et de garni tures élégantes , de petites boules rou lées de viandes et de fromages traversées par de les tiges d ' une plante vert pâle , et un ensemble d ' autres petites choses délec tables . 

right label: 0	prob: [0.9740482568740845, 0.0259516891092062]	Et bien que cette pensée eût dû être douloureuse , l ' avocat était cal mé par la certitude que personne ne s ' affli gerait . 

right label: 0	prob: [0.9886151552200317, 0.011384849436581135]	Ceux d ' entre nous qui vivent en permanence dans ce monde ont tendance à s ' installer dans de les endroits comme celui-ci , où la population humaine est si écrasante qu ' on ne les remarque pas dans le bon coin , avec les bons sorts de protection ... 

right label: 0	prob: [0.9765509963035583, 0.023449048399925232]	Vos accusations de coupures in appropriées sont une fois de plus totalement in fondées . 

right label: 0	prob: [0.9747050404548645, 0.025294899940490723]	Ses yeux étaient rouges et il avait dénu dé une série de cro cs qui auraient pu m ' arracher la main . 

right label: 1	prob: [0.08226829022169113, 0.9177316427230835]	Nous avons profité de le reste de la journée à le bord de la plage en regardant le coucher de le soleil . 

right label: 1	prob: [0.2034534066915512, 0.7965465784072876]	Une n ageuse portant un costume rose sort de l ' eau d ' une piscine et fait de les éclabou ssures . 

right label: 0	prob: [0.9683545827865601, 0.03164541721343994]	Je ne sais pas comment Jeff erson a su que je me trouvais là . 

right label: 0	prob: [0.8481202125549316, 0.15187978744506836]	La seule chose que l ' on savait . 

right label: 1	prob: [0.01321127824485302, 0.9867886900901794]	Faites une fente verticale dans l ' une de les olives Jum bo , ce sera le corps , que vous far ci rez de fromage frais . 

right label: 0	prob: [0.9016048312187195, 0.0983952060341835]	Constantinople a été prise par les forces de les Cro isés en 120 4 , qui ont dépouillé la ville de nombre de ses plus beaux trésors - qui or nent aujourd' hui les bâtiments publics de Venise - bien qu ' un important lot de livres et de manuscrits ait été transféré à le monastère de Pat mos avant la chute de la ville . 

right label: 0	prob: [0.7316451072692871, 0.2683548629283905]	Hé , j ' ai dit , tu es sûr qu ' on devrait aller par là ? 

right label: 1	prob: [0.3790777325630188, 0.6209222674369812]	Faites - en un autre si vous l ' aimez ! ! ! 

right label: 0	prob: [0.9970576763153076, 0.002942292019724846]	A l ' époque , Jérusalem était un bastion can an éen situé sur une route commerciale secondaire , bien moins important que les villes bibliques telles que Haz or , Me gi d do , B eth She an et Si che m . 

right label: 1	prob: [0.45866143703460693, 0.5413386225700378]	inquiet : les agriculteurs craign aient que la forte hausse de les températures cette année n ' entraîne un raccour c issement de la saison de culture de le genre biologique , mais les pluies récentes pourraient l ' aider à poursuivre sa croissance jusqu ' à la fin de le mois de juillet 

right label: 1	prob: [0.022538093850016594, 0.9774618744850159]	Un surf eur chev auche une vague sur sa planche de surf . 

right label: 0	prob: [0.8259546160697937, 0.1740454137325287]	Je me suis assis de côté dans le fauteuil , les pieds pend us à un bras , le cou reposant contre l ' autre , traçant dis traitement de les lignes invisibles entre les étoiles à l ' extérieur de ma fenêtre pendant que je ru min ais la situation . 

right label: 1	prob: [0.041525356471538544, 0.9584745764732361]	Elle a lutté pour se lever et l ' accompagner jusqu ' à la porte . 

right label: 0	prob: [0.9417160749435425, 0.0582839660346508]	Régi on alis me Dès ses premiers jours , la vallée de Mah oning a été une région remplie de petits villages et hameaux . 

right label: 0	prob: [0.9717994928359985, 0.028200577944517136]	Alors , quelle est notre cargaison , hein , capitaine ? 

right label: 1	prob: [0.05611327290534973, 0.9438866972923279]	le plus important est de s ' assurer que la taille de le costume est adaptée à votre morphologie . 

right label: 0	prob: [0.8924691081047058, 0.10753088444471359]	Un homme et une femme sont dans un bus . 

right label: 0	prob: [0.8087009191513062, 0.19129902124404907]	Sa cr inière est si cool . 

right label: 0	prob: [0.987153947353363, 0.012846030294895172]	Une nouvelle école d ' historiens juifs est plus critique à l ' égard de les bouleversements causés par l ' acquisition de terres par les Juifs , et conclut que cela n ' a pas toujours été juste . 

right label: 1	prob: [0.017897218465805054, 0.9821027517318726]	un bun ker secret , nouvellement construit , est situé sous le vaste terrain . 

right label: 1	prob: [0.1288846731185913, 0.8711153268814087]	Essayez de comprendre les gens avant de leur faire confiance . 

right label: 1	prob: [0.0030560134910047054, 0.996944010257721]	un réalisateur assiste à la cérémonie de remise d ' une étoile à un acteur . 

right label: 1	prob: [0.18058054149150848, 0.8194194436073303]	Une vue à la première personne d ' un homme qui regarde la télévision les pieds en l ' air . 

right label: 0	prob: [0.9286811947822571, 0.07131879776716232]	Une femme en vêtements noirs est dans une cuisine , en train de râ per de le fromage . 

right label: 0	prob: [0.9945660829544067, 0.005433935672044754]	Ce que l ' étranger pen sera , c ' est qu ' un homme qui peut faire de le stop à travers la galaxie , la rendre difficile , l ' en can ailler , lutter contre de terribles obstacles , gagner , et qui sait toujours où se trouve sa serviette est clairement un homme avec lequel il faut compter . 

right label: 0	prob: [0.9489492774009705, 0.05105079337954521]	Il nous a conduits à la porte d ' un bâtiment ressemblant à une pag ode courte surmontée d ' une enseigne montrant un visage à les mains levées , comme un saint sous la lumière de Dieu , et men ot tés . 

right label: 0	prob: [0.9905188679695129, 0.009481162764132023]	Son taux de change de huit N ing is pour un P u est assez simple , mais comme un N ing i est une pièce triangulaire en caoutchouc de six mille huit cents milles de côté , personne n ' a jamais rassemblé assez de pièces pour posséder un P u . 

right label: 0	prob: [0.9930197596549988, 0.006980186328291893]	Après avoir vu mon vaisseau se déchirer , après avoir passé vingt-trois bonnes heures à flotter en silence dans l ' épave , après m ' être demandé si je faisais face à les étoiles de la const ellation de la Balance ou de la const ellation d ' Ori on vues de la Terre , après m ' être demandé ce que je ressent ais en suff o quant et après avoir eu le sentiment que oui , j ' allais mourir seul dans l ' espace , il m ' a fallu de le temps pour que ce sentiment se dissi pe . 

right label: 0	prob: [0.9688014984130859, 0.031198477372527122]	Cela ressemble plus à une correction ultérieure à de les fins de relations publiques , mais bien sûr , personne ne remet en question les déclarations de la banque lorsqu ' elles peuvent être utilisées contre Moore . 

right label: 0	prob: [0.640735924243927, 0.3592641353607178]	Cela fait plus d ' une semaine , et je veux danser . 

right label: 1	prob: [0.09623012691736221, 0.9037697911262512]	Le cla quement de la porte résonne dans toute la maison . 

right label: 1	prob: [0.0020065256394445896, 0.9979934692382812]	Roul ez - les en boules de la taille d ' une bouchée ( la taille de les boules dépend de la quantité que vous voulez faire ) . 

right label: 0	prob: [0.9598440527915955, 0.040155891329050064]	Il s ' est él ancé vers un escalier encastr é dans le mur , et nous avons couru après lui , en montant un énorme escalier qui semblait avoir plus d ' étages que le bâtiment ne pouvait en contenir . 

right label: 0	prob: [0.9382662773132324, 0.061733730137348175]	Alors , un camarade a demandé , Donner sa vie pour un autre être est le don ultime ? 

right label: 1	prob: [0.011202418245375156, 0.9887976050376892]	un artiste country donne un concert surprise pendant le festival 

right label: 0	prob: [0.9937735795974731, 0.00622640922665596]	Notre héritage ancien et notre physiologie même nous disent que le sexe est naturel - une voie privilégiée vers l ' épanouissement spirituel - et pourtant la religion moderne le déc rie comme honteux , nous apprenant à craindre notre désir sexuel comme la main de le diable . 

right label: 0	prob: [0.9729251265525818, 0.027074918150901794]	Pendant les 19 années suivantes , Jérusalem était deux villes . 

right label: 1	prob: [0.029254522174596786, 0.9707455039024353]	J ' ai aussi pu passer de le temps avec le chat . 

right label: 0	prob: [0.9702179431915283, 0.029782027006149292]	La question de la vente de les terres est depuis longtemps un sous- thème de la lutte entre Juifs et Arabes . 

right label: 0	prob: [0.9632745385169983, 0.03672540932893753]	Ils ont rempli la sou te à bagages de deux valises d ' effets personnels , de deux sacs de nourriture et d ' une couverture rou lée dans une housse à carreaux fraîche avec un oreiller - après tout , selon elle , ils ne pouvaient pas dormir dans la même que cette pauvre fille ... 

right label: 1	prob: [0.0013824813067913055, 0.9986175298690796]	Maintenant , mettez le tout dans le congélateur pour qu ' il soit congel é . 

right label: 1	prob: [0.06664922833442688, 0.9333508014678955]	Nous pourrions juste nous asseoir et collecter les loyers d ' un nombre toujours plus réduit de locataires . 

right label: 1	prob: [0.001204036409035325, 0.9987959861755371]	En vous assurant qu ' elles sont encore chaudes , remplissez un mix eur ou un robot de cuisine avec les cacahu ètes grillées . 

right label: 1	prob: [0.0023615292739123106, 0.997638463973999]	Dans un bol , verser 1 / 2 tasse d ' eau bouillante et 1 / 2 tasse d ' eau froide Ajouter 1 cuillère à café de sucre à l ' eau et remuer Ajouter 1 cuillère à soupe de levure à l ' eau , remuer et laisser reposer 10 minutes ( une mousse doit se former à la surface de l ' eau ) . 

right label: 0	prob: [0.9144307971000671, 0.08556918054819107]	Nous , et de les milliers d ' autres comme nous , vivons séparément depuis qu ' il y a une société humaine , dit mon chauffeur . 

right label: 0	prob: [0.9401166439056396, 0.059883397072553635]	En fait , cela a fait naître l ' espoir chez les travailleurs sans qu ' il y ait une réelle chance de sauver quoi que ce soit . 

right label: 0	prob: [0.981293261051178, 0.018706699833273888]	La fille était aussi douce et rose que l ' éclat de les pierres , et elle était vêtue d ' une robe blanche attachée à la taille par une ceinture comme un noeud celtique . 

right label: 0	prob: [0.967677652835846, 0.03232230991125107]	Ou encore , il pouvait s ' agir d ' une de ces étranges incitations qui surg issaient de temps à autre de cette zone sombre de son esprit qu ' il avait in explic ablement verrou illée avant de devenir président de la galaxie . 

right label: 1	prob: [0.010246343910694122, 0.9897537231445312]	c ' est un bain de salade . 

right label: 0	prob: [0.9746846556663513, 0.025315353646874428]	La brume bleue semblait s ' arrêter juste à côté de sa pâ leur , mettant en valeur son visage frappant sans en illumin er les détails , et ses poignets étincel aient de blancheur dans l ' obscurité . 

right label: 0	prob: [0.6307345032691956, 0.36926549673080444]	Notre cuisine rend hommage à notre amour de les traditions de le Sud à table , mais , comme les bonnes gens d ' Ash eville , elle marche à son propre rythme . 

right label: 1	prob: [0.03726819530129433, 0.9627318382263184]	La personne sur une moto roule sur la plage . 

right label: 0	prob: [0.9796839952468872, 0.020316004753112793]	En quelques minutes , nous étions de retour à la première porte à laquelle nous avons frappé dans cette ville et D vor ov lui-même nous accueillait . 

right label: 0	prob: [0.8222317099571228, 0.1777682602405548]	Ce passage , tu te souviens ? 

right label: 0	prob: [0.9801811575889587, 0.0198188666254282]	Les gens s ' accro chaient à de vagues idées de collecti vis ation de les travailleurs , mais personne ne pouvait vraiment comprendre comment cela fonctionn erait exactement ; les habitants de You ng sto wn n ' étaient , après tout , pas particulièrement familiers avec le socialisme ou la collecti vis ation en général . 

right label: 0	prob: [0.9528846144676208, 0.04711536690592766]	L ' a pathie de l ' US W A United Steel Wor kers of America était le syndicat qui représentait les travailleurs de l ' acier de You ng sto wn à le moment de les fermetures . 

right label: 1	prob: [0.29819101095199585, 0.7018089890480042]	Une machine agricole bleue tire de les personnes le long de rangées de végétation , tandis que quatre personnes font quelque chose avec la végétation dans les rangées . 

right label: 0	prob: [0.8948004841804504, 0.10519949346780777]	Je me sens encore un peu étour di . 

right label: 0	prob: [0.9759193062782288, 0.024080723524093628]	C ' est une généralisation erronée . 

right label: 0	prob: [0.9868482947349548, 0.013151740655303001]	Il promet un État moderne à son peuple , mais la situation devenant explosive , de les troubles civils éclatent dans les villes turques et les personnes considérées comme grecques sont victimes de menaces et de violences . 

right label: 1	prob: [0.46501052379608154, 0.5349894762039185]	Elle détes tait ces escaliers . 

right label: 0	prob: [0.975445032119751, 0.02455493062734604]	Je ne savais pas comment ils pouvaient manquer de les traits si exotiques , même dans cette lumière dé for mante . 

right label: 0	prob: [0.9573673605918884, 0.0426325723528862]	J ' ai été surpris à l ' époque que vous par don ni ez si facilement mes fausses accusations contre les Spa c ers , alors que vous m ' aviez auparavant ser m onné sur leur sensibilité . 

right label: 1	prob: [0.07153401523828506, 0.9284659624099731]	Une femme tient un parapluie blanc par une nuit noire . 

right label: 0	prob: [0.6769588589668274, 0.323041170835495]	Elle a de le bon sang sous les joues . 

right label: 1	prob: [0.011895323172211647, 0.9881047606468201]	une personne va finalement jusqu ' à le bout 

right label: 1	prob: [0.008675223216414452, 0.991324782371521]	Le chat est assis patiemment sur le banc de le piano . 

right label: 0	prob: [0.927923858165741, 0.07207614183425903]	Je vous aurais juré qu ' il était mort . 

right label: 0	prob: [0.7827746868133545, 0.21722526848316193]	Une femme en chemise rouge est sous une couverture et dort dans un véhicule . 

right label: 0	prob: [0.967698335647583, 0.032301709055900574]	Ils tombaient maintenant ensemble , ce qui était très gentil et romantique , mais ne résol vait pas le problème de base , qui était qu ' ils tombaient , et que le sol n ' attendait pas de voir s ' il avait d ' autres tours dans son sac , mais venait à leur rencontre comme un train express . 

right label: 0	prob: [0.9934682846069336, 0.006531648337841034]	En ce qui concerne son apparence physique , il suffit de dire que Doy le était assez vi ril pour les tâches qu ' il s ' était fixées , robuste , athl étique , sans vanité , mais pas au-dessus d ' un pinc ement conditionné de la honte s ' il rencontrait de les supérieurs sociaux alors qu ' il portait de les man chettes ou un col effi lo chés par ses limites financières . 

right label: 1	prob: [0.47008779644966125, 0.5299121737480164]	Je vous le li rai plus tard et vous dirai exactement ce qui se passe . 

right label: 1	prob: [0.49357879161834717, 0.5064212083816528]	Cette petite poupée avait l ' impression qu ' elle ne pouvait plus continuer . 

right label: 0	prob: [0.9873363375663757, 0.012663619592785835]	Cependant , le résultat de leurs arguments est toujours le même et témoigne de leur sagesse : après chaque conflit , les Grecs et les Arméniens demandent de les temples séparés . 

right label: 1	prob: [0.020009616389870644, 0.9799903631210327]	Un chien court avec un jouet dans sa gueule . 

right label: 0	prob: [0.990680992603302, 0.009319081902503967]	Qu ' il me suff ise de dire que je n ' ai pas perçu la moindre trace de modestie chez cette belle jeune fille à peine formée que la mixité moderne , les mœurs juvéni les , le vac arme de les feux de camp , etc. avaient complètement et irrémédiablement dé pr av ée . 

right label: 1	prob: [0.024757541716098785, 0.9752423763275146]	De nombreuses personnes marchent et participent à un défilé . 

right label: 1	prob: [0.4571605622768402, 0.5428394079208374]	Deux personnes s ' affrontent dans un match d ' arts martiaux . 

right label: 1	prob: [0.153143972158432, 0.8468560576438904]	je veux ce texte , avec un arbre dans la chambre de mon fils . 

right label: 0	prob: [0.9783006310462952, 0.021699393168091774]	A l ' intérieur , l ' espace s ' ouvrait sur une large chambre carrée , avec de les miroirs et si sombre qu ' elle aurait pu être de n ' importe quelle taille . 

right label: 1	prob: [0.14496390521526337, 0.8550361394882202]	consacré : la veille de la grande annonce , le couple a été vu avec ses enfants en train de se promener près de leur maison . 

right label: 0	prob: [0.9787266254425049, 0.021273434162139893]	Car même les meilleures qualités d ' une personne ne peuvent être appréciées à leur juste valeur que si elles nous sont présentées d ' une manière conforme à nos propres opinions et inclin ations . 

right label: 0	prob: [0.6789992451667786, 0.32100075483322144]	L ' écran lumineux fourni m ' avait informé de la date et de le lieu de les repas officiels , mais je n ' avais pas pris la peine de répondre à les invitations . 

right label: 1	prob: [0.01013858150690794, 0.9898613691329956]	un homme est debout sur un sk ate board dans une rue 

right label: 0	prob: [0.9193224906921387, 0.08067750185728073]	Moi , j ' ai suivi l ' exemple d ' Adri enne et je n ' ai rien dit ( je me suis inventé de les excuses pour rester en sécurité dans le mode d ' observation " g ath er- info " ) . 

right label: 0	prob: [0.7912501692771912, 0.20874978601932526]	S ' il vous plaît , si nous pouvions le voir , nous vous en serions très reconnaissants . 

right label: 1	prob: [0.0008551197242923081, 0.9991449117660522]	Ré fri gérer l ' écorce jusqu ' à ce qu ' elle soit complètement dur cie . 

right label: 0	prob: [0.9940211176872253, 0.005978872999548912]	Le jaune de ce ciel n ' était pas seulement de le smo g : il était d ' une noirceur pes ante et sanglante . 

right label: 0	prob: [0.9941065311431885, 0.005893464665859938]	En 1946 , les Juifs ne possédaient que 7 % de la Palestine , mais la menace de déplacement était largement perçue par les Arabes . 

right label: 0	prob: [0.9624836444854736, 0.037516411393880844]	J ' ai réalisé que Rachel avait disparu sans laisser d ' indice et que je ne pouvais rien faire d ' autre qu ' attendre qu ' elle se manifeste - ce qui , si elle était dans une situation où je devrais faire quelque chose , ne serait probablement jamais . 4 

right label: 1	prob: [0.0698220506310463, 0.9301779270172119]	personne , a déménagé et vient certains vendredis soirs pour rencontrer de nouvelles personnes . 

right label: 1	prob: [0.07567673176527023, 0.9243232607841492]	Elle se dé tend en espérant que le repos guéri ra son corps . 

right label: 0	prob: [0.9612914323806763, 0.03870852291584015]	Une fois - c ' était dans les années trente - il m ' a dit avec un certain embarras que les femmes ne sont jamais tout à fait elles-mêmes , ou , pour le dire cr ûment , qu ' elles sont toujours en train de faire semblant et de prendre de les attitudes . 

right label: 0	prob: [0.9975135326385498, 0.002486408920958638]	Les lois inexor ables de la mécanique céleste avaient décrété que l ' En de av our était le premier , et le dernier , de tous les vaisseaux de l ' Homme qui entr eraient en contact avec R ama . 

right label: 1	prob: [0.05343424528837204, 0.9465658068656921]	Un homme blond chante passionn ément dans le microphone . 

right label: 1	prob: [0.16718214750289917, 0.8328178524971008]	J ' ai passé un bon moment là-bas . 

right label: 1	prob: [0.24920564889907837, 0.7507943511009216]	Certains outils à main sont magnifiquement conçus pour s ' adapter à l ' utilisateur , par exemple la faux à deux mains . 

right label: 1	prob: [0.48641732335090637, 0.5135826468467712]	Est -ce que Claire est passée ? 

right label: 0	prob: [0.8794692158699036, 0.12053079903125763]	Les be ys et les ay ans se lev èrent et prirent congé en silence , heureux d ' être en vie et aussi perpl exes que s ' ils avaient assisté à un spectacle de pres tidi gi tation . 

right label: 1	prob: [0.30955860018730164, 0.6904414296150208]	Tout le monde semble s ' intéresser à lui ces derniers temps . 

right label: 1	prob: [0.014750233851373196, 0.9852498173713684]	une fan montre sa déception alors que la personne était bouleversée le samedi soir . 

right label: 1	prob: [0.13530340790748596, 0.8646965622901917]	Ce sont les côtes que mon mari cuisine . 

right label: 1	prob: [0.054436471313238144, 0.9455636143684387]	Un homme est assis sur le bord de la route à un stand de fruits . 

right label: 0	prob: [0.9729318618774414, 0.027068160474300385]	Elle a soudain repris sa manière de parler , celle qu ' il associ ait à leur conversation téléphonique : l ' Herzégovine était paci fiée . 

right label: 0	prob: [0.7326481938362122, 0.26735174655914307]	Voilà ce qui arrive quand on n ' utilise pas de mercenaires . 

right label: 1	prob: [0.040776483714580536, 0.9592235088348389]	détendu : une personne a passé son bras autour de l ' épaule de le modèle . 

right label: 0	prob: [0.9653960466384888, 0.034603942185640335]	J ' ai appuyé mes jambes contre le sol en pierre et il était sur moi . 

right label: 1	prob: [0.013022886589169502, 0.9869771599769592]	Les enfants se sont amus és à jouer ensemble . 

right label: 0	prob: [0.8890922665596008, 0.11090768128633499]	Ess ayer de soutenir les usines d ' une ville était impossible face à la dépression qui s ' est étendue à toute l ' industrie . 

right label: 0	prob: [0.9689043164253235, 0.031095724552869797]	Les pommes de terre étaient légères et non grasses ; 

right label: 1	prob: [0.013120888732373714, 0.9868791699409485]	une façon naturelle de recycler les déchets alimentaires - les donner à les poules 

right label: 0	prob: [0.5800046920776367, 0.4199952781200409]	Le calme de la pièce y a contribué , tout comme la vue . 

right label: 0	prob: [0.9264615178108215, 0.07353844493627548]	L ' ob sidi enne est une roche volcanique dure et vitr euse , qui pouvait être faç onnée en outils de coupe et de poign ard age . 

right label: 0	prob: [0.9107151031494141, 0.08928483724594116]	Z h eng avait l ' air sceptique . 

right label: 0	prob: [0.9758297204971313, 0.024170324206352234]	Les Ott om ans ont apporté de nouvelles influences à les îles qu ' ils contrô laient , formant un vaste empire qui s ' étendait autour de la Méditerranée orientale . 

right label: 0	prob: [0.8548614382743835, 0.14513860642910004]	Après un moment , Ray a dit , je ne pense pas . 

right label: 1	prob: [0.0280892476439476, 0.9719107151031494]	Ils ont continué à prendre de les photos ensemble devant d ' autres sites historiques . 

right label: 1	prob: [0.0012932638637721539, 0.9987066984176636]	-S avou rez ces ti kk is avec de le ket chu p . 

right label: 0	prob: [0.9815347194671631, 0.01846531592309475]	Ces personnes ne ressentent pas le besoin d ' exprimer leur sympathie , ni de réfléchir à de les moyens d ' éviter de tels incidents , mais elles ressentent le besoin d ' affirmer leurs droits et de chercher de les réponses rapides et simples - comme le dit Bus ch , les propriétaires d ' armes à feu voulaient pendre [ l ' enfant ] à l ' arbre le plus haut . 

right label: 0	prob: [0.9858736991882324, 0.014126257970929146]	A ceux qui disaient qu ' ils avaient le sentiment que le savon ne se trouvait pas dans les mines , le Capitaine s ' était risqué à suggérer que c ' était peut-être parce que personne n ' avait assez cherché , et cette possibilité avait été reconnue à contrec œur . 

right label: 0	prob: [0.9883347749710083, 0.01166528183966875]	Il reste à voir si cela se produira un jour , mais l ' aide offerte par la Grèce à la Turquie après le tremblement de terre dévastateur de 1999 est peut-être un signe que l ' anim osité entre ces deux ennemis traditionnels commence à diminuer . 

right label: 1	prob: [0.19942720234394073, 0.8005727529525757]	Un homme portant une casquette noire , une chemise noire à manches longues et un tablier violet est souriant 

right label: 0	prob: [0.831058144569397, 0.16894185543060303]	Je me suis demandé si la nourriture livrée dans mes quartiers ces derniers jours avait été aussi incroyable . 

right label: 0	prob: [0.9936345815658569, 0.006365449633449316]	En 15 66 , ils arra chent Chi os à les Gén ois , renforçant ainsi leur mainmise sur les îles orientales de la mer É gée , mais les Cycl ades restent à les mains de les V éni tiens pendant une autre génération ou plus - Tin os est la dernière à tomber en 17 15 . 

right label: 0	prob: [0.9207687973976135, 0.07923123240470886]	Un matériau ancien important , l ' ob sidi enne , a été découvert sur l ' île de Mil os . 

right label: 0	prob: [0.9771180152893066, 0.02288198098540306]	On m ' empois onne , mais on ne sait pas que je ... si je ... 

right label: 1	prob: [0.02430311217904091, 0.9756969213485718]	De les gens regardent un homme jouer à un jeu vidéo de boxe dans un immeuble . 

right label: 1	prob: [0.00694186519831419, 0.9930580854415894]	Une bouteille de Fran ks Red Hot Buffalo Sau ce est parfaite pour cette recette ! 

right label: 1	prob: [0.0612364262342453, 0.9387635588645935]	Un policier est assis sur une moto . 

right label: 1	prob: [0.002607866656035185, 0.9973920583724976]	un conférencier présente un documentaire dans une galerie d ' art de la banlieue tranquille . 

right label: 0	prob: [0.6516677737236023, 0.3483321964740753]	Madame , je dois tenir compte de sa santé . 

right label: 1	prob: [0.03475126251578331, 0.965248703956604]	La famille prenant quelques verres avant notre barbecue annuel est toujours un bon souvenir . 

right label: 0	prob: [0.9788141846656799, 0.021185820922255516]	Cependant , même ces ré visionn istes conviennent que les Juifs n ' avaient pas l ' intention d ' expulser les musulmans de Palestine . 

right label: 1	prob: [0.12750749289989471, 0.8724924921989441]	On a eu de la dinde ce soir . 

right label: 1	prob: [0.025912702083587646, 0.9740872979164124]	Le chien est assis à l ' arrière de la voiture . 

right label: 0	prob: [0.9718496799468994, 0.028150299564003944]	Et si ce n ' est pas un can ul ar , alors je suis directement impliqué et eux aussi , ce qui me donne le droit de parler avec eux . 

right label: 1	prob: [0.07523163408041, 0.9247683882713318]	L ' avion de ligne est montré devant le hangar après son arrivée . 

right label: 1	prob: [0.0011736382730305195, 0.9988263249397278]	Placez le ham burger dans une casserole avec 1 / 3 de tasse d ' eau , assais onnez avec de le sel et de le poivre . 

right label: 1	prob: [0.43920040130615234, 0.5607995986938477]	Je dis , tu veux une autre bière ? 

right label: 0	prob: [0.9930197596549988, 0.006980186328291893]	Après avoir vu mon vaisseau se déchirer , après avoir passé vingt-trois bonnes heures à flotter en silence dans l ' épave , après m ' être demandé si je faisais face à les étoiles de la const ellation de la Balance ou de la const ellation d ' Ori on vues de la Terre , après m ' être demandé ce que je ressent ais en suff o quant et après avoir eu le sentiment que oui , j ' allais mourir seul dans l ' espace , il m ' a fallu de le temps pour que ce sentiment se dissi pe . 

right label: 1	prob: [0.023006927222013474, 0.9769930839538574]	la recherche biomédi cale comporte de nombreux murs angulaires . 

right label: 0	prob: [0.9422820210456848, 0.05771802365779877]	L ' origine de le navire et la raison pour laquelle Jeff erson m ' a sauvé avaient -elles vraiment de l ' importance , si maintenant , j ' étais content ? 

right label: 0	prob: [0.9824811816215515, 0.01751880533993244]	Quelle est notre destination ? 

right label: 1	prob: [0.20840108394622803, 0.791598916053772]	Deux hommes et une femme sont assis dans une rame de métro . 

right label: 0	prob: [0.9737188220024109, 0.02628118172287941]	L ' univers tel que nous le connaissons ne sera plus le même . 

right label: 0	prob: [0.9895665645599365, 0.010433491319417953]	Maintenant , pouvez -vous me dire quel sera votre plan d ' attaque avant que nous ne tour ni ons dans le sens inverse de les aiguilles d ' une montre dans un roman d ' Anne Rice ? 

right label: 1	prob: [0.0027924147434532642, 0.9972075819969177]	Pour faire la pâte 1 tasse de farine tout usage / Mai da 1 tasse d ' eau 1 cuillère à soupe de sucre 1 cuillère à soupe d ' huile végétale 1 / 2 cuillère à café de sel Pour faire les Chur ros Huile pour la fri ture Pour saupoudrer / Roul er 1 cuillère à soupe de sucre 1 cuillère à café de cannelle mou lue 

right label: 1	prob: [0.4994158148765564, 0.5005841255187988]	Patrick a lancé la balle ; 

right label: 1	prob: [0.0016050272388383746, 0.9983949065208435]	Ben se dé tend dans un fauteuil confortable à le coin de le feu . 

right label: 0	prob: [0.8401744365692139, 0.15982559323310852]	Il n ' a pas été décour agé par la distance , j ' en suis sûr . 

right label: 1	prob: [0.08492429554462433, 0.9150757193565369]	De les personnes sur de les motos descendent une rue où flotte un drapeau américain . 

right label: 0	prob: [0.8111943006515503, 0.1888056844472885]	Tout membre de l ' équipe qui aurait pu mettre en danger le projet était de la viande . 

right label: 1	prob: [0.02971799299120903, 0.9702820181846619]	Un j ockey monte un cheval dans l ' herbe verte . 

right label: 0	prob: [0.9599777460098267, 0.040022216737270355]	Cela ne déran geait personne ; 

right label: 1	prob: [0.26495057344436646, 0.7350494861602783]	dans son discours , le militaire a assuré les pays de son engagement durable envers la sécurité et la prospérité de la région . 

right label: 1	prob: [0.05444967374205589, 0.9455503821372986]	De les pom - po m girls en tenue rouge s ' entraînent dans l ' herbe . 

right label: 0	prob: [0.9351141452789307, 0.06488581746816635]	Le plafond était haut et en bois , et je pouvais voir une partie de la cabine d ' un DJ à le bout de le couloir . 

right label: 0	prob: [0.5031012892723083, 0.49689871072769165]	Une maison est en construction . 

right label: 0	prob: [0.9052229523658752, 0.09477702528238297]	J ' en doute , dit Mar vin . 

right label: 1	prob: [0.1681617796421051, 0.8318382501602173]	Papa veut savoir si ces bal ances sont arrivées . 

right label: 0	prob: [0.9708489775657654, 0.029151026159524918]	Le comté de Mah oning était une région mon o- industrielle et les habitants de You ng sto wn , S tru thers , Campbell , Bo ard man Town ship et de les nombreux autres petits villages de la région n ' avaient qu ' un seul employeur principal : les aci éries . 

right label: 1	prob: [0.01161263883113861, 0.988387405872345]	une personne a dirigé la cérémonie de découpe de le gâteau de la fête nationale 

right label: 0	prob: [0.9898173213005066, 0.010182660073041916]	La Grèce se voit attribuer une bande de terre le long de la côte occidentale de l ' Asie Min eure , où la population grecque était importante depuis plus de 2 000 ans . 

right label: 1	prob: [0.013562723062932491, 0.9864372611045837]	Vous aurez besoin d ' un fer à repasser , d ' une barre métallique plate ( j ' ai utilisé un niveau ) , d ' un aspirateur , de sacs M yl ar et de les aliments à emballer . 

right label: 0	prob: [0.9969372749328613, 0.0030627280939370394]	Le vaisseau , il était étrange et vieux , soit tellement dépassé , soit tellement modifié que je ne pouvais pas dire de quelle marque il était , et d ' une certaine manière , l ' équipage qui se tenait autour de moi correspondait à la même description , un amalgame de personnes singulièrement atypique . 

right label: 1	prob: [0.002414274960756302, 0.9975857734680176]	Utilisez une cuillère ou un couteau à beurre pour répartir la gelée sur la tranche de pain opposée , encore ordinaire . 

right label: 0	prob: [0.9605409502983093, 0.039458997547626495]	... c ' est ce que je pensais . 

right label: 0	prob: [0.9630036354064941, 0.03699643537402153]	Franchement , je ne sais pas si nous pouvons faire quoi que ce soit contre un vampire . 

right label: 1	prob: [0.20119982957839966, 0.7988001704216003]	L ' homme est souriant et porte un costume . 

right label: 0	prob: [0.9262359738349915, 0.07376397401094437]	Et moi , je suppose que j ' étais une pièce de plus dans leur puzzle . 

right label: 0	prob: [0.9477702975273132, 0.05222967639565468]	Les événements qui ont suivi cette date ( connus sous le nom de " lundi noir " ) sont considérés par les personnes qui en ont été témoins soit comme de les histoires de grand courage et de détermination , soit comme de les monuments de l ' échec humain et de les faux espoirs . 

right label: 0	prob: [0.8838990926742554, 0.11610094457864761]	Il était temps de découvrir à quoi ressemblait l ' enfer . 

right label: 1	prob: [0.13328100740909576, 0.8667189478874207]	J ' adore , dit Greg , et il regarde Hil ary aller vers une petite bouilloire sur une plaque chauff ante dans le coin de la pièce et verser de l ' eau bouillante sur un sachet de thé . 

right label: 1	prob: [0.029661526903510094, 0.9703384637832642]	je vais me faire faire ça pour mes cheveux . 

right label: 1	prob: [0.12064696103334427, 0.8793530464172363]	Mes meilleures amies et moi avons fait en sorte de prendre de les photos ensemble . 

right label: 1	prob: [0.23712889850139618, 0.7628710865974426]	Claire et Amanda ne s ' étaient pas vues depuis dix ans et étaient ravi es de passer de le temps ensemble . 

right label: 0	prob: [0.8545266389846802, 0.14547331631183624]	Moi , j ' ai suivi l ' exemple d ' Adri enne et je n ' ai rien dit ( je me suis inventé de les excuses pour rester en sécurité en mode observation ) . même si je pensais que Z h eng avait raison . 

right label: 1	prob: [0.03763151913881302, 0.9623684883117676]	Un sk ater fait de les figures dans le hal f pipe . 

right label: 0	prob: [0.9302341938018799, 0.06976581364870071]	Qu ' est -ce que tu en penses ? demanda le boss u . 

right label: 0	prob: [0.9892984628677368, 0.010701550170779228]	Un observateur occasionnel n ' aurait pas su dire si c ' était parce qu ' il était ivre , malade ou suicidaire , et en effet , il n ' y avait pas d ' observateurs occasionnels dans le vieux Pink Do g Bar de le quartier sud de Han D old City , car ce n ' était pas le genre d ' endroit où l ' on pouvait se permettre de faire les choses avec désinvol ture si l ' on voulait rester en vie . 

right label: 1	prob: [0.01289171539247036, 0.9871082901954651]	Un ours brun se tient dans l ' herbe le long d ' une route . 

right label: 0	prob: [0.9758297204971313, 0.024170324206352234]	Les Ott om ans ont apporté de nouvelles influences à les îles qu ' ils contrô laient , formant un vaste empire qui s ' étendait autour de la Méditerranée orientale . 

right label: 0	prob: [0.7544794678688049, 0.24552056193351746]	Di xon ne pouvait s ' empêcher d ' admirer la façon dont , sans rien dire ni faire de particulier , ils s ' établis saient si facilement qu ' il n ' était pas censé les accompagner lui-même . 

right label: 0	prob: [0.8946189880371094, 0.10538096725940704]	Nous n ' avons pas embarqué beaucoup de passagers , juste quelques privilégiés , épar pillés ici et là entre les étoiles . 

right label: 0	prob: [0.8438243269920349, 0.1561756730079651]	La poussière épaisse amor tiss ait nos pas . 

right label: 1	prob: [0.004818890243768692, 0.9951810240745544]	" Si vous le souhaitez , vous pouvez rassembler de le glaçage ou d ' autres garni tures et décorer votre gâteau " " Cup " " avant de le manger . 

right label: 1	prob: [0.1943458616733551, 0.8056541681289673]	Ici , à une réunion de Team USA , ils montrent la nouvelle ligne de vêtements pour 2015 . 

right label: 1	prob: [0.019604502245783806, 0.980395495891571]	Une jeune femme et un jeune homme discutent avec un groupe d ' autres personnes autour d ' eux . 

right label: 0	prob: [0.9765550494194031, 0.02344498597085476]	Le riche parfum de le vin avait une touche de quelque chose de chimique que j ' ai reconnu de le bar , mais il a rempli ma bouche et a coulé dans mes veines avec une chaleur rassurante . 

right label: 1	prob: [0.09070727974176407, 0.9092926979064941]	L ' homme pose pour une photo avec une cravate , de les lunettes de soleil et un chapeau . 

right label: 0	prob: [0.9722107648849487, 0.027789251878857613]	Son affirmation selon laquelle il est possible d ' acheter de les munitions dans les supermarchés est indépendante de cette affirmation . 

right label: 1	prob: [0.013969134539365768, 0.9860308170318604]	Elle prépare le restaurant pour l ' arrivée de les clients . 

right label: 1	prob: [0.22581100463867188, 0.7741889953613281]	Elle entre dans le bâtiment . 

right label: 1	prob: [0.013668606989085674, 0.9863313436508179]	Ce sont de les filles qui jouent à un jeu vidéo 

right label: 0	prob: [0.9792194962501526, 0.020780570805072784]	Ceux qui vivaient encore étaient frappés et a pathiques , comme s ' ils souff raient d ' une maladie de l ' esprit plutôt que de le corps . 

right label: 1	prob: [0.013618888333439827, 0.9863811135292053]	l ' image peut contenir : personne , sur scène , assis , jouant d ' un instrument de musique et intérieur 

right label: 1	prob: [0.04587622731924057, 0.9541237354278564]	Un troupeau de z èbres b route dans un champ . 

right label: 0	prob: [0.9784656167030334, 0.02153431437909603]	Les jours passaient , les semaines passaient , mais je ne pouvais pas dire si cela faisait de les mois ou de les années que j ' avais été secour u . 

right label: 1	prob: [0.026149876415729523, 0.9738501906394958]	Un homme marche dans un marché étroit 

right label: 0	prob: [0.9005570411682129, 0.09944292157888412]	J ' ai appelé Mit ch et nos autres amis , en espérant que le hangar s ' était écrasé chez l ' un d ' entre eux , mais je n ' ai pas eu de chance . 

right label: 0	prob: [0.9490941762924194, 0.05090581253170967]	C ' était D vor ov . 

right label: 1	prob: [0.0021501563023775816, 0.9978498220443726]	Chau ffer le four à 375 degrés F. Déposer une couche de sauce à le fond d ' un plat de cuisson de 9 par 13 pouces . 

right label: 0	prob: [0.892240583896637, 0.10775934904813766]	Tara ne laissera pas ses espoirs dé mesurés les entraîner sur un rocher qui signifierait la fin de le projet et de l ' espèce Arr allin . 

right label: 0	prob: [0.8271922469139099, 0.1728076934814453]	La pièce pu ait , principalement son propre désespoir . 

right label: 0	prob: [0.7937155365943909, 0.20628449320793152]	Une femme est dans un bus public traversant une ville . 

right label: 1	prob: [0.01206686906516552, 0.9879330992698669]	Un hib ou est assis dans la branche d ' un arbre 

right label: 1	prob: [0.038086023181676865, 0.9619139432907104]	Un jeune homme et une femme apprécient un repas . 

right label: 1	prob: [0.06550844013690948, 0.9344915151596069]	Un homme est debout dans un salon . 

right label: 0	prob: [0.7956872582435608, 0.20431271195411682]	Je ne sais pas comment on aurait pu l ' entendre avec la musique . " 

right label: 0	prob: [0.8998963832855225, 0.10010363906621933]	Tout s ' efface , se perd en poussière et en atomes dispersés entre les étoiles , et chacun d ' entre nous se retrouve aussi seul qu ' à le moment de sa naissance . 

right label: 0	prob: [0.9795520901679993, 0.020447922870516777]	Il ne savait pas que Ted Cole avait cessé d ' être un travailleur acharné , et que ce qui restait de les " normes " douteuses de Ted avait été compromis par l ' échec insupportable de son mariage avec Marion - ceci en combinaison avec ces décès inacceptables . 

right label: 1	prob: [0.09429864585399628, 0.9057013988494873]	Un avi ateur guide un drone alors qu ' il se dirige vers la piste d ' atterrissage . 

right label: 0	prob: [0.8954119682312012, 0.10458806157112122]	J ' essaie de me lever , mais je retombe , paralysé par le froid et la prise de conscience de ma misérable impuissance . 

right label: 0	prob: [0.8493121862411499, 0.1506877839565277]	Must afa avait 14 ans quand il a été tué . 

right label: 0	prob: [0.682846188545227, 0.31715378165245056]	R . 

right label: 1	prob: [0.08895224332809448, 0.9110477566719055]	Pour créer le visage de Pep pa , vous devez réaliser une forme de cœur . 

right label: 0	prob: [0.9098928570747375, 0.09010714292526245]	La raison pour laquelle il a été publié sous la forme d ' un composant électronique micro- sous- mé son est que s ' il était imprimé sous la forme d ' un livre normal , un auto- stopp eur inter st ell aire aurait besoin de plusieurs bâtiments de taille in commode pour le transporter . 

right label: 0	prob: [0.9930943250656128, 0.006905721500515938]	Après avoir vu mon vaisseau se déchirer , après avoir passé vingt-trois bonnes heures à flotter en silence dans l ' épave , à me demander si je faisais face à les étoiles de la const ellation de la Balance ou de la const ellation d ' Ori on vues de la Terre , à me demander ce que cela faisait de suff o quer , et après avoir eu le sentiment que oui , j ' allais en fait mourir seul dans l ' espace , il a fallu de le temps pour que ce sentiment se dissi pe . 

right label: 0	prob: [0.9718952775001526, 0.028104737401008606]	La lutte a con tourné la plupart de les îles , bien que de violents combats aient eu lieu à Sam os . 

right label: 1	prob: [0.004197715315967798, 0.9958023428916931]	voiture de reportage restée gar ée devant la maison . 

right label: 1	prob: [0.01583220437169075, 0.984167754650116]	Un jeune ours gri zz ly se promène dans un ruisseau . 

right label: 0	prob: [0.947539210319519, 0.05246077477931976]	Il est maintenant bien documenté que la CIA a toléré la vente de cr ack dans les villes américaines pour financer les opérations de les contr as sud- américains . 

right label: 1	prob: [0.017055723816156387, 0.9829443097114563]	Une vieille télévision est assise sur une plage de sable . 

right label: 0	prob: [0.9930998086929321, 0.006900164298713207]	L ' Empire byzantin possédait de les villes puissantes et bien forti fiées , mais les campagnes et les îles périphériques étaient rav agées par de les vagues d ' envahisseurs . 

right label: 1	prob: [0.10451781004667282, 0.8954821228981018]	Un homme passe devant un bâtiment couvert de graffi tis . 

right label: 1	prob: [0.0687640905380249, 0.9312358498573303]	un ami est quelqu' un qui peut voir la vérité et la douleur en vous , même lorsque vous tromp ez tout le monde . 

right label: 0	prob: [0.914912760257721, 0.08508727699518204]	C ' est le message clé de cette partie de l ' animation , qui est à nouveau ignoré par ses détracteurs . 

right label: 1	prob: [0.36179059743881226, 0.6382094025611877]	2 ) 

right label: 1	prob: [0.17806808650493622, 0.8219319581985474]	J ' ai roulé aussi vite que possible jusqu ' à ce que je trouve l ' école . 

right label: 1	prob: [0.033876825124025345, 0.9661231637001038]	Plusieurs personnes se dirigent vers la plage pour aller faire de le surf . 

right label: 1	prob: [0.02078438177704811, 0.9792155623435974]	Un jeune garçon se tient à le bord d ' un étang . 

right label: 1	prob: [0.002419583033770323, 0.9975804090499878]	une personne utilise de les huiles pour peindre à la main une publicité . 

right label: 0	prob: [0.9955663084983826, 0.004433685448020697]	Un opportun iste et un homme d ' affaires , tel était Jeff erson . 

right label: 1	prob: [0.05033104121685028, 0.9496689438819885]	Un homme vérifie son télé phone en s ' asse yant sur un banc de pierre . 

right label: 1	prob: [0.4539990723133087, 0.5460009574890137]	les cow- boys comme lui existent -ils vraiment ? 

right label: 0	prob: [0.8994130492210388, 0.10058692842721939]	Si - " Vous voyez ce que je veux dire . 

right label: 0	prob: [0.9789724946022034, 0.021027443930506706]	Comment pourrait -il même penser à blâmer la pauvreté et les programmes de travail forcé pour tout ce qui arrive de mal ? 

right label: 0	prob: [0.645582377910614, 0.354417622089386]	La nourriture était délicieuse et tout le monde était rassasi é et heureux . 

right label: 1	prob: [0.19554099440574646, 0.8044589757919312]	Ils avaient une grande variété d ' aliments parmi lesquels choisir . 

right label: 0	prob: [0.9310477375984192, 0.0689522922039032]	On pourrait penser que ce sont là les philosophes professionnels : trop occupés à thé oriser dans l ' abstrait pour remarquer à quelle station ils se trouvent , sans parler de ce qui se passe dans le monde non abstrait dans lequel nous vivons tous . 

right label: 1	prob: [0.0015722555108368397, 0.9984277486801147]	R assembl ez les ingrédients nécessaires à la préparation de les cup cakes à le chocolat . 

right label: 1	prob: [0.1067500039935112, 0.8932499885559082]	Un jeune garçon en maillot de bain jette une pierre dans l ' eau . 

right label: 1	prob: [0.015704799443483353, 0.9842952489852905]	Un homme est assis dans l ' herbe avec une vache près d ' une clôture . 

right label: 1	prob: [0.07138911634683609, 0.9286108613014221]	Debout devant un tableau noir numérique , il a commencé à noter de les informations importantes qui se sont affichées instantanément . 

right label: 0	prob: [0.836570680141449, 0.16342929005622864]	Un homme vêtu d ' un swe at- shirt à capuche bleu a les mains sur les rayons arrière de son vélo renversé , alors qu ' il est assis sur un mur et couvert de graffi tis parmi de les palmiers . 

right label: 0	prob: [0.95805424451828, 0.04194573312997818]	Il savait que cette grotte sacrée était réservée exclusivement à les reliques de les Pap es , mais d ' une certaine manière Mor tat i a senti que c ' était approprié . 

right label: 1	prob: [0.02127808891236782, 0.9787219166755676]	Une vieille femme regarde le gâteau de son 9 5e anniversaire . 

right label: 1	prob: [0.020610222592949867, 0.9793898463249207]	amélior ez votre événement avec une performance de qualité , nous pouvons vous aider , appelez - nous dès aujourd' hui ! 

right label: 0	prob: [0.8515668511390686, 0.14843317866325378]	mais j ' ad mets que le roman est actuellement en retard sur la réalité probable . 

right label: 1	prob: [0.0021501563023775816, 0.9978498220443726]	Chau ffer le four à 375 degrés F. Déposer une couche de sauce à le fond d ' un plat de cuisson de 9 par 13 pouces . 

right label: 0	prob: [0.9241893291473389, 0.07581070065498352]	Si c ' était en mars , cela signifiait que nous étions ensemble depuis presque un an et demi . 

right label: 0	prob: [0.9170899391174316, 0.08291006833314896]	Un homme en maillot de bain noir est en train de plonger d ' un plon ge oir dans une piscine . 

right label: 0	prob: [0.8417534232139587, 0.15824659168720245]	Personne ne s ' en soucie ; 

right label: 1	prob: [0.0009047664934769273, 0.9990952014923096]	Placez le beurre et le sucre dans un grand bol à mélanger et batt ez - les ensemble jusqu ' à ce qu ' ils soient légers et mouss eux . 

right label: 0	prob: [0.9588715434074402, 0.04112847521901131]	Même Lock he ed ne croyait pas que le public était aussi cré dule . 

right label: 1	prob: [0.09033363312482834, 0.9096662998199463]	Je ne pouvais pas m ' arrêter sans prendre une dernière photo de les montagnes ennei gées ! 

right label: 0	prob: [0.8615977764129639, 0.13840226829051971]	L ' acier étranger était également beaucoup moins cher . 

right label: 0	prob: [0.84275221824646, 0.15724779665470123]	C ' était le thème mél o dramatique de ce soir : la nature éphémère de la vie . 

right label: 1	prob: [0.004888420458883047, 0.9951116442680359]	É gou tter le bœuf haché en laissant une petite quantité de graisse dans la casserole avec le bœuf haché et ajouter le ro tel , la crème de soupe à le poulet , l ' assaisonnement pour tac os , le jal ap eno haché et une boîte de soupe pleine d ' eau . 

right label: 1	prob: [0.0014302198542281985, 0.9985697269439697]	Batt ez en crème le beurre et le sucre jusqu ' à ce qu ' ils soient légers et mouss eux . 

right label: 1	prob: [0.01717918924987316, 0.9828208684921265]	Le chat regarde à l ' intérieur de le sac à dos ouvert . 

right label: 1	prob: [0.06731124967336655, 0.9326887130737305]	Un homme est allongé dans le sable à côté d ' une vache . 

right label: 0	prob: [0.9755910634994507, 0.02440890297293663]	Sur votre page web , vous déclar ez que la résolution de Moore est discutable . 

right label: 0	prob: [0.9839337468147278, 0.016066189855337143]	Le sien était coupé de près , avec une touche de style qui accen tu ait les beaux angles de ses pomm ettes et de sa mâchoire . 

right label: 0	prob: [0.6725025177001953, 0.3274975121021271]	Il allait nous donner de les informations précieuses pour elle . 

right label: 0	prob: [0.8288863301277161, 0.1711137294769287]	Le taux de chômage est faible par rapport à les villes environnantes , et les rues sont propres et bien entreten ues . 

right label: 0	prob: [0.9785081148147583, 0.021491864696145058]	L ' église était complètement différente maintenant : la lumière de le soleil tombait à travers les vitraux , attrap ant la poussière qui flott ait encore dans l ' air et envoyant une chaleur sèche et saine dans les bords de la pièce , à travers la pierre et le béton poudr eux qui avaient été recouverts la nuit dernière par la chair et les lumières cli gnot antes . 

right label: 1	prob: [0.09117448329925537, 0.9088255763053894]	Les gens passaient un bon moment et avaient de les conversations . 

right label: 1	prob: [0.47548818588256836, 0.5245118141174316]	Après minuit , tout le monde se sentait fatigué et étour di . 

right label: 0	prob: [0.7090705633163452, 0.2909294366836548]	Un jeune garçon est sur le dos d ' une autre personne qui porte un chapeau . 

right label: 1	prob: [0.010934965685009956, 0.9890650510787964]	Un chat noir et blanc regarde dans la cuvette de les toilettes . 

right label: 1	prob: [0.0064715235494077206, 0.993528425693512]	Les ingrédients nécessaires pour ce goûter sont une préparation pour gâteau à le chocolat , 3 œufs , 1 / 3 de tasse d ' huile végétale , 1 tasse d ' eau , 1 boîte de sucre en poudre , 1 bâton de mar gar ine , 4 cuillères à soupe de cacao , 1 / 4 de tasse de lait , de les T wi zz lers , de les M & M' s , de les paillettes , de le papier ci ré et de les écor ces d ' amandes à le chocolat blanc . 

right label: 0	prob: [0.9941065311431885, 0.005893464665859938]	En 1946 , les Juifs ne possédaient que 7 % de la Palestine , mais la menace de déplacement était largement perçue par les Arabes . 

right label: 1	prob: [0.018543578684329987, 0.9814563989639282]	Bien sûr , dit Greg .. , 

right label: 0	prob: [0.9891123175621033, 0.010887750424444675]	La première loi de la ther modyn amique affirme sans équivoque que l ' énergie est toujours conservée et qu ' elle ne peut donc ni se perdre ni se renouveler . 

right label: 1	prob: [0.002012944081798196, 0.9979870319366455]	Dans un four préchauffé à 400 degrés , faites cuire votre zombie pendant 15- 18 minutes . 

right label: 1	prob: [0.010762532241642475, 0.9892374277114868]	Un homme marche tout en utilisant son télé phone portable . 

right label: 0	prob: [0.9729785919189453, 0.02702142857015133]	C ' est de lui qu ' il s ' agissait . 

right label: 1	prob: [0.01123443990945816, 0.9887655973434448]	Un enfant blond joue avec un ornement de jardin en métal . 

right label: 1	prob: [0.42090827226638794, 0.5790917873382568]	Bon , je vais aller me coiff er . 

right label: 0	prob: [0.9527312517166138, 0.04726878181099892]	Par os et An dro s ont contribué à l ' armement per se , tandis que d ' autres sou tenaient Athènes . 

right label: 0	prob: [0.9313642978668213, 0.0686357170343399]	Fait : L ' enfer , c ' est les autres . 

right label: 0	prob: [0.9551320672035217, 0.0448678694665432]	Ne p th ys nous a conduit dans un couloir qui correspondait à la façade de le bâtiment , un couloir voû té , un intestin nerv ur é , dont les murs noirs avaient un aspect organique inquiétant . 

right label: 0	prob: [0.5580400824546814, 0.4419599175453186]	Mais nous voyons de nouveaux visages . 

right label: 0	prob: [0.992752194404602, 0.007247855421155691]	Le nouveau juif palestinien , disaient -ils , devait être physiquement plus fort que les commerçants intelli gents qui avaient été piétin és en Europe . 

right label: 1	prob: [0.04892216622829437, 0.9510778188705444]	l ' organisation a déménagé dans de les locaux temporaires près de l ' intersection de les routes en avril pendant que le bâtiment principal subit de les rénovations d ' une valeur de 14, 4 millions de dollars . 344 out of 416