
Uses verb segment ids: yes
Model: flaubert/flaubert_large_cased
Train set: 3328
Validation set: 416
Test set: 416
transformer.attentions.0.q_lin.bias                          (1024,)
transformer.attentions.0.k_lin.weight                   (1024, 1024)
transformer.attentions.0.k_lin.bias                          (1024,)
transformer.attentions.0.v_lin.weight                   (1024, 1024)
transformer.attentions.0.v_lin.bias                          (1024,)
transformer.attentions.0.out_lin.weight                 (1024, 1024)
transformer.attentions.0.out_lin.bias                        (1024,)
transformer.attentions.1.q_lin.weight                   (1024, 1024)
transformer.attentions.1.q_lin.bias                          (1024,)
transformer.attentions.1.k_lin.weight                   (1024, 1024)
transformer.attentions.1.k_lin.bias                          (1024,)
transformer.attentions.1.v_lin.weight                   (1024, 1024)
transformer.attentions.1.v_lin.bias                          (1024,)
transformer.attentions.1.out_lin.weight                 (1024, 1024)
transformer.attentions.1.out_lin.bias                        (1024,)
transformer.attentions.2.q_lin.weight                   (1024, 1024)
	======== Epoch 1 / 4 ========
Training...
	Batch    40	of	  104.		Elapsed: 0:18:07.
	Batch    80	of	  104.		Elapsed: 0:35:35.
	Average training loss: 0.81
	Training epoch took: 0:46:13
	Running Validation...
	Accuracy: 0.68
	Validation took: 0:02:07
	Confusion matrix:
              precision    recall  f1-score   support

           0       0.65      0.91      0.76       227
           1       0.79      0.41      0.54       189

   micro avg       0.68      0.68      0.68       416
   macro avg       0.72      0.66      0.65       416
weighted avg       0.71      0.68      0.66       416

	======== Epoch 2 / 4 ========
Training...
	Batch    40	of	  104.		Elapsed: 0:17:23.
	Batch    80	of	  104.		Elapsed: 0:34:35.
	Average training loss: 0.63
	Training epoch took: 0:45:21
	Running Validation...
	Accuracy: 0.74
	Validation took: 0:02:07
	Confusion matrix:
              precision    recall  f1-score   support

           0       0.71      0.88      0.78       227
           1       0.80      0.56      0.66       189

   micro avg       0.74      0.74      0.74       416
   macro avg       0.75      0.72      0.72       416
weighted avg       0.75      0.74      0.73       416

	======== Epoch 3 / 4 ========
Training...
	Batch    40	of	  104.		Elapsed: 0:17:29.
	Batch    80	of	  104.		Elapsed: 0:34:44.
	Average training loss: 0.51
	Training epoch took: 0:45:17
	Running Validation...
	Accuracy: 0.79
	Validation took: 0:02:05
	Confusion matrix:
              precision    recall  f1-score   support

           0       0.74      0.95      0.83       227
           1       0.91      0.60      0.73       189

   micro avg       0.79      0.79      0.79       416
   macro avg       0.83      0.78      0.78       416
weighted avg       0.82      0.79      0.78       416

	======== Epoch 4 / 4 ========
Training...
	Batch    40	of	  104.		Elapsed: 0:17:07.
	Batch    80	of	  104.		Elapsed: 0:34:29.
	Average training loss: 0.45
	Training epoch took: 0:44:59
	Running Validation...
	Accuracy: 0.81
	Validation took: 0:02:05
	Confusion matrix:
              precision    recall  f1-score   support

           0       0.81      0.84      0.82       227
           1       0.80      0.77      0.78       189

   micro avg       0.81      0.81      0.81       416
   macro avg       0.80      0.80      0.80       416
weighted avg       0.81      0.81      0.80       416

Loaded model succesful. Running testing...
Accuracy: 0.81
Confusion matrix:
              precision    recall  f1-score   support

           0       0.81      0.84      0.82       227
           1       0.80      0.77      0.78       189

   micro avg       0.81      0.81      0.81       416
   macro avg       0.80      0.80      0.80       416
weighted avg       0.81      0.81      0.80       416


Wrong predictions:

wrong label: 1	prob: [0.28027504682540894, 0.7197249531745911]	Une petite fille dans un harnais est dans les airs par une journée ensoleillée . 

wrong label: 1	prob: [0.29198306798934937, 0.7080169320106506]	De les groupes de personnes sont dans un parc urbain ou marchent vers le quartier principal . 

wrong label: 1	prob: [0.41873788833618164, 0.5812620520591736]	Il sait pour nous . 

wrong label: 0	prob: [0.8937634229660034, 0.10623657703399658]	Je comprends , la police ne porterait pas plainte pour une personne qui a disparu pendant la nuit . 

wrong label: 1	prob: [0.21291987597942352, 0.7870801091194153]	Il m ' a fallu une trentaine de secondes pour choisir le sandwich à le poulet Charles ton : poitrine de poulet mar inée et grill ée sur un pain à le lev ain avec de le hav ar ti fondu , de la lai tue romaine et de la mayonnaise à les cann e berges . 

wrong label: 1	prob: [0.06790868937969208, 0.9320912957191467]	Une foule se rassemble dans un bar local . 

wrong label: 1	prob: [0.37964269518852234, 0.6203573346138]	Un homme en chemise rouge tient deux animaux écor chés morts sur une table , avec une scie à proximité et un couteau à la main . 

wrong label: 1	prob: [0.21917006373405457, 0.7808299660682678]	Deux hommes regardent dans les télesco pes solaires . 

wrong label: 0	prob: [0.5459593534469604, 0.4540405571460724]	inquiet : les agriculteurs craign aient que la forte hausse de les températures cette année n ' entraîne un raccour c issement de la saison de culture de le genre biologique , mais les pluies récentes pourraient l ' aider à poursuivre sa croissance jusqu ' à la fin de le mois de juillet 

wrong label: 0	prob: [0.5453928112983704, 0.454607218503952]	Les conditions d ' hygiène dans les bidon villes sont catastrophiques . 

wrong label: 0	prob: [0.8710567951202393, 0.12894318997859955]	Certains messages étaient politiques . 

wrong label: 1	prob: [0.301300585269928, 0.6986994743347168]	La chaîne de la corde s ' en roule sur mes genoux . 

wrong label: 0	prob: [0.6463695764541626, 0.3536304533481598]	Ça ne te fati gu erait pas ? dit rapidement Des mond . 

wrong label: 0	prob: [0.6809231042861938, 0.319076806306839]	Des mond dit que c ' est la femme avec qui il vit , n ' est -ce pas terrible , à son âge ! 

wrong label: 0	prob: [0.8306548595428467, 0.16934515535831451]	Je commençais à être très fatigué . 

wrong label: 0	prob: [0.6171402931213379, 0.3828596770763397]	Nous pourrions juste nous asseoir et collecter les loyers d ' un nombre toujours plus réduit de locataires . 

wrong label: 1	prob: [0.4646449685096741, 0.5353550314903259]	Notre cuisine rend hommage à notre amour de les traditions de le Sud à table , mais , comme les bonnes gens d ' Ash eville , elle marche à son propre rythme . 

wrong label: 1	prob: [0.4111975431442261, 0.5888023972511292]	Une femme a un tatouage dans le dos . 

wrong label: 1	prob: [0.49256739020347595, 0.5074325203895569]	Elle a de le bon sang sous les joues . 

wrong label: 1	prob: [0.1238204836845398, 0.8761794567108154]	Voy ager à l ' étranger peut être un plaisir ! 

wrong label: 1	prob: [0.4069652557373047, 0.5930347442626953]	" De les demi- paires de chaussettes allon gées dans de les tasses de café à moitié bu es . 

wrong label: 1	prob: [0.4354163706302643, 0.5645835995674133]	Une femme en chemise rouge est sous une couverture et dort dans un véhicule . 

wrong label: 0	prob: [0.8345236778259277, 0.16547633707523346]	Je veux prendre mon badge , sinon si tu le ti res , il va déchirer mon jean . 

wrong label: 0	prob: [0.7052244544029236, 0.2947755455970764]	Cette petite poupée avait l ' impression qu ' elle ne pouvait plus continuer . 

wrong label: 0	prob: [0.845626175403595, 0.1543739140033722]	Il est clair que les questions doivent être telles que l ' on peut s ' attendre à ce que la population concernée les comprenne et y réponde en connaissance de cause . 

wrong label: 0	prob: [0.5383866429328918, 0.46161338686943054]	J ' ai décidé de briser ce schéma . 

wrong label: 0	prob: [0.7783198356628418, 0.22168023884296417]	Cas ey , qui n ' était pas sûre de son avenir , était devenue une grande créatrice de mode à New York . 

wrong label: 0	prob: [0.7809152007102966, 0.21908481419086456]	Je ne l ' ai jamais fait , dit Rose , avec sa vieille énergie . 

wrong label: 1	prob: [0.22558686137199402, 0.7744131088256836]	a demandé Adri enne , en utilisant la formulation de Sarah . 

wrong label: 0	prob: [0.7660735249519348, 0.23392640054225922]	Rien de le tout , dit Greg en sortant par la porte d ' entrée . 

wrong label: 0	prob: [0.7215648293495178, 0.27843523025512695]	Est -ce que Claire est passée ? 

wrong label: 0	prob: [0.5055654644966125, 0.4944344758987427]	Tout le monde semble s ' intéresser à lui ces derniers temps . 

wrong label: 0	prob: [0.9302246570587158, 0.0697752982378006]	Ils devaient être riches , vu la taille de leurs pierres tomb ales . 

wrong label: 1	prob: [0.25869354605674744, 0.741306483745575]	Les pommes de terre étaient légères et non grasses ; 

wrong label: 1	prob: [0.26672762632369995, 0.7332723736763]	Tout le monde est habillé à les couleurs de mon mariage . 

wrong label: 1	prob: [0.2604486346244812, 0.739551305770874]	Un chien noir participe à une course de chiens . 

wrong label: 1	prob: [0.24156425893306732, 0.7584357261657715]	C ' est Halloween et tous les enfants sont dégu isés . 

wrong label: 1	prob: [0.22265595197677612, 0.7773440480232239]	De nombreuses personnes sont dehors et regardent les patin eurs sur glace . 

wrong label: 1	prob: [0.11463917791843414, 0.885360836982727]	Un petit garçon en chemise blanche fait de l ' escalade . 

wrong label: 0	prob: [0.7718156576156616, 0.22818440198898315]	Eh bien , je ne vais pas le faire là-dedans . 

wrong label: 0	prob: [0.5898635983467102, 0.4101363718509674]	Un homme portant une casquette noire , une chemise noire à manches longues et un tablier violet est souriant 

wrong label: 0	prob: [0.8428935408592224, 0.1571064442396164]	La vérité est que je n ' ai aucune chance de trouver un emploi . 

wrong label: 0	prob: [0.5648033618927002, 0.4351966381072998]	Je dis , tu veux une autre bière ? 

wrong label: 1	prob: [0.09605972468852997, 0.9039402604103088]	De les adultes et de les enfants dansent dans une pièce . 

wrong label: 0	prob: [0.9840835928916931, 0.0159163661301136]	Il ne l ' attribue certainement pas à un discours où elle n ' a pas été prononcée et , comme indiqué ci-dessus , le faire deux fois n ' aurait aucun sens si Moore était le maître de la tromperie que ses détracteurs prétendent qu ' il est . 

wrong label: 0	prob: [0.7207603454589844, 0.2792397141456604]	Par exemple , toute tâche de diagnostic peut être facilitée par une tax onomie de les symptômes et une tax onomie de les causes , ainsi que par les liens entre eux . 

wrong label: 0	prob: [0.5175801515579224, 0.4824198782444]	De les personnes sur de les motos descendent une rue où flotte un drapeau américain . 

wrong label: 0	prob: [0.9605609774589539, 0.03943900763988495]	Pas seulement parce que c ' était un motif ridi culement in adéquat , mais parce que ce n ' était pas vrai . , 

wrong label: 1	prob: [0.19888170063495636, 0.8011182546615601]	Une maison est en construction . 

wrong label: 0	prob: [0.929063081741333, 0.07093694061040878]	Mais ... bon , personne d ' important ne disparaît jamais , alors ça n ' a pas vraiment d ' importance , n ' est -ce pas ? 

wrong label: 0	prob: [0.7611432671546936, 0.238856703042984]	Nous étions très proches . 

wrong label: 0	prob: [0.5319746136665344, 0.46802541613578796]	Claire et Amanda ne s ' étaient pas vues depuis dix ans et étaient ravi es de passer de le temps ensemble . 

wrong label: 0	prob: [0.6070265769958496, 0.3929734528064728]	Ici , à une réunion de Team USA , ils montrent la nouvelle ligne de vêtements pour 2015 . 

wrong label: 1	prob: [0.3764322102069855, 0.6235677599906921]	Un joueur de tennis asiatique s ' apprête à frapper la balle . 

wrong label: 0	prob: [0.8022962808609009, 0.19770368933677673]	Mais voyant un regard de sympathie , elle a répondu : Oui , c ' est vrai . 

wrong label: 1	prob: [0.291061669588089, 0.7089383602142334]	Une femme est dans un bus public traversant une ville . 

wrong label: 1	prob: [0.37897056341171265, 0.6210294961929321]	Un homme vêtu de cuir noir avec un band ana rouge sourit à la caméra . 

wrong label: 1	prob: [0.14949274063110352, 0.8505073189735413]	Les photos vont être magnifiques . 

wrong label: 1	prob: [0.3018215596675873, 0.6981784701347351]	La réception va être géniale . 

wrong label: 0	prob: [0.7321145534515381, 0.2678854465484619]	Je me suis sentie si bien lorsque mon nom a été appelé et que je me suis dirigée vers l ' avant de la scène pour recevoir mon diplôme . 

wrong label: 1	prob: [0.03082863800227642, 0.9691712856292725]	vous l ' utilisez pour faire naviguer un mini ra deau sur la lente et lourde rivière M oth ; 

wrong label: 0	prob: [0.567301869392395, 0.43269816040992737]	J ' ai roulé aussi vite que possible jusqu ' à ce que je trouve l ' école . 

wrong label: 1	prob: [0.49862006306648254, 0.5013799071311951]	La nourriture était délicieuse et tout le monde était rassasi é et heureux . 

wrong label: 0	prob: [0.5376367568969727, 0.46236318349838257]	Ils avaient une grande variété d ' aliments parmi lesquels choisir . 

wrong label: 0	prob: [0.8591720461845398, 0.14082792401313782]	Et cela aurait pu facilement la faire pani quer . 

wrong label: 1	prob: [0.2959272861480713, 0.7040727138519287]	Deux jeunes hommes exécutent un numéro de danse moderne . 

wrong label: 0	prob: [0.655728816986084, 0.3442712128162384]	Voilà , je vais garder ça . 

wrong label: 1	prob: [0.3229677677154541, 0.6770322322845459]	De les gens sont dehors en train de danser lors d ' un événement nocturne tandis que les artistes chantent et jouent de les instruments sur une scène bien éclairée . 

wrong label: 0	prob: [0.8406158089637756, 0.15938416123390198]	Je n ' aime pas l ' attitude de le peuple Emma . 

wrong label: 0	prob: [0.7675598859786987, 0.23244014382362366]	Le soir , les routes étaient relativement dégag ées . 

wrong label: 1	prob: [0.2909541726112366, 0.7090457677841187]	Les couverts sont vraiment magnifiques . 

wrong label: 1	prob: [0.41097015142440796, 0.589029848575592]	Et les meilleurs acteurs , chanteurs et danseurs de l ' Opéra étaient là pour agrémenter les dîners . 

wrong label: 1	prob: [0.47993600368499756, 0.5200639963150024]	Tu veux rester coincé ici pour le reste de ta vie ? 

wrong label: 0	prob: [0.7831021547317505, 0.2168978601694107]	Après minuit , tout le monde se sentait fatigué et étour di . 

wrong label: 1	prob: [0.27698034048080444, 0.7230196595191956]	Un jeune garçon est sur le dos d ' une autre personne qui porte un chapeau . 

wrong label: 0	prob: [0.7931071519851685, 0.20689283311367035]	Dans une étrange juxta position de la réalité , un vieux piano est assis à le coin d ' une rue animée la nuit . 

wrong label: 0	prob: [0.6767630577087402, 0.3232369124889374]	Par définition et inten tionnellement , les rou tines sont inflexi bles . 

wrong label: 0	prob: [0.6983412504196167, 0.3016586899757385]	Bien sûr , dit Greg .. , 

wrong label: 0	prob: [0.8742964863777161, 0.1257035732269287]	Il y avait aussi beaucoup de gens qui prê taient serment . 

wrong label: 0	prob: [0.5003836750984192, 0.4996163249015808]	Bon , je vais aller me coiff er . 

wrong label: 1	prob: [0.3287080228328705, 0.6712919473648071]	Mais nous voyons de nouveaux visages . 81 out of 416

Right predictions:

right label: 0	prob: [0.934571385383606, 0.06542865186929703]	Mais ce décret n ' avait pas la puissance de le droit civil derrière lui . 

right label: 0	prob: [0.9319830536842346, 0.06801699101924896]	Il est certain que Moore est l ' un de les cinéastes les plus talentueux de les États-Unis aujourd' hui , et que son film méritait pleinement son Oscar . 

right label: 0	prob: [0.7574194669723511, 0.24258048832416534]	C ' était juste une petite installation où quelqu' un avait empil é quelques caisses et apporté quelque chose d ' alcool isé à partager , principalement de la bière . 

right label: 1	prob: [0.09450195729732513, 0.9054980278015137]	Un chien blond est allongé sur le carrelage 

right label: 1	prob: [0.02110322378575802, 0.9788967967033386]	Une personne tient un long ho t- dog devant une boîte d ' animaux en peluche . 

right label: 1	prob: [0.08632445335388184, 0.9136755466461182]	Une femme tient un ours en peluche et sourit . 

right label: 1	prob: [0.3366798758506775, 0.6633201241493225]	Une femme tient un ours habillé comme un soldat britannique . 

right label: 0	prob: [0.9656346440315247, 0.034365396946668625]	C ' est naïf à l ' extrême - Hes ton ne serait pas président de la N RA s ' il n ' était pas tenu à le courant de les cas les plus marquants de violence armée . 

right label: 0	prob: [0.6057896614074707, 0.3942103385925293]	Je ne suis pas sûre d ' être prête à sortir . 

right label: 1	prob: [0.04223819449543953, 0.9577617645263672]	Elle aimait poser et sourire pour l ' appareil photo . 

right label: 1	prob: [0.3750852048397064, 0.624914824962616]	cabines privées - pour les invités les plus importants , nous avons de les lits situés dans de les cabines privées . 

right label: 1	prob: [0.23078079521656036, 0.7692192196846008]	Il s ' est rapidement famili arisé avec les collègues de la nouvelle entreprise . 

right label: 0	prob: [0.972564160823822, 0.02743583172559738]	Le tout se résu mait à l ' expression d ' une sécurité absolue et à l ' ignorance de toute transgr ession . 

right label: 1	prob: [0.09522625058889389, 0.9047737717628479]	Un alpin iste grimpe à le sommet d ' une montagne ennei gée . 

right label: 1	prob: [0.06104135885834694, 0.9389587044715881]	Une main tient de la nourriture et une boisson est sur la table . 

right label: 1	prob: [0.24906793236732483, 0.7509320378303528]	J ' ai essayé de m ' entraîner à faire de les portraits ces derniers temps . 

right label: 0	prob: [0.8165454268455505, 0.18345452845096588]	Mon nom , Jesus Qui les , est juste là . 

right label: 0	prob: [0.6990520358085632, 0.3009479343891144]	Arthur essayait de mesurer la vitesse à laquelle ils voyage aient , mais le noir extérieur était absolu et il n ' avait aucun point de référence . 

right label: 1	prob: [0.1174468845129013, 0.8825531005859375]	Une femme fum ant une cigarette joue de la guitare . 

right label: 1	prob: [0.014152126386761665, 0.9858478307723999]	vous êtes-vous déjà demandé à quoi ressemble la maison blanche pendant les vacances ? 

right label: 1	prob: [0.4990878105163574, 0.5009122490882874]	Monte . 

right label: 0	prob: [0.633145809173584, 0.36685416102409363]	En refer mant la boîte , il s ' est arrêté près de la porte ouverte et m ' a regardé . 

right label: 1	prob: [0.041263461112976074, 0.9587365388870239]	La femme lit un livre dans la bibliothèque . 

right label: 0	prob: [0.9225532412528992, 0.07744675874710083]	Dans les régions pauvres , le commerce très rentable de la drogue est souvent considéré comme le dernier recours . 

right label: 0	prob: [0.9299620389938354, 0.07003802061080933]	Concernant l ' extrait de le site de la N RA sur l ' affaire et le sur lign age de la phrase 48 heures après que Kay la Rolland ait été déclarée morte : 

right label: 0	prob: [0.7548494338989258, 0.24515052139759064]	J ' étais maintenant l ' un d ' entre eux . 

right label: 0	prob: [0.7775883078575134, 0.22241166234016418]	On pourrait dire que je suis plus différent que différent . 

right label: 0	prob: [0.9332330822944641, 0.06676694005727768]	Par une coïncidence extraordinaire , le jour suivant , il y avait deux rapports dans le journal , l ' un concernant les incidents les plus étonnants avec une sou coupe vol ante , et l ' autre sur une série d ' émeutes incon ven antes dans les pubs . 

right label: 0	prob: [0.9738917946815491, 0.026108263060450554]	Jé hu se rendit alors à Je z réel où résidait la vieille re ine- mère , Jé z abel . 

right label: 1	prob: [0.20804397761821747, 0.7919560074806213]	comment se battre si l ' on est arrêté à un feu rouge 

right label: 1	prob: [0.33049264550209045, 0.6695073843002319]	Un homme portant un chapeau de cow- boy monte un cheval brun . 

right label: 0	prob: [0.5123392939567566, 0.4876607060432434]	Curtis souri ait et se frott ait les mains , savour ant le coup de grâce . 

right label: 1	prob: [0.27502912282943726, 0.7249709367752075]	les clients n ' aimer ont jamais une entreprise tant que les employés ne l ' aiment pas d ' abord . 

right label: 1	prob: [0.34930655360221863, 0.6506935358047485]	Un groupe de personnes hab illées professionnellement à l ' extérieur . 

right label: 0	prob: [0.9917752742767334, 0.008224657736718655]	Cependant , la ville étant divisée par de les fortifications et de les fils barbel és , aucun pèler in israélien ou juif n ' a été autorisé à visiter le Mur occidental ou d ' autres sites juifs à Jérusalem-Est . 

right label: 0	prob: [0.8127413988113403, 0.18725857138633728]	Lorsque le lecteur souhaite approfondir certains sujets , ou lorsque de les questions techniques sont en jeu , la lecture de les ouvrages pertinents cités dans la bibliographie est recommandée . 

right label: 0	prob: [0.7659076452255249, 0.2340923249721527]	En un clin d ' oeil à la lumière str ob oscopique , il était sur ses pieds et se précipi tait hors de la pièce . 

right label: 1	prob: [0.056018829345703125, 0.9439811110496521]	un joueur de football a échangé de les maillots signés en été lorsque l ' intérêt était 

right label: 0	prob: [0.9708579778671265, 0.029142020270228386]	Nous ne nous souci ons pas d ' être les derniers et nous ne nous souci ons pas qu ' il n ' y ait plus d ' étoiles . 

right label: 0	prob: [0.8650705218315125, 0.13492952287197113]	Je veux voir à quoi ressemble une pierre magique . 

right label: 1	prob: [0.41084763407707214, 0.589152455329895]	mais 4 écr ous sur vos 4 boul ons comme le montre l ' image . 

right label: 0	prob: [0.8574198484420776, 0.14258013665676117]	Elle prit une gor gée de sa boisson , de l ' eau plate car , avait -elle expliqué plus tôt , elle n ' avait jamais aimé le goût de l ' alcool , puis fix a son regard sur moi . 

right label: 0	prob: [0.8907033801078796, 0.10929665714502335]	Il est toutefois peu probable que les attaques injustes dont il fait l ' objet aient un impact significatif . 

right label: 1	prob: [0.4733465611934662, 0.5266534090042114]	J ' ai rencontré certains de les coureurs . 

right label: 1	prob: [0.2634469270706177, 0.7365530729293823]	Un homme en costu me- cravate et chapeau tient un pistolet . 

right label: 0	prob: [0.9902376532554626, 0.00976239051669836]	Il était naturel qu ' une petite ville ho d za ne puisse maintenir ce qu ' un Grand V ez ir avait fondé et que les événements historiques avaient condamné à le désastre . 

right label: 0	prob: [0.9706814885139465, 0.029318541288375854]	Mais si jamais tu vois une fée , dis- lui que tu es de le sang d ' Ivan Bog aty ri vitch et elle ne te laissera pas passer si vite . 

right label: 1	prob: [0.006635421421378851, 0.9933645725250244]	Mettez l ' ail , le basilic , les câ pres et le jus de citron dans un mix eur avec environ une demi- tasse d ' huile d ' olive et commencez à mixer . 

right label: 1	prob: [0.10348627716302872, 0.8965137004852295]	Il y a plusieurs verres de vin vides sur la table . 

right label: 0	prob: [0.9871058464050293, 0.012894155457615852]	Une grande partie de la meilleure architecture islamique de la ville a été construite à l ' époque mam el ou ke , mais les mille dernières années ont fait de les ravages : Jérusalem n ' a pas pu retrouver la prospérité dont elle avait bénéficié auparavant . 

right label: 0	prob: [0.9546394944190979, 0.04536055400967598]	Quand votre vie , la raison pour laquelle vous avez vécu , les gens , les visages , les lieux , les émotions que vous avez ressenti es , les personnes et les choses que vous avez aim ées , quand tout cela aura disparu , qu ' est -ce qu ' il vous restera ? 

right label: 0	prob: [0.9887034296989441, 0.011296575888991356]	La reine Hélène , une chrétienne fer vente et la mère de l ' empereur Constantin le Grand , a fait un pèlerinage en Terre Sainte en 3 26 pour identifier les sites associés à la vie de Jésus . 

right label: 0	prob: [0.796867311000824, 0.20313262939453125]	Dans une main , je tenais en équilibre mon assiette de cr ack ers en forme d ' étoile , de boules de tremp ettes et de garni tures élégantes , de petites boules rou lées de viandes et de fromages traversées par de les tiges d ' une plante vert pâle , et un ensemble d ' autres petites choses délec tables . 

right label: 0	prob: [0.9468263983726501, 0.053173646330833435]	Et bien que cette pensée eût dû être douloureuse , l ' avocat était cal mé par la certitude que personne ne s ' affli gerait . 

right label: 0	prob: [0.9325472712516785, 0.06745272129774094]	Ceux d ' entre nous qui vivent en permanence dans ce monde ont tendance à s ' installer dans de les endroits comme celui-ci , où la population humaine est si écrasante qu ' on ne les remarque pas dans le bon coin , avec les bons sorts de protection ... 

right label: 0	prob: [0.9239794611930847, 0.07602056115865707]	Vos accusations de coupures in appropriées sont une fois de plus totalement in fondées . 

right label: 0	prob: [0.9401149153709412, 0.05988500267267227]	Ses yeux étaient rouges et il avait dénu dé une série de cro cs qui auraient pu m ' arracher la main . 

right label: 1	prob: [0.14420653879642487, 0.8557934165000916]	Nous avons profité de le reste de la journée à le bord de la plage en regardant le coucher de le soleil . 

right label: 1	prob: [0.4088027775287628, 0.5911972522735596]	Une n ageuse portant un costume rose sort de l ' eau d ' une piscine et fait de les éclabou ssures . 

right label: 0	prob: [0.9516952037811279, 0.04830483719706535]	Je ne sais pas comment Jeff erson a su que je me trouvais là . 

right label: 0	prob: [0.7850722670555115, 0.21492771804332733]	La seule chose que l ' on savait . 

right label: 1	prob: [0.03407496213912964, 0.9659250378608704]	Faites une fente verticale dans l ' une de les olives Jum bo , ce sera le corps , que vous far ci rez de fromage frais . 

right label: 0	prob: [0.9746639728546143, 0.025336094200611115]	Constantinople a été prise par les forces de les Cro isés en 120 4 , qui ont dépouillé la ville de nombre de ses plus beaux trésors - qui or nent aujourd' hui les bâtiments publics de Venise - bien qu ' un important lot de livres et de manuscrits ait été transféré à le monastère de Pat mos avant la chute de la ville . 

right label: 0	prob: [0.6459596157073975, 0.35404038429260254]	Hé , j ' ai dit , tu es sûr qu ' on devrait aller par là ? 

right label: 1	prob: [0.08399654179811478, 0.9160035252571106]	Faites - en un autre si vous l ' aimez ! ! ! 

right label: 0	prob: [0.9882358908653259, 0.011764131486415863]	A l ' époque , Jérusalem était un bastion can an éen situé sur une route commerciale secondaire , bien moins important que les villes bibliques telles que Haz or , Me gi d do , B eth She an et Si che m . 

right label: 0	prob: [0.7287772297859192, 0.27122271060943604]	Tous les mets raffinés et les éclairages décoratifs , il fallait un prix exorbi tant pour les entretenir . 

right label: 1	prob: [0.023549159988760948, 0.9764508008956909]	Un surf eur chev auche une vague sur sa planche de surf . 

right label: 0	prob: [0.8975651264190674, 0.10243488848209381]	Je me suis assis de côté dans le fauteuil , les pieds pend us à un bras , le cou reposant contre l ' autre , traçant dis traitement de les lignes invisibles entre les étoiles à l ' extérieur de ma fenêtre pendant que je ru min ais la situation . 

right label: 1	prob: [0.34836840629577637, 0.6516315937042236]	Elle a lutté pour se lever et l ' accompagner jusqu ' à la porte . 

right label: 0	prob: [0.927697479724884, 0.07230249792337418]	Régi on alis me Dès ses premiers jours , la vallée de Mah oning a été une région remplie de petits villages et hameaux . 

right label: 0	prob: [0.909541130065918, 0.09045886993408203]	Alors , quelle est notre cargaison , hein , capitaine ? 

right label: 1	prob: [0.081119604408741, 0.9188804030418396]	le plus important est de s ' assurer que la taille de le costume est adaptée à votre morphologie . 

right label: 0	prob: [0.5375083088874817, 0.4624916911125183]	Un homme et une femme sont dans un bus . 

right label: 0	prob: [0.6784350872039795, 0.32156485319137573]	Sa cr inière est si cool . 

right label: 0	prob: [0.971224308013916, 0.02877570316195488]	Une nouvelle école d ' historiens juifs est plus critique à l ' égard de les bouleversements causés par l ' acquisition de terres par les Juifs , et conclut que cela n ' a pas toujours été juste . 

right label: 1	prob: [0.11734787374734879, 0.8826521635055542]	un bun ker secret , nouvellement construit , est situé sous le vaste terrain . 

right label: 1	prob: [0.43245363235473633, 0.5675463676452637]	Essayez de comprendre les gens avant de leur faire confiance . 

right label: 1	prob: [0.004593061748892069, 0.995406985282898]	un réalisateur assiste à la cérémonie de remise d ' une étoile à un acteur . 

right label: 1	prob: [0.4373193681240082, 0.5626806616783142]	Une vue à la première personne d ' un homme qui regarde la télévision les pieds en l ' air . 

right label: 0	prob: [0.5672805905342102, 0.4327193796634674]	Une femme en vêtements noirs est dans une cuisine , en train de râ per de le fromage . 

right label: 0	prob: [0.9428746700286865, 0.0571252666413784]	Ce que l ' étranger pen sera , c ' est qu ' un homme qui peut faire de le stop à travers la galaxie , la rendre difficile , l ' en can ailler , lutter contre de terribles obstacles , gagner , et qui sait toujours où se trouve sa serviette est clairement un homme avec lequel il faut compter . 

right label: 0	prob: [0.9349693655967712, 0.06503058224916458]	Il nous a conduits à la porte d ' un bâtiment ressemblant à une pag ode courte surmontée d ' une enseigne montrant un visage à les mains levées , comme un saint sous la lumière de Dieu , et men ot tés . 

right label: 0	prob: [0.9712234139442444, 0.028776589781045914]	Son taux de change de huit N ing is pour un P u est assez simple , mais comme un N ing i est une pièce triangulaire en caoutchouc de six mille huit cents milles de côté , personne n ' a jamais rassemblé assez de pièces pour posséder un P u . 

right label: 0	prob: [0.9802089929580688, 0.019790975376963615]	Après avoir vu mon vaisseau se déchirer , après avoir passé vingt-trois bonnes heures à flotter en silence dans l ' épave , après m ' être demandé si je faisais face à les étoiles de la const ellation de la Balance ou de la const ellation d ' Ori on vues de la Terre , après m ' être demandé ce que je ressent ais en suff o quant et après avoir eu le sentiment que oui , j ' allais mourir seul dans l ' espace , il m ' a fallu de le temps pour que ce sentiment se dissi pe . 

right label: 0	prob: [0.9522716999053955, 0.047728344798088074]	Cela ressemble plus à une correction ultérieure à de les fins de relations publiques , mais bien sûr , personne ne remet en question les déclarations de la banque lorsqu ' elles peuvent être utilisées contre Moore . 

right label: 0	prob: [0.6068875789642334, 0.393112450838089]	Cela fait plus d ' une semaine , et je veux danser . 

right label: 1	prob: [0.3409730792045593, 0.6590269207954407]	Le cla quement de la porte résonne dans toute la maison . 

right label: 1	prob: [0.02593601495027542, 0.9740639925003052]	Roul ez - les en boules de la taille d ' une bouchée ( la taille de les boules dépend de la quantité que vous voulez faire ) . 

right label: 0	prob: [0.8397521376609802, 0.16024792194366455]	Il s ' est él ancé vers un escalier encastr é dans le mur , et nous avons couru après lui , en montant un énorme escalier qui semblait avoir plus d ' étages que le bâtiment ne pouvait en contenir . 

right label: 0	prob: [0.7937880158424377, 0.20621201395988464]	Alors , un camarade a demandé , Donner sa vie pour un autre être est le don ultime ? 

right label: 1	prob: [0.0036232240963727236, 0.9963768124580383]	un artiste country donne un concert surprise pendant le festival 

right label: 0	prob: [0.9903910160064697, 0.009609016589820385]	Notre héritage ancien et notre physiologie même nous disent que le sexe est naturel - une voie privilégiée vers l ' épanouissement spirituel - et pourtant la religion moderne le déc rie comme honteux , nous apprenant à craindre notre désir sexuel comme la main de le diable . 

right label: 0	prob: [0.9962965846061707, 0.0037034472916275263]	Pendant les 19 années suivantes , Jérusalem était deux villes . 

right label: 0	prob: [0.9055343866348267, 0.09446565806865692]	Il est maintenant bien documenté que la CIA a toléré la vente de cr ack dans les villes américaines pour financer les opérations de les contr as sud- américains 

right label: 1	prob: [0.12955623865127563, 0.8704438209533691]	J ' ai aussi pu passer de le temps avec le chat . 

right label: 0	prob: [0.9846174716949463, 0.01538248360157013]	La question de la vente de les terres est depuis longtemps un sous- thème de la lutte entre Juifs et Arabes . 

right label: 0	prob: [0.8802076578140259, 0.11979236453771591]	Mais Ron deau n ' a pas tenu compte de l ' avertissement . 

right label: 0	prob: [0.6659823060035706, 0.33401772379875183]	Ils ont rempli la sou te à bagages de deux valises d ' effets personnels , de deux sacs de nourriture et d ' une couverture rou lée dans une housse à carreaux fraîche avec un oreiller - après tout , selon elle , ils ne pouvaient pas dormir dans la même que cette pauvre fille ... 

right label: 1	prob: [0.020586783066391945, 0.9794132709503174]	Maintenant , mettez le tout dans le congélateur pour qu ' il soit congel é . 

right label: 1	prob: [0.05472150072455406, 0.9452784657478333]	En vous assurant qu ' elles sont encore chaudes , remplissez un mix eur ou un robot de cuisine avec les cacahu ètes grillées . 

right label: 1	prob: [0.010459822602570057, 0.989540159702301]	Dans un bol , verser 1 / 2 tasse d ' eau bouillante et 1 / 2 tasse d ' eau froide Ajouter 1 cuillère à café de sucre à l ' eau et remuer Ajouter 1 cuillère à soupe de levure à l ' eau , remuer et laisser reposer 10 minutes ( une mousse doit se former à la surface de l ' eau ) . 

right label: 0	prob: [0.8946022391319275, 0.10539773851633072]	Nous , et de les milliers d ' autres comme nous , vivons séparément depuis qu ' il y a une société humaine , dit mon chauffeur . 

right label: 0	prob: [0.932637631893158, 0.06736236810684204]	En fait , cela a fait naître l ' espoir chez les travailleurs sans qu ' il y ait une réelle chance de sauver quoi que ce soit . 

right label: 0	prob: [0.9366329908370972, 0.06336699426174164]	La fille était aussi douce et rose que l ' éclat de les pierres , et elle était vêtue d ' une robe blanche attachée à la taille par une ceinture comme un noeud celtique . 

right label: 0	prob: [0.9789617657661438, 0.021038180217146873]	Ou encore , il pouvait s ' agir d ' une de ces étranges incitations qui surg issaient de temps à autre de cette zone sombre de son esprit qu ' il avait in explic ablement verrou illée avant de devenir président de la galaxie . 

right label: 1	prob: [0.08090785890817642, 0.9190921187400818]	c ' est un bain de salade . 

right label: 0	prob: [0.970613956451416, 0.029386067762970924]	La brume bleue semblait s ' arrêter juste à côté de sa pâ leur , mettant en valeur son visage frappant sans en illumin er les détails , et ses poignets étincel aient de blancheur dans l ' obscurité . 

right label: 1	prob: [0.07098328322172165, 0.9290167689323425]	La personne sur une moto roule sur la plage . 

right label: 0	prob: [0.7982968091964722, 0.20170322060585022]	En quelques minutes , nous étions de retour à la première porte à laquelle nous avons frappé dans cette ville et D vor ov lui-même nous accueillait . 

right label: 0	prob: [0.5135930180549622, 0.48640701174736023]	Ce passage , tu te souviens ? 

right label: 0	prob: [0.9723113179206848, 0.02768869325518608]	Les gens s ' accro chaient à de vagues idées de collecti vis ation de les travailleurs , mais personne ne pouvait vraiment comprendre comment cela fonctionn erait exactement ; les habitants de You ng sto wn n ' étaient , après tout , pas particulièrement familiers avec le socialisme ou la collecti vis ation en général . 

right label: 0	prob: [0.9451409578323364, 0.05485907569527626]	L ' a pathie de l ' US W A United Steel Wor kers of America était le syndicat qui représentait les travailleurs de l ' acier de You ng sto wn à le moment de les fermetures . 

right label: 1	prob: [0.3658848702907562, 0.6341151595115662]	Une machine agricole bleue tire de les personnes le long de rangées de végétation , tandis que quatre personnes font quelque chose avec la végétation dans les rangées . 

right label: 0	prob: [0.8617706298828125, 0.13822942972183228]	Je me sens encore un peu étour di . 

right label: 0	prob: [0.8535641431808472, 0.14643587172031403]	C ' est une généralisation erronée . 

right label: 0	prob: [0.9615166783332825, 0.03848334774374962]	Il promet un État moderne à son peuple , mais la situation devenant explosive , de les troubles civils éclatent dans les villes turques et les personnes considérées comme grecques sont victimes de menaces et de violences . 

right label: 1	prob: [0.36849695444107056, 0.6315030455589294]	Elle détes tait ces escaliers . 

right label: 0	prob: [0.9666481018066406, 0.03335188701748848]	Je ne savais pas comment ils pouvaient manquer de les traits si exotiques , même dans cette lumière dé for mante . 

right label: 0	prob: [0.9771968722343445, 0.022803092375397682]	J ' ai été surpris à l ' époque que vous par don ni ez si facilement mes fausses accusations contre les Spa c ers , alors que vous m ' aviez auparavant ser m onné sur leur sensibilité . 

right label: 1	prob: [0.435882031917572, 0.5641179084777832]	Une femme tient un parapluie blanc par une nuit noire . 

right label: 1	prob: [0.13059647381305695, 0.8694035410881042]	une personne va finalement jusqu ' à le bout 

right label: 1	prob: [0.03878513351082802, 0.9612149000167847]	Le chat est assis patiemment sur le banc de le piano . 

right label: 0	prob: [0.8292264938354492, 0.1707734316587448]	Une médecine pour l ' esprit 

right label: 0	prob: [0.7777830958366394, 0.2222168743610382]	Je vous aurais juré qu ' il était mort . 

right label: 0	prob: [0.9195860028266907, 0.08041393756866455]	Ils tombaient maintenant ensemble , ce qui était très gentil et romantique , mais ne résol vait pas le problème de base , qui était qu ' ils tombaient , et que le sol n ' attendait pas de voir s ' il avait d ' autres tours dans son sac , mais venait à leur rencontre comme un train express . 

right label: 0	prob: [0.9166527390480042, 0.08334728330373764]	En ce qui concerne son apparence physique , il suffit de dire que Doy le était assez vi ril pour les tâches qu ' il s ' était fixées , robuste , athl étique , sans vanité , mais pas au-dessus d ' un pinc ement conditionné de la honte s ' il rencontrait de les supérieurs sociaux alors qu ' il portait de les man chettes ou un col effi lo chés par ses limites financières . 

right label: 1	prob: [0.3630504012107849, 0.6369495987892151]	Je vous le li rai plus tard et vous dirai exactement ce qui se passe . 

right label: 0	prob: [0.9905461072921753, 0.009453858248889446]	Cependant , le résultat de leurs arguments est toujours le même et témoigne de leur sagesse : après chaque conflit , les Grecs et les Arméniens demandent de les temples séparés . 

right label: 1	prob: [0.046335771679878235, 0.953664243221283]	Un chien court avec un jouet dans sa gueule . 

right label: 0	prob: [0.9746154546737671, 0.025384532287716866]	Qu ' il me suff ise de dire que je n ' ai pas perçu la moindre trace de modestie chez cette belle jeune fille à peine formée que la mixité moderne , les mœurs juvéni les , le vac arme de les feux de camp , etc. avaient complètement et irrémédiablement dé pr av ée . 

right label: 1	prob: [0.1118084192276001, 0.8881915807723999]	De nombreuses personnes marchent et participent à un défilé . 

right label: 1	prob: [0.2907121181488037, 0.7092879414558411]	Deux personnes s ' affrontent dans un match d ' arts martiaux . 

right label: 1	prob: [0.03024987131357193, 0.9697501063346863]	je veux ce texte , avec un arbre dans la chambre de mon fils . 

right label: 0	prob: [0.9409894943237305, 0.05901053175330162]	A l ' intérieur , l ' espace s ' ouvrait sur une large chambre carrée , avec de les miroirs et si sombre qu ' elle aurait pu être de n ' importe quelle taille . 

right label: 1	prob: [0.12657508254051208, 0.8734249472618103]	consacré : la veille de la grande annonce , le couple a été vu avec ses enfants en train de se promener près de leur maison . 

right label: 0	prob: [0.9677268862724304, 0.032273069024086]	Car même les meilleures qualités d ' une personne ne peuvent être appréciées à leur juste valeur que si elles nous sont présentées d ' une manière conforme à nos propres opinions et inclin ations . 

right label: 0	prob: [0.851814329624176, 0.14818568527698517]	L ' écran lumineux fourni m ' avait informé de la date et de le lieu de les repas officiels , mais je n ' avais pas pris la peine de répondre à les invitations . 

right label: 1	prob: [0.0033862991258502007, 0.9966136813163757]	un homme est debout sur un sk ate board dans une rue 

right label: 0	prob: [0.9261313676834106, 0.07386865466833115]	Moi , j ' ai suivi l ' exemple d ' Adri enne et je n ' ai rien dit ( je me suis inventé de les excuses pour rester en sécurité dans le mode d ' observation " g ath er- info " ) . 

right label: 0	prob: [0.6429141163825989, 0.3570859432220459]	S ' il vous plaît , si nous pouvions le voir , nous vous en serions très reconnaissants . 

right label: 1	prob: [0.007151088677346706, 0.9928488731384277]	Ré fri gérer l ' écorce jusqu ' à ce qu ' elle soit complètement dur cie . 

right label: 0	prob: [0.9637405872344971, 0.03625941276550293]	Le jaune de ce ciel n ' était pas seulement de le smo g : il était d ' une noirceur pes ante et sanglante . 

right label: 0	prob: [0.9892693161964417, 0.010730737820267677]	En 1946 , les Juifs ne possédaient que 7 % de la Palestine , mais la menace de déplacement était largement perçue par les Arabes . 

right label: 0	prob: [0.9520169496536255, 0.0479830838739872]	J ' ai réalisé que Rachel avait disparu sans laisser d ' indice et que je ne pouvais rien faire d ' autre qu ' attendre qu ' elle se manifeste - ce qui , si elle était dans une situation où je devrais faire quelque chose , ne serait probablement jamais . 4 

right label: 1	prob: [0.05919526889920235, 0.9408047199249268]	personne , a déménagé et vient certains vendredis soirs pour rencontrer de nouvelles personnes . 

right label: 1	prob: [0.25280091166496277, 0.7471991181373596]	Elle se dé tend en espérant que le repos guéri ra son corps . 

right label: 0	prob: [0.9272597432136536, 0.07274024933576584]	Une fois - c ' était dans les années trente - il m ' a dit avec un certain embarras que les femmes ne sont jamais tout à fait elles-mêmes , ou , pour le dire cr ûment , qu ' elles sont toujours en train de faire semblant et de prendre de les attitudes . 

right label: 0	prob: [0.9946073889732361, 0.005392658989876509]	Les lois inexor ables de la mécanique céleste avaient décrété que l ' En de av our était le premier , et le dernier , de tous les vaisseaux de l ' Homme qui entr eraient en contact avec R ama . 

right label: 1	prob: [0.18963876366615295, 0.8103612065315247]	Un homme blond chante passionn ément dans le microphone . 

right label: 1	prob: [0.11337801069021225, 0.8866219520568848]	J ' ai passé un bon moment là-bas . 

right label: 1	prob: [0.19625017046928406, 0.8037497997283936]	Certains outils à main sont magnifiquement conçus pour s ' adapter à l ' utilisateur , par exemple la faux à deux mains . 

right label: 0	prob: [0.9240407347679138, 0.07595930248498917]	Les be ys et les ay ans se lev èrent et prirent congé en silence , heureux d ' être en vie et aussi perpl exes que s ' ils avaient assisté à un spectacle de pres tidi gi tation . 

right label: 1	prob: [0.026026545092463493, 0.9739733934402466]	une fan montre sa déception alors que la personne était bouleversée le samedi soir . 

right label: 1	prob: [0.14275695383548737, 0.857243001461029]	Ce sont les côtes que mon mari cuisine . 

right label: 1	prob: [0.06754017621278763, 0.932459831237793]	Un homme est assis sur le bord de la route à un stand de fruits . 

right label: 0	prob: [0.9172623157501221, 0.08273766934871674]	Elle a soudain repris sa manière de parler , celle qu ' il associ ait à leur conversation téléphonique : l ' Herzégovine était paci fiée . 

right label: 0	prob: [0.9594965577125549, 0.04050343483686447]	Voilà ce qui arrive quand on n ' utilise pas de mercenaires . 

right label: 1	prob: [0.03289961814880371, 0.9671003222465515]	détendu : une personne a passé son bras autour de l ' épaule de le modèle . 

right label: 0	prob: [0.6835795044898987, 0.3164204955101013]	J ' ai appuyé mes jambes contre le sol en pierre et il était sur moi . 

right label: 1	prob: [0.019865578040480614, 0.9801344275474548]	Les enfants se sont amus és à jouer ensemble . 

right label: 0	prob: [0.9528940916061401, 0.047105930745601654]	Ess ayer de soutenir les usines d ' une ville était impossible face à la dépression qui s ' est étendue à toute l ' industrie . 

right label: 0	prob: [0.5841749310493469, 0.41582512855529785]	Mon chauffeur a tourné à nouveau à côté d ' un vieil entrepôt dans lequel j ' ai peut-être été une fois lorsque Mit ch nous a emmenés à une r ave en deuxième année . 

right label: 1	prob: [0.010877566412091255, 0.9891224503517151]	une façon naturelle de recycler les déchets alimentaires - les donner à les poules 

right label: 0	prob: [0.5027803182601929, 0.4972197115421295]	Le calme de la pièce y a contribué , tout comme la vue . 

right label: 0	prob: [0.7876584529876709, 0.21234162151813507]	L ' ob sidi enne est une roche volcanique dure et vitr euse , qui pouvait être faç onnée en outils de coupe et de poign ard age . 

right label: 0	prob: [0.8289083242416382, 0.17109164595603943]	Z h eng avait l ' air sceptique . 

right label: 0	prob: [0.9795326590538025, 0.020467320457100868]	Les Ott om ans ont apporté de nouvelles influences à les îles qu ' ils contrô laient , formant un vaste empire qui s ' étendait autour de la Méditerranée orientale . 

right label: 0	prob: [0.7327848076820374, 0.26721519231796265]	Après un moment , Ray a dit , je ne pense pas . 

right label: 1	prob: [0.20648005604743958, 0.793519914150238]	Ils ont continué à prendre de les photos ensemble devant d ' autres sites historiques . 

right label: 1	prob: [0.03761628642678261, 0.9623836874961853]	-S avou rez ces ti kk is avec de le ket chu p . 

right label: 0	prob: [0.9800936579704285, 0.019906271249055862]	Ces personnes ne ressentent pas le besoin d ' exprimer leur sympathie , ni de réfléchir à de les moyens d ' éviter de tels incidents , mais elles ressentent le besoin d ' affirmer leurs droits et de chercher de les réponses rapides et simples - comme le dit Bus ch , les propriétaires d ' armes à feu voulaient pendre [ l ' enfant ] à l ' arbre le plus haut . 

right label: 0	prob: [0.9400793313980103, 0.05992072820663452]	A ceux qui disaient qu ' ils avaient le sentiment que le savon ne se trouvait pas dans les mines , le Capitaine s ' était risqué à suggérer que c ' était peut-être parce que personne n ' avait assez cherché , et cette possibilité avait été reconnue à contrec œur . 

right label: 0	prob: [0.9649781584739685, 0.0350218266248703]	Il reste à voir si cela se produira un jour , mais l ' aide offerte par la Grèce à la Turquie après le tremblement de terre dévastateur de 1999 est peut-être un signe que l ' anim osité entre ces deux ennemis traditionnels commence à diminuer . 

right label: 0	prob: [0.778605043888092, 0.22139498591423035]	Je me suis demandé si la nourriture livrée dans mes quartiers ces derniers jours avait été aussi incroyable . 

right label: 0	prob: [0.9856589436531067, 0.014341033063828945]	En 15 66 , ils arra chent Chi os à les Gén ois , renforçant ainsi leur mainmise sur les îles orientales de la mer É gée , mais les Cycl ades restent à les mains de les V éni tiens pendant une autre génération ou plus - Tin os est la dernière à tomber en 17 15 . 

right label: 0	prob: [0.8299115300178528, 0.1700884997844696]	Un matériau ancien important , l ' ob sidi enne , a été découvert sur l ' île de Mil os . 

right label: 0	prob: [0.6960365772247314, 0.3039633631706238]	On m ' empois onne , mais on ne sait pas que je ... si je ... 

right label: 1	prob: [0.1985061764717102, 0.8014938235282898]	De les gens regardent un homme jouer à un jeu vidéo de boxe dans un immeuble . 

right label: 1	prob: [0.0033924845047295094, 0.9966075420379639]	Une bouteille de Fran ks Red Hot Buffalo Sau ce est parfaite pour cette recette ! 

right label: 1	prob: [0.24014277756214142, 0.7598572373390198]	Un policier est assis sur une moto . 

right label: 1	prob: [0.024939803406596184, 0.975060224533081]	un conférencier présente un documentaire dans une galerie d ' art de la banlieue tranquille . 

right label: 0	prob: [0.6850780248641968, 0.3149219751358032]	Madame , je dois tenir compte de sa santé . 

right label: 1	prob: [0.06739301979541779, 0.9326069951057434]	La famille prenant quelques verres avant notre barbecue annuel est toujours un bon souvenir . 

right label: 0	prob: [0.9986091256141663, 0.0013908923137933016]	Cependant , même ces ré visionn istes conviennent que les Juifs n ' avaient pas l ' intention d ' expulser les musulmans de Palestine . 

right label: 1	prob: [0.18920820951461792, 0.8107917308807373]	On a eu de la dinde ce soir . 

right label: 1	prob: [0.08073115348815918, 0.9192689061164856]	Le chien est assis à l ' arrière de la voiture . 

right label: 0	prob: [0.9494463205337524, 0.05055363476276398]	Et si ce n ' est pas un can ul ar , alors je suis directement impliqué et eux aussi , ce qui me donne le droit de parler avec eux . 

right label: 1	prob: [0.10194123536348343, 0.8980587720870972]	L ' avion de ligne est montré devant le hangar après son arrivée . 

right label: 1	prob: [0.0025272066704928875, 0.9974728226661682]	Placez le ham burger dans une casserole avec 1 / 3 de tasse d ' eau , assais onnez avec de le sel et de le poivre . 

right label: 0	prob: [0.9802089929580688, 0.019790975376963615]	Après avoir vu mon vaisseau se déchirer , après avoir passé vingt-trois bonnes heures à flotter en silence dans l ' épave , après m ' être demandé si je faisais face à les étoiles de la const ellation de la Balance ou de la const ellation d ' Ori on vues de la Terre , après m ' être demandé ce que je ressent ais en suff o quant et après avoir eu le sentiment que oui , j ' allais mourir seul dans l ' espace , il m ' a fallu de le temps pour que ce sentiment se dissi pe . 

right label: 0	prob: [0.7969121336936951, 0.20308785140514374]	Elles ont toujours été ma partie préférée de les mythes grecs que j ' ai lus à l ' école primaire . 

right label: 1	prob: [0.03507357835769653, 0.9649264216423035]	la recherche biomédi cale comporte de nombreux murs angulaires . 

right label: 0	prob: [0.9866154193878174, 0.013384521938860416]	L ' origine de le navire et la raison pour laquelle Jeff erson m ' a sauvé avaient -elles vraiment de l ' importance , si maintenant , j ' étais content ? 

right label: 0	prob: [0.8652909398078918, 0.13470904529094696]	Quelle est notre destination ? 

right label: 1	prob: [0.4199587404727936, 0.5800411701202393]	Deux hommes et une femme sont assis dans une rame de métro . 

right label: 0	prob: [0.9223193526268005, 0.07768066972494125]	L ' univers tel que nous le connaissons ne sera plus le même . 

right label: 0	prob: [0.9195132255554199, 0.0804867297410965]	Maintenant , pouvez -vous me dire quel sera votre plan d ' attaque avant que nous ne tour ni ons dans le sens inverse de les aiguilles d ' une montre dans un roman d ' Anne Rice ? 

right label: 1	prob: [0.0007047483813948929, 0.9992952346801758]	Pour faire la pâte 1 tasse de farine tout usage / Mai da 1 tasse d ' eau 1 cuillère à soupe de sucre 1 cuillère à soupe d ' huile végétale 1 / 2 cuillère à café de sel Pour faire les Chur ros Huile pour la fri ture Pour saupoudrer / Roul er 1 cuillère à soupe de sucre 1 cuillère à café de cannelle mou lue 

right label: 1	prob: [0.19061264395713806, 0.8093873858451843]	Patrick a lancé la balle ; 

right label: 1	prob: [0.033269308507442474, 0.9667306542396545]	Ben se dé tend dans un fauteuil confortable à le coin de le feu . 

right label: 0	prob: [0.8746254444122314, 0.12537458539009094]	Il n ' a pas été décour agé par la distance , j ' en suis sûr . 

right label: 0	prob: [0.868537962436676, 0.13146206736564636]	Tout membre de l ' équipe qui aurait pu mettre en danger le projet était de la viande . 

right label: 1	prob: [0.020939510315656662, 0.9790605306625366]	Un j ockey monte un cheval dans l ' herbe verte . 

right label: 0	prob: [0.9383232593536377, 0.061676692217588425]	Cela ne déran geait personne ; 

right label: 1	prob: [0.4789423942565918, 0.5210576057434082]	dans son discours , le militaire a assuré les pays de son engagement durable envers la sécurité et la prospérité de la région . 

right label: 1	prob: [0.26303645968437195, 0.7369635105133057]	De les pom - po m girls en tenue rouge s ' entraînent dans l ' herbe . 

right label: 0	prob: [0.7249113917350769, 0.2750885486602783]	Le plafond était haut et en bois , et je pouvais voir une partie de la cabine d ' un DJ à le bout de le couloir . 

right label: 0	prob: [0.811531126499176, 0.18846888840198517]	J ' en doute , dit Mar vin . 

right label: 1	prob: [0.07099529355764389, 0.9290047287940979]	Papa veut savoir si ces bal ances sont arrivées . 

right label: 0	prob: [0.9437674283981323, 0.0562325082719326]	Le comté de Mah oning était une région mon o- industrielle et les habitants de You ng sto wn , S tru thers , Campbell , Bo ard man Town ship et de les nombreux autres petits villages de la région n ' avaient qu ' un seul employeur principal : les aci éries . 

right label: 1	prob: [0.0021911226212978363, 0.9978088736534119]	une personne a dirigé la cérémonie de découpe de le gâteau de la fête nationale 

right label: 0	prob: [0.9460180401802063, 0.05398198962211609]	La Grèce se voit attribuer une bande de terre le long de la côte occidentale de l ' Asie Min eure , où la population grecque était importante depuis plus de 2 000 ans . 

right label: 1	prob: [0.14971880614757538, 0.8502811789512634]	Vous aurez besoin d ' un fer à repasser , d ' une barre métallique plate ( j ' ai utilisé un niveau ) , d ' un aspirateur , de sacs M yl ar et de les aliments à emballer . 

right label: 0	prob: [0.9716920852661133, 0.028307896107435226]	Le vaisseau , il était étrange et vieux , soit tellement dépassé , soit tellement modifié que je ne pouvais pas dire de quelle marque il était , et d ' une certaine manière , l ' équipage qui se tenait autour de moi correspondait à la même description , un amalgame de personnes singulièrement atypique . 

right label: 1	prob: [0.004094542935490608, 0.9959053993225098]	Utilisez une cuillère ou un couteau à beurre pour répartir la gelée sur la tranche de pain opposée , encore ordinaire . 

right label: 0	prob: [0.7287695407867432, 0.2712304890155792]	... c ' est ce que je pensais . 

right label: 0	prob: [0.954975962638855, 0.04502401873469353]	Franchement , je ne sais pas si nous pouvons faire quoi que ce soit contre un vampire . 

right label: 1	prob: [0.2518947422504425, 0.7481052875518799]	L ' homme est souriant et porte un costume . 

right label: 0	prob: [0.9223904609680176, 0.07760956138372421]	Et moi , je suppose que j ' étais une pièce de plus dans leur puzzle . 

right label: 0	prob: [0.9799543023109436, 0.020045647397637367]	Les événements qui ont suivi cette date ( connus sous le nom de " lundi noir " ) sont considérés par les personnes qui en ont été témoins soit comme de les histoires de grand courage et de détermination , soit comme de les monuments de l ' échec humain et de les faux espoirs . 

right label: 0	prob: [0.9044542908668518, 0.09554573893547058]	Il était temps de découvrir à quoi ressemblait l ' enfer . 

right label: 1	prob: [0.35722315311431885, 0.6427768468856812]	J ' adore , dit Greg , et il regarde Hil ary aller vers une petite bouilloire sur une plaque chauff ante dans le coin de la pièce et verser de l ' eau bouillante sur un sachet de thé . 

right label: 1	prob: [0.044057752937078476, 0.9559422135353088]	je vais me faire faire ça pour mes cheveux . 

right label: 1	prob: [0.19982005655765533, 0.8001799583435059]	Mes meilleures amies et moi avons fait en sorte de prendre de les photos ensemble . 

right label: 0	prob: [0.9125228524208069, 0.08747721463441849]	Moi , j ' ai suivi l ' exemple d ' Adri enne et je n ' ai rien dit ( je me suis inventé de les excuses pour rester en sécurité en mode observation ) . même si je pensais que Z h eng avait raison . 

right label: 0	prob: [0.6700519919395447, 0.32994797825813293]	Cordi alement , Erik M ö ller 

right label: 1	prob: [0.055462080985307693, 0.944537878036499]	Un sk ater fait de les figures dans le hal f pipe . 

right label: 0	prob: [0.7827064394950867, 0.21729354560375214]	Qu ' est -ce que tu en penses ? demanda le boss u . 

right label: 0	prob: [0.7416126728057861, 0.25838735699653625]	Lorsque j ' ai posté sur Facebook que je venais en ville , pas moins de trois personnes m ' ont dit que je devais absolument visiter le Tu pel o Hon ey Caf e . 

right label: 0	prob: [0.5506314039230347, 0.4493686854839325]	Eh bien , vous devez vous détendre beaucoup dans un travail comme le mien , dit -il . 

right label: 0	prob: [0.9732291102409363, 0.02677096053957939]	Un observateur occasionnel n ' aurait pas su dire si c ' était parce qu ' il était ivre , malade ou suicidaire , et en effet , il n ' y avait pas d ' observateurs occasionnels dans le vieux Pink Do g Bar de le quartier sud de Han D old City , car ce n ' était pas le genre d ' endroit où l ' on pouvait se permettre de faire les choses avec désinvol ture si l ' on voulait rester en vie . 

right label: 1	prob: [0.0522141233086586, 0.9477858543395996]	Un ours brun se tient dans l ' herbe le long d ' une route . 

right label: 0	prob: [0.9795326590538025, 0.020467320457100868]	Les Ott om ans ont apporté de nouvelles influences à les îles qu ' ils contrô laient , formant un vaste empire qui s ' étendait autour de la Méditerranée orientale . 

right label: 0	prob: [0.9511356949806213, 0.04886429384350777]	Di xon ne pouvait s ' empêcher d ' admirer la façon dont , sans rien dire ni faire de particulier , ils s ' établis saient si facilement qu ' il n ' était pas censé les accompagner lui-même . 

right label: 0	prob: [0.9237880706787109, 0.07621197402477264]	Nous n ' avons pas embarqué beaucoup de passagers , juste quelques privilégiés , épar pillés ici et là entre les étoiles . 

right label: 0	prob: [0.7992771863937378, 0.20072287321090698]	La poussière épaisse amor tiss ait nos pas . 

right label: 1	prob: [0.03152800723910332, 0.9684720039367676]	" Si vous le souhaitez , vous pouvez rassembler de le glaçage ou d ' autres garni tures et décorer votre gâteau " " Cup " " avant de le manger . 

right label: 1	prob: [0.3059714734554291, 0.6940285563468933]	Une jeune femme et un jeune homme discutent avec un groupe d ' autres personnes autour d ' eux . 

right label: 0	prob: [0.9055771231651306, 0.09442293643951416]	Le riche parfum de le vin avait une touche de quelque chose de chimique que j ' ai reconnu de le bar , mais il a rempli ma bouche et a coulé dans mes veines avec une chaleur rassurante . 

right label: 1	prob: [0.024737060070037842, 0.9752629399299622]	L ' homme pose pour une photo avec une cravate , de les lunettes de soleil et un chapeau . 

right label: 0	prob: [0.9055343866348267, 0.09446565806865692]	Il est maintenant bien documenté que la CIA a toléré la vente de cr ack dans les villes américaines pour financer les opérations de les contr as sud- américains 

right label: 0	prob: [0.7864648103713989, 0.21353521943092346]	Son affirmation selon laquelle il est possible d ' acheter de les munitions dans les supermarchés est indépendante de cette affirmation . 

right label: 1	prob: [0.09550833702087402, 0.9044917225837708]	Elle prépare le restaurant pour l ' arrivée de les clients . 

right label: 1	prob: [0.13624319434165955, 0.8637567758560181]	Elle entre dans le bâtiment . 

right label: 1	prob: [0.18273396790027618, 0.8172659873962402]	Ce sont de les filles qui jouent à un jeu vidéo 

right label: 0	prob: [0.9773160815238953, 0.022683914750814438]	Ceux qui vivaient encore étaient frappés et a pathiques , comme s ' ils souff raient d ' une maladie de l ' esprit plutôt que de le corps . 

right label: 1	prob: [0.018345193937420845, 0.9816547632217407]	l ' image peut contenir : personne , sur scène , assis , jouant d ' un instrument de musique et intérieur 

right label: 0	prob: [0.5943286418914795, 0.4056713879108429]	Il s ' est assis sans bouger et a ignoré la pensée furi eusement . 

right label: 1	prob: [0.1120181754231453, 0.8879818320274353]	Un troupeau de z èbres b route dans un champ . 

right label: 0	prob: [0.9582173228263855, 0.04178266227245331]	Les jours passaient , les semaines passaient , mais je ne pouvais pas dire si cela faisait de les mois ou de les années que j ' avais été secour u . 

right label: 1	prob: [0.11949221789836884, 0.88050776720047]	Un homme marche dans un marché étroit 

right label: 0	prob: [0.9057006239891052, 0.09429942071437836]	J ' ai appelé Mit ch et nos autres amis , en espérant que le hangar s ' était écrasé chez l ' un d ' entre eux , mais je n ' ai pas eu de chance . 

right label: 0	prob: [0.8751015663146973, 0.1248985007405281]	C ' était D vor ov . 

right label: 1	prob: [0.0020875500049442053, 0.9979124665260315]	Chau ffer le four à 375 degrés F. Déposer une couche de sauce à le fond d ' un plat de cuisson de 9 par 13 pouces . 

right label: 0	prob: [0.8030420541763306, 0.19695793092250824]	Tara ne laissera pas ses espoirs dé mesurés les entraîner sur un rocher qui signifierait la fin de le projet et de l ' espèce Arr allin . 

right label: 0	prob: [0.904261589050293, 0.09573843330144882]	La pièce pu ait , principalement son propre désespoir . 

right label: 1	prob: [0.0015946051571518183, 0.998405396938324]	Un hib ou est assis dans la branche d ' un arbre 

right label: 1	prob: [0.2109571248292923, 0.7890428304672241]	Un jeune homme et une femme apprécient un repas . 

right label: 1	prob: [0.11738242954015732, 0.8826176524162292]	Un homme est debout dans un salon . 

right label: 0	prob: [0.7795434594154358, 0.22045648097991943]	Je ne sais pas comment on aurait pu l ' entendre avec la musique . " 

right label: 0	prob: [0.9690377712249756, 0.030962251126766205]	Tout s ' efface , se perd en poussière et en atomes dispersés entre les étoiles , et chacun d ' entre nous se retrouve aussi seul qu ' à le moment de sa naissance . 

right label: 0	prob: [0.9873284101486206, 0.012671545147895813]	Il ne savait pas que Ted Cole avait cessé d ' être un travailleur acharné , et que ce qui restait de les " normes " douteuses de Ted avait été compromis par l ' échec insupportable de son mariage avec Marion - ceci en combinaison avec ces décès inacceptables . 

right label: 1	prob: [0.1736638844013214, 0.8263360857963562]	Un avi ateur guide un drone alors qu ' il se dirige vers la piste d ' atterrissage . 

right label: 0	prob: [0.9106749892234802, 0.08932498097419739]	J ' essaie de me lever , mais je retombe , paralysé par le froid et la prise de conscience de ma misérable impuissance . 

right label: 0	prob: [0.8107272386550903, 0.18927273154258728]	Must afa avait 14 ans quand il a été tué . 

right label: 0	prob: [0.7086020708084106, 0.29139792919158936]	R . 

right label: 1	prob: [0.07743378728628159, 0.9225662350654602]	Pour créer le visage de Pep pa , vous devez réaliser une forme de cœur . 

right label: 0	prob: [0.8113609552383423, 0.1886390596628189]	La raison pour laquelle il a été publié sous la forme d ' un composant électronique micro- sous- mé son est que s ' il était imprimé sous la forme d ' un livre normal , un auto- stopp eur inter st ell aire aurait besoin de plusieurs bâtiments de taille in commode pour le transporter . 

right label: 0	prob: [0.6298834681510925, 0.37011656165122986]	Deux femmes et un homme portent de les vestes noires et souri ent . 

right label: 0	prob: [0.9795668721199036, 0.020433153957128525]	Après avoir vu mon vaisseau se déchirer , après avoir passé vingt-trois bonnes heures à flotter en silence dans l ' épave , à me demander si je faisais face à les étoiles de la const ellation de la Balance ou de la const ellation d ' Ori on vues de la Terre , à me demander ce que cela faisait de suff o quer , et après avoir eu le sentiment que oui , j ' allais en fait mourir seul dans l ' espace , il a fallu de le temps pour que ce sentiment se dissi pe . 

right label: 0	prob: [0.9354832172393799, 0.06451676785945892]	La lutte a con tourné la plupart de les îles , bien que de violents combats aient eu lieu à Sam os . 

right label: 1	prob: [0.019304275512695312, 0.9806956648826599]	voiture de reportage restée gar ée devant la maison . 

right label: 1	prob: [0.04336119070649147, 0.9566388130187988]	Un jeune ours gri zz ly se promène dans un ruisseau . 

right label: 0	prob: [0.9604762196540833, 0.039523787796497345]	Il est maintenant bien documenté que la CIA a toléré la vente de cr ack dans les villes américaines pour financer les opérations de les contr as sud- américains . 

right label: 1	prob: [0.16133399307727814, 0.8386660814285278]	Une vieille télévision est assise sur une plage de sable . 

right label: 0	prob: [0.9918928146362305, 0.008107193745672703]	L ' Empire byzantin possédait de les villes puissantes et bien forti fiées , mais les campagnes et les îles périphériques étaient rav agées par de les vagues d ' envahisseurs . 

right label: 1	prob: [0.14163406193256378, 0.8583659529685974]	Un homme passe devant un bâtiment couvert de graffi tis . 

right label: 1	prob: [0.1983090192079544, 0.8016910552978516]	un ami est quelqu' un qui peut voir la vérité et la douleur en vous , même lorsque vous tromp ez tout le monde . 

right label: 0	prob: [0.8294829726219177, 0.1705169975757599]	C ' est le message clé de cette partie de l ' animation , qui est à nouveau ignoré par ses détracteurs . 

right label: 1	prob: [0.43874311447143555, 0.5612568855285645]	2 ) 

right label: 1	prob: [0.14874091744422913, 0.8512590527534485]	Plusieurs personnes se dirigent vers la plage pour aller faire de le surf . 

right label: 1	prob: [0.056323714554309845, 0.943676233291626]	Un jeune garçon se tient à le bord d ' un étang . 

right label: 0	prob: [0.5078619718551636, 0.4921380579471588]	Dans un autre ordre d ' idées , j ' ai fait une découverte à le Tu pel o Hon ey Caf e , que j ' aimerais partager avec vous maintenant . 

right label: 1	prob: [0.003756521735340357, 0.9962434768676758]	une personne utilise de les huiles pour peindre à la main une publicité . 

right label: 0	prob: [0.7910690903663635, 0.20893095433712006]	Un opportun iste et un homme d ' affaires , tel était Jeff erson . 

right label: 1	prob: [0.1788315623998642, 0.8211684226989746]	Un homme vérifie son télé phone en s ' asse yant sur un banc de pierre . 

right label: 1	prob: [0.36762499809265137, 0.6323749423027039]	les cow- boys comme lui existent -ils vraiment ? 

right label: 0	prob: [0.7826015949249268, 0.21739834547042847]	Si - " Vous voyez ce que je veux dire . 

right label: 0	prob: [0.8716169595718384, 0.12838302552700043]	Comment pourrait -il même penser à blâmer la pauvreté et les programmes de travail forcé pour tout ce qui arrive de mal ? 

right label: 1	prob: [0.32933393120765686, 0.6706660389900208]	Ils vont seulement se perdre dans les miens . 

right label: 0	prob: [0.9502768516540527, 0.04972316697239876]	On pourrait penser que ce sont là les philosophes professionnels : trop occupés à thé oriser dans l ' abstrait pour remarquer à quelle station ils se trouvent , sans parler de ce qui se passe dans le monde non abstrait dans lequel nous vivons tous . 

right label: 1	prob: [0.00301083130761981, 0.9969891905784607]	R assembl ez les ingrédients nécessaires à la préparation de les cup cakes à le chocolat . 

right label: 1	prob: [0.1386501044034958, 0.861349880695343]	Un jeune garçon en maillot de bain jette une pierre dans l ' eau . 

right label: 1	prob: [0.06260398775339127, 0.9373960494995117]	Un homme est assis dans l ' herbe avec une vache près d ' une clôture . 

right label: 1	prob: [0.4102356731891632, 0.5897643566131592]	Debout devant un tableau noir numérique , il a commencé à noter de les informations importantes qui se sont affichées instantanément . 

right label: 0	prob: [0.7356314659118652, 0.26436853408813477]	Un homme vêtu d ' un swe at- shirt à capuche bleu a les mains sur les rayons arrière de son vélo renversé , alors qu ' il est assis sur un mur et couvert de graffi tis parmi de les palmiers . 

right label: 0	prob: [0.9695948362350464, 0.030405115336179733]	Il savait que cette grotte sacrée était réservée exclusivement à les reliques de les Pap es , mais d ' une certaine manière Mor tat i a senti que c ' était approprié . 

right label: 1	prob: [0.10594454407691956, 0.8940554857254028]	Une vieille femme regarde le gâteau de son 9 5e anniversaire . 

right label: 1	prob: [0.024349451065063477, 0.9756504893302917]	amélior ez votre événement avec une performance de qualité , nous pouvons vous aider , appelez - nous dès aujourd' hui ! 

right label: 0	prob: [0.7798835635185242, 0.22011640667915344]	mais j ' ad mets que le roman est actuellement en retard sur la réalité probable . 

right label: 1	prob: [0.0020875500049442053, 0.9979124665260315]	Chau ffer le four à 375 degrés F. Déposer une couche de sauce à le fond d ' un plat de cuisson de 9 par 13 pouces . 

right label: 0	prob: [0.8962445855140686, 0.1037554070353508]	Si c ' était en mars , cela signifiait que nous étions ensemble depuis presque un an et demi . 

right label: 0	prob: [0.5042856931686401, 0.49571433663368225]	Un homme en maillot de bain noir est en train de plonger d ' un plon ge oir dans une piscine . 

right label: 0	prob: [0.6698971390724182, 0.3301028609275818]	Personne ne s ' en soucie ; 

right label: 1	prob: [0.003825924824923277, 0.996174156665802]	Placez le beurre et le sucre dans un grand bol à mélanger et batt ez - les ensemble jusqu ' à ce qu ' ils soient légers et mouss eux . 

right label: 0	prob: [0.833488941192627, 0.16651101410388947]	Même Lock he ed ne croyait pas que le public était aussi cré dule . 

right label: 1	prob: [0.34173616766929626, 0.6582638025283813]	Je ne pouvais pas m ' arrêter sans prendre une dernière photo de les montagnes ennei gées ! 

right label: 0	prob: [0.9581975936889648, 0.04180239513516426]	L ' acier étranger était également beaucoup moins cher . 

right label: 0	prob: [0.924702525138855, 0.07529745995998383]	C ' était le thème mél o dramatique de ce soir : la nature éphémère de la vie . 

right label: 0	prob: [0.673569917678833, 0.326430082321167]	Plusieurs personnes , dont l ' une est à vélo , traversent une rue très fréquentée . 

right label: 1	prob: [0.3889710009098053, 0.6110289692878723]	Une aptitude est donc une capacité plus une incl ination ou un intérêt . 

right label: 1	prob: [0.018606115132570267, 0.9813939332962036]	É gou tter le bœuf haché en laissant une petite quantité de graisse dans la casserole avec le bœuf haché et ajouter le ro tel , la crème de soupe à le poulet , l ' assaisonnement pour tac os , le jal ap eno haché et une boîte de soupe pleine d ' eau . 

right label: 1	prob: [0.0031816125847399235, 0.9968184232711792]	Batt ez en crème le beurre et le sucre jusqu ' à ce qu ' ils soient légers et mouss eux . 

right label: 1	prob: [0.03202180936932564, 0.9679781198501587]	Le chat regarde à l ' intérieur de le sac à dos ouvert . 

right label: 1	prob: [0.24435018002986908, 0.7556498646736145]	Un homme est allongé dans le sable à côté d ' une vache . 

right label: 0	prob: [0.6410521268844604, 0.35894787311553955]	Sur votre page web , vous déclar ez que la résolution de Moore est discutable . 

right label: 0	prob: [0.8492026329040527, 0.15079733729362488]	Le sien était coupé de près , avec une touche de style qui accen tu ait les beaux angles de ses pomm ettes et de sa mâchoire . 

right label: 0	prob: [0.6245576739311218, 0.3754422664642334]	Il allait nous donner de les informations précieuses pour elle . 

right label: 0	prob: [0.848382294178009, 0.15161773562431335]	Le taux de chômage est faible par rapport à les villes environnantes , et les rues sont propres et bien entreten ues . 

right label: 0	prob: [0.9345226287841797, 0.06547731161117554]	L ' église était complètement différente maintenant : la lumière de le soleil tombait à travers les vitraux , attrap ant la poussière qui flott ait encore dans l ' air et envoyant une chaleur sèche et saine dans les bords de la pièce , à travers la pierre et le béton poudr eux qui avaient été recouverts la nuit dernière par la chair et les lumières cli gnot antes . 

right label: 1	prob: [0.24887077510356903, 0.7511292099952698]	Les gens passaient un bon moment et avaient de les conversations . 

right label: 1	prob: [0.10277009755373001, 0.8972299098968506]	Un chat noir et blanc regarde dans la cuvette de les toilettes . 

right label: 1	prob: [0.05446489527821541, 0.9455351233482361]	Les ingrédients nécessaires pour ce goûter sont une préparation pour gâteau à le chocolat , 3 œufs , 1 / 3 de tasse d ' huile végétale , 1 tasse d ' eau , 1 boîte de sucre en poudre , 1 bâton de mar gar ine , 4 cuillères à soupe de cacao , 1 / 4 de tasse de lait , de les T wi zz lers , de les M & M' s , de les paillettes , de le papier ci ré et de les écor ces d ' amandes à le chocolat blanc . 

right label: 0	prob: [0.9892693161964417, 0.010730737820267677]	En 1946 , les Juifs ne possédaient que 7 % de la Palestine , mais la menace de déplacement était largement perçue par les Arabes . 

right label: 0	prob: [0.8747462034225464, 0.1252538412809372]	La première loi de la ther modyn amique affirme sans équivoque que l ' énergie est toujours conservée et qu ' elle ne peut donc ni se perdre ni se renouveler . 

right label: 1	prob: [0.0032041643280535936, 0.9967958331108093]	Dans un four préchauffé à 400 degrés , faites cuire votre zombie pendant 15- 18 minutes . 

right label: 1	prob: [0.03639955073595047, 0.9636003971099854]	Un homme marche tout en utilisant son télé phone portable . 

right label: 0	prob: [0.6524646282196045, 0.3475353717803955]	C ' est de lui qu ' il s ' agissait . 

right label: 1	prob: [0.03299210965633392, 0.9670079350471497]	Un enfant blond joue avec un ornement de jardin en métal . 

right label: 0	prob: [0.9683664441108704, 0.03163354843854904]	Par os et An dro s ont contribué à l ' armement per se , tandis que d ' autres sou tenaient Athènes . 

right label: 0	prob: [0.753764808177948, 0.24623513221740723]	Fait : L ' enfer , c ' est les autres . 

right label: 0	prob: [0.9144080281257629, 0.08559200167655945]	Ne p th ys nous a conduit dans un couloir qui correspondait à la façade de le bâtiment , un couloir voû té , un intestin nerv ur é , dont les murs noirs avaient un aspect organique inquiétant . 

right label: 0	prob: [0.9800311326980591, 0.01996888965368271]	Le nouveau juif palestinien , disaient -ils , devait être physiquement plus fort que les commerçants intelli gents qui avaient été piétin és en Europe . 

right label: 1	prob: [0.16353482007980347, 0.8364651799201965]	l ' organisation a déménagé dans de les locaux temporaires près de l ' intersection de les routes en avril pendant que le bâtiment principal subit de les rénovations d ' une valeur de 14, 4 millions de dollars . 335 out of 416