
Uses verb segment ids: no
Model: flaubert/flaubert_large_cased
Train set: 3328
Validation set: 416
Test set: 416
transformer.attentions.0.q_lin.bias                          (1024,)
transformer.attentions.0.k_lin.weight                   (1024, 1024)
transformer.attentions.0.k_lin.bias                          (1024,)
transformer.attentions.0.v_lin.weight                   (1024, 1024)
transformer.attentions.0.v_lin.bias                          (1024,)
transformer.attentions.0.out_lin.weight                 (1024, 1024)
transformer.attentions.0.out_lin.bias                        (1024,)
transformer.attentions.1.q_lin.weight                   (1024, 1024)
transformer.attentions.1.q_lin.bias                          (1024,)
transformer.attentions.1.k_lin.weight                   (1024, 1024)
transformer.attentions.1.k_lin.bias                          (1024,)
transformer.attentions.1.v_lin.weight                   (1024, 1024)
transformer.attentions.1.v_lin.bias                          (1024,)
transformer.attentions.1.out_lin.weight                 (1024, 1024)
transformer.attentions.1.out_lin.bias                        (1024,)
transformer.attentions.2.q_lin.weight                   (1024, 1024)
	======== Epoch 1 / 4 ========
Training...
	Batch    40	of	  104.		Elapsed: 0:17:59.
	Batch    80	of	  104.		Elapsed: 0:35:22.
	Average training loss: 0.56
	Training epoch took: 0:45:54
	Running Validation...
	Accuracy: 0.81
	Validation took: 0:02:03
	Confusion matrix:
              precision    recall  f1-score   support

           0       0.77      0.91      0.84       227
           1       0.86      0.68      0.76       189

   micro avg       0.81      0.81      0.81       416
   macro avg       0.82      0.79      0.80       416
weighted avg       0.81      0.81      0.80       416

	======== Epoch 2 / 4 ========
Training...
	Batch    40	of	  104.		Elapsed: 0:17:14.
	Batch    80	of	  104.		Elapsed: 0:34:23.
	Average training loss: 0.42
	Training epoch took: 0:45:05
	Running Validation...
	Accuracy: 0.83
	Validation took: 0:02:04
	Confusion matrix:
              precision    recall  f1-score   support

           0       0.79      0.94      0.86       227
           1       0.90      0.69      0.78       189

   micro avg       0.83      0.83      0.83       416
   macro avg       0.84      0.82      0.82       416
weighted avg       0.84      0.83      0.82       416

	======== Epoch 3 / 4 ========
Training...
	Batch    40	of	  104.		Elapsed: 0:17:19.
	Batch    80	of	  104.		Elapsed: 0:34:29.
	Average training loss: 0.32
	Training epoch took: 0:44:57
	Running Validation...
	Accuracy: 0.86
	Validation took: 0:02:07
	Confusion matrix:
              precision    recall  f1-score   support

           0       0.85      0.90      0.87       227
           1       0.87      0.80      0.84       189

   micro avg       0.86      0.86      0.86       416
   macro avg       0.86      0.85      0.85       416
weighted avg       0.86      0.86      0.86       416

	======== Epoch 4 / 4 ========
Training...
	Batch    40	of	  104.		Elapsed: 0:16:57.
	Batch    80	of	  104.		Elapsed: 0:34:12.
	Average training loss: 0.26
	Training epoch took: 0:44:39
	Running Validation...
	Accuracy: 0.87
	Validation took: 0:02:05
	Confusion matrix:
              precision    recall  f1-score   support

           0       0.88      0.89      0.88       227
           1       0.86      0.85      0.86       189

   micro avg       0.87      0.87      0.87       416
   macro avg       0.87      0.87      0.87       416
weighted avg       0.87      0.87      0.87       416

Loaded model succesful. Running testing...
Accuracy: 0.87
Confusion matrix:
              precision    recall  f1-score   support

           0       0.88      0.89      0.88       227
           1       0.86      0.85      0.86       189

   micro avg       0.87      0.87      0.87       416
   macro avg       0.87      0.87      0.87       416
weighted avg       0.87      0.87      0.87       416


Wrong predictions:

wrong label: 0	prob: [0.6359969973564148, 0.3640030026435852]	Une main tient de la nourriture et une boisson est sur la table . 

wrong label: 1	prob: [0.47234657406806946, 0.5276533961296082]	En refer mant la boîte , il s ' est arrêté près de la porte ouverte et m ' a regardé . 

wrong label: 0	prob: [0.8840329647064209, 0.11596710234880447]	Je comprends , la police ne porterait pas plainte pour une personne qui a disparu pendant la nuit . 

wrong label: 1	prob: [0.2394448071718216, 0.7605552673339844]	Il m ' a fallu une trentaine de secondes pour choisir le sandwich à le poulet Charles ton : poitrine de poulet mar inée et grill ée sur un pain à le lev ain avec de le hav ar ti fondu , de la lai tue romaine et de la mayonnaise à les cann e berges . 

wrong label: 1	prob: [0.0922161191701889, 0.9077839255332947]	Lorsque le lecteur souhaite approfondir certains sujets , ou lorsque de les questions techniques sont en jeu , la lecture de les ouvrages pertinents cités dans la bibliographie est recommandée . 

wrong label: 1	prob: [0.1891743689775467, 0.8108255863189697]	Une foule se rassemble dans un bar local . 

wrong label: 1	prob: [0.08461625128984451, 0.9153837561607361]	Un homme en chemise rouge tient deux animaux écor chés morts sur une table , avec une scie à proximité et un couteau à la main . 

wrong label: 1	prob: [0.010334870778024197, 0.9896650910377502]	Deux hommes regardent dans les télesco pes solaires . 

wrong label: 0	prob: [0.6387609243392944, 0.3612390458583832]	Une n ageuse portant un costume rose sort de l ' eau d ' une piscine et fait de les éclabou ssures . 

wrong label: 1	prob: [0.48593637347221375, 0.5140635967254639]	Hé , j ' ai dit , tu es sûr qu ' on devrait aller par là ? 

wrong label: 0	prob: [0.9657501578330994, 0.034249819815158844]	Les conditions d ' hygiène dans les bidon villes sont catastrophiques . 

wrong label: 1	prob: [0.22455629706382751, 0.7754436731338501]	Sa cr inière est si cool . 

wrong label: 0	prob: [0.5295166969299316, 0.47048327326774597]	Une vue à la première personne d ' un homme qui regarde la télévision les pieds en l ' air . 

wrong label: 0	prob: [0.904308021068573, 0.09569202363491058]	Certains messages étaient politiques . 

wrong label: 1	prob: [0.4963366389274597, 0.5036633610725403]	La chaîne de la corde s ' en roule sur mes genoux . 

wrong label: 0	prob: [0.9647321105003357, 0.03526788577437401]	Je commençais à être très fatigué . 

wrong label: 0	prob: [0.8121026754379272, 0.18789738416671753]	Nous pourrions juste nous asseoir et collecter les loyers d ' un nombre toujours plus réduit de locataires . 

wrong label: 1	prob: [0.1195085197687149, 0.8804914951324463]	Voy ager à l ' étranger peut être un plaisir ! 

wrong label: 0	prob: [0.8753194212913513, 0.1246805265545845]	Je veux prendre mon badge , sinon si tu le ti res , il va déchirer mon jean . 

wrong label: 0	prob: [0.6325706243515015, 0.36742931604385376]	Cas ey , qui n ' était pas sûre de son avenir , était devenue une grande créatrice de mode à New York . 

wrong label: 1	prob: [0.13282908499240875, 0.8671708703041077]	a demandé Adri enne , en utilisant la formulation de Sarah . 

wrong label: 0	prob: [0.9652625322341919, 0.03473743796348572]	Ils devaient être riches , vu la taille de leurs pierres tomb ales . 

wrong label: 1	prob: [0.06661415100097656, 0.9333857893943787]	Tout le monde est habillé à les couleurs de mon mariage . 

wrong label: 1	prob: [0.2798776626586914, 0.7201223373413086]	Le calme de la pièce y a contribué , tout comme la vue . 

wrong label: 1	prob: [0.46616172790527344, 0.5338382124900818]	C ' est Halloween et tous les enfants sont dégu isés . 

wrong label: 1	prob: [0.21408221125602722, 0.7859177589416504]	Un petit garçon en chemise blanche fait de l ' escalade . 

wrong label: 0	prob: [0.7683168053627014, 0.2316831797361374]	Eh bien , je ne vais pas le faire là-dedans . 

wrong label: 0	prob: [0.9371004104614258, 0.06289955973625183]	La vérité est que je n ' ai aucune chance de trouver un emploi . 

wrong label: 1	prob: [0.013182714581489563, 0.9868173003196716]	De les adultes et de les enfants dansent dans une pièce . 

wrong label: 0	prob: [0.987478494644165, 0.012521527707576752]	Il ne l ' attribue certainement pas à un discours où elle n ' a pas été prononcée et , comme indiqué ci-dessus , le faire deux fois n ' aurait aucun sens si Moore était le maître de la tromperie que ses détracteurs prétendent qu ' il est . 

wrong label: 0	prob: [0.9999430179595947, 5.695351501344703e-05]	Pas seulement parce que c ' était un motif ridi culement in adéquat , mais parce que ce n ' était pas vrai . , 

wrong label: 1	prob: [0.4186253249645233, 0.5813746452331543]	Une maison est en construction . 

wrong label: 1	prob: [0.3493441045284271, 0.6506559252738953]	J ' en doute , dit Mar vin . 

wrong label: 0	prob: [0.7839566469192505, 0.2160433530807495]	Mais ... bon , personne d ' important ne disparaît jamais , alors ça n ' a pas vraiment d ' importance , n ' est -ce pas ? 

wrong label: 0	prob: [0.8010304570198059, 0.1989695429801941]	Nous étions très proches . 

wrong label: 0	prob: [0.9446172118186951, 0.055382777005434036]	Mais voyant un regard de sympathie , elle a répondu : Oui , c ' est vrai . 

wrong label: 1	prob: [0.28364691138267517, 0.7163531184196472]	Il s ' est assis sans bouger et a ignoré la pensée furi eusement . 

wrong label: 1	prob: [0.04345760866999626, 0.9565423727035522]	Un homme vêtu de cuir noir avec un band ana rouge sourit à la caméra . 

wrong label: 1	prob: [0.030593063682317734, 0.9694069623947144]	Les photos vont être magnifiques . 

wrong label: 1	prob: [0.4248449206352234, 0.5751550793647766]	La réception va être géniale . 

wrong label: 0	prob: [0.8574735522270203, 0.14252641797065735]	Je me suis sentie si bien lorsque mon nom a été appelé et que je me suis dirigée vers l ' avant de la scène pour recevoir mon diplôme . 

wrong label: 1	prob: [0.25605592131614685, 0.7439441084861755]	Deux femmes et un homme portent de les vestes noires et souri ent . 

wrong label: 1	prob: [0.0018930853111669421, 0.9981069564819336]	vous l ' utilisez pour faire naviguer un mini ra deau sur la lente et lourde rivière M oth ; 

wrong label: 0	prob: [0.9924944639205933, 0.0075055500492453575]	2 ) 

wrong label: 0	prob: [0.7173091769218445, 0.2826908528804779]	Ils avaient une grande variété d ' aliments parmi lesquels choisir . 

wrong label: 0	prob: [0.7262642979621887, 0.2737357020378113]	Ils vont seulement se perdre dans les miens . 

wrong label: 0	prob: [0.633503258228302, 0.3664967715740204]	Et cela aurait pu facilement la faire pani quer . 

wrong label: 1	prob: [0.11338159441947937, 0.886618435382843]	Deux jeunes hommes exécutent un numéro de danse moderne . 

wrong label: 0	prob: [0.7980832457542419, 0.20191673934459686]	Je n ' aime pas l ' attitude de le peuple Emma . 

wrong label: 0	prob: [0.7226642370223999, 0.2773357331752777]	Le soir , les routes étaient relativement dégag ées . 

wrong label: 1	prob: [0.023354103788733482, 0.9766458868980408]	Les couverts sont vraiment magnifiques . 

wrong label: 0	prob: [0.9724603295326233, 0.027539720758795738]	Après minuit , tout le monde se sentait fatigué et étour di . 

wrong label: 0	prob: [0.8873302340507507, 0.11266972124576569]	Par définition et inten tionnellement , les rou tines sont inflexi bles . 

wrong label: 0	prob: [0.8775860667228699, 0.1224140152335167]	Il y avait aussi beaucoup de gens qui prê taient serment . 54 out of 416

Right predictions:

right label: 0	prob: [0.9874687194824219, 0.012531325221061707]	Mais ce décret n ' avait pas la puissance de le droit civil derrière lui . 

right label: 0	prob: [0.9631943702697754, 0.036805659532547]	Il est certain que Moore est l ' un de les cinéastes les plus talentueux de les États-Unis aujourd' hui , et que son film méritait pleinement son Oscar . 

right label: 0	prob: [0.9895738959312439, 0.010426158085465431]	C ' était juste une petite installation où quelqu' un avait empil é quelques caisses et apporté quelque chose d ' alcool isé à partager , principalement de la bière . 

right label: 1	prob: [2.997556293848902e-05, 0.9999700784683228]	Un chien blond est allongé sur le carrelage 

right label: 1	prob: [0.0018517069984227419, 0.9981483221054077]	Une personne tient un long ho t- dog devant une boîte d ' animaux en peluche . 

right label: 1	prob: [0.0013284808956086636, 0.9986715316772461]	Une femme tient un ours en peluche et sourit . 

right label: 1	prob: [0.005554073955863714, 0.9944459199905396]	Une femme tient un ours habillé comme un soldat britannique . 

right label: 0	prob: [0.9873724579811096, 0.012627516873180866]	C ' est naïf à l ' extrême - Hes ton ne serait pas président de la N RA s ' il n ' était pas tenu à le courant de les cas les plus marquants de violence armée . 

right label: 0	prob: [0.5053224563598633, 0.4946775436401367]	Je ne suis pas sûre d ' être prête à sortir . 

right label: 1	prob: [0.0025445823557674885, 0.9974554181098938]	Elle aimait poser et sourire pour l ' appareil photo . 

right label: 1	prob: [0.1840798556804657, 0.8159201741218567]	cabines privées - pour les invités les plus importants , nous avons de les lits situés dans de les cabines privées . 

right label: 1	prob: [0.023100068792700768, 0.9768998622894287]	Il s ' est rapidement famili arisé avec les collègues de la nouvelle entreprise . 

right label: 0	prob: [0.986880898475647, 0.013119122013449669]	Le tout se résu mait à l ' expression d ' une sécurité absolue et à l ' ignorance de toute transgr ession . 

right label: 1	prob: [0.07535021007061005, 0.9246498346328735]	Un alpin iste grimpe à le sommet d ' une montagne ennei gée . 

right label: 0	prob: [0.9747899174690247, 0.025210123509168625]	Une petite fille dans un harnais est dans les airs par une journée ensoleillée . 

right label: 1	prob: [0.014235086739063263, 0.9857649207115173]	J ' ai essayé de m ' entraîner à faire de les portraits ces derniers temps . 

right label: 0	prob: [0.9821692109107971, 0.017830774188041687]	Mon nom , Jesus Qui les , est juste là . 

right label: 0	prob: [0.9516591429710388, 0.048340827226638794]	Arthur essayait de mesurer la vitesse à laquelle ils voyage aient , mais le noir extérieur était absolu et il n ' avait aucun point de référence . 

right label: 1	prob: [0.030820006504654884, 0.9691800475120544]	Une femme fum ant une cigarette joue de la guitare . 

right label: 1	prob: [0.007294427137821913, 0.9927055239677429]	vous êtes-vous déjà demandé à quoi ressemble la maison blanche pendant les vacances ? 

right label: 1	prob: [0.08035780489444733, 0.9196421504020691]	Monte . 

right label: 1	prob: [0.0004689210909418762, 0.9995311498641968]	La femme lit un livre dans la bibliothèque . 

right label: 0	prob: [0.9102279543876648, 0.08977199345827103]	Dans les régions pauvres , le commerce très rentable de la drogue est souvent considéré comme le dernier recours . 

right label: 0	prob: [0.9638156294822693, 0.03618437796831131]	Concernant l ' extrait de le site de la N RA sur l ' affaire et le sur lign age de la phrase 48 heures après que Kay la Rolland ait été déclarée morte : 

right label: 0	prob: [0.9780706763267517, 0.021929331123828888]	J ' étais maintenant l ' un d ' entre eux . 

right label: 0	prob: [0.7726427912712097, 0.22735723853111267]	De les groupes de personnes sont dans un parc urbain ou marchent vers le quartier principal . 

right label: 0	prob: [0.9773766994476318, 0.0226233322173357]	On pourrait dire que je suis plus différent que différent . 

right label: 0	prob: [0.9936469197273254, 0.006353053264319897]	Par une coïncidence extraordinaire , le jour suivant , il y avait deux rapports dans le journal , l ' un concernant les incidents les plus étonnants avec une sou coupe vol ante , et l ' autre sur une série d ' émeutes incon ven antes dans les pubs . 

right label: 0	prob: [0.8805935382843018, 0.11940651386976242]	Jé hu se rendit alors à Je z réel où résidait la vieille re ine- mère , Jé z abel . 

right label: 0	prob: [0.7186229228973389, 0.2813771069049835]	Il sait pour nous . 

right label: 1	prob: [0.0005176448030397296, 0.999482274055481]	comment se battre si l ' on est arrêté à un feu rouge 

right label: 1	prob: [0.010822910815477371, 0.9891771674156189]	Un homme portant un chapeau de cow- boy monte un cheval brun . 

right label: 0	prob: [0.9461930394172668, 0.05380692332983017]	Curtis souri ait et se frott ait les mains , savour ant le coup de grâce . 

right label: 1	prob: [0.023701069876551628, 0.9762988686561584]	les clients n ' aimer ont jamais une entreprise tant que les employés ne l ' aiment pas d ' abord . 

right label: 1	prob: [0.18263216316699982, 0.8173677921295166]	Un groupe de personnes hab illées professionnellement à l ' extérieur . 

right label: 0	prob: [0.9905127882957458, 0.009487254545092583]	Cependant , la ville étant divisée par de les fortifications et de les fils barbel és , aucun pèler in israélien ou juif n ' a été autorisé à visiter le Mur occidental ou d ' autres sites juifs à Jérusalem-Est . 

right label: 0	prob: [0.971461832523346, 0.028538120910525322]	En un clin d ' oeil à la lumière str ob oscopique , il était sur ses pieds et se précipi tait hors de la pièce . 

right label: 1	prob: [1.410950608260464e-05, 0.999985933303833]	un joueur de football a échangé de les maillots signés en été lorsque l ' intérêt était 

right label: 0	prob: [0.9916396737098694, 0.008360347710549831]	Nous ne nous souci ons pas d ' être les derniers et nous ne nous souci ons pas qu ' il n ' y ait plus d ' étoiles . 

right label: 0	prob: [0.742412805557251, 0.25758713483810425]	Je veux voir à quoi ressemble une pierre magique . 

right label: 1	prob: [0.00303364684805274, 0.9969663023948669]	mais 4 écr ous sur vos 4 boul ons comme le montre l ' image . 

right label: 0	prob: [0.8976093530654907, 0.10239071398973465]	Elle prit une gor gée de sa boisson , de l ' eau plate car , avait -elle expliqué plus tôt , elle n ' avait jamais aimé le goût de l ' alcool , puis fix a son regard sur moi . 

right label: 0	prob: [0.9433298707008362, 0.05667008459568024]	Il est toutefois peu probable que les attaques injustes dont il fait l ' objet aient un impact significatif . 

right label: 1	prob: [0.051358580589294434, 0.9486413598060608]	J ' ai rencontré certains de les coureurs . 

right label: 1	prob: [0.024551494047045708, 0.9754484295845032]	Un homme en costu me- cravate et chapeau tient un pistolet . 

right label: 0	prob: [0.987877368927002, 0.012122602201998234]	Il était naturel qu ' une petite ville ho d za ne puisse maintenir ce qu ' un Grand V ez ir avait fondé et que les événements historiques avaient condamné à le désastre . 

right label: 0	prob: [0.9786511063575745, 0.021348820999264717]	Mais si jamais tu vois une fée , dis- lui que tu es de le sang d ' Ivan Bog aty ri vitch et elle ne te laissera pas passer si vite . 

right label: 1	prob: [0.001930372091010213, 0.998069703578949]	Mettez l ' ail , le basilic , les câ pres et le jus de citron dans un mix eur avec environ une demi- tasse d ' huile d ' olive et commencez à mixer . 

right label: 1	prob: [0.24343983829021454, 0.7565601468086243]	Il y a plusieurs verres de vin vides sur la table . 

right label: 0	prob: [0.9904822111129761, 0.009517736732959747]	Une grande partie de la meilleure architecture islamique de la ville a été construite à l ' époque mam el ou ke , mais les mille dernières années ont fait de les ravages : Jérusalem n ' a pas pu retrouver la prospérité dont elle avait bénéficié auparavant . 

right label: 0	prob: [0.987341582775116, 0.012658458203077316]	Quand votre vie , la raison pour laquelle vous avez vécu , les gens , les visages , les lieux , les émotions que vous avez ressenti es , les personnes et les choses que vous avez aim ées , quand tout cela aura disparu , qu ' est -ce qu ' il vous restera ? 

right label: 0	prob: [0.9873768091201782, 0.01262319553643465]	La reine Hélène , une chrétienne fer vente et la mère de l ' empereur Constantin le Grand , a fait un pèlerinage en Terre Sainte en 3 26 pour identifier les sites associés à la vie de Jésus . 

right label: 0	prob: [0.9858667254447937, 0.014133218675851822]	Dans une main , je tenais en équilibre mon assiette de cr ack ers en forme d ' étoile , de boules de tremp ettes et de garni tures élégantes , de petites boules rou lées de viandes et de fromages traversées par de les tiges d ' une plante vert pâle , et un ensemble d ' autres petites choses délec tables . 

right label: 0	prob: [0.9865599870681763, 0.013440035283565521]	Et bien que cette pensée eût dû être douloureuse , l ' avocat était cal mé par la certitude que personne ne s ' affli gerait . 

right label: 0	prob: [0.9927390217781067, 0.007260921411216259]	Ceux d ' entre nous qui vivent en permanence dans ce monde ont tendance à s ' installer dans de les endroits comme celui-ci , où la population humaine est si écrasante qu ' on ne les remarque pas dans le bon coin , avec les bons sorts de protection ... 

right label: 0	prob: [0.9718647599220276, 0.0281352698802948]	Vos accusations de coupures in appropriées sont une fois de plus totalement in fondées . 

right label: 0	prob: [0.9967272281646729, 0.00327278976328671]	Ses yeux étaient rouges et il avait dénu dé une série de cro cs qui auraient pu m ' arracher la main . 

right label: 1	prob: [0.029930107295513153, 0.970069944858551]	Nous avons profité de le reste de la journée à le bord de la plage en regardant le coucher de le soleil . 

right label: 0	prob: [0.9792864918708801, 0.02071351557970047]	Je ne sais pas comment Jeff erson a su que je me trouvais là . 

right label: 0	prob: [0.963518500328064, 0.03648143261671066]	La seule chose que l ' on savait . 

right label: 1	prob: [0.002622102852910757, 0.997377872467041]	Faites une fente verticale dans l ' une de les olives Jum bo , ce sera le corps , que vous far ci rez de fromage frais . 

right label: 0	prob: [0.9983623623847961, 0.0016376747516915202]	Constantinople a été prise par les forces de les Cro isés en 120 4 , qui ont dépouillé la ville de nombre de ses plus beaux trésors - qui or nent aujourd' hui les bâtiments publics de Venise - bien qu ' un important lot de livres et de manuscrits ait été transféré à le monastère de Pat mos avant la chute de la ville . 

right label: 1	prob: [0.024818481877446175, 0.975181519985199]	Faites - en un autre si vous l ' aimez ! ! ! 

right label: 0	prob: [0.9987261891365051, 0.0012738020159304142]	A l ' époque , Jérusalem était un bastion can an éen situé sur une route commerciale secondaire , bien moins important que les villes bibliques telles que Haz or , Me gi d do , B eth She an et Si che m . 

right label: 1	prob: [0.0034685127902776003, 0.9965315461158752]	inquiet : les agriculteurs craign aient que la forte hausse de les températures cette année n ' entraîne un raccour c issement de la saison de culture de le genre biologique , mais les pluies récentes pourraient l ' aider à poursuivre sa croissance jusqu ' à la fin de le mois de juillet 

right label: 0	prob: [0.7354921698570251, 0.26450783014297485]	Tous les mets raffinés et les éclairages décoratifs , il fallait un prix exorbi tant pour les entretenir . 

right label: 1	prob: [0.0008884907583706081, 0.9991114735603333]	Un surf eur chev auche une vague sur sa planche de surf . 

right label: 0	prob: [0.9626814723014832, 0.03731847554445267]	Je me suis assis de côté dans le fauteuil , les pieds pend us à un bras , le cou reposant contre l ' autre , traçant dis traitement de les lignes invisibles entre les étoiles à l ' extérieur de ma fenêtre pendant que je ru min ais la situation . 

right label: 1	prob: [0.05663687363266945, 0.9433631896972656]	Elle a lutté pour se lever et l ' accompagner jusqu ' à la porte . 

right label: 0	prob: [0.9177502393722534, 0.0822497308254242]	Régi on alis me Dès ses premiers jours , la vallée de Mah oning a été une région remplie de petits villages et hameaux . 

right label: 0	prob: [0.9652149677276611, 0.034785035997629166]	Alors , quelle est notre cargaison , hein , capitaine ? 

right label: 1	prob: [0.00396689074113965, 0.9960331320762634]	le plus important est de s ' assurer que la taille de le costume est adaptée à votre morphologie . 

right label: 0	prob: [0.991162896156311, 0.008837133646011353]	Un homme et une femme sont dans un bus . 

right label: 0	prob: [0.9768146872520447, 0.02318531833589077]	Une nouvelle école d ' historiens juifs est plus critique à l ' égard de les bouleversements causés par l ' acquisition de terres par les Juifs , et conclut que cela n ' a pas toujours été juste . 

right label: 1	prob: [0.13800296187400818, 0.8619970679283142]	un bun ker secret , nouvellement construit , est situé sous le vaste terrain . 

right label: 1	prob: [0.08876167237758636, 0.9112383723258972]	Essayez de comprendre les gens avant de leur faire confiance . 

right label: 1	prob: [0.001038382644765079, 0.9989615678787231]	un réalisateur assiste à la cérémonie de remise d ' une étoile à un acteur . 

right label: 0	prob: [0.9932053089141846, 0.006794660352170467]	Une femme en vêtements noirs est dans une cuisine , en train de râ per de le fromage . 

right label: 0	prob: [0.9865358471870422, 0.013464145362377167]	Ce que l ' étranger pen sera , c ' est qu ' un homme qui peut faire de le stop à travers la galaxie , la rendre difficile , l ' en can ailler , lutter contre de terribles obstacles , gagner , et qui sait toujours où se trouve sa serviette est clairement un homme avec lequel il faut compter . 

right label: 0	prob: [0.9740183353424072, 0.025981685146689415]	Il nous a conduits à la porte d ' un bâtiment ressemblant à une pag ode courte surmontée d ' une enseigne montrant un visage à les mains levées , comme un saint sous la lumière de Dieu , et men ot tés . 

right label: 0	prob: [0.9908548593521118, 0.009145108051598072]	Son taux de change de huit N ing is pour un P u est assez simple , mais comme un N ing i est une pièce triangulaire en caoutchouc de six mille huit cents milles de côté , personne n ' a jamais rassemblé assez de pièces pour posséder un P u . 

right label: 0	prob: [0.9970056414604187, 0.002994330134242773]	Après avoir vu mon vaisseau se déchirer , après avoir passé vingt-trois bonnes heures à flotter en silence dans l ' épave , après m ' être demandé si je faisais face à les étoiles de la const ellation de la Balance ou de la const ellation d ' Ori on vues de la Terre , après m ' être demandé ce que je ressent ais en suff o quant et après avoir eu le sentiment que oui , j ' allais mourir seul dans l ' espace , il m ' a fallu de le temps pour que ce sentiment se dissi pe . 

right label: 0	prob: [0.9802221655845642, 0.019777847453951836]	Cela ressemble plus à une correction ultérieure à de les fins de relations publiques , mais bien sûr , personne ne remet en question les déclarations de la banque lorsqu ' elles peuvent être utilisées contre Moore . 

right label: 0	prob: [0.8023324608802795, 0.19766758382320404]	Cela fait plus d ' une semaine , et je veux danser . 

right label: 1	prob: [0.036858268082141876, 0.9631417393684387]	Le cla quement de la porte résonne dans toute la maison . 

right label: 1	prob: [0.00030333816539496183, 0.9996967315673828]	Roul ez - les en boules de la taille d ' une bouchée ( la taille de les boules dépend de la quantité que vous voulez faire ) . 

right label: 0	prob: [0.9786863923072815, 0.021313635632395744]	Il s ' est él ancé vers un escalier encastr é dans le mur , et nous avons couru après lui , en montant un énorme escalier qui semblait avoir plus d ' étages que le bâtiment ne pouvait en contenir . 

right label: 0	prob: [0.9380101561546326, 0.061989858746528625]	Alors , un camarade a demandé , Donner sa vie pour un autre être est le don ultime ? 

right label: 1	prob: [0.487387090921402, 0.5126129388809204]	Ça ne te fati gu erait pas ? dit rapidement Des mond . 

right label: 1	prob: [7.612935405632015e-06, 0.9999923706054688]	un artiste country donne un concert surprise pendant le festival 

right label: 0	prob: [0.9895310401916504, 0.010468922555446625]	Notre héritage ancien et notre physiologie même nous disent que le sexe est naturel - une voie privilégiée vers l ' épanouissement spirituel - et pourtant la religion moderne le déc rie comme honteux , nous apprenant à craindre notre désir sexuel comme la main de le diable . 

right label: 0	prob: [0.996644139289856, 0.003355899127200246]	Pendant les 19 années suivantes , Jérusalem était deux villes . 

right label: 0	prob: [0.9989935755729675, 0.0010064695961773396]	Il est maintenant bien documenté que la CIA a toléré la vente de cr ack dans les villes américaines pour financer les opérations de les contr as sud- américains 

right label: 1	prob: [0.013597177341580391, 0.9864028096199036]	J ' ai aussi pu passer de le temps avec le chat . 

right label: 0	prob: [0.9901347756385803, 0.00986521877348423]	La question de la vente de les terres est depuis longtemps un sous- thème de la lutte entre Juifs et Arabes . 

right label: 0	prob: [0.9625462889671326, 0.03745374456048012]	Mais Ron deau n ' a pas tenu compte de l ' avertissement . 

right label: 1	prob: [0.46162277460098267, 0.5383772253990173]	Des mond dit que c ' est la femme avec qui il vit , n ' est -ce pas terrible , à son âge ! 

right label: 0	prob: [0.9747271537780762, 0.025272829458117485]	Ils ont rempli la sou te à bagages de deux valises d ' effets personnels , de deux sacs de nourriture et d ' une couverture rou lée dans une housse à carreaux fraîche avec un oreiller - après tout , selon elle , ils ne pouvaient pas dormir dans la même que cette pauvre fille ... 

right label: 1	prob: [9.840933489613235e-05, 0.999901533126831]	Maintenant , mettez le tout dans le congélateur pour qu ' il soit congel é . 

right label: 1	prob: [0.0007082255906425416, 0.9992917776107788]	En vous assurant qu ' elles sont encore chaudes , remplissez un mix eur ou un robot de cuisine avec les cacahu ètes grillées . 

right label: 1	prob: [0.0010422250488772988, 0.9989577531814575]	Dans un bol , verser 1 / 2 tasse d ' eau bouillante et 1 / 2 tasse d ' eau froide Ajouter 1 cuillère à café de sucre à l ' eau et remuer Ajouter 1 cuillère à soupe de levure à l ' eau , remuer et laisser reposer 10 minutes ( une mousse doit se former à la surface de l ' eau ) . 

right label: 0	prob: [0.9754324555397034, 0.02456752024590969]	Nous , et de les milliers d ' autres comme nous , vivons séparément depuis qu ' il y a une société humaine , dit mon chauffeur . 

right label: 0	prob: [0.9816158413887024, 0.018384210765361786]	En fait , cela a fait naître l ' espoir chez les travailleurs sans qu ' il y ait une réelle chance de sauver quoi que ce soit . 

right label: 0	prob: [0.9936586022377014, 0.006341414991766214]	La fille était aussi douce et rose que l ' éclat de les pierres , et elle était vêtue d ' une robe blanche attachée à la taille par une ceinture comme un noeud celtique . 

right label: 0	prob: [0.9959807395935059, 0.004019233863800764]	Ou encore , il pouvait s ' agir d ' une de ces étranges incitations qui surg issaient de temps à autre de cette zone sombre de son esprit qu ' il avait in explic ablement verrou illée avant de devenir président de la galaxie . 

right label: 1	prob: [0.31267333030700684, 0.6873266696929932]	c ' est un bain de salade . 

right label: 0	prob: [0.9955275654792786, 0.0044723991304636]	La brume bleue semblait s ' arrêter juste à côté de sa pâ leur , mettant en valeur son visage frappant sans en illumin er les détails , et ses poignets étincel aient de blancheur dans l ' obscurité . 

right label: 0	prob: [0.5504381656646729, 0.44956183433532715]	Notre cuisine rend hommage à notre amour de les traditions de le Sud à table , mais , comme les bonnes gens d ' Ash eville , elle marche à son propre rythme . 

right label: 1	prob: [0.004066712222993374, 0.9959333539009094]	La personne sur une moto roule sur la plage . 

right label: 0	prob: [0.9784011840820312, 0.021598871797323227]	En quelques minutes , nous étions de retour à la première porte à laquelle nous avons frappé dans cette ville et D vor ov lui-même nous accueillait . 

right label: 0	prob: [0.5599088072776794, 0.44009119272232056]	Ce passage , tu te souviens ? 

right label: 0	prob: [0.9863898158073425, 0.013610204681754112]	Les gens s ' accro chaient à de vagues idées de collecti vis ation de les travailleurs , mais personne ne pouvait vraiment comprendre comment cela fonctionn erait exactement ; les habitants de You ng sto wn n ' étaient , après tout , pas particulièrement familiers avec le socialisme ou la collecti vis ation en général . 

right label: 0	prob: [0.9288017749786377, 0.07119818776845932]	Une femme a un tatouage dans le dos . 

right label: 0	prob: [0.9690672159194946, 0.03093285672366619]	L ' a pathie de l ' US W A United Steel Wor kers of America était le syndicat qui représentait les travailleurs de l ' acier de You ng sto wn à le moment de les fermetures . 

right label: 1	prob: [0.4101758897304535, 0.5898241996765137]	Une machine agricole bleue tire de les personnes le long de rangées de végétation , tandis que quatre personnes font quelque chose avec la végétation dans les rangées . 

right label: 0	prob: [0.9667538404464722, 0.033246174454689026]	Je me sens encore un peu étour di . 

right label: 0	prob: [0.9756178259849548, 0.024382201954722404]	C ' est une généralisation erronée . 

right label: 0	prob: [0.9831167459487915, 0.016883281990885735]	Il promet un État moderne à son peuple , mais la situation devenant explosive , de les troubles civils éclatent dans les villes turques et les personnes considérées comme grecques sont victimes de menaces et de violences . 

right label: 1	prob: [0.17148840427398682, 0.8285115957260132]	Elle détes tait ces escaliers . 

right label: 0	prob: [0.943294107913971, 0.05670587345957756]	Je ne savais pas comment ils pouvaient manquer de les traits si exotiques , même dans cette lumière dé for mante . 

right label: 0	prob: [0.9933604598045349, 0.0066395970061421394]	J ' ai été surpris à l ' époque que vous par don ni ez si facilement mes fausses accusations contre les Spa c ers , alors que vous m ' aviez auparavant ser m onné sur leur sensibilité . 

right label: 1	prob: [0.016719795763492584, 0.9832801818847656]	Une femme tient un parapluie blanc par une nuit noire . 

right label: 0	prob: [0.815078616142273, 0.18492136895656586]	Elle a de le bon sang sous les joues . 

right label: 1	prob: [1.2361032531771343e-05, 0.9999876022338867]	une personne va finalement jusqu ' à le bout 

right label: 1	prob: [0.0011261200997978449, 0.9988738894462585]	Le chat est assis patiemment sur le banc de le piano . 

right label: 0	prob: [0.6314600110054016, 0.3685399293899536]	Une médecine pour l ' esprit 

right label: 0	prob: [0.9292441010475159, 0.0707559585571289]	Je vous aurais juré qu ' il était mort . 

right label: 0	prob: [0.5281893014907837, 0.4718107581138611]	" De les demi- paires de chaussettes allon gées dans de les tasses de café à moitié bu es . 

right label: 0	prob: [0.9879955649375916, 0.012004397809505463]	Une femme en chemise rouge est sous une couverture et dort dans un véhicule . 

right label: 0	prob: [0.9866001009941101, 0.013399850577116013]	Ils tombaient maintenant ensemble , ce qui était très gentil et romantique , mais ne résol vait pas le problème de base , qui était qu ' ils tombaient , et que le sol n ' attendait pas de voir s ' il avait d ' autres tours dans son sac , mais venait à leur rencontre comme un train express . 

right label: 0	prob: [0.9842937588691711, 0.015706220641732216]	En ce qui concerne son apparence physique , il suffit de dire que Doy le était assez vi ril pour les tâches qu ' il s ' était fixées , robuste , athl étique , sans vanité , mais pas au-dessus d ' un pinc ement conditionné de la honte s ' il rencontrait de les supérieurs sociaux alors qu ' il portait de les man chettes ou un col effi lo chés par ses limites financières . 

right label: 1	prob: [0.1696588397026062, 0.8303411602973938]	Je vous le li rai plus tard et vous dirai exactement ce qui se passe . 

right label: 1	prob: [0.3602139353752136, 0.6397861242294312]	Cette petite poupée avait l ' impression qu ' elle ne pouvait plus continuer . 

right label: 0	prob: [0.9957055449485779, 0.004294475074857473]	Cependant , le résultat de leurs arguments est toujours le même et témoigne de leur sagesse : après chaque conflit , les Grecs et les Arméniens demandent de les temples séparés . 

right label: 1	prob: [0.4860039949417114, 0.5139959454536438]	Il est clair que les questions doivent être telles que l ' on peut s ' attendre à ce que la population concernée les comprenne et y réponde en connaissance de cause . 

right label: 1	prob: [0.345598965883255, 0.6544011235237122]	J ' ai décidé de briser ce schéma . 

right label: 1	prob: [0.0024684055242687464, 0.997531533241272]	Un chien court avec un jouet dans sa gueule . 

right label: 0	prob: [0.9941792488098145, 0.005820723716169596]	Qu ' il me suff ise de dire que je n ' ai pas perçu la moindre trace de modestie chez cette belle jeune fille à peine formée que la mixité moderne , les mœurs juvéni les , le vac arme de les feux de camp , etc. avaient complètement et irrémédiablement dé pr av ée . 

right label: 1	prob: [0.003946932964026928, 0.9960530996322632]	De nombreuses personnes marchent et participent à un défilé . 

right label: 1	prob: [0.43843019008636475, 0.56156986951828]	Deux personnes s ' affrontent dans un match d ' arts martiaux . 

right label: 1	prob: [0.004283842630684376, 0.9957161545753479]	je veux ce texte , avec un arbre dans la chambre de mon fils . 

right label: 0	prob: [0.9911847710609436, 0.008815190754830837]	A l ' intérieur , l ' espace s ' ouvrait sur une large chambre carrée , avec de les miroirs et si sombre qu ' elle aurait pu être de n ' importe quelle taille . 

right label: 1	prob: [0.26240503787994385, 0.7375949025154114]	consacré : la veille de la grande annonce , le couple a été vu avec ses enfants en train de se promener près de leur maison . 

right label: 0	prob: [0.949924647808075, 0.05007538944482803]	Car même les meilleures qualités d ' une personne ne peuvent être appréciées à leur juste valeur que si elles nous sont présentées d ' une manière conforme à nos propres opinions et inclin ations . 

right label: 0	prob: [0.9138988256454468, 0.08610118180513382]	L ' écran lumineux fourni m ' avait informé de la date et de le lieu de les repas officiels , mais je n ' avais pas pris la peine de répondre à les invitations . 

right label: 1	prob: [1.1500088703542133e-07, 0.9999998807907104]	un homme est debout sur un sk ate board dans une rue 

right label: 0	prob: [0.9854229688644409, 0.014577015303075314]	Moi , j ' ai suivi l ' exemple d ' Adri enne et je n ' ai rien dit ( je me suis inventé de les excuses pour rester en sécurité dans le mode d ' observation " g ath er- info " ) . 

right label: 0	prob: [0.9532393217086792, 0.04676070809364319]	S ' il vous plaît , si nous pouvions le voir , nous vous en serions très reconnaissants . 

right label: 1	prob: [0.00023819510533940047, 0.9997617602348328]	Ré fri gérer l ' écorce jusqu ' à ce qu ' elle soit complètement dur cie . 

right label: 0	prob: [0.9949748516082764, 0.005025182384997606]	Le jaune de ce ciel n ' était pas seulement de le smo g : il était d ' une noirceur pes ante et sanglante . 

right label: 1	prob: [0.45187681913375854, 0.5481231212615967]	Je ne l ' ai jamais fait , dit Rose , avec sa vieille énergie . 

right label: 0	prob: [0.9975357055664062, 0.0024643195793032646]	En 1946 , les Juifs ne possédaient que 7 % de la Palestine , mais la menace de déplacement était largement perçue par les Arabes . 

right label: 0	prob: [0.9946020841598511, 0.005397988948971033]	J ' ai réalisé que Rachel avait disparu sans laisser d ' indice et que je ne pouvais rien faire d ' autre qu ' attendre qu ' elle se manifeste - ce qui , si elle était dans une situation où je devrais faire quelque chose , ne serait probablement jamais . 4 

right label: 1	prob: [0.007961551658809185, 0.9920384883880615]	personne , a déménagé et vient certains vendredis soirs pour rencontrer de nouvelles personnes . 

right label: 1	prob: [0.2276986688375473, 0.7723013162612915]	Elle se dé tend en espérant que le repos guéri ra son corps . 

right label: 0	prob: [0.9706156849861145, 0.029384324327111244]	Une fois - c ' était dans les années trente - il m ' a dit avec un certain embarras que les femmes ne sont jamais tout à fait elles-mêmes , ou , pour le dire cr ûment , qu ' elles sont toujours en train de faire semblant et de prendre de les attitudes . 

right label: 1	prob: [0.18665602803230286, 0.8133439421653748]	Rien de le tout , dit Greg en sortant par la porte d ' entrée . 

right label: 0	prob: [0.9989804625511169, 0.0010195625945925713]	Les lois inexor ables de la mécanique céleste avaient décrété que l ' En de av our était le premier , et le dernier , de tous les vaisseaux de l ' Homme qui entr eraient en contact avec R ama . 

right label: 1	prob: [0.08775058388710022, 0.9122494459152222]	Un homme blond chante passionn ément dans le microphone . 

right label: 1	prob: [0.09002149105072021, 0.9099785089492798]	J ' ai passé un bon moment là-bas . 

right label: 1	prob: [0.22198565304279327, 0.7780143022537231]	Certains outils à main sont magnifiquement conçus pour s ' adapter à l ' utilisateur , par exemple la faux à deux mains . 

right label: 1	prob: [0.35295942425727844, 0.6470405459403992]	Est -ce que Claire est passée ? 

right label: 0	prob: [0.9510186910629272, 0.048981234431266785]	Les be ys et les ay ans se lev èrent et prirent congé en silence , heureux d ' être en vie et aussi perpl exes que s ' ils avaient assisté à un spectacle de pres tidi gi tation . 

right label: 1	prob: [0.22649678587913513, 0.7735031843185425]	Tout le monde semble s ' intéresser à lui ces derniers temps . 

right label: 1	prob: [0.0021109511144459248, 0.9978891015052795]	une fan montre sa déception alors que la personne était bouleversée le samedi soir . 

right label: 1	prob: [0.0368390753865242, 0.9631609320640564]	Ce sont les côtes que mon mari cuisine . 

right label: 1	prob: [0.005010305903851986, 0.9949896931648254]	Un homme est assis sur le bord de la route à un stand de fruits . 

right label: 0	prob: [0.9862962961196899, 0.013703621923923492]	Elle a soudain repris sa manière de parler , celle qu ' il associ ait à leur conversation téléphonique : l ' Herzégovine était paci fiée . 

right label: 0	prob: [0.968643069267273, 0.03135690093040466]	Voilà ce qui arrive quand on n ' utilise pas de mercenaires . 

right label: 1	prob: [0.007679481990635395, 0.9923204779624939]	détendu : une personne a passé son bras autour de l ' épaule de le modèle . 

right label: 0	prob: [0.9579611420631409, 0.042038846760988235]	J ' ai appuyé mes jambes contre le sol en pierre et il était sur moi . 

right label: 1	prob: [0.003494857344776392, 0.9965051412582397]	Les enfants se sont amus és à jouer ensemble . 

right label: 0	prob: [0.9798206090927124, 0.020179415121674538]	Ess ayer de soutenir les usines d ' une ville était impossible face à la dépression qui s ' est étendue à toute l ' industrie . 

right label: 0	prob: [0.924706757068634, 0.07529322803020477]	Les pommes de terre étaient légères et non grasses ; 

right label: 0	prob: [0.7352562546730042, 0.2647436559200287]	Mon chauffeur a tourné à nouveau à côté d ' un vieil entrepôt dans lequel j ' ai peut-être été une fois lorsque Mit ch nous a emmenés à une r ave en deuxième année . 

right label: 1	prob: [1.533901809125382e-06, 0.9999984502792358]	une façon naturelle de recycler les déchets alimentaires - les donner à les poules 

right label: 0	prob: [0.6288536190986633, 0.37114638090133667]	Un chien noir participe à une course de chiens . 

right label: 0	prob: [0.8986614346504211, 0.10133858770132065]	L ' ob sidi enne est une roche volcanique dure et vitr euse , qui pouvait être faç onnée en outils de coupe et de poign ard age . 

right label: 0	prob: [0.9726588726043701, 0.027341078966856003]	Z h eng avait l ' air sceptique . 

right label: 0	prob: [0.9975927472114563, 0.0024072634987533092]	Les Ott om ans ont apporté de nouvelles influences à les îles qu ' ils contrô laient , formant un vaste empire qui s ' étendait autour de la Méditerranée orientale . 

right label: 0	prob: [0.8233942985534668, 0.1766057014465332]	Après un moment , Ray a dit , je ne pense pas . 

right label: 1	prob: [0.0017576069803908467, 0.9982423782348633]	Ils ont continué à prendre de les photos ensemble devant d ' autres sites historiques . 

right label: 0	prob: [0.5851367115974426, 0.414863258600235]	De nombreuses personnes sont dehors et regardent les patin eurs sur glace . 

right label: 1	prob: [0.0004081285442225635, 0.9995918869972229]	-S avou rez ces ti kk is avec de le ket chu p . 

right label: 0	prob: [0.9953320622444153, 0.004667897708714008]	Ces personnes ne ressentent pas le besoin d ' exprimer leur sympathie , ni de réfléchir à de les moyens d ' éviter de tels incidents , mais elles ressentent le besoin d ' affirmer leurs droits et de chercher de les réponses rapides et simples - comme le dit Bus ch , les propriétaires d ' armes à feu voulaient pendre [ l ' enfant ] à l ' arbre le plus haut . 

right label: 0	prob: [0.9891983866691589, 0.010801581665873528]	A ceux qui disaient qu ' ils avaient le sentiment que le savon ne se trouvait pas dans les mines , le Capitaine s ' était risqué à suggérer que c ' était peut-être parce que personne n ' avait assez cherché , et cette possibilité avait été reconnue à contrec œur . 

right label: 0	prob: [0.9907435774803162, 0.009256387129426003]	Il reste à voir si cela se produira un jour , mais l ' aide offerte par la Grèce à la Turquie après le tremblement de terre dévastateur de 1999 est peut-être un signe que l ' anim osité entre ces deux ennemis traditionnels commence à diminuer . 

right label: 1	prob: [0.3524360656738281, 0.6475639343261719]	Un homme portant une casquette noire , une chemise noire à manches longues et un tablier violet est souriant 

right label: 0	prob: [0.9525007009506226, 0.047499287873506546]	Je me suis demandé si la nourriture livrée dans mes quartiers ces derniers jours avait été aussi incroyable . 

right label: 0	prob: [0.9986018538475037, 0.0013981248484924436]	En 15 66 , ils arra chent Chi os à les Gén ois , renforçant ainsi leur mainmise sur les îles orientales de la mer É gée , mais les Cycl ades restent à les mains de les V éni tiens pendant une autre génération ou plus - Tin os est la dernière à tomber en 17 15 . 

right label: 0	prob: [0.952528178691864, 0.04747184365987778]	Un matériau ancien important , l ' ob sidi enne , a été découvert sur l ' île de Mil os . 

right label: 0	prob: [0.9970253109931946, 0.002974752802401781]	On m ' empois onne , mais on ne sait pas que je ... si je ... 

right label: 1	prob: [0.02606651932001114, 0.9739335179328918]	De les gens regardent un homme jouer à un jeu vidéo de boxe dans un immeuble . 

right label: 1	prob: [0.05244520306587219, 0.9475548267364502]	Une bouteille de Fran ks Red Hot Buffalo Sau ce est parfaite pour cette recette ! 

right label: 1	prob: [0.000652533199172467, 0.9993475079536438]	Un policier est assis sur une moto . 

right label: 1	prob: [0.0002271659323014319, 0.999772846698761]	un conférencier présente un documentaire dans une galerie d ' art de la banlieue tranquille . 

right label: 0	prob: [0.7581799626350403, 0.24181996285915375]	Madame , je dois tenir compte de sa santé . 

right label: 1	prob: [0.12666316330432892, 0.8733367919921875]	La famille prenant quelques verres avant notre barbecue annuel est toujours un bon souvenir . 

right label: 0	prob: [0.9948721528053284, 0.005127814132720232]	Cependant , même ces ré visionn istes conviennent que les Juifs n ' avaient pas l ' intention d ' expulser les musulmans de Palestine . 

right label: 1	prob: [0.08212747424840927, 0.9178725481033325]	On a eu de la dinde ce soir . 

right label: 1	prob: [0.0007677660323679447, 0.999232292175293]	Le chien est assis à l ' arrière de la voiture . 

right label: 0	prob: [0.9956828355789185, 0.004317153245210648]	Et si ce n ' est pas un can ul ar , alors je suis directement impliqué et eux aussi , ce qui me donne le droit de parler avec eux . 

right label: 1	prob: [0.01869156025350094, 0.9813084006309509]	L ' avion de ligne est montré devant le hangar après son arrivée . 

right label: 1	prob: [0.0007151043391786516, 0.9992849230766296]	Placez le ham burger dans une casserole avec 1 / 3 de tasse d ' eau , assais onnez avec de le sel et de le poivre . 

right label: 1	prob: [0.1617775410413742, 0.8382223844528198]	Je dis , tu veux une autre bière ? 

right label: 0	prob: [0.9970056414604187, 0.002994330134242773]	Après avoir vu mon vaisseau se déchirer , après avoir passé vingt-trois bonnes heures à flotter en silence dans l ' épave , après m ' être demandé si je faisais face à les étoiles de la const ellation de la Balance ou de la const ellation d ' Ori on vues de la Terre , après m ' être demandé ce que je ressent ais en suff o quant et après avoir eu le sentiment que oui , j ' allais mourir seul dans l ' espace , il m ' a fallu de le temps pour que ce sentiment se dissi pe . 

right label: 0	prob: [0.6676586866378784, 0.3323412835597992]	Elles ont toujours été ma partie préférée de les mythes grecs que j ' ai lus à l ' école primaire . 

right label: 1	prob: [0.013951503671705723, 0.9860484600067139]	la recherche biomédi cale comporte de nombreux murs angulaires . 

right label: 0	prob: [0.9958525896072388, 0.004147397354245186]	L ' origine de le navire et la raison pour laquelle Jeff erson m ' a sauvé avaient -elles vraiment de l ' importance , si maintenant , j ' étais content ? 

right label: 0	prob: [0.9918980598449707, 0.008101895451545715]	Quelle est notre destination ? 

right label: 1	prob: [0.0067597646266222, 0.993240237236023]	Deux hommes et une femme sont assis dans une rame de métro . 

right label: 0	prob: [0.9715968370437622, 0.028403108939528465]	L ' univers tel que nous le connaissons ne sera plus le même . 

right label: 1	prob: [0.1985032856464386, 0.801496684551239]	Par exemple , toute tâche de diagnostic peut être facilitée par une tax onomie de les symptômes et une tax onomie de les causes , ainsi que par les liens entre eux . 

right label: 0	prob: [0.9712836742401123, 0.028716320171952248]	Maintenant , pouvez -vous me dire quel sera votre plan d ' attaque avant que nous ne tour ni ons dans le sens inverse de les aiguilles d ' une montre dans un roman d ' Anne Rice ? 

right label: 1	prob: [2.5305976123490836e-06, 0.9999974966049194]	Pour faire la pâte 1 tasse de farine tout usage / Mai da 1 tasse d ' eau 1 cuillère à soupe de sucre 1 cuillère à soupe d ' huile végétale 1 / 2 cuillère à café de sel Pour faire les Chur ros Huile pour la fri ture Pour saupoudrer / Roul er 1 cuillère à soupe de sucre 1 cuillère à café de cannelle mou lue 

right label: 1	prob: [0.07631669193506241, 0.9236832857131958]	Patrick a lancé la balle ; 

right label: 1	prob: [0.030253594741225243, 0.9697464108467102]	Ben se dé tend dans un fauteuil confortable à le coin de le feu . 

right label: 0	prob: [0.9306187033653259, 0.06938133388757706]	Il n ' a pas été décour agé par la distance , j ' en suis sûr . 

right label: 1	prob: [0.0602087676525116, 0.939791202545166]	De les personnes sur de les motos descendent une rue où flotte un drapeau américain . 

right label: 0	prob: [0.9920714497566223, 0.007928491570055485]	Tout membre de l ' équipe qui aurait pu mettre en danger le projet était de la viande . 

right label: 1	prob: [0.0019077719189226627, 0.9980922341346741]	Un j ockey monte un cheval dans l ' herbe verte . 

right label: 0	prob: [0.9518081545829773, 0.04819183796644211]	Cela ne déran geait personne ; 

right label: 1	prob: [0.03942082077264786, 0.9605791568756104]	dans son discours , le militaire a assuré les pays de son engagement durable envers la sécurité et la prospérité de la région . 

right label: 1	prob: [0.025270996615290642, 0.9747289419174194]	De les pom - po m girls en tenue rouge s ' entraînent dans l ' herbe . 

right label: 0	prob: [0.9705760478973389, 0.029423996806144714]	Le plafond était haut et en bois , et je pouvais voir une partie de la cabine d ' un DJ à le bout de le couloir . 

right label: 1	prob: [0.013479354791343212, 0.9865206480026245]	Papa veut savoir si ces bal ances sont arrivées . 

right label: 0	prob: [0.9821474552154541, 0.01785254292190075]	Le comté de Mah oning était une région mon o- industrielle et les habitants de You ng sto wn , S tru thers , Campbell , Bo ard man Town ship et de les nombreux autres petits villages de la région n ' avaient qu ' un seul employeur principal : les aci éries . 

right label: 1	prob: [5.6934182794066146e-05, 0.9999430179595947]	une personne a dirigé la cérémonie de découpe de le gâteau de la fête nationale 

right label: 0	prob: [0.9952411651611328, 0.004758891183882952]	La Grèce se voit attribuer une bande de terre le long de la côte occidentale de l ' Asie Min eure , où la population grecque était importante depuis plus de 2 000 ans . 

right label: 1	prob: [0.015078548341989517, 0.9849215149879456]	Vous aurez besoin d ' un fer à repasser , d ' une barre métallique plate ( j ' ai utilisé un niveau ) , d ' un aspirateur , de sacs M yl ar et de les aliments à emballer . 

right label: 0	prob: [0.998698353767395, 0.0013016024604439735]	Le vaisseau , il était étrange et vieux , soit tellement dépassé , soit tellement modifié que je ne pouvais pas dire de quelle marque il était , et d ' une certaine manière , l ' équipage qui se tenait autour de moi correspondait à la même description , un amalgame de personnes singulièrement atypique . 

right label: 1	prob: [9.267379937227815e-05, 0.999907374382019]	Utilisez une cuillère ou un couteau à beurre pour répartir la gelée sur la tranche de pain opposée , encore ordinaire . 

right label: 0	prob: [0.5789145231246948, 0.4210854768753052]	... c ' est ce que je pensais . 

right label: 0	prob: [0.9786417484283447, 0.021358178928494453]	Franchement , je ne sais pas si nous pouvons faire quoi que ce soit contre un vampire . 

right label: 1	prob: [0.30962514877319336, 0.6903748512268066]	L ' homme est souriant et porte un costume . 

right label: 0	prob: [0.9940910935401917, 0.005908898077905178]	Et moi , je suppose que j ' étais une pièce de plus dans leur puzzle . 

right label: 0	prob: [0.9799526333808899, 0.020047375932335854]	Les événements qui ont suivi cette date ( connus sous le nom de " lundi noir " ) sont considérés par les personnes qui en ont été témoins soit comme de les histoires de grand courage et de détermination , soit comme de les monuments de l ' échec humain et de les faux espoirs . 

right label: 0	prob: [0.9540817141532898, 0.045918263494968414]	Il était temps de découvrir à quoi ressemblait l ' enfer . 

right label: 1	prob: [0.07677054405212402, 0.923229455947876]	J ' adore , dit Greg , et il regarde Hil ary aller vers une petite bouilloire sur une plaque chauff ante dans le coin de la pièce et verser de l ' eau bouillante sur un sachet de thé . 

right label: 1	prob: [0.0012237232876941562, 0.9987762570381165]	je vais me faire faire ça pour mes cheveux . 

right label: 1	prob: [0.007491340860724449, 0.9925087094306946]	Mes meilleures amies et moi avons fait en sorte de prendre de les photos ensemble . 

right label: 1	prob: [0.43858692049980164, 0.561413049697876]	Claire et Amanda ne s ' étaient pas vues depuis dix ans et étaient ravi es de passer de le temps ensemble . 

right label: 0	prob: [0.9453407526016235, 0.05465925484895706]	Moi , j ' ai suivi l ' exemple d ' Adri enne et je n ' ai rien dit ( je me suis inventé de les excuses pour rester en sécurité en mode observation ) . même si je pensais que Z h eng avait raison . 

right label: 0	prob: [0.9944459199905396, 0.00555401062592864]	Cordi alement , Erik M ö ller 

right label: 1	prob: [0.010087582282721996, 0.9899124503135681]	Un sk ater fait de les figures dans le hal f pipe . 

right label: 0	prob: [0.6598142385482788, 0.3401857614517212]	Qu ' est -ce que tu en penses ? demanda le boss u . 

right label: 0	prob: [0.6042727828025818, 0.3957271873950958]	Lorsque j ' ai posté sur Facebook que je venais en ville , pas moins de trois personnes m ' ont dit que je devais absolument visiter le Tu pel o Hon ey Caf e . 

right label: 0	prob: [0.7268838882446289, 0.2731160819530487]	Eh bien , vous devez vous détendre beaucoup dans un travail comme le mien , dit -il . 

right label: 0	prob: [0.9899995923042297, 0.010000457987189293]	Un observateur occasionnel n ' aurait pas su dire si c ' était parce qu ' il était ivre , malade ou suicidaire , et en effet , il n ' y avait pas d ' observateurs occasionnels dans le vieux Pink Do g Bar de le quartier sud de Han D old City , car ce n ' était pas le genre d ' endroit où l ' on pouvait se permettre de faire les choses avec désinvol ture si l ' on voulait rester en vie . 

right label: 1	prob: [0.00030708100530318916, 0.9996929168701172]	Un ours brun se tient dans l ' herbe le long d ' une route . 

right label: 0	prob: [0.9975927472114563, 0.0024072634987533092]	Les Ott om ans ont apporté de nouvelles influences à les îles qu ' ils contrô laient , formant un vaste empire qui s ' étendait autour de la Méditerranée orientale . 

right label: 0	prob: [0.9302599430084229, 0.06974002718925476]	Di xon ne pouvait s ' empêcher d ' admirer la façon dont , sans rien dire ni faire de particulier , ils s ' établis saient si facilement qu ' il n ' était pas censé les accompagner lui-même . 

right label: 0	prob: [0.9786815047264099, 0.021318534389138222]	Nous n ' avons pas embarqué beaucoup de passagers , juste quelques privilégiés , épar pillés ici et là entre les étoiles . 

right label: 0	prob: [0.8663458228111267, 0.1336541622877121]	La poussière épaisse amor tiss ait nos pas . 

right label: 1	prob: [0.0035177776589989662, 0.996482253074646]	" Si vous le souhaitez , vous pouvez rassembler de le glaçage ou d ' autres garni tures et décorer votre gâteau " " Cup " " avant de le manger . 

right label: 1	prob: [0.4500962793827057, 0.5499036908149719]	Ici , à une réunion de Team USA , ils montrent la nouvelle ligne de vêtements pour 2015 . 

right label: 1	prob: [0.030936049297451973, 0.969063937664032]	Une jeune femme et un jeune homme discutent avec un groupe d ' autres personnes autour d ' eux . 

right label: 0	prob: [0.9901186227798462, 0.00988138560205698]	Le riche parfum de le vin avait une touche de quelque chose de chimique que j ' ai reconnu de le bar , mais il a rempli ma bouche et a coulé dans mes veines avec une chaleur rassurante . 

right label: 1	prob: [0.002849432872608304, 0.9971505999565125]	L ' homme pose pour une photo avec une cravate , de les lunettes de soleil et un chapeau . 

right label: 0	prob: [0.5292426943778992, 0.47075724601745605]	Un joueur de tennis asiatique s ' apprête à frapper la balle . 

right label: 0	prob: [0.9989935755729675, 0.0010064695961773396]	Il est maintenant bien documenté que la CIA a toléré la vente de cr ack dans les villes américaines pour financer les opérations de les contr as sud- américains 

right label: 0	prob: [0.9806017875671387, 0.019398197531700134]	Son affirmation selon laquelle il est possible d ' acheter de les munitions dans les supermarchés est indépendante de cette affirmation . 

right label: 1	prob: [0.005612265784293413, 0.994387686252594]	Elle prépare le restaurant pour l ' arrivée de les clients . 

right label: 1	prob: [0.009880675934255123, 0.9901193380355835]	Elle entre dans le bâtiment . 

right label: 1	prob: [0.009627845138311386, 0.9903721809387207]	Ce sont de les filles qui jouent à un jeu vidéo 

right label: 0	prob: [0.99601149559021, 0.003988522104918957]	Ceux qui vivaient encore étaient frappés et a pathiques , comme s ' ils souff raient d ' une maladie de l ' esprit plutôt que de le corps . 

right label: 1	prob: [0.00016116547340061516, 0.9998388290405273]	l ' image peut contenir : personne , sur scène , assis , jouant d ' un instrument de musique et intérieur 

right label: 1	prob: [0.00298252678476274, 0.997017502784729]	Un troupeau de z èbres b route dans un champ . 

right label: 0	prob: [0.9959096908569336, 0.004090331960469484]	Les jours passaient , les semaines passaient , mais je ne pouvais pas dire si cela faisait de les mois ou de les années que j ' avais été secour u . 

right label: 1	prob: [0.00013941708311904222, 0.9998605251312256]	Un homme marche dans un marché étroit 

right label: 0	prob: [0.9553183317184448, 0.04468166455626488]	J ' ai appelé Mit ch et nos autres amis , en espérant que le hangar s ' était écrasé chez l ' un d ' entre eux , mais je n ' ai pas eu de chance . 

right label: 0	prob: [0.9816333651542664, 0.01836666464805603]	C ' était D vor ov . 

right label: 1	prob: [0.0014902643160894513, 0.9985097050666809]	Chau ffer le four à 375 degrés F. Déposer une couche de sauce à le fond d ' un plat de cuisson de 9 par 13 pouces . 

right label: 0	prob: [0.9103145003318787, 0.08968549966812134]	Tara ne laissera pas ses espoirs dé mesurés les entraîner sur un rocher qui signifierait la fin de le projet et de l ' espèce Arr allin . 

right label: 0	prob: [0.9853169322013855, 0.014683103188872337]	La pièce pu ait , principalement son propre désespoir . 

right label: 0	prob: [0.9859892129898071, 0.014010724611580372]	Une femme est dans un bus public traversant une ville . 

right label: 1	prob: [5.92648257224937e-06, 0.9999940395355225]	Un hib ou est assis dans la branche d ' un arbre 

right label: 1	prob: [0.3567545711994171, 0.6432453989982605]	Un jeune homme et une femme apprécient un repas . 

right label: 1	prob: [0.0005996536347083747, 0.9994003772735596]	Un homme est debout dans un salon . 

right label: 0	prob: [0.9706652164459229, 0.029334789142012596]	Je ne sais pas comment on aurait pu l ' entendre avec la musique . " 

right label: 0	prob: [0.9940131306648254, 0.005986875854432583]	Tout s ' efface , se perd en poussière et en atomes dispersés entre les étoiles , et chacun d ' entre nous se retrouve aussi seul qu ' à le moment de sa naissance . 

right label: 0	prob: [0.9752048850059509, 0.02479509264230728]	Il ne savait pas que Ted Cole avait cessé d ' être un travailleur acharné , et que ce qui restait de les " normes " douteuses de Ted avait été compromis par l ' échec insupportable de son mariage avec Marion - ceci en combinaison avec ces décès inacceptables . 

right label: 1	prob: [0.008890771307051182, 0.9911092519760132]	Un avi ateur guide un drone alors qu ' il se dirige vers la piste d ' atterrissage . 

right label: 0	prob: [0.9881237149238586, 0.011876326985657215]	J ' essaie de me lever , mais je retombe , paralysé par le froid et la prise de conscience de ma misérable impuissance . 

right label: 0	prob: [0.9724377989768982, 0.02756221778690815]	Must afa avait 14 ans quand il a été tué . 

right label: 0	prob: [0.7714406847953796, 0.22855931520462036]	R . 

right label: 1	prob: [0.002941148355603218, 0.9970588684082031]	Pour créer le visage de Pep pa , vous devez réaliser une forme de cœur . 

right label: 0	prob: [0.9852120876312256, 0.014787907712161541]	La raison pour laquelle il a été publié sous la forme d ' un composant électronique micro- sous- mé son est que s ' il était imprimé sous la forme d ' un livre normal , un auto- stopp eur inter st ell aire aurait besoin de plusieurs bâtiments de taille in commode pour le transporter . 

right label: 0	prob: [0.9972871541976929, 0.002712878165766597]	Après avoir vu mon vaisseau se déchirer , après avoir passé vingt-trois bonnes heures à flotter en silence dans l ' épave , à me demander si je faisais face à les étoiles de la const ellation de la Balance ou de la const ellation d ' Ori on vues de la Terre , à me demander ce que cela faisait de suff o quer , et après avoir eu le sentiment que oui , j ' allais en fait mourir seul dans l ' espace , il a fallu de le temps pour que ce sentiment se dissi pe . 

right label: 0	prob: [0.9727560877799988, 0.02724391780793667]	La lutte a con tourné la plupart de les îles , bien que de violents combats aient eu lieu à Sam os . 

right label: 1	prob: [0.007654152344912291, 0.9923458099365234]	voiture de reportage restée gar ée devant la maison . 

right label: 1	prob: [0.002063386607915163, 0.9979366064071655]	Un jeune ours gri zz ly se promène dans un ruisseau . 

right label: 0	prob: [0.9850476980209351, 0.01495235227048397]	Il est maintenant bien documenté que la CIA a toléré la vente de cr ack dans les villes américaines pour financer les opérations de les contr as sud- américains . 

right label: 1	prob: [0.00314632011577487, 0.9968536496162415]	Une vieille télévision est assise sur une plage de sable . 

right label: 0	prob: [0.9974664449691772, 0.002533574355766177]	L ' Empire byzantin possédait de les villes puissantes et bien forti fiées , mais les campagnes et les îles périphériques étaient rav agées par de les vagues d ' envahisseurs . 

right label: 1	prob: [0.007189838215708733, 0.9928101301193237]	Un homme passe devant un bâtiment couvert de graffi tis . 

right label: 1	prob: [0.04853889346122742, 0.9514610767364502]	un ami est quelqu' un qui peut voir la vérité et la douleur en vous , même lorsque vous tromp ez tout le monde . 

right label: 0	prob: [0.8687454462051392, 0.13125453889369965]	C ' est le message clé de cette partie de l ' animation , qui est à nouveau ignoré par ses détracteurs . 

right label: 1	prob: [0.044314466416835785, 0.9556854963302612]	J ' ai roulé aussi vite que possible jusqu ' à ce que je trouve l ' école . 

right label: 1	prob: [0.04063080996274948, 0.9593691825866699]	Plusieurs personnes se dirigent vers la plage pour aller faire de le surf . 

right label: 1	prob: [0.00395711325109005, 0.9960428476333618]	Un jeune garçon se tient à le bord d ' un étang . 

right label: 0	prob: [0.5288904309272766, 0.47110965847969055]	Dans un autre ordre d ' idées , j ' ai fait une découverte à le Tu pel o Hon ey Caf e , que j ' aimerais partager avec vous maintenant . 

right label: 1	prob: [0.0023607262410223484, 0.9976392984390259]	une personne utilise de les huiles pour peindre à la main une publicité . 

right label: 0	prob: [0.9948392510414124, 0.005160773638635874]	Un opportun iste et un homme d ' affaires , tel était Jeff erson . 

right label: 1	prob: [0.031255628913640976, 0.9687443375587463]	Un homme vérifie son télé phone en s ' asse yant sur un banc de pierre . 

right label: 1	prob: [0.04792369157075882, 0.952076256275177]	les cow- boys comme lui existent -ils vraiment ? 

right label: 0	prob: [0.9821995496749878, 0.01780047081410885]	Si - " Vous voyez ce que je veux dire . 

right label: 0	prob: [0.9678568840026855, 0.03214311972260475]	Comment pourrait -il même penser à blâmer la pauvreté et les programmes de travail forcé pour tout ce qui arrive de mal ? 

right label: 0	prob: [0.9804242849349976, 0.01957576721906662]	La nourriture était délicieuse et tout le monde était rassasi é et heureux . 

right label: 0	prob: [0.989856481552124, 0.010143497958779335]	On pourrait penser que ce sont là les philosophes professionnels : trop occupés à thé oriser dans l ' abstrait pour remarquer à quelle station ils se trouvent , sans parler de ce qui se passe dans le monde non abstrait dans lequel nous vivons tous . 

right label: 1	prob: [7.276464020833373e-05, 0.999927282333374]	R assembl ez les ingrédients nécessaires à la préparation de les cup cakes à le chocolat . 

right label: 1	prob: [0.1689062863588333, 0.8310937285423279]	Un jeune garçon en maillot de bain jette une pierre dans l ' eau . 

right label: 1	prob: [0.0007116887136362493, 0.9992883801460266]	Un homme est assis dans l ' herbe avec une vache près d ' une clôture . 

right label: 1	prob: [0.041996657848358154, 0.9580033421516418]	Debout devant un tableau noir numérique , il a commencé à noter de les informations importantes qui se sont affichées instantanément . 

right label: 0	prob: [0.8936113715171814, 0.10638856142759323]	Un homme vêtu d ' un swe at- shirt à capuche bleu a les mains sur les rayons arrière de son vélo renversé , alors qu ' il est assis sur un mur et couvert de graffi tis parmi de les palmiers . 

right label: 0	prob: [0.970503032207489, 0.029496928676962852]	Il savait que cette grotte sacrée était réservée exclusivement à les reliques de les Pap es , mais d ' une certaine manière Mor tat i a senti que c ' était approprié . 

right label: 1	prob: [0.00015096820425242186, 0.9998489618301392]	Une vieille femme regarde le gâteau de son 9 5e anniversaire . 

right label: 1	prob: [0.017064500600099564, 0.9829354286193848]	amélior ez votre événement avec une performance de qualité , nous pouvons vous aider , appelez - nous dès aujourd' hui ! 

right label: 0	prob: [0.6740328669548035, 0.32596710324287415]	mais j ' ad mets que le roman est actuellement en retard sur la réalité probable . 

right label: 1	prob: [0.0014902643160894513, 0.9985097050666809]	Chau ffer le four à 375 degrés F. Déposer une couche de sauce à le fond d ' un plat de cuisson de 9 par 13 pouces . 

right label: 1	prob: [0.07738383114337921, 0.922616183757782]	Voilà , je vais garder ça . 

right label: 0	prob: [0.8252003788948059, 0.17479965090751648]	De les gens sont dehors en train de danser lors d ' un événement nocturne tandis que les artistes chantent et jouent de les instruments sur une scène bien éclairée . 

right label: 0	prob: [0.8677424192428589, 0.1322576105594635]	Si c ' était en mars , cela signifiait que nous étions ensemble depuis presque un an et demi . 

right label: 0	prob: [0.9607561826705933, 0.03924386575818062]	Un homme en maillot de bain noir est en train de plonger d ' un plon ge oir dans une piscine . 

right label: 0	prob: [0.9748380184173584, 0.02516196295619011]	Personne ne s ' en soucie ; 

right label: 1	prob: [0.0006401220452971756, 0.9993599057197571]	Placez le beurre et le sucre dans un grand bol à mélanger et batt ez - les ensemble jusqu ' à ce qu ' ils soient légers et mouss eux . 

right label: 0	prob: [0.9799265265464783, 0.0200735442340374]	Même Lock he ed ne croyait pas que le public était aussi cré dule . 

right label: 1	prob: [0.012798871845006943, 0.9872010946273804]	Je ne pouvais pas m ' arrêter sans prendre une dernière photo de les montagnes ennei gées ! 

right label: 0	prob: [0.9750627279281616, 0.024937216192483902]	L ' acier étranger était également beaucoup moins cher . 

right label: 0	prob: [0.9727982878684998, 0.027201728895306587]	C ' était le thème mél o dramatique de ce soir : la nature éphémère de la vie . 

right label: 0	prob: [0.5050115585327148, 0.49498841166496277]	Plusieurs personnes , dont l ' une est à vélo , traversent une rue très fréquentée . 

right label: 1	prob: [0.3975442349910736, 0.602455735206604]	Une aptitude est donc une capacité plus une incl ination ou un intérêt . 

right label: 1	prob: [0.006463376805186272, 0.993536651134491]	É gou tter le bœuf haché en laissant une petite quantité de graisse dans la casserole avec le bœuf haché et ajouter le ro tel , la crème de soupe à le poulet , l ' assaisonnement pour tac os , le jal ap eno haché et une boîte de soupe pleine d ' eau . 

right label: 1	prob: [0.0009466818301007152, 0.9990532994270325]	Batt ez en crème le beurre et le sucre jusqu ' à ce qu ' ils soient légers et mouss eux . 

right label: 1	prob: [0.0006255586049519479, 0.9993744492530823]	Le chat regarde à l ' intérieur de le sac à dos ouvert . 

right label: 1	prob: [0.010821848176419735, 0.9891781806945801]	Un homme est allongé dans le sable à côté d ' une vache . 

right label: 0	prob: [0.9372022747993469, 0.0627976804971695]	Sur votre page web , vous déclar ez que la résolution de Moore est discutable . 

right label: 0	prob: [0.9679038524627686, 0.03209611400961876]	Le sien était coupé de près , avec une touche de style qui accen tu ait les beaux angles de ses pomm ettes et de sa mâchoire . 

right label: 0	prob: [0.5780608654022217, 0.4219391644001007]	Il allait nous donner de les informations précieuses pour elle . 

right label: 0	prob: [0.8309602737426758, 0.16903972625732422]	Le taux de chômage est faible par rapport à les villes environnantes , et les rues sont propres et bien entreten ues . 

right label: 0	prob: [0.7446078658103943, 0.2553921639919281]	Et les meilleurs acteurs , chanteurs et danseurs de l ' Opéra étaient là pour agrémenter les dîners . 

right label: 0	prob: [0.9910581111907959, 0.008941905573010445]	L ' église était complètement différente maintenant : la lumière de le soleil tombait à travers les vitraux , attrap ant la poussière qui flott ait encore dans l ' air et envoyant une chaleur sèche et saine dans les bords de la pièce , à travers la pierre et le béton poudr eux qui avaient été recouverts la nuit dernière par la chair et les lumières cli gnot antes . 

right label: 1	prob: [0.0888649970293045, 0.9111350178718567]	Les gens passaient un bon moment et avaient de les conversations . 

right label: 0	prob: [0.7515859007835388, 0.2484140694141388]	Tu veux rester coincé ici pour le reste de ta vie ? 

right label: 0	prob: [0.9741120934486389, 0.025887969881296158]	Un jeune garçon est sur le dos d ' une autre personne qui porte un chapeau . 

right label: 1	prob: [0.28499284386634827, 0.7150071859359741]	Dans une étrange juxta position de la réalité , un vieux piano est assis à le coin d ' une rue animée la nuit . 

right label: 1	prob: [0.0005404227413237095, 0.9994595646858215]	Un chat noir et blanc regarde dans la cuvette de les toilettes . 

right label: 1	prob: [0.024734852835536003, 0.9752652049064636]	Les ingrédients nécessaires pour ce goûter sont une préparation pour gâteau à le chocolat , 3 œufs , 1 / 3 de tasse d ' huile végétale , 1 tasse d ' eau , 1 boîte de sucre en poudre , 1 bâton de mar gar ine , 4 cuillères à soupe de cacao , 1 / 4 de tasse de lait , de les T wi zz lers , de les M & M' s , de les paillettes , de le papier ci ré et de les écor ces d ' amandes à le chocolat blanc . 

right label: 0	prob: [0.9975357055664062, 0.0024643195793032646]	En 1946 , les Juifs ne possédaient que 7 % de la Palestine , mais la menace de déplacement était largement perçue par les Arabes . 

right label: 1	prob: [0.0003856468538288027, 0.9996143579483032]	Bien sûr , dit Greg .. , 

right label: 0	prob: [0.9268203377723694, 0.07317972928285599]	La première loi de la ther modyn amique affirme sans équivoque que l ' énergie est toujours conservée et qu ' elle ne peut donc ni se perdre ni se renouveler . 

right label: 1	prob: [0.0003247056738473475, 0.9996752738952637]	Dans un four préchauffé à 400 degrés , faites cuire votre zombie pendant 15- 18 minutes . 

right label: 1	prob: [0.0009079566807486117, 0.9990921020507812]	Un homme marche tout en utilisant son télé phone portable . 

right label: 0	prob: [0.9704380035400391, 0.02956191822886467]	C ' est de lui qu ' il s ' agissait . 

right label: 1	prob: [0.0005613375105895102, 0.9994387030601501]	Un enfant blond joue avec un ornement de jardin en métal . 

right label: 1	prob: [0.052077535539865494, 0.9479225277900696]	Bon , je vais aller me coiff er . 

right label: 0	prob: [0.9955461025238037, 0.004453890025615692]	Par os et An dro s ont contribué à l ' armement per se , tandis que d ' autres sou tenaient Athènes . 

right label: 0	prob: [0.991091787815094, 0.008908161893486977]	Fait : L ' enfer , c ' est les autres . 

right label: 0	prob: [0.987841784954071, 0.012158195488154888]	Ne p th ys nous a conduit dans un couloir qui correspondait à la façade de le bâtiment , un couloir voû té , un intestin nerv ur é , dont les murs noirs avaient un aspect organique inquiétant . 

right label: 0	prob: [0.8404639959335327, 0.15953604876995087]	Mais nous voyons de nouveaux visages . 

right label: 0	prob: [0.9920195937156677, 0.007980388589203358]	Le nouveau juif palestinien , disaient -ils , devait être physiquement plus fort que les commerçants intelli gents qui avaient été piétin és en Europe . 

right label: 1	prob: [0.03917854279279709, 0.9608213901519775]	l ' organisation a déménagé dans de les locaux temporaires près de l ' intersection de les routes en avril pendant que le bâtiment principal subit de les rénovations d ' une valeur de 14, 4 millions de dollars . 362 out of 416