
Uses verb segment ids: no
Model: camembert-base
Model type: camembert
Train set: 5236
Validation set: 654
Test set: 654
roberta.encoder.layer.0.attention.self.query.weight       (768, 768)
roberta.encoder.layer.0.attention.self.query.bias             (768,)
roberta.encoder.layer.0.attention.self.key.weight         (768, 768)
roberta.encoder.layer.0.attention.self.key.bias               (768,)
roberta.encoder.layer.0.attention.self.value.weight       (768, 768)
roberta.encoder.layer.0.attention.self.value.bias             (768,)
roberta.encoder.layer.0.attention.output.dense.weight     (768, 768)
roberta.encoder.layer.0.attention.output.dense.bias           (768,)
roberta.encoder.layer.0.attention.output.LayerNorm.weight       (768,)
roberta.encoder.layer.0.attention.output.LayerNorm.bias       (768,)
roberta.encoder.layer.0.intermediate.dense.weight        (3072, 768)
roberta.encoder.layer.0.intermediate.dense.bias              (3072,)
roberta.encoder.layer.0.output.dense.weight              (768, 3072)
roberta.encoder.layer.0.output.dense.bias                     (768,)
roberta.encoder.layer.0.output.LayerNorm.weight               (768,)
roberta.encoder.layer.0.output.LayerNorm.bias                 (768,)
	======== Epoch 1 / 4 ========
Training...
	Batch    40	of	  164.		Elapsed: 0:08:14.
	Batch    80	of	  164.		Elapsed: 0:16:32.
	Batch   120	of	  164.		Elapsed: 0:24:45.
	Batch   160	of	  164.		Elapsed: 0:33:41.
	Average training loss: 0.58
	Training epoch took: 0:34:29
	Running Validation...
	Accuracy: 0.75
	Validation took: 0:01:16
	Confusion matrix:
              precision    recall  f1-score   support

           0       0.78      0.83      0.81       401
           1       0.70      0.63      0.66       253

    accuracy                           0.75       654
   macro avg       0.74      0.73      0.73       654
weighted avg       0.75      0.75      0.75       654

	======== Epoch 2 / 4 ========
Training...
	Batch    40	of	  164.		Elapsed: 0:08:23.
	Batch    80	of	  164.		Elapsed: 0:17:25.
	Batch   120	of	  164.		Elapsed: 0:26:31.
	Batch   160	of	  164.		Elapsed: 0:35:24.
	Average training loss: 0.47
	Training epoch took: 0:36:12
	Running Validation...
	Accuracy: 0.76
	Validation took: 0:00:48
	Confusion matrix:
              precision    recall  f1-score   support

           0       0.78      0.86      0.82       401
           1       0.73      0.61      0.67       253

    accuracy                           0.76       654
   macro avg       0.76      0.73      0.74       654
weighted avg       0.76      0.76      0.76       654

	======== Epoch 3 / 4 ========
Training...
	Batch    40	of	  164.		Elapsed: 0:04:22.
	Batch    80	of	  164.		Elapsed: 0:09:03.
	Batch   120	of	  164.		Elapsed: 0:13:35.
	Batch   160	of	  164.		Elapsed: 0:18:07.
	Average training loss: 0.40
	Training epoch took: 0:18:32
	Running Validation...
	Accuracy: 0.77
	Validation took: 0:00:38
	Confusion matrix:
              precision    recall  f1-score   support

           0       0.79      0.85      0.82       401
           1       0.74      0.65      0.69       253

    accuracy                           0.77       654
   macro avg       0.76      0.75      0.76       654
weighted avg       0.77      0.77      0.77       654

	======== Epoch 4 / 4 ========
Training...
	Batch    40	of	  164.		Elapsed: 0:04:33.
	Batch    80	of	  164.		Elapsed: 0:09:04.
	Batch   120	of	  164.		Elapsed: 0:13:27.
	Batch   160	of	  164.		Elapsed: 0:17:40.
	Average training loss: 0.36
	Training epoch took: 0:18:03
	Running Validation...
	Accuracy: 0.77
	Validation took: 0:00:40
	Confusion matrix:
              precision    recall  f1-score   support

           0       0.79      0.87      0.83       401
           1       0.75      0.62      0.68       253

    accuracy                           0.78       654
   macro avg       0.77      0.75      0.75       654
weighted avg       0.77      0.78      0.77       654

Loaded model succesful. Running testing...
Accuracy: 0.77
Confusion matrix:
              precision    recall  f1-score   support

           0       0.79      0.87      0.83       401
           1       0.75      0.62      0.68       253

    accuracy                           0.78       654
   macro avg       0.77      0.75      0.75       654
weighted avg       0.77      0.78      0.77       654


Wrong predictions: