
Uses verb segment ids: yes
Model: bert-base-uncased
Model type: bert
Train set: 3267
Validation set: 408
Test set: 409
bert.encoder.layer.0.attention.self.query.weight          (768, 768)
bert.encoder.layer.0.attention.self.query.bias                (768,)
bert.encoder.layer.0.attention.self.key.weight            (768, 768)
bert.encoder.layer.0.attention.self.key.bias                  (768,)
bert.encoder.layer.0.attention.self.value.weight          (768, 768)
bert.encoder.layer.0.attention.self.value.bias                (768,)
bert.encoder.layer.0.attention.output.dense.weight        (768, 768)
bert.encoder.layer.0.attention.output.dense.bias              (768,)
bert.encoder.layer.0.attention.output.LayerNorm.weight        (768,)
bert.encoder.layer.0.attention.output.LayerNorm.bias          (768,)
bert.encoder.layer.0.intermediate.dense.weight           (3072, 768)
bert.encoder.layer.0.intermediate.dense.bias                 (3072,)
bert.encoder.layer.0.output.dense.weight                 (768, 3072)
bert.encoder.layer.0.output.dense.bias                        (768,)
bert.encoder.layer.0.output.LayerNorm.weight                  (768,)
bert.encoder.layer.0.output.LayerNorm.bias                    (768,)
	======== Epoch 1 / 4 ========
Training...
	Batch    40	of	  103.		Elapsed: 0:05:39.
	Batch    80	of	  103.		Elapsed: 0:11:11.
	Average training loss: 0.29
	Training epoch took: 0:14:14
	Running Validation...
	Accuracy: 0.94
	Validation took: 0:00:33
	Confusion matrix:
              precision    recall  f1-score   support

           0       0.93      0.95      0.94       186
           1       0.95      0.94      0.95       222

   micro avg       0.94      0.94      0.94       408
   macro avg       0.94      0.94      0.94       408
weighted avg       0.94      0.94      0.94       408

	======== Epoch 2 / 4 ========
Training...
	Batch    40	of	  103.		Elapsed: 0:05:33.
	Batch    80	of	  103.		Elapsed: 0:11:05.
	Average training loss: 0.12
	Training epoch took: 0:14:09
	Running Validation...
	Accuracy: 0.94
	Validation took: 0:00:33
	Confusion matrix:
              precision    recall  f1-score   support

           0       0.94      0.94      0.94       186
           1       0.95      0.95      0.95       222

   micro avg       0.94      0.94      0.94       408
   macro avg       0.94      0.94      0.94       408
weighted avg       0.94      0.94      0.94       408

	======== Epoch 3 / 4 ========
Training...
	Batch    40	of	  103.		Elapsed: 0:05:33.
	Batch    80	of	  103.		Elapsed: 0:11:05.
	Average training loss: 0.06
	Training epoch took: 0:14:09
	Running Validation...
	Accuracy: 0.94
	Validation took: 0:00:33
	Confusion matrix:
              precision    recall  f1-score   support

           0       0.92      0.96      0.94       186
           1       0.97      0.93      0.95       222

   micro avg       0.94      0.94      0.94       408
   macro avg       0.94      0.95      0.94       408
weighted avg       0.94      0.94      0.94       408

	======== Epoch 4 / 4 ========
Training...
	Batch    40	of	  103.		Elapsed: 0:05:32.
	Batch    80	of	  103.		Elapsed: 0:11:04.
	Average training loss: 0.04
	Training epoch took: 0:14:08
	Running Validation...
	Accuracy: 0.94
	Validation took: 0:00:33
	Confusion matrix:
              precision    recall  f1-score   support

           0       0.92      0.96      0.94       186
           1       0.97      0.93      0.95       222

   micro avg       0.94      0.94      0.94       408
   macro avg       0.94      0.95      0.94       408
weighted avg       0.94      0.94      0.94       408

Testing on Seen:
Accuracy: 0.96
Confusion matrix:
              precision    recall  f1-score   support

           0       0.94      0.98      0.96       186
           1       0.98      0.95      0.97       223

   micro avg       0.96      0.96      0.96       409
   macro avg       0.96      0.96      0.96       409
weighted avg       0.96      0.96      0.96       409


Wrong predictions:
wrong_seen: 0	prob: [0.9267120957374573, 0.0732879564166069]	this band is currently contracting even further in european societies .
wrong_seen: 1	prob: [0.011317488737404346, 0.9886825084686279]	the safety of the crew is absolutely assured .
wrong_seen: 0	prob: [0.8853950500488281, 0.11460496485233307]	greg saw bill cl ##ough blink agitated ##ly and look sharply at his wife .
wrong_seen: 0	prob: [0.9127286672592163, 0.0872713103890419]	maybe this is how you normally picture an indian wedding .
wrong_seen: 0	prob: [0.7457128763198853, 0.2542870342731476]	nope . we got kernel ##s . only need like . . . about an ounce ? ( bad linux joke . i m not sorry )
wrong_seen: 0	prob: [0.9870931506156921, 0.012906882911920547]	the black door opened as we came up to it , and a pale man opened the door .
wrong_seen: 1	prob: [0.04544549062848091, 0.9545544981956482]	arthur was sitting on a high rock watching the thunder ##ing sea smashing itself against the cr ##ag ##gy promo ##nto ##ries .
wrong_seen: 0	prob: [0.9926722049713135, 0.007327827624976635]	miss ben ##net was therefore established as a sweet girl , and their brother felt authorised by such commendation to think of her as he chu ##se .
wrong_seen: 1	prob: [0.021155307069420815, 0.9788447022438049]	we were all quiet for a moment .
wrong_seen: 0	prob: [0.5728802680969238, 0.4271197021007538]	i had never seen an owl like this up close in daylight ; and he was gorgeous .
wrong_seen: 0	prob: [0.7284322381019592, 0.27156779170036316]	here you are !
wrong_seen: 0	prob: [0.9212899208068848, 0.07871010899543762]	she struggled to her feet to see him to the door .
wrong_seen: 0	prob: [0.9904171228408813, 0.00958286877721548]	you do n ' t notice , do you . ” sarah looked ind ##ignant .
wrong_seen: 0	prob: [0.6035545468330383, 0.39644548296928406]	we were n ' t sure what we ' d be doing ; but we knew there would be hard work ahead when we saw a barge approaching with lumber .
wrong_seen: 1	prob: [0.006913116201758385, 0.9930868744850159]	medical ai were even more expensive than the bark ##ee ##p .15 out of 409

Right predictions:
right_seen: 1	prob: [0.0008744035731069744, 0.9991256594657898]	" three boys , one in red , two in blue , play soccer . "
right_seen: 1	prob: [0.0006742808036506176, 0.9993257522583008]	a woman is smiling while speaking and shaking hands with a man in a board room .
right_seen: 0	prob: [0.9869662523269653, 0.013033727183938026]	i intend to discuss it in more depth later , so stay tuned .
right_seen: 0	prob: [0.9918831586837769, 0.008116865530610085]	what is true is that bowling for col ##umb ##ine is a diamond in the small world of big screen documentaries , one that shine ##s brightly and ill ##umi ##nate ##s an often misunderstood aspect of american culture .
right_seen: 0	prob: [0.9892503023147583, 0.010749660432338715]	you ' ve asked nothing that per ##tain ##s to the first law . "
right_seen: 1	prob: [0.0014930219622328877, 0.9985069632530212]	tree ##house is a - story residential building clad in metal panels that fit into its wooded context .
right_seen: 1	prob: [0.0006591555429622531, 0.999340832233429]	a man is riding the wave while surf ##boarding .
right_seen: 0	prob: [0.9906079769134521, 0.009391995146870613]	this is perhaps the criticism repeated the most often , and it also the most inaccurate .
right_seen: 0	prob: [0.5688049793243408, 0.4311949908733368]	ray , a plump man who was grey where he was n ' t bald .
right_seen: 0	prob: [0.9860799908638, 0.01391998678445816]	the girl is … surprising , ” he concluded .
right_seen: 1	prob: [0.000629484944511205, 0.9993705153465271]	the dog walks through the water .
right_seen: 0	prob: [0.9889007806777954, 0.011099196970462799]	or so i imagine i m told .
right_seen: 1	prob: [0.0007533543393947184, 0.9992467164993286]	" now add the rice ##the ##nb ##ring it to a boil and allow to sim ##mer for 15 minutes ##tip : watch carefully , the water can eva ##por ##ate causing the rice stick to the pan and burning . finally ##sti ##r in the frozen peas and seafood ( optional ) and cook for a further five minutes ##you ##r done "
right_seen: 1	prob: [0.0007936765905469656, 0.9992063641548157]	" image may contain : person , on stage , playing a musical instrument and outdoor "
right_seen: 0	prob: [0.9864044189453125, 0.013595540076494217]	do our laws con ##ni ##ve at them ?
right_seen: 0	prob: [0.9888924956321716, 0.01110745221376419]	any crew member that would je ##opa ##rdi ##ze the project was meat .
right_seen: 0	prob: [0.9912831783294678, 0.008716779761016369]	fact : if , before all the air is sucked out of the ship , a person is so lucky to have stuffed him or herself into a space suit , that person has less than twenty - four hours to live .
right_seen: 1	prob: [0.0008904736023396254, 0.9991095662117004]	the third step is to grab the piece of bread and spread the peanut butter onto the bread .
right_seen: 1	prob: [0.0009700264199636877, 0.9990299940109253]	a little goth makeup ; and a pretty dress start the transformation .
right_seen: 0	prob: [0.9825119972229004, 0.017488012090325356]	all seemed pleased with the performance and anxious for another of the same sort .
right_seen: 1	prob: [0.0009783809073269367, 0.9990216493606567]	" it ' s , it ' s a bit silly is could have done some damage to your eye . , "
right_seen: 0	prob: [0.9894576668739319, 0.01054233405739069]	after a moment , ray said , i do n ' t think so . ” are there patterns ? ” ad ##rien ##ne asked .
right_seen: 1	prob: [0.041294217109680176, 0.958705723285675]	we were very close .
right_seen: 0	prob: [0.9819939732551575, 0.018005995079874992]	there is nothing inaccurate whatsoever about the bank scene .
right_seen: 0	prob: [0.9918298125267029, 0.008170143701136112]	you believe the other medicine may have just as much value , but in other situations , not this one .
right_seen: 1	prob: [0.000870003888849169, 0.9991300702095032]	" fill 30 cup ##cake tin ##s with batter , 3 / 4 full . ba ##ke in oven for about 17 minutes or until a tooth ##pic ##k inserted comes out clean . cool in pan ##s for about ten minutes then finish cooling on cooling rack . "
right_seen: 1	prob: [0.0006302899564616382, 0.9993696808815002]	a young baseball player is wearing full catcher ##s gear .
right_seen: 0	prob: [0.9887857437133789, 0.011214287020266056]	sitting before the ban which was falling into dissolution before his eyes , he replied to all those who tried to di ##ss ##ua ##de him or pit ##ied him : on a rise , behind the crowd which was completely absorbed in the scene before it , he was able to watch uno ##bs ##erved and to see clearly victims , execution ##ers and spectators .
right_seen: 1	prob: [0.0007938369526527822, 0.9992062449455261]	" but the surprise came at the end . , , "
right_seen: 1	prob: [0.0007476385217159986, 0.9992523789405823]	a man in a blue shirt emerges from a doorway .
right_seen: 1	prob: [0.0006710395682603121, 0.9993289709091187]	happy little girl learns how to ride a bike in the park .
right_seen: 0	prob: [0.9892783164978027, 0.01072175707668066]	sound travels as a mechanical wave through a medium , and in space , there is no medium .
right_seen: 1	prob: [0.000733418739400804, 0.9992665648460388]	four women covered in tattoos are holding small flags .
right_seen: 0	prob: [0.9756875038146973, 0.02431253343820572]	this is the key message of this part of the animation , which is again being ignored by its critics .
right_seen: 0	prob: [0.98093181848526, 0.019068168476223946]	do you want to be stuck here for the rest of your life ? ” sarah did n ' t reply .
right_seen: 1	prob: [0.0008035689243115485, 0.999196469783783]	the park looks pretty covered in snow .
right_seen: 0	prob: [0.9917439818382263, 0.008256020024418831]	after they lost jerusalem , a mongol invasion swept through , and in 124 ##4 the ma ##mel ##uke dynasty of egypt took control , ruling jerusalem for the next 250 years .
right_seen: 0	prob: [0.990060567855835, 0.009939463809132576]	it all stems from the fact that there is no sultan se ##lim any more .
right_seen: 1	prob: [0.0034229301381856203, 0.9965770840644836]	my daughter loves the flaming ##os .
right_seen: 1	prob: [0.0020842913072556257, 0.9979156851768494]	" head up and , when you get to the first landing , there ' s this interesting room to the right . "
right_seen: 1	prob: [0.0009349430329166353, 0.999065101146698]	" with a roller , you flat ##ten the dough to give it a circular form . and with a stick , you make little holes to let the dough breath . "
right_seen: 1	prob: [0.0009289661538787186, 0.9990710020065308]	method introduces a dish and hand soap in a bottle made from plastic debris washed up on beaches .
right_seen: 1	prob: [0.0006702827522531152, 0.999329686164856]	fashion ##s on the en ##tra ##nts take to the stage .
right_seen: 1	prob: [0.0008715225849300623, 0.999128520488739]	make yourself a delicious looking om ##ele ##tte . i put a little milk into my egg batter and w ##his ##ked till it was fluffy
right_seen: 1	prob: [0.0007996479980647564, 0.9992004036903381]	chop 4 cl ##ove ##s of garlic and a piece of ginger in the food processor and add it to the pan .
right_seen: 0	prob: [0.9920775294303894, 0.007922444492578506]	as moore correctly points out , it is bizarre for a society to openly embrace the production of destructive weapons , but on the other hand see no connection of this to everyday violence - - children learn by im ##itating adults .
right_seen: 1	prob: [0.0011546892346814275, 0.9988453388214111]	give farm equipment time to find a place to pull over on narrow roads so you can pass . , i
right_seen: 1	prob: [0.0006601167842745781, 0.9993398785591125]	a clock structure is standing in a town .
right_seen: 1	prob: [0.0008882965194061399, 0.9991117119789124]	the score ##board could be clearly seen .
right_seen: 1	prob: [0.0006922813481651247, 0.9993077516555786]	a group of men and women are dancing at a house party .
right_seen: 0	prob: [0.991661787033081, 0.00833823811262846]	god , the vertical game , intersects with death , the horizontal one , making up the biggest puzzle of all .
right_seen: 1	prob: [0.0007432529819197953, 0.9992567896842957]	hard rock artist and actor attend their wedding held
right_seen: 1	prob: [0.00212528882548213, 0.9978747367858887]	" all that water has been reduced . we ' re nearly there , but now we need to pay more close attention to avoid getting the salt stuck to the bottom of the pan . it ' s just a question of heating and stirring . . . "
right_seen: 0	prob: [0.9359654188156128, 0.0640345886349678]	and never shut your eyes , ' ro ##oi ##e always ad ##mon ##ished the new girls .
right_seen: 0	prob: [0.9752132892608643, 0.024786723777651787]	but . . . well , no one important ever disappears , so it does n ' t really matter , does it . ” i could tell she was trying to remember whom she had known who had left , and failing .
right_seen: 1	prob: [0.0009494188125245273, 0.9990505576133728]	" add the egg , then the o ##ats , milk , and vanilla extract and beat together until well blended . "
right_seen: 1	prob: [0.1843186616897583, 0.8156813383102417]	enjoy ! it wo n ' t last long . ( let us know your thoughts if you made it )
right_seen: 0	prob: [0.9919112324714661, 0.008088766597211361]	it was a stupid dog , could not even read an auto ##cu ##e , which way why some people had protested about its name , but it should at least have been able to recognize arthur instead of standing there , hack ##les raised , as if arthur was the most fearful app ##ari ##tion ever to int ##rud ##e upon its fee ##ble - wit ##ted life .
right_seen: 0	prob: [0.9857361912727356, 0.014263806864619255]	i thought that i could feel a slight it ##ching .
right_seen: 0	prob: [0.9902186989784241, 0.00978134572505951]	its face was small and wrinkled , with penny - sized smoked glasses balanced on its thin nose .
right_seen: 0	prob: [0.988121747970581, 0.011878235265612602]	petitions , protests , rallies , collect ##iv ##ization , and even the takeover of a steel company ##s headquarters were all attempted in a desperate movement by those in the industry to preserve the only source of employment that this town had .
right_seen: 1	prob: [0.0006769993924535811, 0.9993230104446411]	ass ##orted items sit on a desk next to a laptop computer .
right_seen: 0	prob: [0.9934858679771423, 0.006514214910566807]	jerusalem ##s physical existence as a spiritual city seemed finished , but its spiritual power for jews , and for the struggling new christian religion , remained .
right_seen: 0	prob: [0.9886659383773804, 0.011334051378071308]	it is the typical right - wing reaction which looks for simple answers that do not contra ##dict the republican minds ##et .
right_seen: 1	prob: [0.0035088311415165663, 0.9964911341667175]	i drove by and saw a truck pulled over on the highway .
right_seen: 1	prob: [0.002191630657762289, 0.9978083968162537]	i just put it underneath .
right_seen: 0	prob: [0.9881822466850281, 0.011817707680165768]	jesus ##s entry into the temple caused a commotion ; after the pass ##over dinner he was arrested by the temple priests , who were under direct roman rule .
right_seen: 1	prob: [0.0006600494380109012, 0.9993398785591125]	a woman sits on a bed with pillows .
right_seen: 0	prob: [0.9792482852935791, 0.020751701667904854]	langdon was intrigued .
right_seen: 0	prob: [0.9903666973114014, 0.009633343666791916]	young ##stown was perhaps hit harder than any other town by the collapse of the steel industry , but it was not ##alo ##ne .
right_seen: 0	prob: [0.9885635375976562, 0.011436432600021362]	nevertheless , the incentives to sell at the market price are substantial , and if the threats create new scar ##cit ##ies , higher prices will probably encourage sellers to un ##load their land .
right_seen: 0	prob: [0.9888273477554321, 0.011172644793987274]	i have forgotten his name " of necessity implies , pre ##su ##pp ##oses , that i knew him ) ; a cab driver ' s job is to drive people anywhere they want to go in big yellow machines called taxis .
right_seen: 1	prob: [0.005017920862883329, 0.9949820637702942]	it ' ll be yours when she goes .
right_seen: 0	prob: [0.9883995056152344, 0.01160048320889473]	she looks at me , one eyebrow hoisted .
right_seen: 0	prob: [0.9709473252296448, 0.029052680358290672]	it was d ##vor ##ov .
right_seen: 1	prob: [0.0009238722850568593, 0.9990761280059814]	" transfer to a wire rack to cool for 10 minutes . slide a knife around the perimeter of the pan , in ##vert to release the bread , and cool completely on the wire rack before serving . "
right_seen: 1	prob: [0.0009574234718456864, 0.9990425705909729]	open the lid and leave just a little bit still attached .
right_seen: 0	prob: [0.9927499294281006, 0.007249998860061169]	da ##ville nur ##ture ##d this curious friendship .
right_seen: 1	prob: [0.0013002579798921943, 0.9986996650695801]	we sleep in the cool ; long tunnels .
right_seen: 0	prob: [0.9896514415740967, 0.010348550975322723]	when we reached the street , i expected some sort of temple , or a row of anti ##qua ##ries , or at least a sl ##ea ##zy , black - market relics merchant .
right_seen: 1	prob: [0.0008965154993347824, 0.9991034865379333]	ba ##ke cheese ##cake for 40 - 50 minutes at 375 degrees . just to make sure constantly check on it so you do n ' t over ba ##ke ! ! ! ! ! ! ! ! !
right_seen: 0	prob: [0.9935006499290466, 0.0064993565902113914]	i sat sideways in the armchair , feet dangling over one arm , neck resting against the other , absently tracing invisible lines between the stars outside my window as i rum ##inated on the situation .
right_seen: 1	prob: [0.0029644251335412264, 0.9970356225967407]	" after it she felt soothe ##d of any irritation she may have felt with the last letter , wiped her mouth with satisfaction , and picked up the oswald ##ston gazette . "
right_seen: 0	prob: [0.990921676158905, 0.009078243747353554]	it was natural that a small town ho ##d ##za could not maintain what a grand ve ##zi ##r had founded and which historical events had sentenced to disaster .
right_seen: 1	prob: [0.0007149615557864308, 0.9992850422859192]	lots of people are walking they participate in a parade
right_seen: 1	prob: [0.0013771160738542676, 0.9986228942871094]	" her mother looked up from her letters , and gazed hard at her daughter . "
right_seen: 0	prob: [0.9880238175392151, 0.01197618804872036]	ra ##kal , her first officer , was staring pens ##ively at his panel .
right_seen: 1	prob: [0.0012520463205873966, 0.9987479448318481]	he took the early train up to london .
right_seen: 0	prob: [0.9924141764640808, 0.007585844956338406]	jerusalem grew , surrounded with a formidable wall and defended by towers beside the ja ##ffa gate .
right_seen: 1	prob: [0.0016988541465252638, 0.9983012080192566]	let the tea cool off before serving . mine was so hot i poured myself a glass and had to put it in the freeze ##r to cool down before i drank it . add some ice to keep your drink cold and a mint leaf to give it some class . enjoy !
right_seen: 1	prob: [0.0006543600466102362, 0.999345600605011]	a man in a suit and tie is posing for the camera .
right_seen: 1	prob: [0.0006690959562547505, 0.9993308782577515]	bunny tries to hide behind the flowers after being caught on the table
right_seen: 1	prob: [0.042911142110824585, 0.957088828086853]	did you and walter quarrel ?
right_seen: 1	prob: [0.0006560328765772283, 0.9993439316749573]	the surfer is riding the surf ##s with his surf ##board
right_seen: 0	prob: [0.9902503490447998, 0.009749643504619598]	under the wise reign of solomon , the city flourished as the capital of an empire that stretched from damascus to the red sea and controlled the trade routes from egypt to ph ##oe ##nic ##ia .
right_seen: 1	prob: [0.0015220562927424908, 0.9984779953956604]	i love the elephants because they breath through their trunk ; which i think is pretty strange .
right_seen: 0	prob: [0.992391049861908, 0.007609016727656126]	only the best and strongest amongst them threw themselves into action with the fan ##atic ##ism of fa ##kir ##s and were there burnt up like flies , to be immediately hailed by their fellows as martyrs and saints ( for there is no generation without its saints ) and placed on pedestal ##s as inaccessible examples .
right_seen: 1	prob: [0.0006424463354051113, 0.9993575215339661]	a guy is eating a don ##ut and drinking coffee .
right_seen: 1	prob: [0.0015531746903434396, 0.9984468817710876]	we are growing exponential ##ly as a brand
right_seen: 0	prob: [0.9894840121269226, 0.010515988804399967]	after all , early in the movie he disc ##ards the possibility that playing violent video games and watching violent flick ##s can cause violence - - because canadians like , and japanese positively love , those .
right_seen: 0	prob: [0.9897538423538208, 0.010246165096759796]	the people of young ##stown , being now ##une ##mp ##lo ##yed had very little money to spend on anything but staying alive .
right_seen: 1	prob: [0.0010553483152762055, 0.9989446997642517]	" fire engines called : this was the scene after lightning hit a house , destroying the roof of the property " , x ##d , state
right_seen: 1	prob: [0.0007025108207017183, 0.9992974996566772]	" the guitarist , singer and progressive rock artist performs a live concert at national register of historic places location . "
right_seen: 1	prob: [0.0007306673214770854, 0.9992693066596985]	a speaker introduces a documentary in an art gallery on the quiet outskirts .
right_seen: 0	prob: [0.9897729754447937, 0.010227023623883724]	i want to know . ” i explained , in two brief sentences , my earlier imp ##asse .
right_seen: 0	prob: [0.988214373588562, 0.011785576120018959]	a mathematical theory of languages was created by the linguist no ##am cho ##ms ##ky , inspired by linguistic problems , and the logical theory of semantics pre ##dom ##inates today , particularly in linguistic sentence analysis .
right_seen: 1	prob: [0.0008088828762993217, 0.9991911053657532]	mat ##za balls are cooking in preparation for the jewish celebration .
right_seen: 0	prob: [0.9881354570388794, 0.011864593252539635]	the whole amounted to an expression of absolute security and lack of knowledge of any trans ##gre ##ssion .
right_seen: 1	prob: [0.0009727635770104825, 0.9990272521972656]	noble person inspired dress and wig made entirely of flowers .
right_seen: 1	prob: [0.0009996478911489248, 0.9990003705024719]	" place the pie on indirect heat on the grill at 425 degrees f . for 20 minutes , reduce the te ##mp to about 375 degrees f . for the last 20 to 25 minutes . turn the pie every so often to allow for even cooking if needed . "
right_seen: 0	prob: [0.9922860860824585, 0.0077139632776379585]	even though they eventually failed , the fact that they ##tri ##ed to preserve what they felt belonged to them is an amazing example of how far people will go to save their lives ##and the futures of their children .
right_seen: 1	prob: [0.0006407940527424216, 0.9993591904640198]	a little boy stands looking away from the camera holding on to a red suitcase .
right_seen: 0	prob: [0.9884174466133118, 0.011582563631236553]	however , the representatives were shu ##nted to ##the side and ignored in washington , since young ##stown ##s political influence had died with its industry .
right_seen: 0	prob: [0.9891399145126343, 0.010860053822398186]	he was not da ##unt ##ed by the distance , i am sure .
right_seen: 1	prob: [0.000787760189268738, 0.9992122650146484]	they display this history during the afternoon .
right_seen: 1	prob: [0.0006193561712279916, 0.9993805885314941]	a green ve ##gg ##ie is laying on a red plate
right_seen: 1	prob: [0.0007906134123913944, 0.9992094039916992]	" this is perfect for using up any crust left ##overs from your sandwich cut ##outs ! on medium heat just toast up some bread with the center cut out of it , drop an egg in the center and let it cook up - you can also fl ##it it to cook and toast the top side or do the whole thing in the oven ! "
right_seen: 0	prob: [0.9927074313163757, 0.007292556576430798]	even su ##pp ##osing this was the home of some ancient civilization now gone to dust , even su ##pp ##osing a number of exceeding ##ly unlikely things , there was no way that vast treasures of wealth were going to be stored there in any form that would still have meaning now .
right_seen: 0	prob: [0.9913738369941711, 0.008626135066151619]	days passed , weeks passed , but i could n ' t tell if it had been months or years since i was rescued .
right_seen: 1	prob: [0.000652176036965102, 0.9993478655815125]	the man is standing on the beach just after sunrise .
right_seen: 0	prob: [0.9898062348365784, 0.010193786583840847]	his main mistake is that he does not use population corrected data , his second mistake is that he does not cite his sources ( and , as you correctly point out , he probably uses different reporting methods for the different countries ) .
right_seen: 1	prob: [0.0009350740001536906, 0.9990649819374084]	leave to rise covered in a warm place till double in size this may take 3 - 4 hours .
right_seen: 1	prob: [0.0007659621187485754, 0.9992340803146362]	a tv mounted above a fireplace in a nicely furnished living room .
right_seen: 0	prob: [0.9899411797523499, 0.010058785788714886]	you figure they ##re some lincoln - green pretty boys who run around in the forest with bows and live forever in halls of glory , right ?
right_seen: 0	prob: [0.9917889833450317, 0.008210971020162106]	it is by now well documented that the cia tolerated crack sales in us cities to fund the operation of south american " contra ##s " it is equally well known that the so - called " war on drugs " begun under the nixon administration is a failure which has cost hundreds of billions and made america the world leader in prison population ( both in relative and absolute numbers ) .
right_seen: 0	prob: [0.9927456974983215, 0.007254318334162235]	not surprisingly , gun ##cite , too , compares data from different years - - as i know from personal experience , it is quite difficult to do comparisons of crime statistics due to differences in reporting frequency and methodology .
right_seen: 0	prob: [0.9901097416877747, 0.009890257380902767]	that was tonight ' s mel ##od ##rama ##tic theme : the ep ##hem ##eral nature of life .
right_seen: 1	prob: [0.004205559380352497, 0.995794415473938]	" there , by the easy chair , he had placed the works of gerald seymour - st ##rac ##hey three fairly substantial - looking volumes . "
right_seen: 0	prob: [0.9804957509040833, 0.019504182040691376]	you ca n ' t hold on forever , even if you do n ' t ever , ever want to forget .
right_seen: 1	prob: [0.0021261817310005426, 0.9978737831115723]	" rose left it on the coffee table by her husband ' s chair , and when he had had his usual mixed fry - up and was preparing to have his s ##no ##oz ##e , his eye caught it as it lay there . "
right_seen: 1	prob: [0.002950363326817751, 0.9970495700836182]	" for the premiere , the actress wore her hair up with loose wavy tend ##ril ##s - - an at ##yp ##ical look for her , but it showed off her striking face beautifully . "
right_seen: 1	prob: [0.0009446509648114443, 0.9990553259849548]	" sketch of rock and roll artist done some time ago , forgot about it and thought i ' d share it with you all ! " , x ##d
right_seen: 1	prob: [0.0008592550293542445, 0.999140739440918]	" for this recipe you will need : flour ##su ##gar ##vani ##lla extract ##an egg ##oi ##l , ( vegetable preferred ) milk "
right_seen: 0	prob: [0.9878853559494019, 0.01211466733366251]	poverty is frequently portrayed as natural , and the poor in america are seen by conservatives as vc ##r - owners who are just too lazy to work .
right_seen: 0	prob: [0.9898953437805176, 0.01010459940880537]	but if they did n ' t , one of their functions was to continue the racism of the k ##kk .
right_seen: 0	prob: [0.9895227551460266, 0.010477210395038128]	perhaps he coveted his mother ' s affection ##s solely for himself - - the ##r houses comprised a whole small quarter surrounded by fields , plum - orchards and shrub ##ber ##ies . '
right_seen: 0	prob: [0.9887847900390625, 0.011215207166969776]	functional ##ly attractive in shades of beige and green , it is situated a short distance from the airport , in the middle of a strip of such hotels that cater predominantly to business people with neither the time nor inclination for sight - seeing , or to travelers connecting with early morning flights .
right_seen: 0	prob: [0.9843407273292542, 0.01565922237932682]	you sound like you do n ' t sub ##scribe to that set of rules . "
right_seen: 1	prob: [0.0010703079169616103, 0.9989296793937683]	surfing and skate ##boarding culture exist side by side .
right_seen: 1	prob: [0.0007314647082239389, 0.9992685914039612]	the three members of hanson are performing at a concert .
right_seen: 0	prob: [0.9887497425079346, 0.011250289157032967]	the figure tr ##udged , or rather sl ##osh ##ed , onwards till the hill resumed and the treacherous sheet of water was left behind .
right_seen: 0	prob: [0.9851543307304382, 0.014845701865851879]	may i have a little more of what you gave me before , ne ##pt ##hy ##s ? ” i asked .
right_seen: 1	prob: [0.0007489751442335546, 0.9992509484291077]	the older folks are on the side enjoying the weather and kids playing in the pool .
right_seen: 0	prob: [0.9926597476005554, 0.0073403250426054]	it was becoming increasingly clear ##tha ##t without the industrial base provided by the mills , the city of young ##stown would soon become a ghost town , inhabited ##by those too poor or hopeful to escape .
right_seen: 1	prob: [0.003196893958374858, 0.9968030452728271]	everyone had worked so hard over the past four years ; and it was finally time to graduate and celebrate our accomplishments .
right_seen: 1	prob: [0.0012977749574929476, 0.9987021684646606]	make wish for new year . , i
right_seen: 0	prob: [0.9828723073005676, 0.017127608880400658]	there is no evidence – there could be no evidence – that my grandfather featured in these statistics . "
right_seen: 1	prob: [0.003650857601314783, 0.9963490962982178]	" since then they had come into contact over one or two smaller matters , and it was to him that greg naturally went in the aftermath of hilda mach ##in ' s death . "
right_seen: 1	prob: [0.0010131997987627983, 0.9989867806434631]	we we docked we took a walk around the pier .
right_seen: 0	prob: [0.9876452088356018, 0.012354768812656403]	in 1934 jerusalem ' s mu ##ft ##i , the spiritual leader of the city ' s muslims , decreed that believers were duty bound to murder other muslims who sold land to jews .
right_seen: 1	prob: [0.0014557515969499946, 0.9985442161560059]	" a sharp knife , a table knife , a tea ##sp ##oon , a strain ##er , a plate . "
right_seen: 0	prob: [0.981202244758606, 0.018797745928168297]	amy , still holding my hand , smiled .
right_seen: 0	prob: [0.9928773045539856, 0.007122730370610952]	in reality , what moore describes here is the most vivid example of what can only be called wage slavery i have ever seen , to the det ##rim ##ent of families .
right_seen: 1	prob: [0.4129835367202759, 0.5870164632797241]	this is how i started my day today .
right_seen: 1	prob: [0.000787202559877187, 0.9992127418518066]	these girls are dating some of the players .
right_seen: 0	prob: [0.9861600995063782, 0.013839872553944588]	what did you intend doing with christine , that ' s what i want to know . '
right_seen: 0	prob: [0.9920586943626404, 0.007941359654068947]	” scholars spec ##ulate that sha ##lim might have been an ancient semitic deity of peace , for the name resembles the modern hebrew and arabic words for peace ” : sha ##lom and sal ##aa ##m , respectively .
right_seen: 0	prob: [0.9849615097045898, 0.015038475394248962]	” asked ad ##rien ##ne , using sarah ' s ph ##ras ##ing .
right_seen: 0	prob: [0.9893941283226013, 0.010605855844914913]	archaeology shows that , during this time , societies lived mainly in coastal trading towns with little settlement inland .
right_seen: 1	prob: [0.00073097029235214, 0.9992690682411194]	" friends guys with hairs ##tyle standing with hands crossed , one of them giving thumb up and both smile and looking " , e , error , , noun phrase or adjective phrase syntax ,
right_seen: 0	prob: [0.992375910282135, 0.007624139543622732]	serge , kneeling behind her with his face pressed into collar fur , imagine ##s the bullet piercing the jacket s leather and travelling onwards through both the observer and cecil ##e , then , broken down into a million particles , lodging in him not only harmless ##ly but also beneficial ##ly , as though he were both its and the other two s final destination , the natural conclusion of a process whose trajectory con ##jo ##ined them all .
right_seen: 1	prob: [0.0009659353527240455, 0.99903404712677]	" key - board manipulation is a skill relevant to many tasks and is typical of psycho - motor skills in that the per ##ce ##pt ##ual elements of identify and select dominate the motor element of actual key pressing . , , "
right_seen: 0	prob: [0.9909844398498535, 0.009015558287501335]	even the official quoted by moore blame ##s the welfare to work program , knowing full well that the drug issue is a red herring .
right_seen: 0	prob: [0.9898837804794312, 0.01011621579527855]	none the less , lot ##te had imagined him at least as a leading lawyer in vienna or l ##wo ##w , since being a jew he could not become a senior civil servant which would best have accord ##ed with her ambitions .
right_seen: 0	prob: [0.9894096851348877, 0.01059037633240223]	it is not a flawless diamond - - the " 48 hours " scene in particular suffers from bad editing , the statistics are sub ##op ##ti ##mal , and he ##ston gets a bit more bash ##ing than he deserves .
right_seen: 0	prob: [0.9902156591415405, 0.009784282185137272]	he stood in front of a blue light , so i could n ' t see him clearly , but what i saw was memorable .
right_seen: 0	prob: [0.9917924404144287, 0.008207534439861774]	they packed the baggage space with two suitcase ##s of personal effects , two bags of food , and a rolled - up blanket in a fresh plaid cover with a pillow - after all , she opined , they could n ' t sleep in the same one that poor girl . . . the tu ##mu ##lt of elizabeth ' s mind was alla ##yed by this conversation .
right_seen: 1	prob: [0.0008746484527364373, 0.9991253018379211]	armed force and profession hold the flag to commemorate independence day on the flight deck
right_seen: 1	prob: [0.4982927143573761, 0.5017072558403015]	why had she done it ?
right_seen: 1	prob: [0.0007759417057968676, 0.999224066734314]	stand back ! person pushes away the crowd as threatening people in white fill the area , x ##d
right_seen: 1	prob: [0.0013133439933881164, 0.9986866116523743]	your going to need 2 apples one a little smaller than the other . and if you need it maybe a little peanut butter .
right_seen: 1	prob: [0.0007216084632091224, 0.9992783665657043]	a woman is holding unto a bear dressed like a british sold ##er .
right_seen: 0	prob: [0.985473096370697, 0.014526955783367157]	this is a slave shop , ” he explained quietly .
right_seen: 1	prob: [0.0007892508874647319, 0.9992107152938843]	there was a marathon event going on
right_seen: 0	prob: [0.9915960431098938, 0.008403988555073738]	i got older and went to school , then to college , and i replaced the dreams my nana gave me with the music djs mixed for crowds in clubs , web ##s of pulse that shook us until we could believe anything .
right_seen: 0	prob: [0.9656562805175781, 0.034343693405389786]	you do not go to the drugs ##tore and buy everything in it - - you just buy what would be beneficial to you now .
right_seen: 1	prob: [0.00651506008580327, 0.9934849143028259]	" there , so i ' ll save this . "
right_seen: 1	prob: [0.0012782053090631962, 0.9987217783927917]	" a young girl stands behind several kn ##ick - kn ##ack ##s , such as dolls , a statue of jesus , and a statue of the virgin mary , outdoors "
right_seen: 0	prob: [0.9897079467773438, 0.010292109102010727]	urine and perfume , so richly com ##ming ##led that the result resembled bad meat .
right_seen: 1	prob: [0.0008591158548370004, 0.9991408586502075]	fill the glass with ice .
right_seen: 1	prob: [0.0006475633126683533, 0.9993523955345154]	a group of young men hang out in a park with their skate ##boards .
right_seen: 1	prob: [0.0009939541341736913, 0.9990060925483704]	take the sliced pick ##les and place on top of the swiss cheese covering as much space as you can because the flavor of the pick ##les is essential for the sandwich .
right_seen: 1	prob: [0.001869853469543159, 0.9981301426887512]	" and she says she ' ll try and phone me up , but i reckon she does n ' t even er i sa ask her mum . "
right_seen: 1	prob: [0.0006388975889421999, 0.9993610978126526]	a brown bird is sitting on a wood post next to a plant .
right_seen: 0	prob: [0.9888399243354797, 0.011160045862197876]	if these causes were addressed , gun ownership in the united states would not be a problem ( but also unnecessary ) ; just like it is in switzerland .
right_seen: 1	prob: [0.0007537744240835309, 0.9992462396621704]	animal and year ##ling mule deer are curious to see who is visiting .
right_seen: 0	prob: [0.9878056049346924, 0.012194431386888027]	she felt ob ##lite ##rated , ex ##pu ##nged from the room , and was relieved .
right_seen: 1	prob: [0.0011072783963754773, 0.9988927245140076]	" bedroom in concrete ex ##udes a minimal , rustic vibe "
right_seen: 1	prob: [0.0006772177293896675, 0.999322772026062]	the person is holding a don ##ut inside of their mouth .
right_seen: 0	prob: [0.9876678586006165, 0.01233209203928709]	when i was done mentally ex ##claiming over my impossible rescue , i looked around .
right_seen: 1	prob: [0.005955846514552832, 0.9940441250801086]	should be alright then .
right_seen: 1	prob: [0.001352607854641974, 0.9986473917961121]	there is light at the end of the tunnel
right_seen: 0	prob: [0.9928508996963501, 0.007149071432650089]	this may do no good at all , but it may - - if everyone hopes and wishes and dreams and as ##pire ##s , perhaps it will do good .
right_seen: 0	prob: [0.985618531703949, 0.014381477609276772]	when your life , the reason you lived , the people and faces and places , the emotions you felt , who and what you loved , when all that is gone , faded , what will you have left ? ” i wondered how long ray had been on this ship .
right_seen: 1	prob: [0.0008380061481148005, 0.999161958694458]	chop onions and green chill ##ies . while cutting onions try to prevent tears from your eyes . : )
right_seen: 1	prob: [0.0006484208279289305, 0.9993515610694885]	a young baseball player is standing next to a young girl .
right_seen: 0	prob: [0.990069568157196, 0.009930457919836044]	these attempts to save ##the mills were hind ##ered by several major factors , including the decline of the world steel market , which made americans ##tee ##l impossible to sell or export .
right_seen: 1	prob: [0.03417876362800598, 0.9658212065696716]	i drove around as fast as i could until i found the school .
right_seen: 0	prob: [0.9909924268722534, 0.009007574059069157]	a method ##ical search of my two adjoining rooms , the ample closet space , and the attached bathroom facility had similarly provided no f ##od ##der .
right_seen: 0	prob: [0.9883964657783508, 0.011603528633713722]	all there was , all i remembered , was a blur .
right_seen: 0	prob: [0.9859252572059631, 0.014074712060391903]	11 ) he ##ston ' s allegedly implied racism .
right_seen: 0	prob: [0.9888244271278381, 0.01117558591067791]	he was standing right in front of some blue lights , so i could n ' t see him very well , but i noticed the way that the light set off his pale skin .
right_seen: 1	prob: [0.0008586886688135564, 0.9991413354873657]	make another one if you love it ! ! !
right_seen: 1	prob: [0.0012167118256911635, 0.9987832903862]	billy had a terrific train set that went round and round ; complete with a nearby town .
right_seen: 0	prob: [0.9919324517250061, 0.008067522197961807]	he was irritated by the young mans optimism , his desire to penetrate deeper into the past , the customs and beliefs of these people ; to find explanations for their short ##coming ##s ; and , finally , to discover the good in them , stifled and distorted by the unusual circumstances in which they were obliged to live .
right_seen: 1	prob: [0.10964091867208481, 0.890359103679657]	the restaurant ' s architectural design was impressive .
right_seen: 0	prob: [0.9918771982192993, 0.00812274869531393]	it is by now well documented that the cia tolerated crack sales in us cities to fund the operation of south american " contra ##s " it is equally well known that the so - called " war on drugs " begun under the nixon administration is a failure which has cost hundreds of billions and made america the world leader in prison population ( both in relative and absolute numbers ) .
right_seen: 0	prob: [0.9879234433174133, 0.01207661721855402]	the room stan ##k , mostly of his own despair .
right_seen: 0	prob: [0.990646481513977, 0.009353579953312874]	i died in those last moments , su ##ff ##ocating on my own exhaled breath , and this , this was my reward .
right_seen: 0	prob: [0.9841146469116211, 0.0158853642642498]	the high quality of the seam on milos ensured that the area remained popular with early travelers .
right_seen: 0	prob: [0.9934497475624084, 0.006550318095833063]	statistics are moore ' s weak ##est point , and it is surprising that his critics do n ' t dwell on them longer .
right_seen: 0	prob: [0.9891306161880493, 0.01086941733956337]	i wanted to find something , anything , that would prove all this was normal and sane .
right_seen: 1	prob: [0.0007690107449889183, 0.9992309808731079]	a young blond woman wearing sunglasses on top of her head is laughing .
right_seen: 0	prob: [0.9904599189758301, 0.009540154598653316]	but lacking the means to enforce its decision , the united nations was powerless to halt the fighting that erupted as the british withdrew their troops in 1948 .
right_seen: 0	prob: [0.9891039133071899, 0.01089613325893879]	moore portrays the nr ##a as an une ##thic ##al , dish ##ones ##t organization ; he sees the paranoia and fear in the united states as a primary cause of violence , and he does not see gun ownership itself as a problem .
right_seen: 1	prob: [0.0012762928381562233, 0.9987236857414246]	ba ##ke at 180 degrees of 40 - 50 minutes . do n ' t think highly too that cheese was n ' t over ##ro ##ast ##ed .
right_seen: 0	prob: [0.9904601573944092, 0.009539829567074776]	constantinople was taken by crusader forces in 120 ##4 , and they stripped the city of many ##of its finest treasures — which now grace the public buildings of venice — although a large con ##si ##gn ##ment of books and manuscripts was transferred to the monastery at pat ##mos before the city fell .
right_seen: 1	prob: [0.0014634326798841357, 0.9985365867614746]	" a sustainable financial product makes money for the bank , but also provides a service that meets the needs of customers . "
right_seen: 0	prob: [0.9906275272369385, 0.009372469037771225]	one might well ask who needs it , and how it ji ##bes with all the frantic appeals for economy which are constantly being din ##ned into our ears .
right_seen: 1	prob: [0.0014482958940789104, 0.9985516667366028]	i ' ll get it off and sent carol .
right_seen: 0	prob: [0.9863924384117126, 0.013607568107545376]	the next thing that comes out of your mouth is probably what shell respond to until we figure out how to put her back . ” i was at a loss .
right_seen: 0	prob: [0.9832674860954285, 0.016732554882764816]	i mean , he is kinda tight about that stuff . ” he didn ##t look very surprised .
right_seen: 0	prob: [0.9814407825469971, 0.01855924166738987]	a new school of jewish historians is more critical of the di ##sl ##ocation ##s caused by jewish land acquisition , and concludes that it was not always fair .
right_seen: 0	prob: [0.9911776185035706, 0.008822313509881496]	good luck . ” something with too many arms was manning the turn ##table ##s above the crowd , which looked more imp ##ene ##tra ##ble tonight than ever before .
right_seen: 0	prob: [0.9871826171875, 0.012817339040338993]	we ' re selective about our passengers , ” he continued .
right_seen: 0	prob: [0.9907593727111816, 0.009240604937076569]	behaviour ##ism fell with a famous 1950s experiment in wisconsin in which orphan baby monkeys became emotionally attached to cloth models of their mothers even when fed only from wire models , thus refusing to obey the theory that we mammals can be conditioned to prefer the feel of anything that gives us food - a preference for soft mothers is probably innate .
right_seen: 1	prob: [0.002256808802485466, 0.9977432489395142]	the people in the area were easy going .
right_seen: 1	prob: [0.0006215500761754811, 0.9993784427642822]	a young man is sleeping in bed with a dog and remote control .
right_seen: 0	prob: [0.9787145256996155, 0.021285491064190865]	i know your family because an ancestor of mine made a bargain with an ancestor of yours .
right_seen: 1	prob: [0.0034811305813491344, 0.9965188503265381]	" well , i never knew him really , till right at the end . "
right_seen: 0	prob: [0.9911624193191528, 0.008837525732815266]	the first law of the ##rm ##od ##yna ##mics states une ##qui ##vo ##cal ##ly that energy is always conserved , and therefore it can neither be lost nor renewed .
right_seen: 0	prob: [0.9931427240371704, 0.006857254076749086]	whether this will ever happen remains to be seen , but perhaps the aid offered by greece to turkey after 1999 ##s devastating earthquake is a sign that the an ##imo ##sity between these two traditional enemies is beginning to dim ##ini ##sh .
right_seen: 0	prob: [0.98565673828125, 0.014343217015266418]	that bit , remember ?
right_seen: 0	prob: [0.9487078785896301, 0.05129208788275719]	because it ' s so much fun to do so ?
right_seen: 1	prob: [0.0032333636190742254, 0.9967666864395142]	i want to look this good when i ' m 50 .
right_seen: 1	prob: [0.0008420976810157299, 0.9991579055786133]	" football player , seen here during a training session earlier in the week , is set for his third world cup . "
right_seen: 0	prob: [0.9886214137077332, 0.011378619819879532]	but theatre does not media ##te that kind of help ; it is not a church .
right_seen: 1	prob: [0.00907079130411148, 0.9909291863441467]	what do you want dad ?
right_seen: 1	prob: [0.0007932985317893326, 0.9992067217826843]	continuing with the party was a great shadow dance by the model .
right_seen: 0	prob: [0.9802975654602051, 0.01970246061682701]	then i saw the bar on the other side of the crowd and knew where to start looking .
right_seen: 0	prob: [0.9672048091888428, 0.03279516100883484]	i decided it could n ' t have been .
right_seen: 0	prob: [0.9849268198013306, 0.015073173679411411]	it almost looked like the light bent around him without actually touching him directly .
right_seen: 0	prob: [0.9918553829193115, 0.00814464595168829]	dixon liked and revered him for his air of det ##est ##ing everything that presented itself to his senses , and of not meaning to let this det ##est ##ation become stale ##d by custom .
right_seen: 0	prob: [0.9914811849594116, 0.00851885974407196]	your daughter elizabeth , it is presumed , will not long bear the name of ben ##net , after her elder sister has resigned it , and the chosen partner of her fate may be reasonably looked up to as one of the most illustrious persona ##ges in this land . "
right_seen: 1	prob: [0.0006240678485482931, 0.9993759989738464]	the man on the grass is playing with his soccer ball .
right_seen: 1	prob: [0.0008749164408072829, 0.999125063419342]	" a red dog stands in a rocky shore , its feet in the sea . "
right_seen: 1	prob: [0.0027216882444918156, 0.9972783923149109]	the stands were absolutely packed at this year ' s virginia tech graduation ceremony .
right_seen: 0	prob: [0.9896233677864075, 0.010376614518463612]	after all , early in the movie he disc ##ards the possibility that playing violent video games and watching violent flick ##s can cause violence - - because canadians like , and japanese positively love , those .
right_seen: 1	prob: [0.0014229699736461043, 0.9985769987106323]	do n ' t talk stupid !
right_seen: 1	prob: [0.0007149050361476839, 0.9992851614952087]	woman looks at the ocean .
right_seen: 1	prob: [0.001092923223040998, 0.9989070892333984]	we went to see the animal kingdom ; and our first stop was some gaze ##lle like animal .
right_seen: 1	prob: [0.0006258108769543469, 0.9993742108345032]	a man stands in front of a building wearing a hat and suit .
right_seen: 1	prob: [0.0007049227133393288, 0.9992951154708862]	an old television is sitting on a sandy beach .
right_seen: 0	prob: [0.9836292862892151, 0.016370760276913643]	” he had almost exhausted his polite little waiter repertoire and would soon be slipping into his role of a rather tight lip ##ped and sarcastic little waiter .
right_seen: 1	prob: [0.00157507776748389, 0.9984248876571655]	playing on a small laptop and a phone at the same time is not recommended
right_seen: 0	prob: [0.986885666847229, 0.013114320114254951]	they were spirits of a certain branch of the volga and the village based around a mill on that tributary .
right_seen: 1	prob: [0.0070566581562161446, 0.9929433465003967]	you can try and try and try .
right_seen: 1	prob: [0.000827595591545105, 0.9991724491119385]	" enjoy ! to make rice even more easily , you could also check out some rice cooke ##r reviews and take your rice cooking to the next level ! "
right_seen: 1	prob: [0.0009974583517760038, 0.9990025162696838]	add 1 / 2 cup finely dice ##d ja ##la ##pen ##o pepper . use more or less for desired heat . remove seeds and membranes from ja ##la ##pen ##o to reduce heat levels .
right_seen: 1	prob: [0.0033539743162691593, 0.996645987033844]	" so we contact the widow , take over the rights from the original publishers , and bingo ! "
right_seen: 0	prob: [0.9933655858039856, 0.006634396500885487]	be ##re ##ft of my previous familiar life , i latch ##ed onto ki ##sho ##ri and ray and zheng , and sarah with alexis dragged along on her arm now and then ( he was mostly her favorite dancing partner ; she con ##fide ##d to us one night that his conversation ##al skills left something to be desired ) .
right_seen: 1	prob: [0.0006782922428101301, 0.999321699142456]	the boy was looking at the fence as people were around .
right_seen: 1	prob: [0.0008061089902184904, 0.9991938471794128]	pour the hot water with the noodles and cover it for a minute then add the flavor ##ing . mix it .
right_seen: 1	prob: [0.0007120289374142885, 0.999288022518158]	a pens ##ive looking man uses an electric razor to shave himself .
right_seen: 1	prob: [0.0006189154228195548, 0.9993810653686523]	a lady is hanging up her clothing to dry .
right_seen: 1	prob: [0.0007519395439885557, 0.9992480874061584]	making arts and crafts .
right_seen: 0	prob: [0.9906346201896667, 0.009365366771817207]	young ##stown is then ##ame of the major city area , but surrounding it on all sides are small communities which to the casual viewer are ##ind ##ist ##ing ##uis ##hab ##le from the main city itself .
right_seen: 0	prob: [0.9909837245941162, 0.009016234427690506]	even the official quoted by moore blame ##s the welfare to work program , knowing full well that the drug issue is a red herring .
right_seen: 1	prob: [0.003579540643841028, 0.9964205026626587]	teaching young people about history can be a complex and highly sensitive task
right_seen: 1	prob: [0.0007303499151021242, 0.9992696642875671]	painting by visual artist of general who captured a city , e , error , , noun phrase or adjective phrase syntax ,
right_seen: 1	prob: [0.000973417132627219, 0.9990265369415283]	called from darkness by the song of the sea , e , error , , noun phrase or adjective phrase syntax ,
right_seen: 1	prob: [0.0008097713580355048, 0.9991902709007263]	looking up at the lighthouse , e , error , , noun phrase or adjective phrase syntax ,
right_seen: 0	prob: [0.9923914074897766, 0.00760857667773962]	i was more dismay ##ed , elsewhere in en ##right s book , to come across the following quota ##tion forge modern demons for modern man .
right_seen: 0	prob: [0.9770655632019043, 0.022934483364224434]	for the first time , she looked vulnerable .
right_seen: 1	prob: [0.0006675056065432727, 0.9993324875831604]	a young child is sitting at a table with a cake in front of them .
right_seen: 0	prob: [0.987946093082428, 0.012053892947733402]	poverty is frequently portrayed as natural , and the poor in america are seen by conservatives as vc ##r - owners who are just too lazy to work .
right_seen: 1	prob: [0.0006209485582076013, 0.99937903881073]	a man pulls a suitcase next to a train .
right_seen: 1	prob: [0.0006013984675519168, 0.9993985891342163]	the elephant with tu ##sk ##s is walking through the dirt trail .
right_seen: 0	prob: [0.9917113780975342, 0.008288610726594925]	i wish i had a daughter so i could forbid her to marry one . . . " ( when he reached home , des f ##oss ##es jo ##tted down : this is something we are both aware of : that the world is groaning , choking with a multitude of creations , that it is buried by objects and strangled by ideas which all pretend to be necessary , useful or beautiful and therefore lay claim to perpetual endurance .
right_seen: 1	prob: [0.0014907490694895387, 0.9985092282295227]	put in a good heap ##ing tea ##sp ##oon of your favorite instant coffee .
right_seen: 1	prob: [0.00070182018680498, 0.9992982149124146]	football coach is encouraging his team to step forward and help the community in the aftermath .
right_seen: 0	prob: [0.9890172481536865, 0.010982757434248924]	the bible describes how david ##s soldiers conquered jerusalem by discovering a water tunnel under the walls and using it to take the city by surprise .
right_seen: 0	prob: [0.9668259024620056, 0.03317407891154289]	the greatest danger lo ##oms for dogs when they ' re taken out to perform their physical needs , number one and two .
right_seen: 1	prob: [0.0008049833122640848, 0.9991950392723083]	" a couple of bears sitting on a coach , one is holding a book . "
right_seen: 0	prob: [0.9914702773094177, 0.008529769256711006]	in this case , han ##lon ' s razor can be applied to he ##ston - - he is probably not racist , but inc ##omp ##ete ##nt .
right_seen: 1	prob: [0.0009629298001527786, 0.9990371465682983]	latin pop artist attends award category honoring musical artist
right_seen: 1	prob: [0.0006181881763041019, 0.9993817806243896]	a bear is standing in the woods with grass in its mouth .
right_seen: 0	prob: [0.9643529057502747, 0.03564707934856415]	this whole house re ##ek ##s of those god ##aw ##ful onion sandwiches he brings from home .
right_seen: 0	prob: [0.9417825937271118, 0.05821739137172699]	the accompanying bottle of wine was a nice touch .
right_seen: 0	prob: [0.9901525378227234, 0.009847433306276798]	if it was march , that meant that wed been together almost a year and a half .
right_seen: 1	prob: [0.0011958804680034518, 0.9988040924072266]	here is a lighter jacket and tee shirt combination that is really nice .
right_seen: 0	prob: [0.9812942743301392, 0.01870570331811905]	it adored working for the hitch hike ##r s guide to the galaxy , it just wished there was some way of keeping all the hitch - hike ##rs away .
right_seen: 0	prob: [0.9917502999305725, 0.008249722421169281]	that goes for your grandson mustafa too , by the way .
right_seen: 1	prob: [0.0007562815444543958, 0.9992437362670898]	a boy wearing a hat and sitting on a wall looks over at a group of people standing by the riverside .
right_seen: 0	prob: [0.9920910596847534, 0.007908949628472328]	love - ins , rave ##s , gatherings where society is put on hold and humans open themselves to emotion : that is where entities from this world tend to go when they cross over , and that is where rachel met someone from this world .
right_seen: 0	prob: [0.9919454455375671, 0.008054481819272041]	certainly , moore is one of the most talented filmmakers in the united states today , and his film fully deserved its oscar .
right_seen: 0	prob: [0.978132963180542, 0.021867066621780396]	the nr ##a was fully aware of the scandal it would cause through its rally and decided to push on because they believed to have enough media support to successfully do so .
right_seen: 0	prob: [0.9914394617080688, 0.008560544811189175]	one would think that this unnecessary waste of energy could easily be ob ##via ##ted , for night heron ##s are fundamentally able to recognize fellow members of their species .
right_seen: 1	prob: [0.0029275137931108475, 0.9970724582672119]	seeing a fire truck out in this weather is not a good sign .
right_seen: 1	prob: [0.0006309451418928802, 0.9993690848350525]	a young man is holding a pizza on a cooking sheet .
right_seen: 1	prob: [0.0007953872554935515, 0.9992045760154724]	put in lo ##lli ##pop ##s in each square
right_seen: 1	prob: [0.0009248850401490927, 0.9990750551223755]	" well we did n ' t , we come back well yo we did n ' t come back till december ! , "
right_seen: 1	prob: [0.000809002376627177, 0.9991909861564636]	we attended a great little get together camping trip for land rover owners !
right_seen: 1	prob: [0.0006429866189137101, 0.9993570446968079]	a smiling little boy jumps up to a toy basketball hoop .
right_seen: 1	prob: [0.0028443713672459126, 0.9971556663513184]	" he was very consider ##ate like that and he taught us girls a thing or two we lived to be grateful for later on , i can tell you . "
right_seen: 1	prob: [0.0012965543428435922, 0.9987034797668457]	mu ##ssel ##s are some of the best in the world
right_seen: 1	prob: [0.0009228648850694299, 0.9990770816802979]	" once the spin ##ach mix has cooled a bit , add sun dried tomatoes , olive ##s , pine nuts and fe ##ta cheese to the spin ##ach mix and stir to combine . "
right_seen: 1	prob: [0.0006569923716597259, 0.9993429780006409]	a gi ##raf ##fe is standing in front of a trough .
right_seen: 1	prob: [0.0009441461879760027, 0.999055802822113]	" then what happened afterwards : she panic ##s , everyone says . , "
right_seen: 1	prob: [0.018496334552764893, 0.9815037250518799]	" he was that smart , viola , he would never have fallen for your little game . "
right_seen: 1	prob: [0.0016514944145455956, 0.9983484745025635]	pay cash for christmas : simple ways to earn $ 500 by christmas day . , i
right_seen: 1	prob: [0.01490321196615696, 0.9850967526435852]	all you ' ve ever wanted to know about pal ##let wood
right_seen: 1	prob: [0.0013587671564891934, 0.9986411929130554]	" to make your water ##mel ##on slice ##r , you will need : 4 feet of pv ##c pipe ( i used 1 1 / 4 inch , but other thickness ##es may work as well ) 4 right angle elbow pieces ##rou ##gh ##ly 8 feet of thin metal wire ##a pair of needle nose pl ##iers ##a power drill ##a hack ##sa ##w "
right_seen: 0	prob: [0.9926407933235168, 0.007359141483902931]	the thing tending the cart reminded me of the cater ##pi ##llar from alice in wonderland : it had the same opium - dream wise man quality id always given the cater ##pi ##llar .
right_seen: 0	prob: [0.9910125136375427, 0.008987423963844776]	this is naive to the extreme - - he ##ston would not be president of the nr ##a if he was not kept up to date on the most prominent cases of gun violence .
right_seen: 0	prob: [0.9865587949752808, 0.013441191986203194]	it was time to find out what hell looked like .
right_seen: 0	prob: [0.98825603723526, 0.01174395252019167]	according to the la times , the documentary genre " owes a huge debt to michael moore " - - after bowling ' s success , films like " spell ##bound " and " capturing the friedman ##s " were taken seriously and shown in many more theatres than otherwise likely .
right_seen: 1	prob: [0.000706112536136061, 0.9992939233779907]	a man is romantic ##ally kissing a woman on a park path .
right_seen: 0	prob: [0.986647367477417, 0.01335259061306715]	b ) why should moore leave the words " clinton is on the today show " visible in the text , which is necessary to correctly interpret the highlighted part ?
right_seen: 1	prob: [0.0007027973188087344, 0.9992971420288086]	a zebra is standing out in a field
right_seen: 1	prob: [0.001062037656083703, 0.9989380240440369]	they are very excited for the upcoming festivities .
right_seen: 1	prob: [0.0007676825625821948, 0.999232292175293]	two women are walking through an urban setting with camping equipment .
right_seen: 1	prob: [0.00102872250135988, 0.9989713430404663]	once the hamburger is browne ##d and broken up . add 1 / 3 cup dice ##d onions 1 / 4 cup dice ##d ce ##ler ##y and continue cooking until done
right_seen: 0	prob: [0.9870375394821167, 0.012962446548044682]	i do n ' t know much , ” she said , still annoyed but at least cooperative .
right_seen: 0	prob: [0.9062824845314026, 0.09371747821569443]	that was all .
right_seen: 1	prob: [0.0018864726880565286, 0.9981135129928589]	" the obsession , of current management , with measurement and the reduction of every variable to numbers for ease of computer manipulation has worsened the situation . "
right_seen: 1	prob: [0.0006614348385483027, 0.9993385672569275]	a man is sitting on his black motorcycle .
right_seen: 0	prob: [0.9852815270423889, 0.014718528836965561]	arthur sipped his , and was surprised to discover it tasted very like a whisky and soda .
right_seen: 1	prob: [0.0007338640280067921, 0.9992660880088806]	two women are kissing in the street as someone stands next to them staring at the ground .
right_seen: 0	prob: [0.9849373698234558, 0.015062607824802399]	if there is any boon that you would have us do in return , we would be glad to do it . ” he continued to lie in place , still breathing heavily .
right_seen: 1	prob: [0.002967734821140766, 0.9970322847366333]	very tiny organisms made up of a small number of cells they can have characteristics similar to plants or animals
right_seen: 1	prob: [0.002050975803285837, 0.9979490637779236]	who ' s the boy that can laugh at a storm cloud ? that ' s me person !
right_seen: 0	prob: [0.987301230430603, 0.012698723934590816]	they parted like two men who did not have much to say to each other , for each was too preoccupied and weighed down by his own worries .
right_seen: 1	prob: [0.0009342982666566968, 0.9990656971931458]	" finally you pour 20 ##ml of coffee onto the chip ##ped ice and yo ##gur ##t mixture . in the summer , vietnamese people often drink this kind of drink . enjoy the great taste . "
right_seen: 1	prob: [0.0006913059623911977, 0.999308705329895]	" playing in the park , taken by person . " , e , error , , noun phrase or adjective phrase syntax ,
right_seen: 1	prob: [0.0009340294636785984, 0.9990659356117249]	van set drawing style - this is why i love his work . , x ##d , state
right_seen: 0	prob: [0.993156373500824, 0.006843599025160074]	gi ##de , whose own journal overlap ##s for many years with ren ##ard s , complained ( perhaps rival ##rous ##ly ) that the latter s was ‘ not a river but a distillery ; that ' s what he had sur ##mise ##d , but hearing her say it lent this moment , this day , even more significance . "
right_seen: 0	prob: [0.9922842383384705, 0.007715758867561817]	black monday and the crash of the steel industry ##the announcement of the closing of the mills in 1977 was the beginning of a downward spiral , which would send thee ##nti ##re valley into chaos and ruin .
right_seen: 1	prob: [0.0008733738795854151, 0.9991266131401062]	" break up the cooked bacon into bits and sp ##rin ##kle them onto tor ##till ##a and let ##tu ##ce . then sp ##rin ##kle on the cut up tomatoes . if you want to add the mayo , add it on top of the tomato bits . "
right_seen: 1	prob: [0.0019712329376488924, 0.9980286955833435]	" then he walked around the little living - room , cr ##ad ##ling the mug in his hands , and thinking . "
right_seen: 1	prob: [0.003875354304909706, 0.9961246848106384]	" he paused , seeming to survey the landscape of his relationship with the mach ##ins . "
right_seen: 1	prob: [0.0007722069858573377, 0.99922776222229]	a cloud - seed ##ing plane flies over mughal structure .
right_seen: 1	prob: [0.001638395944610238, 0.9983616471290588]	the water is pumped and filtered .
right_seen: 1	prob: [0.004183730110526085, 0.9958162903785706]	" proper little rogue and va ##ga ##bon ##d , was our walter . "
right_seen: 1	prob: [0.001027941587381065, 0.9989720582962036]	village has recently converted to shared space where pedestrians and vehicles share the same
right_seen: 1	prob: [0.0006616958416998386, 0.9993383288383484]	a baby lamb is sitting in the grass next an adult sheep .
right_seen: 1	prob: [0.0007730625802651048, 0.9992269277572632]	a man in a leather jacket and cowboy hat holds his hand out on the street .
right_seen: 0	prob: [0.9892640709877014, 0.010735963471233845]	anyway , this is the dance floor , man .
right_seen: 0	prob: [0.6026797890663147, 0.3973201811313629]	you believe in something !
right_seen: 1	prob: [0.0010207014856860042, 0.9989792704582214]	" a child grimace ##s for a photo , teeth bared , while eating a blue , heart - shaped lo ##lli ##pop . "
right_seen: 1	prob: [0.0006330484757199883, 0.9993669390678406]	a small cat is sitting on top of a suite case .
right_seen: 1	prob: [0.001776072895154357, 0.9982239603996277]	" he sat up in bed , stu ##bbed his cigarette out , and put his arms around his knees in thought . "
right_seen: 1	prob: [0.0009913500398397446, 0.9990087151527405]	line two baking pan ##s with foil . this is only optional if you like to wash pan ##s that have been totally fra ##cked up by molten sugar ##y rock .
right_seen: 1	prob: [0.0033991069067269564, 0.9966009259223938]	i finish about ten to one .
right_seen: 0	prob: [0.990403413772583, 0.009596581570804119]	captain ' s co ##hort , she had a glass of orange - brown liquid in one hand ; it might have been orange juice and some kind of berry liquor .
right_seen: 0	prob: [0.9900020360946655, 0.009997931309044361]	he ran down a hallway and slipped behind one of the doors , but ne ##pt ##hy ##s was close behind him and left it open for me .
right_seen: 1	prob: [0.0013065109960734844, 0.9986935257911682]	the witness was driving northbound along route when the object was first seen .
right_seen: 0	prob: [0.989281415939331, 0.01071856077760458]	his female colleagues often rib ##bed him that his collection of museum - quality artifacts was nothing more than a transparent attempt to fill an empty home , a home they insisted would benefit greatly from the presence of a woman .
right_seen: 1	prob: [0.27525052428245544, 0.7247494459152222]	let ' s have a feel ?
right_seen: 0	prob: [0.9903276562690735, 0.009672321379184723]	ma ##hon ##ing county was a one - industry area , and the people of young ##stown , st ##rut ##hers , campbell , board ##man township , and the numerous other small towns and villages in the area only had one main employer : the steel mills .
right_seen: 1	prob: [0.000733311811927706, 0.9992666840553284]	one of big pumpkin fell down .
right_seen: 0	prob: [0.9904357194900513, 0.009564358741044998]	returning home , the field chaplain became convinced that nothing could save sv ##ej ##k , that it was fore ##ord ##aine ##d that he serve lieutenant lukas .
right_seen: 1	prob: [0.000626642256975174, 0.9993733763694763]	a surfer is taking the downhill slide on green water .
right_seen: 0	prob: [0.9879173636436462, 0.0120826605707407]	i guess we all figured , he knew what he was doing .
right_seen: 1	prob: [0.0008837284985929728, 0.9991162419319153]	actor attends the premiere of historical drama film .
right_seen: 1	prob: [0.0007704198360443115, 0.9992295503616333]	a group of formally dressed coe ##ds are dancing in a colorful ##ly lit room .
right_seen: 1	prob: [0.0006499849841929972, 0.9993500113487244]	a man on a field is holding a baseball bat .
right_seen: 0	prob: [0.9858107566833496, 0.014189163222908974]	za ##ph ##od stared at him as if he expected a cuckoo to leap out of his forehead on a small spring .
right_seen: 1	prob: [0.0007018452160991728, 0.999298095703125]	a tall gi ##raf ##fe is standing by some palm trees .
right_seen: 1	prob: [0.0006507891812361777, 0.9993491768836975]	a man is sitting on a couch using a laptop .
right_seen: 0	prob: [0.9923731684684753, 0.007626812439411879]	it seemed like tonight ##s darkness was small and personal , cupped hands offering a place for two , not the burning , open darkness of a rave .
right_seen: 1	prob: [0.0006567679811269045, 0.99934321641922]	a bird sits on the edge of the water .
right_seen: 0	prob: [0.9649232029914856, 0.03507685288786888]	you write : " fact : the little boy was the class thug , already suspended from school for stabbing another kid with a pencil , and had fought with kayla the day before " .
right_seen: 0	prob: [0.9919393658638, 0.008060661144554615]	as the balkans flared to war once again , greek nationalism has stirred , and there have been discussions in the ka ##fen ##ei ##on about the land of macedonia returning to the fold of its fore ##fat ##hers .
right_seen: 0	prob: [0.9863104820251465, 0.013689503073692322]	no , he said that his research was purely academic , not for hunters . ” bum ##mer .
right_seen: 0	prob: [0.9924547672271729, 0.007545155007392168]	everything to fade away , lost as dust and scattered atoms between the stars , and every one of us to be left as alone as the moment we were born .
right_seen: 0	prob: [0.984142005443573, 0.015858029946684837]	19th - century aspirations at the same time , many jews sought religious freedom and fulfillment by moving to palestine ( as the holy land was traditionally called ) and especially to jerusalem .
right_seen: 0	prob: [0.9905411601066589, 0.009458874352276325]	she had studied psychology for a while in gr ##ad school , but now holds the view that psychologists are going about understanding the mind and understanding the know ##er and what knowing is the wrong way .
right_seen: 0	prob: [0.9791805148124695, 0.020819464698433876]	souls no ##uri ##sh it . . . lying in bed with his atlas , he mapped a trail through the southwest .
right_seen: 1	prob: [0.0015133093111217022, 0.9984866380691528]	" the chain can be used like any other chain ( but without the same breaking strength ) . they are cheap , easy , and look really cool "
right_seen: 0	prob: [0.9922766089439392, 0.0077233705669641495]	the ottomans brought new influences to the islands that they controlled , forming a large empire that stretched around the eastern mediterranean .
right_seen: 1	prob: [0.0022840851452201605, 0.997715950012207]	" it en ##vis ##ages replacing the bull ring development with a vast new shopping complex , almost free from the graffiti - sprayed subway ##s that have characterised central birmingham since the mid - sixties . , "
right_seen: 1	prob: [0.002421647310256958, 0.9975783228874207]	my band ##mates and i were so excited .
right_seen: 1	prob: [0.0018799047684296966, 0.998120129108429]	a company of angels follows us wherever we go .
right_seen: 0	prob: [0.9903049468994141, 0.009695016779005527]	it was not an attractive face right now ; her ebony eyes shadowed by hours on the watch , full lips pursed with frustration .
right_seen: 1	prob: [0.000806968251708895, 0.999193012714386]	a dog is sitting on a couch in a motor home
right_seen: 0	prob: [0.9578981399536133, 0.04210188239812851]	the way it functioned was very interesting .
right_seen: 1	prob: [0.0006601475761272013, 0.9993398785591125]	a bearded man is wearing a blue shirt and orange tie
right_seen: 0	prob: [0.7983054518699646, 0.2016945332288742]	it looked like we were in the back of a nightclub .
right_seen: 0	prob: [0.9807732105255127, 0.019226830452680588]	a couple people staying in their rooms , even if you switch out the people , wo n ' t make a difference . ” he dropped the pe ##cans back into the dish , one by one .
right_seen: 0	prob: [0.9851086735725403, 0.014891359023749828]	i don ##t want my customers think ##in that anything ##s wrong , you know ? ” of course .
right_seen: 1	prob: [0.0008016836945898831, 0.9991983771324158]	his parents were so happy ; even though his dad still could n ' t seem to smile for the camera .
right_seen: 1	prob: [0.010643082670867443, 0.9893569350242615]	" but seeing a look of sympathy , she replied : yes , that ' s right . "
right_seen: 1	prob: [0.0008578870911151171, 0.999142050743103]	" into a bowl pour 1 / 2 cup of boiling water and 1 / 2 cup of cold water ##ad ##d 1 ts ##p of sugar to the water and stir add 1 tbs ##p of yeast to the water , stir and leave for 10 minutes ( a fr ##oth should develop on the surface of the water ) "394 out of 409
Testing unseen
Accuracy: 0.78
Confusion matrix:
              precision    recall  f1-score   support

           0       1.00      0.30      0.46        20
           1       0.59      1.00      0.74        20

   micro avg       0.65      0.65      0.65        40
   macro avg       0.79      0.65      0.60        40
weighted avg       0.79      0.65      0.60        40


Wrong predictions:
wrong_unseen: 1	prob: [0.028216680511832237, 0.9717833995819092]	i do n ' t believe the news .
wrong_unseen: 1	prob: [0.0010308055207133293, 0.9989691972732544]	bread consists of flour , water and yeast .
wrong_unseen: 1	prob: [0.0009581142221577466, 0.9990418553352356]	this box contains a cake .
wrong_unseen: 1	prob: [0.07827534526586533, 0.9217246770858765]	i have disliked mushrooms for years .
wrong_unseen: 1	prob: [0.10922170430421829, 0.8907783031463623]	this shirt fits me well .
wrong_unseen: 1	prob: [0.004385999403893948, 0.9956139326095581]	julie ' s always hated dogs .
wrong_unseen: 1	prob: [0.0009609565022401512, 0.9990390539169312]	do you hear music ?
wrong_unseen: 1	prob: [0.001051232684403658, 0.9989487528800964]	this cook ##book includes a recipe for bread .
wrong_unseen: 1	prob: [0.45005401968955994, 0.5499460101127625]	i ' ve known julie for ten years .
wrong_unseen: 1	prob: [0.0014924845891073346, 0.9985074400901794]	i like reading detective stories .
wrong_unseen: 1	prob: [0.0017120731063187122, 0.9982878565788269]	i love chocolate .
wrong_unseen: 1	prob: [0.0008763602818362415, 0.9991236329078674]	i prefer chocolate ice cream .
wrong_unseen: 1	prob: [0.09476009011268616, 0.9052398800849915]	your idea sounds great .
wrong_unseen: 1	prob: [0.02224721945822239, 0.9777527451515198]	i suppose john will be late .14 out of 40

Right predictions:
right_unseen: 0	prob: [0.9750774502754211, 0.024922499433159828]	she did n ' t agree with us .
right_unseen: 0	prob: [0.977165937423706, 0.022834032773971558]	i disagree with you .
right_unseen: 0	prob: [0.9812209606170654, 0.018779007717967033]	i did n ' t realise the problem .
right_unseen: 0	prob: [0.949982225894928, 0.05001780763268471]	i did n ' t recognise my old friend .
right_unseen: 0	prob: [0.9717488288879395, 0.02825124002993107]	he did n ' t remember my name .
right_unseen: 0	prob: [0.9771904945373535, 0.022809505462646484]	the noise surprised me .
right_unseen: 1	prob: [0.0009550291579216719, 0.9990449547767639]	she plays tennis every friday .
right_unseen: 1	prob: [0.0011679059825837612, 0.9988320469856262]	she ' s playing tennis right now .
right_unseen: 1	prob: [0.003483639331534505, 0.9965163469314575]	the snow melt ##s every spring .
right_unseen: 1	prob: [0.0027231781277805567, 0.9972768425941467]	the snow is melting right now .
right_unseen: 1	prob: [0.0007213149219751358, 0.999278724193573]	the boxer hits his opponent .
right_unseen: 1	prob: [0.0006730061140842736, 0.9993270635604858]	the boxer is hitting his opponent .
right_unseen: 1	prob: [0.0013672809582203627, 0.9986327290534973]	they ate their dinner in silence .
right_unseen: 1	prob: [0.0016888742102310061, 0.9983111619949341]	i walked past the barn .
right_unseen: 1	prob: [0.0010096345795318484, 0.9989903569221497]	we learned to make pasta .
right_unseen: 1	prob: [0.0009482752066105604, 0.9990517497062683]	he grew potatoes in his farm .
right_unseen: 1	prob: [0.0018322408432140946, 0.9981677532196045]	i slept all morning .
right_unseen: 1	prob: [0.0012161516351625323, 0.9987838864326477]	we talked for hours on our trips .
right_unseen: 1	prob: [0.0018221092177554965, 0.9981778860092163]	i will write you a letter tomorrow .
right_unseen: 1	prob: [0.001101765432395041, 0.9988982677459717]	she runs ten kilometers a day .
right_unseen: 1	prob: [0.0006725140265189111, 0.999327540397644]	he read a fairy ##tale to his kids .
right_unseen: 1	prob: [0.0009856953984126449, 0.9990142583847046]	the boy kicked the ball hard .
right_unseen: 1	prob: [0.0027409836184233427, 0.9972590208053589]	we will go soon .
right_unseen: 1	prob: [0.0018222983926534653, 0.9981777667999268]	he screamed for help .
right_unseen: 1	prob: [0.0010457539465278387, 0.998954176902771]	the dogs bark all night .
right_unseen: 1	prob: [0.009275153279304504, 0.9907248616218567]	she closed the door .26 out of 40