
Uses verb segment ids: yes
Model: bert-base-cased
Model type: bert
Train set: 3267
Validation set: 408
Test set: 409
bert.encoder.layer.0.attention.self.query.weight          (768, 768)
bert.encoder.layer.0.attention.self.query.bias                (768,)
bert.encoder.layer.0.attention.self.key.weight            (768, 768)
bert.encoder.layer.0.attention.self.key.bias                  (768,)
bert.encoder.layer.0.attention.self.value.weight          (768, 768)
bert.encoder.layer.0.attention.self.value.bias                (768,)
bert.encoder.layer.0.attention.output.dense.weight        (768, 768)
bert.encoder.layer.0.attention.output.dense.bias              (768,)
bert.encoder.layer.0.attention.output.LayerNorm.weight        (768,)
bert.encoder.layer.0.attention.output.LayerNorm.bias          (768,)
bert.encoder.layer.0.intermediate.dense.weight           (3072, 768)
bert.encoder.layer.0.intermediate.dense.bias                 (3072,)
bert.encoder.layer.0.output.dense.weight                 (768, 3072)
bert.encoder.layer.0.output.dense.bias                        (768,)
bert.encoder.layer.0.output.LayerNorm.weight                  (768,)
bert.encoder.layer.0.output.LayerNorm.bias                    (768,)
	======== Epoch 1 / 4 ========
Training...
	Batch    40	of	  103.		Elapsed: 0:05:15.
	Batch    80	of	  103.		Elapsed: 0:10:28.
	Average training loss: 0.31
	Training epoch took: 0:13:21
	Running Validation...
	Accuracy: 0.94
	Validation took: 0:00:31
	Confusion matrix:
              precision    recall  f1-score   support

           0       0.91      0.97      0.94       186
           1       0.97      0.92      0.95       222

   micro avg       0.94      0.94      0.94       408
   macro avg       0.94      0.95      0.94       408
weighted avg       0.95      0.94      0.94       408

	======== Epoch 2 / 4 ========
Training...
	Batch    40	of	  103.		Elapsed: 0:05:13.
	Batch    80	of	  103.		Elapsed: 0:10:26.
	Average training loss: 0.10
	Training epoch took: 0:13:19
	Running Validation...
	Accuracy: 0.94
	Validation took: 0:00:31
	Confusion matrix:
              precision    recall  f1-score   support

           0       0.90      0.97      0.93       186
           1       0.98      0.91      0.94       222

   micro avg       0.94      0.94      0.94       408
   macro avg       0.94      0.94      0.94       408
weighted avg       0.94      0.94      0.94       408

	======== Epoch 3 / 4 ========
Training...
	Batch    40	of	  103.		Elapsed: 0:05:13.
	Batch    80	of	  103.		Elapsed: 0:10:25.
	Average training loss: 0.05
	Training epoch took: 0:13:17
	Running Validation...
	Accuracy: 0.95
	Validation took: 0:00:31
	Confusion matrix:
              precision    recall  f1-score   support

           0       0.93      0.97      0.95       186
           1       0.97      0.94      0.95       222

   micro avg       0.95      0.95      0.95       408
   macro avg       0.95      0.95      0.95       408
weighted avg       0.95      0.95      0.95       408

	======== Epoch 4 / 4 ========
Training...
	Batch    40	of	  103.		Elapsed: 0:05:12.
	Batch    80	of	  103.		Elapsed: 0:10:24.
	Average training loss: 0.03
	Training epoch took: 0:13:16
	Running Validation...
	Accuracy: 0.95
	Validation took: 0:00:31
	Confusion matrix:
              precision    recall  f1-score   support

           0       0.93      0.97      0.95       186
           1       0.97      0.94      0.95       222

   micro avg       0.95      0.95      0.95       408
   macro avg       0.95      0.95      0.95       408
weighted avg       0.95      0.95      0.95       408

Testing on Seen:
Accuracy: 0.96
Confusion matrix:
              precision    recall  f1-score   support

           0       0.97      0.96      0.96       186
           1       0.96      0.97      0.97       223

   micro avg       0.97      0.97      0.97       409
   macro avg       0.97      0.97      0.97       409
weighted avg       0.97      0.97      0.97       409


Wrong predictions:
wrong_seen: 0	prob: [0.9957082271575928, 0.0042917970567941666]	This band is currently contracting even further in European societies .
wrong_seen: 0	prob: [0.9471276998519897, 0.05287227779626846]	My daughter loves the flaming ##os .
wrong_seen: 1	prob: [0.004941733554005623, 0.9950582981109619]	The safety of the crew is absolutely assured .
wrong_seen: 0	prob: [0.9786600470542908, 0.02133994735777378]	The black door opened as we came up to it , and a pale man opened the door .
wrong_seen: 1	prob: [0.28523868322372437, 0.7147613167762756]	Arthur was sitting on a high rock watching the thunder ##ing sea smash ##ing itself against the c ##rag ##gy pro ##mont ##ories .
wrong_seen: 0	prob: [0.9909864068031311, 0.009013607166707516]	Miss Ben ##net was therefore established as a sweet girl , and their brother felt authorised by such com ##men ##dation to think of her as he ch ##use .
wrong_seen: 1	prob: [0.12674160301685333, 0.8732584714889526]	We were all quiet for a moment .
wrong_seen: 0	prob: [0.8252630233764648, 0.17473699152469635]	She struggled to her feet to see him to the door .
wrong_seen: 0	prob: [0.995740532875061, 0.0042595029808580875]	You do n ' t notice , do you . ” Sarah looked in ##di ##gnant .
wrong_seen: 1	prob: [0.2273038625717163, 0.7726961374282837]	This whole house re ##ek ##s of those god ##aw ##ful on ##ion sandwiches he brings from home .
wrong_seen: 1	prob: [0.13753962516784668, 0.8624603748321533]	Medical AI were even more expensive than the bark ##eep .
wrong_seen: 1	prob: [0.004705081693828106, 0.9952948689460754]	You believe in something !
wrong_seen: 1	prob: [0.3235946595668793, 0.6764054298400879]	The way it functioned was very interesting .
wrong_seen: 1	prob: [0.08533935993909836, 0.914660632610321]	It looked like we were in the back of a nightclub .14 out of 409

Right predictions:
right_seen: 1	prob: [0.0010743077145889401, 0.9989256262779236]	" Three boys , one in red , two in blue , play soccer . "
right_seen: 1	prob: [0.0009660328505560756, 0.9990339279174805]	A woman is smiling while speaking and shaking hands with a man in a board room .
right_seen: 0	prob: [0.9963992834091187, 0.0036007054150104523]	I intend to discuss it in more depth later , so stay tuned .
right_seen: 0	prob: [0.9903068542480469, 0.009693140164017677]	What is true is that Bowling for Col ##um ##bine is a diamond in the small world of big screen documentaries , one that shine ##s brightly and ill ##umi ##nate ##s an often mi ##sun ##ders ##to ##od aspect of American culture .
right_seen: 0	prob: [0.9953497052192688, 0.00465032272040844]	You ' ve asked nothing that per ##tains to the First Law . "
right_seen: 1	prob: [0.0021437632385641336, 0.9978561997413635]	tree ##house is a - story residential building clad in metal panels that fit into its wooded context .
right_seen: 1	prob: [0.0009600537596270442, 0.9990399479866028]	A man is riding the wave while surf ##boarding .
right_seen: 0	prob: [0.9940497875213623, 0.0059502143412828445]	This is perhaps the criticism repeated the most often , and it also the most in ##ac ##curate .
right_seen: 0	prob: [0.971513032913208, 0.028486941009759903]	Ray , a p ##lump man who was grey where he was n ' t bald .
right_seen: 0	prob: [0.9906188249588013, 0.009381200186908245]	The girl is … surprising , ” he concluded .
right_seen: 1	prob: [0.0009761397377587855, 0.9990239143371582]	The dog walks through the water .
right_seen: 0	prob: [0.9920608997344971, 0.007939120754599571]	Or so I imagine I m told .
right_seen: 1	prob: [0.0010507131228223443, 0.9989493489265442]	" Now add the rice ##T ##hen ##B ##ring it to a b ##oil and allow to si ##mmer for 15 minutes ##T ##ip : Watch carefully , the water can e ##va ##por ##ate causing the rice stick to the pan and burning . F ##IN ##AL ##L ##Y ##S ##ti ##r in the frozen p ##eas and sea ##food ( optional ) and cook for a further five minutes ##Y ##O ##UR D ##ON ##E "
right_seen: 1	prob: [0.0012607458047568798, 0.9987393021583557]	" image may contain : person , on stage , playing a musical instrument and outdoor "
right_seen: 0	prob: [0.9852275848388672, 0.014772424474358559]	Do our laws con ##ni ##ve at them ?
right_seen: 0	prob: [0.9964300990104675, 0.0035699682775884867]	Any crew member that would j ##eo ##pard ##ize the project was meat .
right_seen: 0	prob: [0.991810142993927, 0.008189823478460312]	F ##act : If , before all the air is sucked out of the ship , a person is so lucky to have stuffed him or herself into a space suit , that person has less than twenty - four hours to live .
right_seen: 1	prob: [0.0014140959829092026, 0.9985859394073486]	The third step is to grab the piece of bread and spread the p ##eanut butter onto the bread .
right_seen: 1	prob: [0.0012841981370002031, 0.998715877532959]	A little got ##h makeup ; and a pretty dress start the transformation .
right_seen: 0	prob: [0.9934433698654175, 0.006556610576808453]	All seemed pleased with the performance and anxious for another of the same sort .
right_seen: 1	prob: [0.0011687842197716236, 0.9988312125205994]	" It ' s , it ' s a bit silly is could have done some damage to your eye . , "
right_seen: 0	prob: [0.9965522289276123, 0.0034477252047508955]	After a moment , Ray said , I do n ' t think so . ” Are there patterns ? ” Ad ##rien ##ne asked .
right_seen: 1	prob: [0.009015413001179695, 0.9909845590591431]	We were very close .
right_seen: 0	prob: [0.9953693747520447, 0.004630641080439091]	There is nothing in ##ac ##curate whatsoever about the bank scene .
right_seen: 0	prob: [0.9959624409675598, 0.004037567414343357]	You believe the other medicine may have just as much value , but in other situations , not this one .
right_seen: 1	prob: [0.0009861866710707545, 0.9990137815475464]	" Fi ##ll 30 cup ##cake tin ##s with batter , 3 / 4 full . Ba ##ke in oven for about 17 minutes or until a tooth ##pic ##k inserted comes out clean . Cool in pan ##s for about ten minutes then finish cooling on cooling rack . "
right_seen: 1	prob: [0.0010907389223575592, 0.9989092350006104]	A young baseball player is wearing full catcher ##s gear .
right_seen: 0	prob: [0.9901768565177917, 0.00982316117733717]	Sitting before the ban which was falling into dissolution before his eyes , he replied to all those who tried to di ##ss ##uad ##e him or pit ##ied him : On a rise , behind the crowd which was completely absorbed in the scene before it , he was able to watch un ##ob ##serve ##d and to see clearly victims , execution ##ers and spectators .
right_seen: 1	prob: [0.0016147377900779247, 0.9983853101730347]	" But the surprise came at the end . , , "
right_seen: 1	prob: [0.001019263407215476, 0.998980700969696]	A man in a blue shirt emerges from a doorway .
right_seen: 1	prob: [0.0009100621682591736, 0.9990899562835693]	happy little girl learns how to ride a bike in the park .
right_seen: 0	prob: [0.9936702251434326, 0.006329797673970461]	Sound travels as a mechanical wave through a medium , and in space , there is no medium .
right_seen: 1	prob: [0.0010101060615852475, 0.9989898800849915]	Four women covered in tattoos are holding small flags .
right_seen: 0	prob: [0.9948846697807312, 0.005115330684930086]	This is the key message of this part of the animation , which is again being ignored by its critics .
right_seen: 0	prob: [0.9966784715652466, 0.003321561263874173]	Do you want to be stuck here for the rest of your life ? ” Sarah did n ' t reply .
right_seen: 1	prob: [0.004152667708694935, 0.9958474040031433]	The park looks pretty covered in snow .
right_seen: 0	prob: [0.9818897247314453, 0.01811029203236103]	After they lost Jerusalem , a Mongol invasion swept through , and in 124 ##4 the Ma ##mel ##uke dynasty of Egypt took control , ruling Jerusalem for the next 250 years .
right_seen: 0	prob: [0.9961379170417786, 0.003862058976665139]	It all stems from the fact that there is no Sultan Se ##lim any more .
right_seen: 1	prob: [0.0010240684496238828, 0.9989759922027588]	" head up and , when you get to the first landing , there ' s this interesting room to the right . "
right_seen: 1	prob: [0.0017477241344749928, 0.9982522130012512]	" With a roller , you flat ##ten the dough to give it a circular form . And with a stick , you make little holes to let the dough breath . "
right_seen: 1	prob: [0.0011171528603881598, 0.9988828301429749]	method introduces a dish and hand soap in a bottle made from plastic debris washed up on beaches .
right_seen: 1	prob: [0.0010513829765841365, 0.9989486336708069]	fashion ##s on the en ##tra ##nts take to the stage .
right_seen: 1	prob: [0.0015824836445972323, 0.9984174966812134]	Make yourself a delicious looking o ##mel ##ette . I put a little milk into my egg batter and w ##his ##ked till it was flu ##ffy
right_seen: 1	prob: [0.001058297697454691, 0.9989417195320129]	Cho ##p 4 c ##love ##s of garlic and a piece of g ##inger in the food processor and add it to the pan .
right_seen: 0	prob: [0.9926314353942871, 0.007368527818471193]	As Moore correctly points out , it is bizarre for a society to openly embrace the production of destructive weapons , but on the other hand see no connection of this to everyday violence - - children learn by im ##itating adults .
right_seen: 1	prob: [0.0010659999679774046, 0.9989339709281921]	give farm equipment time to find a place to pull over on narrow roads so you can pass . , i
right_seen: 1	prob: [0.0013856487348675728, 0.9986143112182617]	A clock structure is standing in a town .
right_seen: 1	prob: [0.0021867246832698584, 0.9978132247924805]	The score ##board could be clearly seen .
right_seen: 1	prob: [0.08108893781900406, 0.9189110994338989]	Greg saw Bill C ##lough blink agitated ##ly and look sharply at his wife .
right_seen: 1	prob: [0.0008814104367047548, 0.9991186261177063]	A group of men and women are dancing at a house party .
right_seen: 0	prob: [0.993970513343811, 0.006029468961060047]	God , the vertical game , intersects with Death , the horizontal one , making up the biggest puzzle of all .
right_seen: 1	prob: [0.0009104346390813589, 0.9990895986557007]	hard rock artist and actor attend their wedding held
right_seen: 1	prob: [0.0014125865418463945, 0.9985874891281128]	" All that water has been reduced . We ' re nearly there , but now we need to pay more close attention to avoid getting the salt stuck to the bottom of the pan . It ' s just a question of heating and stirring . . . "
right_seen: 0	prob: [0.9914466142654419, 0.00855342485010624]	And never shut your eyes , ' R ##oo ##ie always ad ##mon ##ished the new girls .
right_seen: 0	prob: [0.9908367395401001, 0.00916321761906147]	But . . . well , no one important ever disappears , so it does n ' t really matter , does it . ” I could tell she was trying to remember whom she had known who had left , and failing .
right_seen: 1	prob: [0.0009858721168711782, 0.999014139175415]	" Ad ##d the egg , then the o ##ats , milk , and van ##illa extract and beat together until well blended . "
right_seen: 1	prob: [0.21457035839557648, 0.7854295969009399]	En ##joy ! It w ##o n ' t last long . ( Let us know your thoughts if you made it )
right_seen: 0	prob: [0.9957406520843506, 0.004259312525391579]	It was a stupid dog , could not even read an auto ##cue , which way why some people had protested about its name , but it should at least have been able to recognize Arthur instead of standing there , ha ##ckle ##s raised , as if Arthur was the most fearful app ##ari ##tion ever to in ##tr ##ude upon its fee ##ble - wit ##ted life .
right_seen: 0	prob: [0.996335506439209, 0.0036645233631134033]	I thought that I could feel a slight it ##ching .
right_seen: 0	prob: [0.9952552318572998, 0.004744817037135363]	Its face was small and wrinkled , with penny - sized smoked glasses balanced on its thin nose .
right_seen: 0	prob: [0.9931585192680359, 0.006841551978141069]	Petit ##ions , protests , rallies , collect ##iv ##ization , and even the takeover of a steel company ##s headquarters were all attempted in a desperate movement by those in the industry to preserve the only source of employment that this town had .
right_seen: 1	prob: [0.0011045333230867982, 0.9988954067230225]	As ##sor ##ted items sit on a desk next to a laptop computer .
right_seen: 0	prob: [0.9845054745674133, 0.015494517050683498]	Jerusalem ##s physical existence as a spiritual city seemed finished , but its spiritual power for Jews , and for the struggling new Christian religion , remained .
right_seen: 0	prob: [0.9942899942398071, 0.005710023920983076]	It is the typical right - wing reaction which looks for simple answers that do not con ##tra ##dict the Republican minds ##et .
right_seen: 1	prob: [0.002067062770947814, 0.9979329109191895]	I drove by and saw a truck pulled over on the highway .
right_seen: 1	prob: [0.0032155103981494904, 0.9967844486236572]	I just put it underneath .
right_seen: 0	prob: [0.9769412875175476, 0.02305872179567814]	Jesus ##s entry into the Temple caused a commotion ; after the Pass ##over dinner he was arrested by the temple priests , who were under direct Roman rule .
right_seen: 1	prob: [0.0009425171883776784, 0.9990574717521667]	A woman sits on a bed with pillows .
right_seen: 0	prob: [0.9950061440467834, 0.004993834998458624]	Langdon was intrigued .
right_seen: 0	prob: [0.9953680038452148, 0.004632032476365566]	Young ##stown was perhaps hit harder than any other town by the collapse of the steel industry , but it was not ##alo ##ne .
right_seen: 0	prob: [0.9958975315093994, 0.0041025434620678425]	Nevertheless , the incentives to sell at the market price are substantial , and if the threats create new scar ##ci ##ties , higher prices will probably encourage seller ##s to un ##load their land .
right_seen: 0	prob: [0.9834306240081787, 0.016569431871175766]	I have forgotten his name " of necessity implies , pre ##su ##pp ##ose ##s , that I knew him ) ; A cab driver ' s job is to drive people anywhere they want to go in big yellow machines called taxi ##s .
right_seen: 1	prob: [0.0025980398058891296, 0.9974019527435303]	Maybe this is how you normally picture an Indian wedding .
right_seen: 1	prob: [0.002240498084574938, 0.9977594614028931]	It ' ll be yours when she goes .
right_seen: 0	prob: [0.9914901852607727, 0.008509802632033825]	She looks at me , one eyebrow ho ##isted .
right_seen: 0	prob: [0.9948192238807678, 0.005180816166102886]	It was D ##vor ##ov .
right_seen: 1	prob: [0.00101618398912251, 0.9989838004112244]	" Transfer to a wire rack to cool for 10 minutes . S ##lide a knife around the perimeter of the pan , in ##vert to release the bread , and cool completely on the wire rack before serving . "
right_seen: 1	prob: [0.001214057789184153, 0.9987859129905701]	Open the lid and leave just a little bit still attached .
right_seen: 0	prob: [0.9932569265365601, 0.0067430343478918076]	Da ##ville n ##urt ##ured this curious friendship .
right_seen: 1	prob: [0.0012052119709551334, 0.9987947940826416]	We sleep in the cool ; long tunnels .
right_seen: 0	prob: [0.9904723167419434, 0.00952773168683052]	When we reached the street , I expected some sort of temple , or a row of anti ##qua ##ries , or at least a s ##lea ##zy , black - market relics merchant .
right_seen: 1	prob: [0.0010717358672991395, 0.9989282488822937]	Ba ##ke cheese ##cake for 40 - 50 minutes at 375 degrees . Just to make sure constantly check on it so you do n ' t over b ##ake ! ! ! ! ! ! ! ! !
right_seen: 0	prob: [0.99314945936203, 0.006850548554211855]	I sat sideways in the arm ##chair , feet dangling over one arm , neck resting against the other , absently tracing invisible lines between the stars outside my window as I r ##umi ##nated on the situation .
right_seen: 1	prob: [0.0015096204588189721, 0.9984903335571289]	" After it she felt so ##oth ##ed of any irritation she may have felt with the last letter , wiped her mouth with satisfaction , and picked up the Oswald ##ston Gazette . "
right_seen: 0	prob: [0.9929613471031189, 0.007038598880171776]	It was natural that a small town ho ##d ##za could not maintain what a Grand V ##ez ##ir had founded and which historical events had sentenced to disaster .
right_seen: 1	prob: [0.0009619073243811727, 0.9990381002426147]	Lots of people are walking they participate in a parade
right_seen: 1	prob: [0.000948256638366729, 0.9990517497062683]	" Her mother looked up from her letters , and gazed hard at her daughter . "
right_seen: 0	prob: [0.9938192963600159, 0.0061807348392903805]	Ra ##kal , her first officer , was staring pen ##sive ##ly at his panel .
right_seen: 1	prob: [0.0016373487887904048, 0.9983626008033752]	He took the early train up to London .
right_seen: 0	prob: [0.987022340297699, 0.012977714650332928]	Jerusalem grew , surrounded with a formidable wall and defended by towers beside the J ##af ##fa Gate .
right_seen: 1	prob: [0.0012833556393161416, 0.9987167119979858]	Let the tea cool off before serving . Mine was so hot I poured myself a glass and had to put it in the freeze ##r to cool down before I drank it . Ad ##d some ice to keep your drink cold and a mint leaf to give it some class . En ##joy !
right_seen: 1	prob: [0.0009926221100613475, 0.9990074038505554]	A man in a suit and tie is posing for the camera .
right_seen: 1	prob: [0.0016122253146022558, 0.9983878135681152]	b ##un ##ny tries to hide behind the flowers after being caught on the table
right_seen: 1	prob: [0.0020920666866004467, 0.9979079961776733]	Did you and Walter q ##ua ##rrel ?
right_seen: 1	prob: [0.0009119613678194582, 0.9990880489349365]	the surf ##er is riding the surf ##s with his surf ##board
right_seen: 0	prob: [0.9906873106956482, 0.00931274052709341]	Under the wise reign of Solomon , the city flourished as the capital of an empire that stretched from Damascus to the Red Sea and controlled the trade routes from Egypt to Ph ##oe ##nic ##ia .
right_seen: 1	prob: [0.005926190409809351, 0.9940738081932068]	I love the elephants because they breath through their trunk ; which I think is pretty strange .
right_seen: 0	prob: [0.9865216016769409, 0.013478423468768597]	Only the best and strongest amongst them threw themselves into action with the fan ##atic ##ism of f ##aki ##rs and were there burnt up like flies , to be immediately hailed by their fellows as martyr ##s and saints ( for there is no generation without its saints ) and placed on p ##edestal ##s as in ##ac ##cess ##ible examples .
right_seen: 1	prob: [0.0009028718923218548, 0.9990971088409424]	A guy is eating a don ##ut and drinking coffee .
right_seen: 1	prob: [0.0031679028179496527, 0.9968320727348328]	we are growing ex ##po ##nent ##ially as a brand
right_seen: 0	prob: [0.9945354461669922, 0.005464579444378614]	After all , early in the movie he disc ##ards the possibility that playing violent video games and watching violent flick ##s can cause violence - - because Canadians like , and Japanese positively love , those .
right_seen: 0	prob: [0.99199378490448, 0.00800623930990696]	The people of Young ##stown , being now ##une ##mp ##loy ##ed had very little money to spend on anything but staying alive .
right_seen: 1	prob: [0.0023315728176385164, 0.997668445110321]	no ##pe . we got kernel ##s . only need like . . . about an ounce ? ( bad l ##in ##ux joke . i m not sorry )
right_seen: 1	prob: [0.001368204364553094, 0.9986317753791809]	" fire engines called : this was the scene after lightning hit a house , destroying the roof of the property " , x ##d , state
right_seen: 1	prob: [0.0009761448600329459, 0.9990239143371582]	" the guitarist , singer and progressive rock artist performs a live concert at national register of historic places location . "
right_seen: 1	prob: [0.0010690591298043728, 0.9989308714866638]	a speaker introduces a documentary in an art gallery on the quiet outskirts .
right_seen: 0	prob: [0.9948639273643494, 0.00513604748994112]	I want to know . ” I explained , in two brief sentences , my earlier imp ##ass ##e .
right_seen: 0	prob: [0.9926597476005554, 0.007340241223573685]	A mathematical theory of languages was created by the linguist No ##am Cho ##ms ##ky , inspired by linguistic problems , and the logical theory of semantic ##s pre ##dom ##inate ##s today , particularly in linguistic sentence analysis .
right_seen: 1	prob: [0.0010702279396355152, 0.9989297986030579]	Mat ##za balls are cooking in preparation for the Jewish celebration .
right_seen: 0	prob: [0.9944496154785156, 0.005550380330532789]	The whole amounted to an expression of absolute security and lack of knowledge of any trans ##gression .
right_seen: 1	prob: [0.001414975617080927, 0.9985851049423218]	noble person inspired dress and w ##ig made entirely of flowers .
right_seen: 1	prob: [0.0009214291931129992, 0.9990785121917725]	" Place the pie on indirect heat on the g ##rill at 425 degrees F . for 20 minutes , reduce the te ##mp to about 375 degrees F . for the last 20 to 25 minutes . Turn the pie every so often to allow for even cooking if needed . "
right_seen: 0	prob: [0.9932754039764404, 0.0067245750688016415]	Even though they eventually failed , the fact that they ##tri ##ed to preserve what they felt belonged to them is an amazing example of how far people will go to save their lives ##and the future ##s of their children .
right_seen: 1	prob: [0.0010281874565407634, 0.9989718198776245]	A little boy stands looking away from the camera holding on to a red suitcase .
right_seen: 0	prob: [0.9865719079971313, 0.013428129255771637]	However , the representatives were s ##hun ##ted to ##the side and ignored in Washington , since Young ##stown ##s political influence had died with its industry .
right_seen: 0	prob: [0.9936368465423584, 0.006363230291754007]	He was not da ##unted by the distance , I am sure .
right_seen: 1	prob: [0.001143347704783082, 0.9988566637039185]	They display this history during the afternoon .
right_seen: 1	prob: [0.0009912140667438507, 0.9990087747573853]	a green ve ##gg ##ie is laying on a red plate
right_seen: 1	prob: [0.0011686504585668445, 0.9988313317298889]	" This is perfect for using up any crust left ##overs from your sandwich cut ##outs ! On medium heat just toast up some bread with the center cut out of it , drop an egg in the center and let it cook up - you can also fl ##it it to cook and toast the top side or do the whole thing in the oven ! "
right_seen: 0	prob: [0.9906207323074341, 0.009379320777952671]	Even su ##pp ##os ##ing this was the home of some ancient civilization now gone to dust , even su ##pp ##os ##ing a number of exceeding ##ly unlikely things , there was no way that vast treasures of wealth were going to be stored there in any form that would still have meaning now .
right_seen: 0	prob: [0.9922530055046082, 0.0077470578253269196]	Days passed , weeks passed , but I could n ' t tell if it had been months or years since I was rescued .
right_seen: 1	prob: [0.0009274446056224406, 0.9990725517272949]	The man is standing on the beach just after sunrise .
right_seen: 0	prob: [0.9896445274353027, 0.010355433449149132]	His main mistake is that he does not use population corrected data , his second mistake is that he does not c ##ite his sources ( and , as you correctly point out , he probably uses different reporting methods for the different countries ) .
right_seen: 1	prob: [0.0016754415119066834, 0.9983245730400085]	Leave to rise covered in a warm place till double in size this may take 3 - 4 hours .
right_seen: 1	prob: [0.0011913400376215577, 0.9988086223602295]	A TV mounted above a fireplace in a nicely furnished living room .
right_seen: 0	prob: [0.9940592050552368, 0.005940764676779509]	You figure they ##re some Lincoln - green pretty boys who run around in the forest with bows and live forever in halls of glory , right ?
right_seen: 0	prob: [0.9912028312683105, 0.008797131478786469]	It is by now well documented that the CIA tolerate ##d crack sales in US cities to fund the operation of South American " con ##tras " It is equally well known that the so - called " war on drugs " begun under the Nixon administration is a failure which has cost hundreds of billion ##s and made America the world leader in prison population ( both in relative and absolute numbers ) .
right_seen: 0	prob: [0.9944085478782654, 0.005591441411525011]	Not surprisingly , gun ##cite , too , compares data from different years - - as I know from personal experience , it is quite difficult to do comparisons of crime statistics due to differences in reporting frequency and methodology .
right_seen: 0	prob: [0.9960116147994995, 0.003988427110016346]	That was tonight ' s me ##lo ##dra ##matic theme : the e ##phe ##mer ##al nature of life .
right_seen: 1	prob: [0.0025325901806354523, 0.9974673986434937]	" There , by the easy chair , he had placed the works of Gerald Seymour - St ##rac ##hey three fairly substantial - looking volumes . "
right_seen: 0	prob: [0.9948351383209229, 0.005164864007383585]	You ca n ' t hold on forever , even if you do n ' t ever , ever want to forget .
right_seen: 1	prob: [0.0018684390233829618, 0.9981315732002258]	" Rose left it on the coffee table by her husband ' s chair , and when he had had his usual mixed f ##ry - up and was preparing to have his s ##no ##oz ##e , his eye caught it as it lay there . "
right_seen: 1	prob: [0.0013765470357611775, 0.9986234903335571]	" for the premiere , the actress wore her hair up with loose wavy tend ##ril ##s - - an at ##y ##pical look for her , but it showed off her striking face beautifully . "
right_seen: 1	prob: [0.0010541946394369006, 0.9989457726478577]	" sketch of rock and roll artist done some time ago , forgot about it and thought i ' d share it with you all ! " , x ##d
right_seen: 1	prob: [0.0013346100458875299, 0.998665452003479]	" For this recipe you will need : F ##lour ##S ##uga ##r ##V ##ani ##lla Extra ##ct ##A ##n egg ##O ##il , ( vegetable preferred ) Milk "
right_seen: 0	prob: [0.9931286573410034, 0.006871342193335295]	Po ##verty is frequently portrayed as natural , and the poor in America are seen by conservative ##s as VC ##R - owners who are just too lazy to work .
right_seen: 0	prob: [0.9911978840827942, 0.008802085183560848]	But if they did n ' t , one of their functions was to continue the racism of the K ##K ##K .
right_seen: 0	prob: [0.9954784512519836, 0.004521528258919716]	Perhaps he co ##vet ##ed his mother ' s affection ##s solely for himself - - The ##r houses comprised a whole small quarter surrounded by fields , p ##lum - orchards and shrub ##ber ##ies . '
right_seen: 0	prob: [0.9959119558334351, 0.004088099114596844]	Fun ##ctional ##ly attractive in shades of be ##ige and green , it is situated a short distance from the airport , in the middle of a strip of such hotels that cater predominantly to business people with neither the time nor inclination for sight - seeing , or to travelers connecting with early morning flights .
right_seen: 0	prob: [0.9916354417800903, 0.008364621549844742]	You sound like you do n ' t sub ##s ##cribe to that set of rules . "
right_seen: 1	prob: [0.0025265237782150507, 0.997473418712616]	surfing and skate ##boarding culture exist side by side .
right_seen: 1	prob: [0.0013772721868008375, 0.9986227750778198]	The three members of Hanson are performing at a concert .
right_seen: 0	prob: [0.9917477369308472, 0.008252305909991264]	The figure t ##rudge ##d , or rather s ##los ##hed , onwards till the hill resumed and the t ##rea ##cherous sheet of water was left behind .
right_seen: 0	prob: [0.9963304400444031, 0.0036695755552500486]	May I have a little more of what you gave me before , N ##ept ##hy ##s ? ” I asked .
right_seen: 1	prob: [0.0010262482101097703, 0.9989737272262573]	The older folks are on the side enjoying the weather and kids playing in the pool .
right_seen: 0	prob: [0.986033022403717, 0.013966914266347885]	It was becoming increasingly clear ##tha ##t without the industrial base provided by the mills , the city of Young ##stown would soon become a ghost town , inhabited ##by those too poor or hopeful to escape .
right_seen: 1	prob: [0.0027730786241590977, 0.997226893901825]	Everyone had worked so hard over the past four years ; and it was finally time to graduate and celebrate our accomplishments .
right_seen: 1	prob: [0.0011766405077651143, 0.998823344707489]	make wish for new year . , i
right_seen: 0	prob: [0.995557963848114, 0.004442042671144009]	There is no evidence – there could be no evidence – that my grandfather featured in these statistics . "
right_seen: 1	prob: [0.0025388277135789394, 0.997461199760437]	" Since then they had come into contact over one or two smaller matters , and it was to him that Greg naturally went in the aftermath of Hilda Mac ##hin ' s death . "
right_seen: 1	prob: [0.0011882790131494403, 0.9988117218017578]	We we dock ##ed we took a walk around the pier .
right_seen: 0	prob: [0.9850865602493286, 0.01491344440728426]	In 1934 Jerusalem ' s m ##uf ##ti , the spiritual leader of the city ' s Muslims , decree ##d that believers were duty bound to murder other Muslims who sold land to Jews .
right_seen: 1	prob: [0.0012369955657050014, 0.9987629652023315]	" a sharp knife , a table knife , a tea ##sp ##oon , a strain ##er , a plate . "
right_seen: 0	prob: [0.9892603158950806, 0.01073965523391962]	Amy , still holding my hand , smiled .
right_seen: 0	prob: [0.990056037902832, 0.009944017045199871]	In reality , what Moore describes here is the most vivid example of what can only be called wage slavery I have ever seen , to the de ##tri ##ment of families .
right_seen: 1	prob: [0.00145896861795336, 0.998540997505188]	this is how i started my day today .
right_seen: 1	prob: [0.001024581608362496, 0.998975396156311]	These girls are dating some of the players .
right_seen: 0	prob: [0.9886552095413208, 0.01134477462619543]	What did you intend doing with Christine , that ' s what I want to know . '
right_seen: 0	prob: [0.9932732582092285, 0.0067266738042235374]	” Scholars s ##pec ##ulate that S ##hali ##m might have been an ancient Semitic deity of peace , for the name resembles the modern Hebrew and Arabic words for peace ” : s ##hal ##om and sa ##la ##am , respectively .
right_seen: 0	prob: [0.6680373549461365, 0.33196261525154114]	” asked Ad ##rien ##ne , using Sarah ' s p ##hra ##sing .
right_seen: 0	prob: [0.9916836023330688, 0.00831641536206007]	Archaeology shows that , during this time , societies lived mainly in coastal trading towns with little settlement inland .
right_seen: 1	prob: [0.0013045594096183777, 0.998695433139801]	" friends guys with hairs ##ty ##le standing with hands crossed , one of them giving thumb up and both smile and looking " , e , error , , noun phrase or ad ##jective phrase syntax ,
right_seen: 0	prob: [0.9935517311096191, 0.006448258645832539]	Serge , kneeling behind her with his face pressed into collar fur , imagine ##s the bullet piercing the jacket s leather and travelling onwards through both the observer and C ##é ##ci ##le , then , broken down into a million particles , lo ##dging in him not only harmless ##ly but also beneficial ##ly , as though he were both its and the other two s final destination , the natural conclusion of a process whose trajectory con ##join ##ed them all .
right_seen: 1	prob: [0.0022384747862815857, 0.9977614879608154]	" Key - board manipulation is a skill relevant to many tasks and is typical of ps ##ych ##o - motor skills in that the per ##ce ##pt ##ual elements of identify and select dominate the motor element of actual key pressing . , , "
right_seen: 0	prob: [0.9921718835830688, 0.007828149013221264]	Even the official quoted by Moore blame ##s the welfare to work program , knowing full well that the drug issue is a red her ##ring .
right_seen: 0	prob: [0.9843562245368958, 0.01564372144639492]	None the less , Lot ##te had imagined him at least as a leading lawyer in Vienna or L ##wo ##w , since being a Jew he could not become a senior civil servant which would best have accord ##ed with her ambitions .
right_seen: 1	prob: [0.04873927682638168, 0.9512607455253601]	I had never seen an owl like this up close in daylight ; and he was gorgeous .
right_seen: 0	prob: [0.9924815893173218, 0.007518408820033073]	It is not a fl ##aw ##less diamond - - the " 48 hours " scene in particular suffers from bad editing , the statistics are sub ##op ##ti ##mal , and He ##ston gets a bit more b ##ashi ##ng than he deserves .
right_seen: 0	prob: [0.9942474365234375, 0.005752594210207462]	He stood in front of a blue light , so I could n ' t see him clearly , but what I saw was memorable .
right_seen: 0	prob: [0.9950976967811584, 0.00490229669958353]	They packed the baggage space with two suitcase ##s of personal effects , two bags of food , and a rolled - up blanket in a fresh p ##laid cover with a pillow - after all , she op ##ined , they could n ' t sleep in the same one that poor girl . . . The t ##um ##ult of Elizabeth ' s mind was all ##ay ##ed by this conversation .
right_seen: 1	prob: [0.0011552964570000768, 0.9988446235656738]	armed force and profession hold the flag to commemorate independence day on the flight deck
right_seen: 1	prob: [0.4766106605529785, 0.5233893394470215]	Why had she done it ?
right_seen: 1	prob: [0.0010492251021787524, 0.998950719833374]	stand back ! person pushes away the crowd as threatening people in white fill the area , x ##d
right_seen: 1	prob: [0.0011744832154363394, 0.9988254904747009]	Your going to need 2 apples one a little smaller than the other . And if you need it maybe a little p ##eanut butter .
right_seen: 1	prob: [0.0009940540185198188, 0.9990059733390808]	A woman is holding unto a bear dressed like a British sold ##er .
right_seen: 0	prob: [0.9943865537643433, 0.005613501183688641]	This is a slave shop , ” he explained quietly .
right_seen: 1	prob: [0.001532798632979393, 0.9984671473503113]	There was a marathon event going on
right_seen: 0	prob: [0.9890612363815308, 0.01093874592334032]	I got older and went to school , then to college , and I replaced the dreams my Nana gave me with the music DJs mixed for crowds in clubs , web ##s of pulse that shook us until we could believe anything .
right_seen: 0	prob: [0.9692124128341675, 0.030787568539381027]	You do not go to the drugs ##tore and buy everything in it - - you just buy what would be beneficial to you now .
right_seen: 1	prob: [0.06391255557537079, 0.936087429523468]	Here you are !
right_seen: 1	prob: [0.0022452091798186302, 0.9977547526359558]	" There , so I ' ll save this . "
right_seen: 1	prob: [0.0009342769044451416, 0.9990656971931458]	" A young girl stands behind several kn ##ick - kn ##ack ##s , such as dolls , a statue of j ##es ##us , and a statue of the virgin ma ##ry , outdoors "
right_seen: 0	prob: [0.9941351413726807, 0.005864888429641724]	urine and perfume , so rich ##ly com ##ming ##led that the result resembled bad meat .
right_seen: 1	prob: [0.001157800666987896, 0.998842179775238]	Fi ##ll the glass with ice .
right_seen: 1	prob: [0.0009350954205729067, 0.9990649819374084]	A group of young men hang out in a park with their skate ##boards .
right_seen: 1	prob: [0.001144768320955336, 0.9988552331924438]	Take the sliced pick ##les and place on top of the s ##wi ##ss cheese covering as much space as you can because the flavor of the pick ##les is essential for the sandwich .
right_seen: 1	prob: [0.0011184674222022295, 0.9988815188407898]	" And she says she ' ll try and phone me up , but I re ##ck ##on she does n ' t even er I sa ask her mum . "
right_seen: 1	prob: [0.0009265515836887062, 0.9990733861923218]	A brown bird is sitting on a wood post next to a plant .
right_seen: 0	prob: [0.9962471127510071, 0.003752934979274869]	If these causes were addressed , gun ownership in the United States would not be a problem ( but also unnecessary ) ; just like it is in Switzerland .
right_seen: 1	prob: [0.0011230171658098698, 0.9988769888877869]	animal and year ##ling m ##ule deer are curious to see who is visiting .
right_seen: 0	prob: [0.9966108202934265, 0.00338918250054121]	She felt o ##b ##lite ##rated , ex ##pu ##nged from the room , and was relieved .
right_seen: 1	prob: [0.0010026957606896758, 0.9989972710609436]	" bedroom in concrete ex ##udes a minimal , r ##ustic v ##ibe "
right_seen: 1	prob: [0.0009392497013323009, 0.9990608096122742]	The person is holding a don ##ut inside of their mouth .
right_seen: 0	prob: [0.9966654181480408, 0.0033346114214509726]	When I was done mentally ex ##claiming over my impossible rescue , I looked around .
right_seen: 1	prob: [0.0029730871319770813, 0.9970269799232483]	Should be alright then .
right_seen: 1	prob: [0.0015838328981772065, 0.9984161853790283]	there is light at the end of the tunnel
right_seen: 0	prob: [0.9937098026275635, 0.006290148943662643]	This may do no good at all , but it may - - if everyone hopes and wishes and dreams and as ##pire ##s , perhaps it will do good .
right_seen: 0	prob: [0.9936615228652954, 0.00633844081312418]	When your life , the reason you lived , the people and faces and places , the emotions you felt , who and what you loved , when all that is gone , faded , what will you have left ? ” I wondered how long Ray had been on this ship .
right_seen: 1	prob: [0.0010803512996062636, 0.9989197254180908]	Cho ##p on ##ions and green chill ##ies . while cutting on ##ions try to prevent tears from your eyes . : )
right_seen: 1	prob: [0.0009523033513687551, 0.9990476965904236]	A young baseball player is standing next to a young girl .
right_seen: 0	prob: [0.9922244548797607, 0.007775560487061739]	These attempts to save ##the mills were hind ##ered by several major factors , including the decline of the world steel market , which made Americans ##tee ##l impossible to sell or export .
right_seen: 1	prob: [0.002049119444563985, 0.9979508519172668]	I drove around as fast as I could until I found the school .
right_seen: 0	prob: [0.9960758090019226, 0.003924144431948662]	A method ##ical search of my two adjoining rooms , the ample closet space , and the attached bathroom facility had similarly provided no f ##od ##der .
right_seen: 0	prob: [0.9956308603286743, 0.004369120113551617]	All there was , all I remembered , was a blur .
right_seen: 0	prob: [0.9955539107322693, 0.004446093458682299]	11 ) He ##ston ' s allegedly implied racism .
right_seen: 0	prob: [0.9913232326507568, 0.008676706813275814]	He was standing right in front of some blue lights , so I could n ' t see him very well , but I noticed the way that the light set off his pale skin .
right_seen: 1	prob: [0.0013540269574150443, 0.9986459612846375]	Make another one if you love it ! ! !
right_seen: 1	prob: [0.0017115557566285133, 0.9982884526252747]	Billy had a te ##rri ##fic train set that went round and round ; complete with a nearby town .
right_seen: 0	prob: [0.979701042175293, 0.020298941060900688]	He was irritated by the young man ##s op ##ti ##mism , his desire to penetrate deeper into the past , the customs and beliefs of these people ; to find explanations for their short ##coming ##s ; and , finally , to discover the good in them , s ##ti ##fled and distorted by the unusual circumstances in which they were obliged to live .
right_seen: 1	prob: [0.12132509797811508, 0.8786748647689819]	The restaurant ' s architectural design was impressive .
right_seen: 0	prob: [0.9912643432617188, 0.008735638111829758]	It is by now well documented that the CIA tolerate ##d crack sales in US cities to fund the operation of South American " con ##tras " It is equally well known that the so - called " war on drugs " begun under the Nixon administration is a failure which has cost hundreds of billion ##s and made America the world leader in prison population ( both in relative and absolute numbers ) .
right_seen: 0	prob: [0.9930539727210999, 0.006946044974029064]	The room s ##tan ##k , mostly of his own despair .
right_seen: 0	prob: [0.9924938678741455, 0.007506067864596844]	I died in those last moments , su ##ff ##oc ##ating on my own exhaled breath , and this , this was my reward .
right_seen: 0	prob: [0.9950647950172424, 0.004935191012918949]	The high quality of the sea ##m on Milo ##s ensured that the area remained popular with early travelers .
right_seen: 0	prob: [0.9939627051353455, 0.006037252489477396]	Statistics are Moore ' s weak ##est point , and it is surprising that his critics do n ' t dwell on them longer .
right_seen: 0	prob: [0.9940694570541382, 0.005930515006184578]	I wanted to find something , anything , that would prove all this was normal and sa ##ne .
right_seen: 1	prob: [0.0010039552580565214, 0.9989960789680481]	A young blond woman wearing sunglasses on top of her head is laughing .
right_seen: 0	prob: [0.9819858074188232, 0.018014123663306236]	But lacking the means to enforce its decision , the United Nations was power ##less to halt the fighting that erupted as the British withdrew their troops in 1948 .
right_seen: 0	prob: [0.978365421295166, 0.021634560078382492]	Moore portrays the N ##RA as an une ##thical , dish ##ones ##t organization ; he sees the para ##no ##ia and fear in the United States as a primary cause of violence , and he does not see gun ownership itself as a problem .
right_seen: 1	prob: [0.0021894879173487425, 0.9978105425834656]	Ba ##ke at 180 degrees of 40 - 50 minutes . Do n ' t think highly too that cheese was n ' t over ##roa ##sted .
right_seen: 0	prob: [0.9912418127059937, 0.008758165873587132]	Constantinople was taken by Crusade ##r forces in 120 ##4 , and they stripped the city of many ##of its finest treasures — which now grace the public buildings of Venice — although a large con ##sign ##ment of books and manuscripts was transferred to the monastery at Pat ##mos before the city fell .
right_seen: 1	prob: [0.0010028855176642537, 0.998997151851654]	" a sustainable financial product makes money for the bank , but also provides a service that meets the needs of customers . "
right_seen: 0	prob: [0.9933537244796753, 0.006646305322647095]	One might well ask who needs it , and how it ji ##bes with all the frantic appeals for economy which are constantly being din ##ned into our ears .
right_seen: 1	prob: [0.0021883649751544, 0.9978116154670715]	I ' ll get it off and sent Carol .
right_seen: 0	prob: [0.9955915212631226, 0.004408554174005985]	The next thing that comes out of your mouth is probably what shell respond to until we figure out how to put her back . ” I was at a loss .
right_seen: 0	prob: [0.9942455887794495, 0.005754435434937477]	I mean , he is kinda tight about that stuff . ” He didn ##t look very surprised .
right_seen: 0	prob: [0.9966287016868591, 0.0033712361473590136]	A new school of Jewish historians is more critical of the di ##s ##location ##s caused by Jewish land acquisition , and concludes that it was not always fair .
right_seen: 0	prob: [0.996494710445404, 0.003505326807498932]	Good luck . ” Something with too many arms was man ##ning the turn ##table ##s above the crowd , which looked more imp ##ene ##tra ##ble tonight than ever before .
right_seen: 0	prob: [0.9927617907524109, 0.0072381580248475075]	We ' re selective about our passengers , ” he continued .
right_seen: 0	prob: [0.9961387515068054, 0.0038612980861216784]	Be ##ha ##viour ##ism fell with a famous 1950s experiment in Wisconsin in which orphan baby monkeys became emotionally attached to cloth models of their mothers even when fed only from wire models , thus refusing to obey the theory that we mammals can be conditioned to prefer the feel of anything that gives us food - a preference for soft mothers is probably inn ##ate .
right_seen: 1	prob: [0.0035771483089774847, 0.9964228272438049]	The people in the area were easy going .
right_seen: 1	prob: [0.0009190802229568362, 0.9990808963775635]	A young man is sleeping in bed with a dog and remote control .
right_seen: 0	prob: [0.9949946403503418, 0.005005322862416506]	I know your family because an ancestor of mine made a bargain with an ancestor of yours .
right_seen: 1	prob: [0.001121427514590323, 0.998878538608551]	" Well , I never knew him really , till right at the end . "
right_seen: 0	prob: [0.9937958717346191, 0.006204155273735523]	The first law of the ##rm ##ody ##nam ##ics states une ##qui ##voc ##ally that energy is always conserved , and therefore it can neither be lost nor renewed .
right_seen: 0	prob: [0.9920365214347839, 0.007963467389345169]	Whether this will ever happen remains to be seen , but perhaps the aid offered by Greece to Turkey after 1999 ##s devastating earthquake is a sign that the an ##imo ##sity between these two traditional enemies is beginning to dim ##ini ##sh .
right_seen: 0	prob: [0.8365539312362671, 0.16344612836837769]	That bit , remember ?
right_seen: 0	prob: [0.6755633354187012, 0.32443660497665405]	Because it ' s so much fun to do so ?
right_seen: 1	prob: [0.0011471540201455355, 0.9988528490066528]	i want to look this good when i ' m 50 .
right_seen: 1	prob: [0.0010754525428637862, 0.9989245533943176]	" football player , seen here during a training session earlier in the week , is set for his third world cup . "
right_seen: 0	prob: [0.9926525354385376, 0.007347488775849342]	But theatre does not media ##te that kind of help ; it is not a church .
right_seen: 1	prob: [0.0016848408849909902, 0.9983152151107788]	What do you want dad ?
right_seen: 1	prob: [0.0011030781315639615, 0.9988968372344971]	Continuing with the party was a great shadow dance by the model .
right_seen: 0	prob: [0.9936178922653198, 0.006382168270647526]	Then I saw the bar on the other side of the crowd and knew where to start looking .
right_seen: 0	prob: [0.9883522391319275, 0.01164772268384695]	I decided it could n ' t have been .
right_seen: 0	prob: [0.9950284361839294, 0.004971587099134922]	It almost looked like the light bent around him without actually touching him directly .
right_seen: 0	prob: [0.9891413450241089, 0.010858629830181599]	Dixon liked and revered him for his air of de ##test ##ing everything that presented itself to his senses , and of not meaning to let this de ##test ##ation become s ##tale ##d by custom .
right_seen: 0	prob: [0.99349445104599, 0.006505545694380999]	Your daughter Elizabeth , it is presumed , will not long bear the name of Ben ##net , after her elder sister has resigned it , and the chosen partner of her fate may be reasonably looked up to as one of the most ill ##ust ##rious persona ##ges in this land . "
right_seen: 1	prob: [0.0009530684910714626, 0.9990468621253967]	The man on the grass is playing with his soccer ball .
right_seen: 1	prob: [0.0010328848147764802, 0.998967170715332]	" A red dog stands in a rocky shore , its feet in the sea . "
right_seen: 1	prob: [0.002079308731481433, 0.9979206919670105]	The stands were absolutely packed at this year ' s Virginia Tech graduation ceremony .
right_seen: 0	prob: [0.9935177564620972, 0.006482247728854418]	After all , early in the movie he disc ##ards the possibility that playing violent video games and watching violent flick ##s can cause violence - - because Canadians like , and Japanese positively love , those .
right_seen: 1	prob: [0.0020177566912025213, 0.9979822635650635]	Do n ' t talk stupid !
right_seen: 1	prob: [0.0010154785122722387, 0.9989845156669617]	woman looks at the ocean .
right_seen: 1	prob: [0.0015989047242328525, 0.9984011054039001]	We went to see the Animal Kingdom ; and our first stop was some gaze ##lle like animal .
right_seen: 1	prob: [0.0010259583359584212, 0.998974084854126]	A man stands in front of a building wearing a hat and suit .
right_seen: 1	prob: [0.0008944267756305635, 0.9991055130958557]	An old television is sitting on a sandy beach .
right_seen: 0	prob: [0.9918044805526733, 0.008195549249649048]	” He had almost exhausted his polite little waiter repertoire and would soon be slipping into his role of a rather tight lip ##ped and sarcastic little waiter .
right_seen: 1	prob: [0.0021941661834716797, 0.9978058934211731]	Playing on a small laptop and a phone at the same time is not recommended
right_seen: 0	prob: [0.9958578944206238, 0.00414205202832818]	They were spirits of a certain branch of the Vol ##ga and the village based around a mill on that tributary .
right_seen: 1	prob: [0.0012206446845084429, 0.9987793564796448]	You can try and try and try .
right_seen: 1	prob: [0.0010388216469436884, 0.9989612102508545]	" En ##joy ! To make rice even more easily , you could also check out some rice cook ##er reviews and take your rice cooking to the next level ! "
right_seen: 1	prob: [0.0011519414838403463, 0.9988480806350708]	Ad ##d 1 / 2 cup finely dice ##d j ##ala ##pen ##o pepper . Use more or less for desired heat . Re ##mo ##ve seeds and membrane ##s from j ##ala ##pen ##o to reduce heat levels .
right_seen: 1	prob: [0.001079551293514669, 0.9989204406738281]	" So we contact the widow , take over the rights from the original publishers , and bin ##go ! "
right_seen: 0	prob: [0.9949041604995728, 0.00509588373824954]	Be ##re ##ft of my previous familiar life , I la ##tched onto Ki ##sh ##ori and Ray and Zheng , and Sarah with Alexis dragged along on her arm now and then ( he was mostly her favorite dancing partner ; she con ##fi ##ded to us one night that his conversation ##al skills left something to be desired ) .
right_seen: 1	prob: [0.0009887457126751542, 0.9990112781524658]	The boy was looking at the fence as people were around .
right_seen: 1	prob: [0.0010408260859549046, 0.9989591836929321]	Po ##ur the hot water with the no ##odles and cover it for a minute then add the flavor ##ing . Mix it .
right_seen: 1	prob: [0.0009036189876496792, 0.9990963935852051]	A pen ##sive looking man uses an electric razor to s ##have himself .
right_seen: 1	prob: [0.0008845650008879602, 0.9991154074668884]	A lady is hanging up her clothing to dry .
right_seen: 1	prob: [0.0014854888431727886, 0.9985144734382629]	Making arts and crafts .
right_seen: 0	prob: [0.9955822825431824, 0.0044177682138979435]	Young ##stown is then ##ame of the major city area , but surrounding it on all sides are small communities which to the casual viewer are ##ind ##ist ##ing ##ui ##sha ##ble from the main city itself .
right_seen: 0	prob: [0.9922884106636047, 0.0077116163447499275]	Even the official quoted by Moore blame ##s the welfare to work program , knowing full well that the drug issue is a red her ##ring .
right_seen: 1	prob: [0.001422704430297017, 0.9985772371292114]	teaching young people about history can be a complex and highly sensitive task
right_seen: 1	prob: [0.0011864652624353766, 0.9988135099411011]	painting by visual artist of general who captured a city , e , error , , noun phrase or ad ##jective phrase syntax ,
right_seen: 1	prob: [0.0013097391929477453, 0.9986903071403503]	called from darkness by the song of the sea , e , error , , noun phrase or ad ##jective phrase syntax ,
right_seen: 1	prob: [0.0010836796136572957, 0.9989163875579834]	looking up at the lighthouse , e , error , , noun phrase or ad ##jective phrase syntax ,
right_seen: 0	prob: [0.9957232475280762, 0.004276703577488661]	I was more dismay ##ed , elsewhere in En ##right s book , to come across the following quota ##tion For ##ge modern demons for modern man .
right_seen: 0	prob: [0.9039725661277771, 0.09602738916873932]	For the first time , she looked vulnerable .
right_seen: 1	prob: [0.000889969349373132, 0.9991100430488586]	A young child is sitting at a table with a cake in front of them .
right_seen: 0	prob: [0.9930915832519531, 0.006908344104886055]	Po ##verty is frequently portrayed as natural , and the poor in America are seen by conservative ##s as VC ##R - owners who are just too lazy to work .
right_seen: 1	prob: [0.000992580084130168, 0.9990074038505554]	A man pulls a suitcase next to a train .
right_seen: 1	prob: [0.000928507826756686, 0.999071478843689]	The elephant with t ##usk ##s is walking through the dirt trail .
right_seen: 0	prob: [0.9917819499969482, 0.008218060247600079]	I wish I had a daughter so I could for ##bid her to marry one . . . " ( When he reached home , Des F ##oss ##es j ##otte ##d down : This is something we are both aware of : that the world is groan ##ing , choking with a multitude of creations , that it is buried by objects and strangled by ideas which all pretend to be necessary , useful or beautiful and therefore lay claim to perpetual endurance .
right_seen: 1	prob: [0.0011298330500721931, 0.9988701939582825]	Put in a good heap ##ing tea ##sp ##oon of your favorite instant coffee .
right_seen: 1	prob: [0.0011525561567395926, 0.998847484588623]	football coach is encouraging his team to step forward and help the community in the aftermath .
right_seen: 0	prob: [0.9856312274932861, 0.014368707314133644]	The Bible describes how David ##s soldiers conquered Jerusalem by discovering a water tunnel under the walls and using it to take the city by surprise .
right_seen: 0	prob: [0.9878581762313843, 0.012141820974647999]	The greatest danger lo ##oms for dogs when they ' re taken out to perform their physical needs , number one and two .
right_seen: 1	prob: [0.000915785669349134, 0.9990842342376709]	" A couple of bears sitting on a coach , one is holding a book . "
right_seen: 0	prob: [0.989194393157959, 0.010805545374751091]	In this case , Han ##lon ' s Ra ##zor can be applied to He ##ston - - he is probably not racist , but in ##com ##pet ##ent .
right_seen: 1	prob: [0.001559800119139254, 0.9984402060508728]	la ##tin pop artist attends award category honoring musical artist
right_seen: 1	prob: [0.0010212250053882599, 0.998978853225708]	A bear is standing in the woods with grass in its mouth .
right_seen: 0	prob: [0.8450132608413696, 0.15498673915863037]	The accompanying bottle of wine was a nice touch .
right_seen: 0	prob: [0.9949184060096741, 0.005081599112600088]	If it was March , that meant that wed been together almost a year and a half .
right_seen: 1	prob: [0.0020598608534783125, 0.9979401230812073]	Here is a lighter jacket and tee shirt combination that is really nice .
right_seen: 0	prob: [0.9937659502029419, 0.006234032101929188]	It ad ##ored working for the Hit ##ch Hi ##ker s Guide to the Galaxy , it just wished there was some way of keeping all the hit ##ch - hike ##rs away .
right_seen: 0	prob: [0.9966187477111816, 0.0033812238834798336]	That goes for your grandson Mustafa too , by the way .
right_seen: 1	prob: [0.000957877782639116, 0.9990420937538147]	A boy wearing a hat and sitting on a wall looks over at a group of people standing by the rivers ##ide .
right_seen: 0	prob: [0.9928089380264282, 0.007191029842942953]	Love - ins , r ##aves , gatherings where society is put on hold and humans open themselves to emotion : that is where entities from this world tend to go when they cross over , and that is where Rachel met someone from this world .
right_seen: 0	prob: [0.9888343214988708, 0.011165721341967583]	Certainly , Moore is one of the most talented filmmakers in the United States today , and his film fully deserved its Oscar .
right_seen: 0	prob: [0.989589273929596, 0.010410651564598083]	The N ##RA was fully aware of the scandal it would cause through its rally and decided to push on because they believed to have enough media support to successfully do so .
right_seen: 0	prob: [0.9967575669288635, 0.0032424109522253275]	One would think that this unnecessary waste of energy could easily be o ##b ##via ##ted , for night hero ##ns are fundamental ##ly able to recognize fellow members of their species .
right_seen: 1	prob: [0.0021602867636829615, 0.9978396892547607]	Seeing a fire truck out in this weather is not a good sign .
right_seen: 1	prob: [0.0009391668136231601, 0.9990608096122742]	A young man is holding a pizza on a cooking sheet .
right_seen: 1	prob: [0.0009905253536999226, 0.9990094900131226]	put in lo ##lli ##pop ##s in each square
right_seen: 1	prob: [0.0010840569157153368, 0.9989159107208252]	" Well we did n ' t , we come back well yo we did n ' t come back till December ! , "
right_seen: 1	prob: [0.0009835978271439672, 0.9990164041519165]	We attended a great little get together camping trip for Land Rover owners !
right_seen: 1	prob: [0.0009746727882884443, 0.9990253448486328]	A smiling little boy jumps up to a toy basketball ho ##op .
right_seen: 1	prob: [0.0015001090941950679, 0.998499870300293]	" He was very consider ##ate like that and he taught us girls a thing or two we lived to be grateful for later on , I can tell you . "
right_seen: 1	prob: [0.003593807341530919, 0.9964061379432678]	m ##uss ##els are some of the best in the world
right_seen: 1	prob: [0.0010692974319681525, 0.9989306330680847]	" Once the spin ##ach mix has cooled a bit , add sun dried tomato ##es , olive ##s , pine nuts and f ##eta cheese to the spin ##ach mix and stir to combine . "
right_seen: 1	prob: [0.000966678315307945, 0.9990333318710327]	A g ##ira ##ffe is standing in front of a t ##rough .
right_seen: 1	prob: [0.0011426007840782404, 0.9988573789596558]	" Then what happened afterwards : she panic ##s , everyone says . , "
right_seen: 1	prob: [0.00248429155908525, 0.9975156784057617]	" he was that smart , Viola , he would never have fallen for your little game . "
right_seen: 1	prob: [0.0010267983889207244, 0.9989732503890991]	pay cash for ch ##rist ##mas : simple ways to earn $ 500 by ch ##rist ##mas day . , i
right_seen: 1	prob: [0.0020416141487658024, 0.9979584217071533]	all you ' ve ever wanted to know about p ##alle ##t wood
right_seen: 1	prob: [0.0013637408846989274, 0.9986361861228943]	" To make your water ##mel ##on slice ##r , you will need : 4 Fe ##et of P ##VC pipe ( I used 1 1 / 4 inch , but other thickness ##es may work as well ) 4 Right angle elbow pieces ##R ##ough ##ly 8 Fe ##et of thin metal wire ##A pair of needle nose p ##liers ##A power drill ##A ha ##cks ##aw "
right_seen: 0	prob: [0.996936559677124, 0.0030634766444563866]	The thing tend ##ing the cart reminded me of the cater ##pi ##llar from Alice in Wonderland : it had the same op ##ium - dream wise man quality I ##d always given the cater ##pi ##llar .
right_seen: 0	prob: [0.9910680651664734, 0.008931963704526424]	This is naive to the extreme - - He ##ston would not be president of the N ##RA if he was not kept up to date on the most prominent cases of gun violence .
right_seen: 0	prob: [0.9954302310943604, 0.004569799639284611]	It was time to find out what hell looked like .
right_seen: 0	prob: [0.9932751655578613, 0.006724800914525986]	According to the LA Times , the documentary genre " owes a huge debt to Michael Moore " - - after Bowling ' s success , films like " S ##pel ##l ##bound " and " Capt ##uring the Friedman ##s " were taken seriously and shown in many more theatres than otherwise likely .
right_seen: 1	prob: [0.0010448228567838669, 0.9989551305770874]	A man is romantic ##ally kissing a woman on a park path .
right_seen: 0	prob: [0.9917557239532471, 0.008244276978075504]	b ) Why should Moore leave the words " Clinton is on the Today Show " visible in the text , which is necessary to correctly interpret the highlighted part ?
right_seen: 1	prob: [0.0009816664969548583, 0.9990183115005493]	a z ##eb ##ra is standing out in a field
right_seen: 1	prob: [0.0012534334091469646, 0.9987465143203735]	They are very excited for the upcoming festivities .
right_seen: 1	prob: [0.0008858749060891569, 0.9991140961647034]	Two women are walking through an urban setting with camping equipment .
right_seen: 1	prob: [0.001212754170410335, 0.9987872242927551]	Once the ha ##mb ##urger is brown ##ed and broken up . Ad ##d 1 / 3 cup dice ##d on ##ions 1 / 4 cup dice ##d c ##ele ##ry and continue cooking until done
right_seen: 0	prob: [0.9966962337493896, 0.0033038132824003696]	I do n ' t know much , ” she said , still annoyed but at least cooperative .
right_seen: 0	prob: [0.9788674116134644, 0.0211325790733099]	That was all .
right_seen: 1	prob: [0.25103041529655457, 0.7489696145057678]	We were n ' t sure what we ' d be doing ; but we knew there would be hard work ahead when we saw a barge approaching with lumber .
right_seen: 1	prob: [0.0019418640295043588, 0.9980581402778625]	" The obsession , of current management , with measurement and the reduction of every variable to numbers for ease of computer manipulation has worse ##ned the situation . "
right_seen: 1	prob: [0.001004053745418787, 0.9989959597587585]	A man is sitting on his black motorcycle .
right_seen: 0	prob: [0.9953367114067078, 0.004663367755711079]	Arthur sipped his , and was surprised to discover it tasted very like a w ##hisky and soda .
right_seen: 1	prob: [0.0009146463125944138, 0.9990853071212769]	Two women are kissing in the street as someone stands next to them staring at the ground .
right_seen: 0	prob: [0.9921408891677856, 0.007859126664698124]	If there is any b ##oon that you would have us do in return , we would be glad to do it . ” He continued to lie in place , still breathing heavily .
right_seen: 1	prob: [0.0025601584929972887, 0.9974398612976074]	very tiny organisms made up of a small number of cells they can have characteristics similar to plants or animals
right_seen: 1	prob: [0.0012492428068071604, 0.9987506866455078]	who ' s the boy that can laugh at a storm cloud ? that ' s me person !
right_seen: 0	prob: [0.9779984951019287, 0.022001493722200394]	They parted like two men who did not have much to say to each other , for each was too preoccupied and weighed down by his own worries .
right_seen: 1	prob: [0.0010167509317398071, 0.9989832043647766]	" Finally you pour 20 ##m ##l of coffee onto the chip ##ped ice and yo ##gu ##rt mixture . In the summer , Vietnamese people often drink this kind of drink . En ##joy the great taste . "
right_seen: 1	prob: [0.000985099351964891, 0.9990148544311523]	" playing in the park , taken by person . " , e , error , , noun phrase or ad ##jective phrase syntax ,
right_seen: 1	prob: [0.001876108581200242, 0.998123824596405]	van set drawing style - this is why i love his work . , x ##d , state
right_seen: 0	prob: [0.992766261100769, 0.00723367091268301]	G ##ide , whose own Journal overlap ##s for many years with Ren ##ard s , complained ( perhaps rival ##rous ##ly ) that the latter s was ‘ not a river but a di ##stillery ; That ' s what he had sur ##mise ##d , but hearing her say it lent this moment , this day , even more significance . "
right_seen: 0	prob: [0.9893710613250732, 0.010628942400217056]	Black Monday and the Crash of the Steel Industry ##T ##he announcement of the closing of the mills in 1977 was the beginning of a downward spiral , which would send thee ##nti ##re valley into chaos and ruin .
right_seen: 1	prob: [0.000900179089512676, 0.999099850654602]	" Break up the cooked bacon into bits and s ##p ##rin ##kle them onto to ##rt ##illa and let ##tu ##ce . Then s ##p ##rin ##kle on the cut up tomato ##es . If you want to add the may ##o , add it on top of the tomato bits . "
right_seen: 1	prob: [0.0011106800520792603, 0.9988893866539001]	" Then he walked around the little living - room , c ##rad ##ling the mug in his hands , and thinking . "
right_seen: 1	prob: [0.0025325645692646503, 0.9974673986434937]	" He paused , seeming to survey the landscape of his relationship with the Mac ##hin ##s . "
right_seen: 1	prob: [0.0009643849334679544, 0.9990355968475342]	a cloud - seed ##ing plane flies over mug ##hal structure .
right_seen: 1	prob: [0.001255228416994214, 0.9987447261810303]	the water is pumped and filtered .
right_seen: 1	prob: [0.0016987157287076116, 0.9983012676239014]	" Pro ##per little rogue and v ##aga ##bon ##d , was our Walter . "
right_seen: 1	prob: [0.001604286371730268, 0.9983957409858704]	village has recently converted to shared space where pedestrian ##s and vehicles share the same
right_seen: 1	prob: [0.0008931374759413302, 0.9991068243980408]	A baby la ##mb is sitting in the grass next an adult sheep .
right_seen: 1	prob: [0.0010096922051161528, 0.9989903569221497]	A man in a leather jacket and cowboy hat holds his hand out on the street .
right_seen: 0	prob: [0.9916451573371887, 0.00835481472313404]	Anyway , this is the dance floor , man .
right_seen: 1	prob: [0.0010623058769851923, 0.9989376664161682]	" A child grim ##ace ##s for a photo , teeth bared , while eating a blue , heart - shaped lo ##lli ##pop . "
right_seen: 1	prob: [0.0009370999177917838, 0.9990629553794861]	A small cat is sitting on top of a suite case .
right_seen: 1	prob: [0.0010022283531725407, 0.9989977478981018]	" He sat up in bed , s ##tub ##bed his cigarette out , and put his arms around his knees in thought . "
right_seen: 1	prob: [0.0017720264149829745, 0.9982280135154724]	Line two baking pan ##s with foil . This is only optional if you like to wash pan ##s that have been totally f ##rack ##ed up by m ##olten sugar ##y rock .
right_seen: 1	prob: [0.0012905162293463945, 0.9987094402313232]	I finish about ten to one .
right_seen: 0	prob: [0.994835376739502, 0.0051645846106112]	Captain ' s co ##hor ##t , she had a glass of orange - brown liquid in one hand ; it might have been orange juice and some kind of be ##rry liquor .
right_seen: 0	prob: [0.995216965675354, 0.004783076699823141]	He ran down a hallway and slipped behind one of the doors , but N ##ept ##hy ##s was close behind him and left it open for me .
right_seen: 1	prob: [0.0009741798276081681, 0.999025821685791]	the witness was driving northbound along route when the object was first seen .
right_seen: 0	prob: [0.9865579009056091, 0.013442134484648705]	His female colleagues often rib ##bed him that his collection of museum - quality artifacts was nothing more than a transparent attempt to fill an empty home , a home they insisted would benefit greatly from the presence of a woman .
right_seen: 1	prob: [0.032415036112070084, 0.967585027217865]	Let ' s have a feel ?
right_seen: 0	prob: [0.9941955208778381, 0.005804507527500391]	Ma ##hon ##ing County was a one - industry area , and the people of Young ##stown , St ##ru ##ther ##s , Campbell , Board ##man Township , and the numerous other small towns and villages in the area only had one main employer : the steel mills .
right_seen: 1	prob: [0.0015983454650267959, 0.9984017014503479]	One of big pump ##kin fell down .
right_seen: 0	prob: [0.9765164256095886, 0.023483645170927048]	Returning home , the Field Cha ##plain became convinced that nothing could save Š ##ve ##jk , that it was fore ##ord ##aine ##d that he serve Lieutenant Lu ##k ##á ##š .
right_seen: 1	prob: [0.0009496263810433447, 0.9990503191947937]	A surf ##er is taking the downhill slide on green water .
right_seen: 0	prob: [0.994005560874939, 0.005994377192109823]	I guess we all figured , he knew what he was doing .
right_seen: 1	prob: [0.001046766061335802, 0.9989532232284546]	actor attends the premiere of historical drama film .
right_seen: 1	prob: [0.0009657218470238149, 0.9990342855453491]	A group of formally dressed co ##eds are dancing in a colorful ##ly lit room .
right_seen: 1	prob: [0.0010089892894029617, 0.9989909529685974]	A man on a field is holding a baseball bat .
right_seen: 0	prob: [0.995571494102478, 0.004428508225828409]	Z ##aph ##od stared at him as if he expected a cu ##ck ##oo to leap out of his forehead on a small spring .
right_seen: 1	prob: [0.000935243209823966, 0.9990647435188293]	A tall g ##ira ##ffe is standing by some palm trees .
right_seen: 1	prob: [0.0009508812800049782, 0.9990491271018982]	A man is sitting on a couch using a laptop .
right_seen: 0	prob: [0.9955963492393494, 0.004403688479214907]	It seemed like tonight ##s darkness was small and personal , cupped hands offering a place for two , not the burning , open darkness of a r ##ave .
right_seen: 1	prob: [0.0009721145033836365, 0.9990278482437134]	A bird sits on the edge of the water .
right_seen: 0	prob: [0.9897518157958984, 0.010248210281133652]	You write : " F ##act : The little boy was the class th ##ug , already suspended from school for stabbing another kid with a pencil , and had fought with Kay ##la the day before " .
right_seen: 0	prob: [0.9906712770462036, 0.009328687563538551]	As the Balkans flared to war once again , Greek nationalism has stirred , and there have been discussions in the ka ##fen ##ei ##on about the land of Macedonia returning to the fold of its fore ##father ##s .
right_seen: 0	prob: [0.9966034889221191, 0.003396466840058565]	No , he said that his research was purely academic , not for hunters . ” B ##um ##mer .
right_seen: 0	prob: [0.9919217824935913, 0.008078179322183132]	Everything to fade away , lost as dust and scattered atoms between the stars , and every one of us to be left as alone as the moment we were born .
right_seen: 0	prob: [0.9842178821563721, 0.015782078728079796]	19th - Century As ##piration ##s At the same time , many Jews sought religious freedom and fulfill ##ment by moving to Palestine ( as the Holy Land was traditionally called ) and especially to Jerusalem .
right_seen: 0	prob: [0.9914460182189941, 0.008553924970328808]	She had studied psychology for a while in g ##rad school , but now holds the view that psychologist ##s are going about understanding the mind and understanding the know ##er and what knowing is the wrong way .
right_seen: 0	prob: [0.9879462122917175, 0.012053802609443665]	Souls no ##uri ##sh It . . . L ##ying in bed with his at ##las , he mapped a trail through the Southwest .
right_seen: 1	prob: [0.0018142287153750658, 0.9981856942176819]	" the chain can be used like any other chain ( but without the same breaking strength ) . they are cheap , easy , and look really cool "
right_seen: 0	prob: [0.9888749122619629, 0.011125081218779087]	The Ottomans brought new influences to the islands that they controlled , forming a large empire that stretched around the eastern Mediterranean .
right_seen: 1	prob: [0.0027159203309565783, 0.9972840547561646]	" It en ##vis ##ages replacing the Bull Ring development with a vast new shopping complex , almost free from the graffiti - spray ##ed subway ##s that have characterised central Birmingham since the mid - Six ##ties . , "
right_seen: 1	prob: [0.007603558711707592, 0.9923964142799377]	My band ##mates and I were so excited .
right_seen: 1	prob: [0.21060217916965485, 0.7893978357315063]	a company of angels follows us wherever we go .
right_seen: 0	prob: [0.9966359734535217, 0.0033640488982200623]	It was not an attractive face right now ; her e ##bon ##y eyes shadow ##ed by hours on the watch , full lips pursed with frustration .
right_seen: 1	prob: [0.0009493264951743186, 0.9990506768226624]	A dog is sitting on a couch in a motor home
right_seen: 1	prob: [0.0009309035376645625, 0.9990691542625427]	a beard ##ed man is wearing a blue shirt and orange tie
right_seen: 0	prob: [0.9956215023994446, 0.004378547891974449]	A couple people staying in their rooms , even if you switch out the people , w ##o n ' t make a difference . ” He dropped the p ##eca ##ns back into the dish , one by one .
right_seen: 0	prob: [0.9955305457115173, 0.004469434265047312]	I don ##t want my customers think ##in that anything ##s wrong , you know ? ” Of course .
right_seen: 1	prob: [0.0021509421057999134, 0.9978491067886353]	His parents were so happy ; even though his Dad still could n ' t seem to smile for the camera .
right_seen: 1	prob: [0.002924591302871704, 0.9970754384994507]	" But seeing a look of sympathy , she replied : Yes , that ' s right . "
right_seen: 1	prob: [0.0010075264144688845, 0.9989925026893616]	" Into a bowl pour 1 / 2 cup of boiling water and 1 / 2 cup of cold water ##A ##dd 1 t ##sp of sugar to the water and stir Ad ##d 1 t ##bs ##p of yeast to the water , stir and leave for 10 minutes ( a f ##roth should develop on the surface of the water ) "395 out of 409
Testing unseen
Accuracy: 0.80
Confusion matrix:
              precision    recall  f1-score   support

           0       1.00      0.35      0.52        20
           1       0.61      1.00      0.75        20

   micro avg       0.68      0.68      0.68        40
   macro avg       0.80      0.68      0.64        40
weighted avg       0.80      0.68      0.64        40


Wrong predictions:
wrong_unseen: 1	prob: [0.007870664820075035, 0.9921293258666992]	B ##read consists of flour , water and yeast .
wrong_unseen: 1	prob: [0.0016958654159680009, 0.9983041286468506]	This box contains a cake .
wrong_unseen: 1	prob: [0.00438465503975749, 0.9956153631210327]	Julie ' s always hated dogs .
wrong_unseen: 1	prob: [0.0012654605088755488, 0.9987345337867737]	Do you hear music ?
wrong_unseen: 1	prob: [0.002129900036379695, 0.9978700876235962]	This cook ##book includes a recipe for bread .
wrong_unseen: 1	prob: [0.017751498147845268, 0.9822484254837036]	I ' ve known Julie for ten years .
wrong_unseen: 1	prob: [0.01897338591516018, 0.9810266494750977]	I like reading detective stories .
wrong_unseen: 1	prob: [0.0028477271553128958, 0.9971522092819214]	I love chocolate .
wrong_unseen: 1	prob: [0.0025608986616134644, 0.9974390268325806]	I prefer chocolate ice cream .
wrong_unseen: 1	prob: [0.09621942788362503, 0.9037806391716003]	I did n ' t recognise my old friend .
wrong_unseen: 1	prob: [0.29345113039016724, 0.7065488696098328]	He did n ' t remember my name .
wrong_unseen: 1	prob: [0.3041219711303711, 0.6958780288696289]	Your idea sounds great .
wrong_unseen: 1	prob: [0.12529483437538147, 0.8747051954269409]	I suppose John will be late .13 out of 40

Right predictions:
right_unseen: 0	prob: [0.6439064145088196, 0.35609355568885803]	She did n ' t agree with us .
right_unseen: 0	prob: [0.565920889377594, 0.434079110622406]	I do n ' t believe the news .
right_unseen: 0	prob: [0.9527457356452942, 0.047254253178834915]	I disagree with you .
right_unseen: 0	prob: [0.9735432267189026, 0.02645675092935562]	I have disliked mushroom ##s for years .
right_unseen: 0	prob: [0.9207338094711304, 0.07926612347364426]	This shirt fits me well .
right_unseen: 0	prob: [0.9105340242385864, 0.08946598321199417]	I did n ' t realise the problem .
right_unseen: 0	prob: [0.9885954260826111, 0.011404497548937798]	The noise surprised me .
right_unseen: 1	prob: [0.0022886719089001417, 0.9977113008499146]	She plays tennis every Friday .
right_unseen: 1	prob: [0.0032120372634381056, 0.9967880249023438]	She ' s playing tennis right now .
right_unseen: 1	prob: [0.0021810794714838266, 0.9978189468383789]	The snow melt ##s every spring .
right_unseen: 1	prob: [0.003964403178542852, 0.996035635471344]	The snow is melting right now .
right_unseen: 1	prob: [0.0011757765896618366, 0.9988241791725159]	The boxer hits his opponent .
right_unseen: 1	prob: [0.0010340253356844187, 0.9989659786224365]	The boxer is hitting his opponent .
right_unseen: 1	prob: [0.0011556893587112427, 0.9988442659378052]	They ate their dinner in silence .
right_unseen: 1	prob: [0.00192137504927814, 0.9980785846710205]	I walked past the barn .
right_unseen: 1	prob: [0.0012594806030392647, 0.9987404942512512]	We learned to make past ##a .
right_unseen: 1	prob: [0.0035278964787721634, 0.9964721202850342]	He grew potatoes in his farm .
right_unseen: 1	prob: [0.008023280650377274, 0.9919766783714294]	I slept all morning .
right_unseen: 1	prob: [0.00251763011328876, 0.9974823594093323]	We talked for hours on our trips .
right_unseen: 1	prob: [0.0024336944334208965, 0.9975663423538208]	I will write you a letter tomorrow .
right_unseen: 1	prob: [0.0022529573179781437, 0.997747004032135]	She runs ten kilometers a day .
right_unseen: 1	prob: [0.0009626940591260791, 0.9990373849868774]	He read a fairy ##tale to his kids .
right_unseen: 1	prob: [0.001354866661131382, 0.9986451268196106]	The boy kicked the ball hard .
right_unseen: 1	prob: [0.0027861399576067924, 0.9972139000892639]	We will go soon .
right_unseen: 1	prob: [0.002162356162443757, 0.9978377223014832]	He screamed for help .
right_unseen: 1	prob: [0.0012081100139766932, 0.9987918734550476]	The dogs bark all night .
right_unseen: 1	prob: [0.006042253226041794, 0.9939577579498291]	She closed the door .27 out of 40