
Uses verb segment ids: no
Model: camembert-base
Model type: camembert
Train set: 3328
Validation set: 416
Test set: 416
roberta.encoder.layer.0.attention.self.query.weight       (768, 768)
roberta.encoder.layer.0.attention.self.query.bias             (768,)
roberta.encoder.layer.0.attention.self.key.weight         (768, 768)
roberta.encoder.layer.0.attention.self.key.bias               (768,)
roberta.encoder.layer.0.attention.self.value.weight       (768, 768)
roberta.encoder.layer.0.attention.self.value.bias             (768,)
roberta.encoder.layer.0.attention.output.dense.weight     (768, 768)
roberta.encoder.layer.0.attention.output.dense.bias           (768,)
roberta.encoder.layer.0.attention.output.LayerNorm.weight       (768,)
roberta.encoder.layer.0.attention.output.LayerNorm.bias       (768,)
roberta.encoder.layer.0.intermediate.dense.weight        (3072, 768)
roberta.encoder.layer.0.intermediate.dense.bias              (3072,)
roberta.encoder.layer.0.output.dense.weight              (768, 3072)
roberta.encoder.layer.0.output.dense.bias                     (768,)
roberta.encoder.layer.0.output.LayerNorm.weight               (768,)
roberta.encoder.layer.0.output.LayerNorm.bias                 (768,)
	======== Epoch 1 / 4 ========
Training...
	Batch    40	of	  104.		Elapsed: 0:04:18.
	Batch    80	of	  104.		Elapsed: 0:08:37.
	Average training loss: 0.57
	Training epoch took: 0:11:15
	Running Validation...
	Accuracy: 0.76
	Validation took: 0:00:25
	Confusion matrix:
              precision    recall  f1-score   support

           0       0.75      0.84      0.79       227
           1       0.77      0.67      0.72       189

    accuracy                           0.76       416
   macro avg       0.76      0.75      0.75       416
weighted avg       0.76      0.76      0.76       416

	======== Epoch 2 / 4 ========
Training...
	Batch    40	of	  104.		Elapsed: 0:04:21.
	Batch    80	of	  104.		Elapsed: 0:08:49.
	Average training loss: 0.43
	Training epoch took: 0:11:31
	Running Validation...
	Accuracy: 0.81
	Validation took: 0:00:26
	Confusion matrix:
              precision    recall  f1-score   support

           0       0.79      0.89      0.84       227
           1       0.85      0.72      0.78       189

    accuracy                           0.81       416
   macro avg       0.82      0.81      0.81       416
weighted avg       0.82      0.81      0.81       416

	======== Epoch 3 / 4 ========
Training...
	Batch    40	of	  104.		Elapsed: 0:04:34.
	Batch    80	of	  104.		Elapsed: 0:09:02.
	Average training loss: 0.35
	Training epoch took: 0:11:33
	Running Validation...
	Accuracy: 0.82
	Validation took: 0:00:25
	Confusion matrix:
              precision    recall  f1-score   support

           0       0.83      0.85      0.84       227
           1       0.81      0.79      0.80       189

    accuracy                           0.82       416
   macro avg       0.82      0.82      0.82       416
weighted avg       0.82      0.82      0.82       416

	======== Epoch 4 / 4 ========
Training...
	Batch    40	of	  104.		Elapsed: 0:04:14.
	Batch    80	of	  104.		Elapsed: 0:08:26.
	Average training loss: 0.29
	Training epoch took: 0:10:58
	Running Validation...
	Accuracy: 0.82
	Validation took: 0:00:23
	Confusion matrix:
              precision    recall  f1-score   support

           0       0.83      0.85      0.84       227
           1       0.82      0.78      0.80       189

    accuracy                           0.82       416
   macro avg       0.82      0.82      0.82       416
weighted avg       0.82      0.82      0.82       416

Loaded model succesful. Running testing...
Accuracy: 0.82
Confusion matrix:
              precision    recall  f1-score   support

           0       0.83      0.85      0.84       227
           1       0.82      0.78      0.80       189

    accuracy                           0.82       416
   macro avg       0.82      0.82      0.82       416
weighted avg       0.82      0.82      0.82       416


Wrong predictions:

wrong label: 0	prob: [0.653205156326294, 0.34679490327835083]	<s> Monte  . </s>

wrong label: 1	prob: [0.08624690026044846, 0.913753092288971]	<s> De les groupes de personnes sont dans un parc urbain ou marche nt vers le quartier principal  . </s>

wrong label: 0	prob: [0.932830810546875, 0.06716922670602798]	<s> Je comprends  , la police ne porter ait pas plainte pour une personne qui a disparu pendant la nuit  . </s>

wrong label: 1	prob: [0.49314677715301514, 0.5068532228469849]	<s> Cur tis souri ait et se fr ott ait les mains  , savour ant le coup de grâce  . </s>

wrong label: 1	prob: [0.10015717893838882, 0.8998427987098694]	<s> Il m ' a fallu une trentaine de secondes pour choisir le sandwich à le poulet Charles ton : poitrine de poulet marin ée et grillé e sur un pain à le le vain avec de le ha var ti fondu  , de la lait ue romaine et de la mayonnaise à les canne berg es  . </s>

wrong label: 1	prob: [0.15148316323757172, 0.8485168218612671]	<s> Lorsque le lecteur souhaite approfondir certains sujets  , ou lorsque de les questions techniques sont en jeu  , la lecture de les ouvrages pertinents cités dans la bibliographie est recommandée  . </s>

wrong label: 1	prob: [0.07433107495307922, 0.9256688952445984]	<s> Une foule se rassemble dans un bar local  . </s>

wrong label: 0	prob: [0.7773882150650024, 0.22261184453964233]	<s> J ' ai rencontré certains de les coureurs  . </s>

wrong label: 1	prob: [0.07102379202842712, 0.9289762377738953]	<s> Deux hommes regardent dans les télescope s solaires  . </s>

wrong label: 0	prob: [0.5853639841079712, 0.4146359860897064]	<s> Une nage use portant un costume rose sort de l ' eau d ' une piscine et fait de les éc la bou s s ures  . </s>

wrong label: 0	prob: [0.6172921061515808, 0.3827078640460968]	<s> inquiet : les agriculteurs cra ign aient que la forte hausse de les températures cette année n ' entraîne un raccourci ssement de la saison de culture de le genre biologique  , mais les pluies récentes pourraient l ' aider à poursuivre sa croissance jusqu ' à la fin de le mois de juillet </s>

wrong label: 0	prob: [0.8385176062583923, 0.16148239374160767]	<s> Les conditions d ' hygiène dans les bidon ville s sont catastrophique s  . </s>

wrong label: 0	prob: [0.8953796625137329, 0.10462033003568649]	<s> Certains messages étaient politiques  . </s>

wrong label: 1	prob: [0.10764481127262115, 0.8923551440238953]	<s> La chaîne de la corde s ' en roule sur mes genoux  . </s>

wrong label: 1	prob: [0.2867271900177002, 0.7132728695869446]	<s> Cela fait plus d ' une semaine  , et je veux dans er  . </s>

wrong label: 0	prob: [0.830310046672821, 0.16968995332717896]	<s> Des mond dit que c ' est la femme avec qui il vit  , n ' est - ce pas terrible  , à son âge ! </s>

wrong label: 0	prob: [0.8000880479812622, 0.1999119222164154]	<s> Je commençai s à être très fatigué  . </s>

wrong label: 0	prob: [0.6121586561203003, 0.3878413438796997]	<s> Nous pourrions juste nous  asseoir et collecter les loyers d ' un nombre toujours plus réduit de locataires  . </s>

wrong label: 1	prob: [0.4663909375667572, 0.5336090326309204]	<s> Ce passage  , tu te souviens ? </s>

wrong label: 0	prob: [0.559866189956665, 0.4401337802410126]	<s> Elle détestait ces escaliers  . </s>

wrong label: 1	prob: [0.2839607298374176, 0.7160392999649048]	<s> Une médecine pour l ' esprit </s>

wrong label: 1	prob: [0.1662895530462265, 0.8337104916572571]	<s> Voyage r à l ' étranger peut être un plaisir ! </s>

wrong label: 0	prob: [0.8096761107444763, 0.1903238743543625]	<s> Je veux prendre mon badge  , sinon si tu le tire s  , il va déchire r mon jean  . </s>

wrong label: 0	prob: [0.8078576326370239, 0.1921423077583313]	<s> Je vous le l irai plus tard et vous dirai exactement ce qui se passe  . </s>

wrong label: 0	prob: [0.8875147104263306, 0.11248525232076645]	<s> Il est clair que les questions doivent être telles que l ' on peut s ' attendre à ce que la population concernée les comprenne et y répond e en connaissance de cause  . </s>

wrong label: 0	prob: [0.9164252877235413, 0.08357470482587814]	<s> J ' ai décidé de briser ce schéma  . </s>

wrong label: 0	prob: [0.921206533908844, 0.07879342883825302]	<s> Case y  , qui n ' était pas sûre de son avenir  , était devenue une grande créatrice de mode à New York  . </s>

wrong label: 0	prob: [0.8553410172462463, 0.14465904235839844]	<s> Je ne l ' ai jamais fait  , dit Rose  , avec sa vieille énergie  . </s>

wrong label: 1	prob: [0.06944619864225388, 0.9305537343025208]	<s> a demandé Adrien ne  , en utilisant la formulation de Sarah  . </s>

wrong label: 0	prob: [0.7549057006835938, 0.24509429931640625]	<s> Est - ce que Claire est passée ? </s>

wrong label: 0	prob: [0.9264805912971497, 0.07351938635110855]	<s> Ils devaient être riches  , vu la taille de leurs pierres tomba les  . </s>

wrong label: 1	prob: [0.15003961324691772, 0.8499603271484375]	<s> Tout le monde est habillé à les couleurs de mon mariage  . </s>

wrong label: 1	prob: [0.1254248470067978, 0.874575138092041]	<s> Un chien noir participe à une course de chiens  . </s>

wrong label: 1	prob: [0.3804469406604767, 0.6195530891418457]	<s> C ' est Halloween et tous les enfants sont déguisé s  . </s>

wrong label: 1	prob: [0.22484667599201202, 0.7751532793045044]	<s> De nombreuses personnes sont dehors et regardent les patine urs sur glace  . </s>

wrong label: 1	prob: [0.13682305812835693, 0.8631769418716431]	<s> Un petit garçon en chemise blanche fait de l '  escalade  . </s>

wrong label: 0	prob: [0.8725100159645081, 0.12748992443084717]	<s> Eh bien  , je ne vais pas le faire là - dedans  . </s>

wrong label: 0	prob: [0.8413664102554321, 0.15863363444805145]	<s> Un homme portant une casquette noire  , une chemise noire à manches longues et un tablier violet est souriant </s>

wrong label: 0	prob: [0.9279271364212036, 0.07207287847995758]	<s> La vérité est que je n ' ai aucune chance de trouver un emploi  . </s>

wrong label: 1	prob: [0.299646258354187, 0.7003538012504578]	<s> Elles ont toujours été ma partie préférée de les mythes grec s que j ' ai l us à l ' école primaire  . </s>

wrong label: 1	prob: [0.07577809691429138, 0.924221932888031]	<s> De les adultes et de les enfants dans ent dans une pièce  . </s>

wrong label: 0	prob: [0.9437467455863953, 0.05625332146883011]	<s> Il ne l ' attribue certainement pas à un discours où elle n ' a pas été prononcée et  , comme indiqué ci - dessus  , le faire deux fois n ' aurait aucun sens si Moore était le maître de la tromper ie que ses détracteurs prétendent qu ' il est  . </s>

wrong label: 0	prob: [0.7714954614639282, 0.22850459814071655]	<s> Par exemple  , toute tâche de diagnostic peut être facilité e par une ta xo nomie de les symptômes et une ta xo nomie de les causes  , ainsi que par les liens entre eux  . </s>

wrong label: 0	prob: [0.9422680139541626, 0.057732000946998596]	<s> Pas seulement parce que c ' était un motif ridicule ment in a dé qua t  , mais parce que ce n ' était pas vrai .  , </s>

wrong label: 0	prob: [0.5041252374649048, 0.4958747327327728]	<s> dans son discours  , le militaire a assuré les pays de son engagement durable envers la sécurité et la prospérité de la région  . </s>

wrong label: 1	prob: [0.29905349016189575, 0.700946569442749]	<s> Une maison est en construction  . </s>

wrong label: 0	prob: [0.9299588203430176, 0.07004117965698242]	<s> Mais ... bon  , personne d ' important ne disparaît jamais  , alors ça n ' a pas vraiment d ' importance  , n ' est - ce pas ? </s>

wrong label: 0	prob: [0.889085590839386, 0.11091437935829163]	<s> Nous étions très proches  . </s>

wrong label: 1	prob: [0.32869353890419006, 0.6713064908981323]	<s> Eh bien  , vous devez vous détendre beaucoup dans un travail comme le mien  , dit - il  . </s>

wrong label: 0	prob: [0.660232424736023, 0.3397676348686218]	<s> Ici  , à une réunion de Team USA  , ils montrent la nouvelle ligne de vêtements pour 2015  . </s>

wrong label: 1	prob: [0.10097000747919083, 0.8990300297737122]	<s> Un joueur de tennis asiatique s '  apprête à frapper la balle  . </s>

wrong label: 0	prob: [0.9253150224685669, 0.07468494027853012]	<s> Mais voyant un regard de sympathie  , elle a répondu : Oui  , c ' est vrai  . </s>

wrong label: 1	prob: [0.22610752284526825, 0.7738924622535706]	<s> Il s ' est assis sans bouger et a ignoré la pensée furieuse ment  . </s>

wrong label: 1	prob: [0.07997775077819824, 0.920022189617157]	<s> Un homme vêtu de cuir noir avec un band ana rouge sourit à la caméra  . </s>

wrong label: 1	prob: [0.11080533266067505, 0.889194667339325]	<s> Les photos vont être magnifiques  . </s>

wrong label: 1	prob: [0.24155685305595398, 0.7584431767463684]	<s> La réception va être géniale  . </s>

wrong label: 1	prob: [0.39222294092178345, 0.6077770590782166]	<s> R  . </s>

wrong label: 0	prob: [0.9229824542999268, 0.07701756060123444]	<s> Je me suis senti e si bien lorsque mon nom a été appelé et que je me suis dirigée vers l ' avant de la scène pour recevoir mon diplôme  . </s>

wrong label: 1	prob: [0.10993045568466187, 0.8900695443153381]	<s> Deux femmes et un homme portent de les veste s noires et souri ent  . </s>

wrong label: 1	prob: [0.056428954005241394, 0.9435710310935974]	<s> vous l ' utilisez pour faire naviguer un mini  rad eau sur la lente et lourde rivière Mot h ; </s>

wrong label: 0	prob: [0.9098066091537476, 0.09019334614276886]	<s> un ami est quelqu ' un qui peut voir la vérité et la douleur en vous  , même lorsque vous trompe z tout le monde  . </s>

wrong label: 0	prob: [0.9008683562278748, 0.09913158416748047]	<s> Ils vont seulement se perdre dans les mien s  . </s>

wrong label: 0	prob: [0.7621366381645203, 0.23786331713199615]	<s> Et cela aurait pu facilement la faire panique r  . </s>

wrong label: 1	prob: [0.07423225045204163, 0.925767719745636]	<s> Deux jeunes hommes exécute nt un numéro de dans e moderne  . </s>

wrong label: 0	prob: [0.7022774815559387, 0.29772254824638367]	<s> Voilà  , je vais garder ça  . </s>

wrong label: 0	prob: [0.8176054358482361, 0.1823945939540863]	<s> Je n ' aime pas l ' attitude de le peuple Emma  . </s>

wrong label: 1	prob: [0.13621069490909576, 0.8637893199920654]	<s> Plusieurs personnes  , dont l ' une est à vélo  , traversent une rue très fréquenté e  . </s>

wrong label: 0	prob: [0.7691376805305481, 0.2308623492717743]	<s> Une  aptitude est donc une capacité plus une  inclina tion ou un intérêt  . </s>

wrong label: 0	prob: [0.789042592048645, 0.2109573632478714]	<s> Le soir  , les routes étaient relativement dégagée s  . </s>

wrong label: 1	prob: [0.09866650402545929, 0.9013335108757019]	<s> Les couverts sont vraiment magnifiques  . </s>

wrong label: 1	prob: [0.4186265170574188, 0.581373393535614]	<s> Et les meilleurs acteurs  , chanteurs et danseurs de l '  Opéra étaient là pour agrément er les dîner s  . </s>

wrong label: 0	prob: [0.9157288074493408, 0.0842711552977562]	<s> Dans une étrange juxtapos ition de la réalité  , un vieux piano est assis à le coin d ' une rue animée la nuit  . </s>

wrong label: 0	prob: [0.9231994152069092, 0.07680059969425201]	<s> Par définition et intention nelle ment  , les routine s sont in flex ibles  . </s>

wrong label: 0	prob: [0.8811762928962708, 0.11882367730140686]	<s> Il y avait aussi beaucoup de gens qui prêt aient serment  . </s>74 out of 416

Right predictions:

right label: 0	prob: [0.9263830780982971, 0.07361698895692825]	<s> Mais ce décret n ' avait pas la puissance de le droit civil derrière lui  . </s>

right label: 0	prob: [0.9385702610015869, 0.06142972782254219]	<s> Il est certain que Moore est l ' un de les cinéaste s les plus talentueux de les États - Unis aujourd ' hui  , et que son film méritait pleinement son Oscar  . </s>

right label: 0	prob: [0.9248771667480469, 0.07512284815311432]	<s> C ' était juste une petite installation où quelqu ' un avait emp il é quelques caisses et apporté quelque chose d ' alcool isé à partager  , principalement de la bière  . </s>

right label: 1	prob: [0.057471685111522675, 0.9425283670425415]	<s> Un chien blond est allongé sur le carrelage </s>

right label: 1	prob: [0.0555877648293972, 0.9444122910499573]	<s> Une personne tient un long hot - dog devant une boîte d ' animaux en peluche  . </s>

right label: 1	prob: [0.05681110545992851, 0.9431889057159424]	<s> Une femme tient un ours en peluche et sourit  . </s>

right label: 1	prob: [0.06417598575353622, 0.9358240365982056]	<s> Une femme tient un ours habillé comme un soldat britannique  . </s>

right label: 0	prob: [0.9448332786560059, 0.05516671761870384]	<s> C ' est naïf à l ' extrême - H est on ne serait pas président de la N RA s ' il n ' était pas tenu à le courant de les cas les plus marquant s de violence armée  . </s>

right label: 0	prob: [0.9079105854034424, 0.09208941459655762]	<s> Je ne suis pas sûre d ' être prête à sortir  . </s>

right label: 1	prob: [0.062334492802619934, 0.9376655220985413]	<s> Elle aimait poser et sourire pour l ' appareil photo  . </s>

right label: 1	prob: [0.11808273941278458, 0.8819172382354736]	<s> cabine s privées - pour les invités les plus importants  , nous avons de les lits situés dans de les cabine s privées  . </s>

right label: 1	prob: [0.07611539214849472, 0.9238846302032471]	<s> Il s ' est rapidement familiaris é avec les collègues de la nouvelle entreprise  . </s>

right label: 0	prob: [0.943462073802948, 0.0565379373729229]	<s> Le tout se ré s um ait à l ' expression d ' une sécurité absolue et à l '  ignorance de toute trans gression  . </s>

right label: 1	prob: [0.06606004387140274, 0.9339399933815002]	<s> Un alpin iste grimpe à le sommet d ' une montagne enneigé e  . </s>

right label: 0	prob: [0.906095564365387, 0.09390448033809662]	<s> Une petite fille dans un harnais est dans les airs par une journée ensoleillée  . </s>

right label: 1	prob: [0.08343913406133652, 0.9165608882904053]	<s> Une main tient de la nourriture et une boisson est sur la table  . </s>

right label: 1	prob: [0.06747344881296158, 0.9325265884399414]	<s> J ' ai essayé de m ' entraîner à faire de les portraits ces derniers temps  . </s>

right label: 0	prob: [0.9391593337059021, 0.06084069237112999]	<s> Mon nom  , Je sus Qui les  , est juste là  . </s>

right label: 0	prob: [0.9368425607681274, 0.06315743923187256]	<s> Arthur essayait de mesurer la vitesse à laquelle ils voyage aient  , mais le noir extérieur était absolu et il n ' avait aucun point de référence  . </s>

right label: 1	prob: [0.0589546263217926, 0.941045343875885]	<s> Une femme fum ant une cigarette joue de la guitare  . </s>

right label: 1	prob: [0.06610739976167679, 0.9338926076889038]	<s> vous êtes - vous déjà demandé à quoi ressemble la maison blanche pendant les vacances ? </s>

right label: 0	prob: [0.7958230972290039, 0.2041768878698349]	<s> En referma nt la boîte  , il s ' est arrêté près de la porte ouverte et m ' a regardé  . </s>

right label: 1	prob: [0.057633329182863235, 0.9423666596412659]	<s> La femme lit un livre dans la bibliothèque  . </s>

right label: 0	prob: [0.9344192743301392, 0.06558076292276382]	<s> Dans les régions pauvres  , le commerce très rentable de la drogue est souvent considéré comme le dernier recours  . </s>

right label: 0	prob: [0.900754988193512, 0.09924500435590744]	<s> Concernant l ' extrait de le site de la N RA sur l ' affaire et le sur lig nage de la phrase 48 heures après que Kay la Roll and ait été déclarée morte : </s>

right label: 0	prob: [0.940184473991394, 0.05981551110744476]	<s> J ' étais maintenant l ' un d ' entre eux  . </s>

right label: 0	prob: [0.9333820939064026, 0.06661798059940338]	<s> On pourrait dire que je suis plus différent que différent  . </s>

right label: 0	prob: [0.9438658952713013, 0.05613408610224724]	<s> Par une coïncidence extraordinaire  , le jour suivant  , il y avait deux rapports dans le journal  , l ' un concernant les incidents les plus étonnant s avec une sou coupe volant e  , et l ' autre sur une série d ' émeutes incon venant es dans les pub s  . </s>

right label: 0	prob: [0.9161578416824341, 0.08384209126234055]	<s> J é hu se rendit alors à Je z ré el où résid ait la vieille reine - mère  , J é za bel  . </s>

right label: 0	prob: [0.894478976726532, 0.10552104562520981]	<s> Il sait pour nous  . </s>

right label: 1	prob: [0.05827268585562706, 0.9417272806167603]	<s> comment se battre si l ' on est arrêté à un feu rouge </s>

right label: 1	prob: [0.07216794043779373, 0.9278321266174316]	<s> Un homme portant un chapeau de c ow - boy monte un cheval brun  . </s>

right label: 1	prob: [0.07300227135419846, 0.926997721195221]	<s> les clients n ' aimer ont jamais une entreprise tant que les employés ne l ' aiment pas d ' abord  . </s>

right label: 1	prob: [0.09762361645698547, 0.9023763537406921]	<s> Un groupe de personnes habillée s professionnelle ment à l ' extérieur  . </s>

right label: 0	prob: [0.9433542490005493, 0.056645747274160385]	<s> Cependant  , la ville étant divisée par de les fortifications et de les fils barbe lés  , aucun pèlerin israélien ou juif n ' a été autorisé à visiter le Mur occidental ou d ' autres sites juifs à Jérusalem - Est  . </s>

right label: 0	prob: [0.924289882183075, 0.07571008801460266]	<s> En un clin d ' oeil à la lumière s tro bo scopique  , il était sur ses pieds et se précipit ait hors de la pièce  . </s>

right label: 1	prob: [0.06462164968252182, 0.93537837266922]	<s> un joueur de football a échangé de les maillot s signé s en été lorsque l ' intérêt était </s>

right label: 0	prob: [0.9438768029212952, 0.05612320080399513]	<s> Nous ne nous souci ons pas d ' être les derniers et nous ne nous souci ons pas qu ' il n ' y ait plus d ' étoiles  . </s>

right label: 0	prob: [0.6693207621574402, 0.33067917823791504]	<s> Je veux voir à quoi ressemble une pierre magique  . </s>

right label: 1	prob: [0.05697512999176979, 0.9430248737335205]	<s> mais 4  écrou s sur vos 4 boulon s comme le montre l ' image  . </s>

right label: 0	prob: [0.8347512483596802, 0.1652487963438034]	<s> Elle prit une gorgée de sa boisson  , de l ' eau plate car  , avait - elle expliqué plus tôt  , elle n ' avait jamais aimé le goût de l ' alcool  , puis fix a son regard sur moi  . </s>

right label: 0	prob: [0.9310170412063599, 0.06898289918899536]	<s> Il est toutefois peu probable que les attaques injuste s dont il fait l ' objet aient un impact significatif  . </s>

right label: 0	prob: [0.598230242729187, 0.40176981687545776]	<s> Un homme en chemise rouge tient deux animaux éco r ché s morts sur une table  , avec une scie à proximité et un couteau à la main  . </s>

right label: 1	prob: [0.08880715072154999, 0.9111928343772888]	<s> Un homme en costume - c rava te et chapeau tient un pistolet  . </s>

right label: 0	prob: [0.9468753337860107, 0.05312464013695717]	<s> Il était naturel qu ' une petite ville ho d za ne puisse maintenir ce qu ' un Grand V ez ir avait fondé et que les événements historiques avaient condamné à le désastre  . </s>

right label: 0	prob: [0.9446818828582764, 0.05531807616353035]	<s> Mais si jamais tu vois une fée  , dis - lui que tu es de le sang d ' Ivan Bog at y riv itch et elle ne te laissera pas passer si vite  . </s>

right label: 1	prob: [0.0730237066745758, 0.9269762635231018]	<s> Mettez l ' a il  , le basilic  , les c â pres et le jus de citron dans un mix eur avec environ une demi - t asse d ' huile d '  olive et commencez à mixer  . </s>

right label: 1	prob: [0.10935028642416, 0.8906497955322266]	<s> Il y a plusieurs verres de vin vides sur la table  . </s>

right label: 0	prob: [0.9415305852890015, 0.058469463139772415]	<s> Une grande partie de la meilleure architecture islamique de la ville a été construite à l ' époque ma mel ouk e  , mais les mille dernières années ont fait de les ravage s : Jérusalem n ' a pas pu retrouver la prospérité dont elle avait bénéficié auparavant  . </s>

right label: 0	prob: [0.9410910606384277, 0.05890890955924988]	<s> Quand votre vie  , la raison pour laquelle vous avez vécu  , les gens  , les visages  , les lieux  , les émotions que vous avez ressenti es  , les personnes et les choses que vous avez aimé es  , quand tout cela aura disparu  , qu ' est - ce qu ' il vous restera ? </s>

right label: 0	prob: [0.9372740983963013, 0.06272593140602112]	<s> La reine Hélène  , une chrétienne fervent e et la mère de l '  empereur Constantin le Grand  , a fait un pèlerinage en Terre Sainte en 3 26 pour identifier les sites associés à la vie de Jésus  . </s>

right label: 0	prob: [0.9321370720863342, 0.06786295026540756]	<s> Dans une main  , je tenais en équilibre mon assiette de crack ers en forme d ' étoile  , de boules de trempe ttes et de garniture s élégante s  , de petites boules roulé es de viandes et de fromages traversée s par de les tiges d ' une plante vert pâle  , et un ensemble d ' autres petites choses d élec table s  . </s>

right label: 0	prob: [0.9365320205688477, 0.06346797943115234]	<s> Et bien que cette pensée eût dû être douloureuse  , l ' avocat était calmé par la certitude que personne ne s ' aff lig er ait  . </s>

right label: 0	prob: [0.9453354477882385, 0.05466453731060028]	<s> Ceux d ' entre nous qui vivent en permanence dans ce monde ont tendance à s ' installer dans de les endroits comme celui - ci  , où la population humaine est si écrasant e qu ' on ne les remarque pas dans le bon coin  , avec les bons sort s de protection ... </s>

right label: 0	prob: [0.9082862138748169, 0.09171375632286072]	<s> Vos accusations de coupure s inapproprié es sont une fois de plus totalement in fondé es  . </s>

right label: 0	prob: [0.9406116604804993, 0.059388332068920135]	<s> Ses yeux étaient rouges et il avait dénudé une série de crocs qui auraient pu m ' arracher la main  . </s>

right label: 1	prob: [0.06855863332748413, 0.9314413070678711]	<s> Nous avons profité de le reste de la journée à le bord de la plage en regardant le coucher de le soleil  . </s>

right label: 0	prob: [0.9417237043380737, 0.058276284486055374]	<s> Je ne sais pas comment Je ffer son a su que je me trouvais là  . </s>

right label: 0	prob: [0.9317562580108643, 0.06824370473623276]	<s> La seule chose que l ' on savait  . </s>

right label: 1	prob: [0.061131399124860764, 0.9388686418533325]	<s> Faites une fente verticale dans l ' une de les olives Ju mbo  , ce sera le corps  , que vous farci rez de fromage frais  . </s>

right label: 0	prob: [0.9439551830291748, 0.056044820696115494]	<s> Constantinople a été prise par les forces de les Crois és en 12 04  , qui ont dépouillé la ville de nombre de ses plus beaux trésors - qui or nent aujourd ' hui les bâtiments publics de Venise - bien qu ' un important lot de livres et de manuscrit s ait été transféré à le monastère de Pat mos avant la chute de la ville  . </s>

right label: 0	prob: [0.7801022529602051, 0.21989774703979492]	<s> Hé  , j ' ai dit  , tu es sûr qu ' on devrait aller par là ? </s>

right label: 1	prob: [0.06785920262336731, 0.9321407675743103]	<s> Faites - en un autre si vous l ' aimez ! !! </s>

right label: 0	prob: [0.9459372162818909, 0.05406283214688301]	<s> A l ' époque  , Jérusalem était un bas tion c ana né en situé sur une route commerciale secondaire  , bien moins important que les villes biblique s telles que Ha z or  , Me g id do  , Beth She an et Si che m  . </s>

right label: 0	prob: [0.6119385361671448, 0.38806137442588806]	<s> Tous les mets raffiné s et les éclairage s décoratif s  , il fallait un prix exorbitant pour les entretenir  . </s>

right label: 1	prob: [0.057188473641872406, 0.9428115487098694]	<s> Un surf eur chevauch e une vague sur sa planche de surf  . </s>

right label: 0	prob: [0.9265540242195129, 0.07344594597816467]	<s> Je me suis assis de côté dans le fauteuil  , les pieds pendu s à un bras  , le cou reposant contre l ' autre  , tra çant dis traitement de les lignes invisible s entre les étoiles à l ' extérieur de ma fenêtre pendant que je ru min ais la situation  . </s>

right label: 1	prob: [0.06630215793848038, 0.9336978197097778]	<s> Elle a l ut té pour se lever et l ' accompagner jusqu ' à la porte  . </s>

right label: 0	prob: [0.9197418689727783, 0.08025815337896347]	<s> Régional isme D ès ses premiers jours  , la vallée de Mah on ing a été une région remplie de petits villages et hameau x  . </s>

right label: 0	prob: [0.8841356039047241, 0.11586441099643707]	<s> Alors  , quelle est notre car g aison  , hein  , capitaine ? </s>

right label: 1	prob: [0.0614452101290226, 0.9385547637939453]	<s> le plus important est de s ' assurer que la taille de le costume est adaptée à votre morphologie  . </s>

right label: 0	prob: [0.8940721750259399, 0.10592780262231827]	<s> Un homme et une femme sont dans un bus  . </s>

right label: 0	prob: [0.8212206363677979, 0.17877931892871857]	<s> Sa cri nière est si cool  . </s>

right label: 0	prob: [0.9455962777137756, 0.054403748363256454]	<s> Une nouvelle école d ' historiens juifs est plus critique à l ' égard de les bouleverse ments causés par l ' acquisition de terres par les Juifs  , et conclut que cela n ' a pas toujours été juste  . </s>

right label: 1	prob: [0.07116430997848511, 0.9288357496261597]	<s> un b un ker secret  , nouvellement construit  , est situé sous le vaste terrain  . </s>

right label: 1	prob: [0.2792535126209259, 0.7207465171813965]	<s> Essayez de comprendre les gens avant de leur faire confiance  . </s>

right label: 1	prob: [0.056287821382284164, 0.9437122344970703]	<s> un réalisateur assiste à la cérémonie de remise d ' une étoile à un acteur  . </s>

right label: 1	prob: [0.13602033257484436, 0.8639796376228333]	<s> Une vue à la première personne d ' un homme qui regarde la télévision les pieds en l ' air  . </s>

right label: 0	prob: [0.9236057996749878, 0.07639418542385101]	<s> Une femme en vêtements noirs est dans une cuisine  , en train de  râ per de le fromage  . </s>

right label: 0	prob: [0.9475513100624084, 0.052448712289333344]	<s> Ce que l ' étranger penser a  , c ' est qu ' un homme qui peut faire de le stop à travers la galaxie  , la rendre difficile  , l ' en can a iller  , lutter contre de terrible s obstacles  , gagner  , et qui sait toujours où se trouve sa serviette est clairement un homme avec lequel il faut compter  . </s>

right label: 0	prob: [0.9436997175216675, 0.05630027875304222]	<s> Il nous a conduit s à la porte d ' un bâtiment ressemblant à une p ago de courte surmonté e d ' une enseigne montrant un visage à les mains levée s  , comme un saint sous la lumière de Dieu  , et me not tés  . </s>

right label: 0	prob: [0.9431107640266418, 0.05688929185271263]	<s> Son taux de change de huit N ing is pour un Pu est assez simple  , mais comme un N ing i est une pièce triangulaire en caoutchouc de six mille huit cents mille s de côté  , personne n ' a jamais rassemblé assez de pièces pour posséder un Pu  . </s>

right label: 0	prob: [0.9468846321105957, 0.05311542749404907]	<s> Après avoir vu mon vaisseau se déchire r  , après avoir passé vingt - trois bonnes heures à flotte r en silence dans l '  épave  , après m ' être demandé si je faisais face à les étoiles de la constellation de la Balance ou de la constellation d ' Or ion vues de la Terre  , après m ' être demandé ce que je ressent ais en s uff o quant et après avoir eu le sentiment que oui  , j '  allais mourir seul dans l ' espace  , il m ' a fallu de le temps pour que ce sentiment se d issi pe  . </s>

right label: 0	prob: [0.941032886505127, 0.058967120945453644]	<s> Cela ressemble plus à une correction ultérieure à de les fins de relations publiques  , mais bien sûr  , personne ne remet en question les déclarations de la banque lorsqu ' elles peuvent être utilisées contre Moore  . </s>

right label: 1	prob: [0.13918814063072205, 0.8608118295669556]	<s> Le claque ment de la porte résonne dans toute la maison  . </s>

right label: 1	prob: [0.05583198741078377, 0.9441680312156677]	<s> Rou lez - les en boules de la taille d ' une bouché e ( la taille de les boules dépend de la quantité que vous voulez faire )  . </s>

right label: 0	prob: [0.9319691061973572, 0.06803090870380402]	<s> Il s ' est élancé vers un escalier encastré dans le mur  , et nous avons couru après lui  , en montant un énorme escalier qui semblait avoir plus d ' étages que le bâtiment ne pouvait en contenir  . </s>

right label: 0	prob: [0.9199946522712708, 0.08000537008047104]	<s> Alors  , un camarade a demandé  , Donner sa vie pour un autre être est le don ultime ? </s>

right label: 1	prob: [0.21027891337871552, 0.7897211313247681]	<s> Ça ne te fatigue rait pas ? dit rapidement Des mond  . </s>

right label: 1	prob: [0.05676266923546791, 0.9432373642921448]	<s> un artiste country donne un concert surprise pendant le festival </s>

right label: 0	prob: [0.9448418021202087, 0.05515822023153305]	<s> Notre héritage ancien et notre physiologie même nous disent que le sexe est naturel - une voie privilégiée vers l '  épanouissement spirituel - et pourtant la religion moderne le déc rie comme honteux  , nous apprenant à craindre notre désir sexuel comme la main de le diable  . </s>

right label: 0	prob: [0.9423880577087402, 0.057611916214227676]	<s> Pendant les 19 années suivantes  , Jérusalem était deux villes  . </s>

right label: 0	prob: [0.9234620332717896, 0.07653801888227463]	<s> Il est maintenant bien documenté que la CIA a toléré la vente de crack dans les villes américaines pour financer les opérations de les contra s sud - américain s </s>

right label: 1	prob: [0.06357282400131226, 0.936427116394043]	<s> J ' ai aussi pu passer de le temps avec le chat  . </s>

right label: 0	prob: [0.9273169040679932, 0.07268311828374863]	<s> La question de la vente de les terres est depuis longtemps un sous - thème de la lutte entre Juifs et Arabes  . </s>

right label: 0	prob: [0.7210894227027893, 0.2789105176925659]	<s> Mais Rond eau n ' a pas tenu compte de l ' avertissement  . </s>

right label: 0	prob: [0.9402239918708801, 0.05977597460150719]	<s> Ils ont rempli la soute à bagages de deux valises d ' effets personnels  , de deux sacs de nourriture et d ' une couverture roulé e dans une housse à carreaux fraîche avec un  oreiller - après tout  , selon elle  , ils ne pouvaient pas dormir dans la même que cette pauvre fille ... </s>

right label: 1	prob: [0.058349721133708954, 0.9416503310203552]	<s> Maintenant  , mettez le tout dans le congélateur pour qu ' il soit congelé  . </s>

right label: 1	prob: [0.06001740321516991, 0.9399826526641846]	<s> En vous assurant qu ' elles sont encore chaudes  , remplissez un mix eur ou un robot de cuisine avec les cacahuète s grillé es  . </s>

right label: 1	prob: [0.06734699755907059, 0.9326529502868652]	<s> Dans un bol  , verser 1 / 2 tasse d ' eau bouillante et 1 / 2 tasse d ' eau froide Ajouter 1 cuillère à café de sucre à l ' eau et remuer Ajouter 1 cuillère à soupe de levure à l ' eau  , remuer et laisser reposer 10 minutes ( une mousse doit se former à la surface de l ' eau )  . </s>

right label: 0	prob: [0.9446729421615601, 0.05532706156373024]	<s> Nous  , et de les milliers d ' autres comme nous  , vivons séparément depuis qu ' il y a une société humaine  , dit mon chauffeur  . </s>

right label: 0	prob: [0.9445291757583618, 0.05547085404396057]	<s> En fait  , cela a fait naître l ' espoir chez les travailleurs sans qu ' il y ait une réelle chance de sauver quoi que ce soit  . </s>

right label: 0	prob: [0.9435230493545532, 0.05647694692015648]	<s> La fille était aussi douce et rose que l ' éclat de les pierres  , et elle était vêtu e d ' une robe blanche attachée à la taille par une ceinture comme un noeud celtique  . </s>

right label: 0	prob: [0.9463857412338257, 0.05361431464552879]	<s> Ou encore  , il pouvait s ' agir d ' une de ces étranges  incitation s qui sur g issaient de temps à autre de cette zone sombre de son esprit qu ' il avait in ex plic ablement verrouillé e avant de devenir président de la galaxie  . </s>

right label: 1	prob: [0.062249377369880676, 0.9377506375312805]	<s> c ' est un bain de salade  . </s>

right label: 0	prob: [0.9441157579421997, 0.05588432773947716]	<s> La brume bleue semblait s ' arrêter juste à côté de sa pâle ur  , mettant en valeur son visage frappant sans en  illumine r les détails  , et ses poignet s  éti nce laient de blanche ur dans l '  obscurité  . </s>

right label: 0	prob: [0.9041222333908081, 0.0958777368068695]	<s> Notre cuisine rend hommage à notre amour de les traditions de le Sud à table  , mais  , comme les bonnes gens d ' Ash e ville  , elle marche à son propre rythme  . </s>

right label: 1	prob: [0.0657171905040741, 0.9342828392982483]	<s> La personne sur une moto roule sur la plage  . </s>

right label: 0	prob: [0.9457079172134399, 0.05429210513830185]	<s> En quelques minutes  , nous étions de retour à la première porte à laquelle nous avons frappé dans cette ville et D vor ov lui - même nous accueil lait  . </s>

right label: 0	prob: [0.9466684460639954, 0.05333159118890762]	<s> Les gens s ' accro ch aient à de vagues idées de  collect iv isation de les travailleurs  , mais personne ne pouvait vraiment comprendre comment cela fonctionner ait exactement ; les habitants de Young s town n ' étaient  , après tout  , pas  particulièrement familier s avec le socialisme ou la  collect iv isation en général  . </s>

right label: 0	prob: [0.8255763053894043, 0.1744237244129181]	<s> Une femme a un tatouage dans le dos  . </s>

right label: 0	prob: [0.939509928226471, 0.06049007177352905]	<s> L ' a pathie de l ' US WA Uni ted Steel Work ers of America était le syndicat qui représentait les travailleurs de l ' acier de Young s town à le moment de les fermeture s  . </s>

right label: 1	prob: [0.1258087009191513, 0.8741912245750427]	<s> Une machine agricole bleue tire de les personnes le long de rangée s de végétation  , tandis que quatre personnes font quelque chose avec la végétation dans les rangée s  . </s>

right label: 0	prob: [0.7580857872962952, 0.24191422760486603]	<s> Je me sens encore un peu é tour di  . </s>

right label: 0	prob: [0.9293886423110962, 0.07061135023832321]	<s> C ' est une généralisation erroné e  . </s>

right label: 0	prob: [0.9369432926177979, 0.06305667757987976]	<s> Il promet un État moderne à son peuple  , mais la situation devenant explosive  , de les troubles civils éclate nt dans les villes turque s et les personnes considérées comme grecque s sont victimes de menaces et de violences  . </s>

right label: 0	prob: [0.9430544376373291, 0.05694550648331642]	<s> Je ne savais pas comment ils pouvaient manquer de les traits si exotiques  , même dans cette lumière dé form ante  . </s>

right label: 0	prob: [0.9456326365470886, 0.054367393255233765]	<s> J ' ai été surpris à l ' époque que vous pardon ni ez si facilement mes fausses accusations contre les Space r s  , alors que vous m ' aviez auparavant sermon né sur leur sensibilité  . </s>

right label: 1	prob: [0.1724972426891327, 0.8275027275085449]	<s> Une femme tient un parapluie blanc par une nuit noire  . </s>

right label: 0	prob: [0.73127281665802, 0.26872721314430237]	<s> Elle a de le bon sang sous les joues  . </s>

right label: 1	prob: [0.057693809270858765, 0.9423062205314636]	<s> une personne va finalement jusqu ' à le bout </s>

right label: 1	prob: [0.05673857033252716, 0.943261444568634]	<s> Le chat est assis patiemment sur le banc de le piano  . </s>

right label: 0	prob: [0.9236832857131958, 0.07631676644086838]	<s> Je vous aurais juré qu ' il était mort  . </s>

right label: 0	prob: [0.8870612978935242, 0.11293867975473404]	<s> " De les demi - p aires de chaussettes allongée s dans de les tasse s de café à moitié bu es  . </s>

right label: 0	prob: [0.8716912269592285, 0.12830878794193268]	<s> Une femme en chemise rouge est sous une couverture et dort dans un véhicule  . </s>

right label: 0	prob: [0.944705605506897, 0.055294331163167953]	<s> Ils tomba ient maintenant ensemble  , ce qui était très gentil et romantique  , mais ne ré sol vait pas le problème de base  , qui était qu ' ils tomba ient  , et que le sol n ' attendait pas de voir s ' il avait d ' autres tours dans son sac  , mais venait à leur rencontre comme un train express  . </s>

right label: 0	prob: [0.9459735751152039, 0.054026417434215546]	<s> En ce qui concerne son apparence physique  , il suffit de dire que Do y le était assez viril pour les tâches qu ' il s ' était fixées  , robuste  , athlétique  , sans va nité  , mais pas au - dessus d ' un pince ment conditionné de la honte s ' il rencontr ait de les supérieurs sociaux alors qu ' il portait de les manche ttes ou un col eff ilo ché s par ses limites financières  . </s>

right label: 1	prob: [0.2230609804391861, 0.7769390940666199]	<s> Cette petite poupée avait l ' impression qu ' elle ne pouvait plus continuer  . </s>

right label: 0	prob: [0.9448321461677551, 0.055167846381664276]	<s> Cependant  , le résultat de leurs arguments est toujours le même et témoigne de leur sagesse : après chaque conflit  , les Grecs et les  Arménie ns demandent de les temples séparés  . </s>

right label: 1	prob: [0.06318154186010361, 0.9368184804916382]	<s> Un chien court avec un jouet dans sa gueule  . </s>

right label: 0	prob: [0.9452765583992004, 0.05472348630428314]	<s> Qu ' il me suffi s e de dire que je n ' ai pas perçu la moindre trace de modestie chez cette belle jeune fille à peine formée que la mixité moderne  , les mœurs juvénile s  , le va car me de les feux de camp  , etc . avaient complètement et  irrémédiablement dép ra vée  . </s>

right label: 1	prob: [0.06174689903855324, 0.9382531642913818]	<s> De nombreuses personnes marche nt et participent à un défilé  . </s>

right label: 1	prob: [0.4039599597454071, 0.5960400700569153]	<s> Deux personnes s '  affrontent dans un match d ' arts martiaux  . </s>

right label: 1	prob: [0.057775478810071945, 0.9422245025634766]	<s> je veux ce texte  , avec un arbre dans la chambre de mon fils  . </s>

right label: 0	prob: [0.9436181783676147, 0.05638181418180466]	<s> A l ' intérieur  , l ' espace s '  ouvrait sur une large chambre carrée  , avec de les miroir s et si sombre qu ' elle aurait pu être de n ' importe quelle taille  . </s>

right label: 1	prob: [0.12197981774806976, 0.878020167350769]	<s> consacré : la veille de la grande annonce  , le couple a été vu avec ses enfants en train de se promener près de leur maison  . </s>

right label: 0	prob: [0.9244552850723267, 0.07554473727941513]	<s> Car même les meilleures qualités d ' une personne ne peuvent être appréciée s à leur juste valeur que si elles nous sont présentées d ' une manière conforme à nos propres opinions et  inclina tions  . </s>

right label: 0	prob: [0.8181704878807068, 0.18182948231697083]	<s> L ' écran lumineux fourni m ' avait informé de la date et de le lieu de les repas officiels  , mais je n ' avais pas pris la peine de répondre à les invitation s  . </s>

right label: 1	prob: [0.05722661316394806, 0.9427734017372131]	<s> un homme est debout sur un skate board dans une rue </s>

right label: 0	prob: [0.9418671727180481, 0.05813279375433922]	<s> Moi  , j ' ai suivi l ' exemple d ' Adrien ne et je n ' ai rien dit ( je me suis inventé de les excuses pour rester en sécurité dans le mode d ' observation " ga ther - info " )  . </s>

right label: 0	prob: [0.931690514087677, 0.06830944120883942]	<s> S ' il vous plaît  , si nous pouvions le voir  , nous vous en serions très reconnaissant s  . </s>

right label: 1	prob: [0.059618789702653885, 0.9403812289237976]	<s> Réf rig érer l '  écorce jusqu ' à ce qu ' elle soit complètement durci e  . </s>

right label: 0	prob: [0.9438804388046265, 0.05611959099769592]	<s> Le jaune de ce ciel n ' était pas seulement de le s mo g : il était d ' une noirceur pesant e et sanglante  . </s>

right label: 0	prob: [0.9436498880386353, 0.056350041180849075]	<s> En 1946  , les Juifs ne poss éd aient que 7 % de la Palestine  , mais la menace de déplacement était largement perçue par les Arabes  . </s>

right label: 0	prob: [0.9449228048324585, 0.05507716163992882]	<s> J ' ai réalisé que Rachel avait disparu sans laisser d ' indice et que je ne pouvais rien faire d ' autre qu ' attendre qu ' elle se manifeste - ce qui  , si elle était dans une situation où je devrais faire quelque chose  , ne serait probablement jamais  . 4 </s>

right label: 1	prob: [0.05631468445062637, 0.9436852931976318]	<s> personne  , a déménagé et vient certains vendredi s soir s pour rencontrer de nouvelles personnes  . </s>

right label: 1	prob: [0.08536285161972046, 0.9146370887756348]	<s> Elle se d étend en espérant que le repos guérir a son corps  . </s>

right label: 0	prob: [0.941534161567688, 0.058465808629989624]	<s> Une fois - c ' était dans les années trente - il m ' a dit avec un certain  embarras que les femmes ne sont jamais tout à fait elles - mêmes  , ou  , pour le dire cr û ment  , qu ' elles sont toujours en train de faire semblant et de prendre de les attitudes  . </s>

right label: 1	prob: [0.27113160490989685, 0.7288684248924255]	<s> Rien de le tout  , dit Greg en sortant par la porte d ' entrée  . </s>

right label: 0	prob: [0.9471771121025085, 0.05282282084226608]	<s> Les lois in ex or ables de la mécanique céleste avaient décrété que l ' En de avou r était le premier  , et le dernier  , de tous les vaisseaux de l ' Homme qui entre raient en contact avec Ram a  . </s>

right label: 1	prob: [0.06530486792325974, 0.9346950650215149]	<s> Un homme blond chante passionné ment dans le microphone  . </s>

right label: 1	prob: [0.11374571174383163, 0.8862543106079102]	<s> J ' ai passé un bon moment là - bas  . </s>

right label: 1	prob: [0.13007387518882751, 0.8699260950088501]	<s> Certains outils à main sont magnifiquement conçus pour s ' adapter à l ' utilisateur  , par exemple la faux à deux mains  . </s>

right label: 0	prob: [0.9404416680335999, 0.05955833941698074]	<s> Les be y s et les a yan s se le v èrent et prirent congé en silence  , heureux d ' être en vie et aussi perplexe s que s ' ils avaient assisté à un spectacle de pres ti dig itation  . </s>

right label: 1	prob: [0.4095357656478882, 0.5904642343521118]	<s> Tout le monde semble s ' intéresser à lui ces derniers temps  . </s>

right label: 1	prob: [0.058837465941905975, 0.9411625266075134]	<s> une fan montre sa déception alors que la personne était bouleversé e le samedi soir  . </s>

right label: 1	prob: [0.1289963275194168, 0.8710036873817444]	<s> Ce sont les côtes que mon mari cuisine  . </s>

right label: 1	prob: [0.09628787636756897, 0.9037120938301086]	<s> Un homme est assis sur le bord de la route à un stand de fruits  . </s>

right label: 0	prob: [0.9322443604469299, 0.06775566190481186]	<s> Elle a soudain repris sa manière de parler  , celle qu ' il asso ci ait à leur conversation téléphonique : l ' Her z égo vine était pac ifiée  . </s>

right label: 0	prob: [0.8784631490707397, 0.12153679877519608]	<s> Voilà ce qui arrive quand on n ' utilise pas de mercenaire s  . </s>

right label: 1	prob: [0.0564994253218174, 0.9435005784034729]	<s> détendu : une personne a passé son bras autour de l ' épaule de le modèle  . </s>

right label: 0	prob: [0.8256327509880066, 0.17436721920967102]	<s> J ' ai appuyé mes jambes contre le sol en pierre et il était sur moi  . </s>

right label: 1	prob: [0.05754924565553665, 0.942450761795044]	<s> Les enfants se sont amusé s à jouer ensemble  . </s>

right label: 0	prob: [0.940735399723053, 0.05926462262868881]	<s> Essay er de soutenir les usines d ' une ville était impossible face à la dépression qui s ' est étendue à toute l ' industrie  . </s>

right label: 0	prob: [0.8754015564918518, 0.12459846585988998]	<s> Les pommes de terre étaient légères et non grasse s ; </s>

right label: 0	prob: [0.9343608021736145, 0.06563925743103027]	<s> Mon chauffeur a tourné à nouveau à côté d ' un vieil entrepôt dans lequel j ' ai peut - être été une fois lorsque M itch nous a emmené s à une  rave en deuxième année  . </s>

right label: 1	prob: [0.05634334310889244, 0.9436566829681396]	<s> une façon naturelle de recycler les déchets alimentaires - les donner à les poules </s>

right label: 0	prob: [0.7179614901542664, 0.28203850984573364]	<s> Le calme de la pièce y a contribué  , tout comme la vue  . </s>

right label: 0	prob: [0.93150794506073, 0.06849202513694763]	<s> L ' ob si dienne est une roche volcanique dure et vitre use  , qui pouvait être façonné e en outils de coupe et de poignard age  . </s>

right label: 0	prob: [0.9108919501304626, 0.08910806477069855]	<s> Z h eng avait l ' air sceptique  . </s>

right label: 0	prob: [0.9448038339614868, 0.05519617721438408]	<s> Les Otto man s ont apporté de nouvelles influences à les îles qu ' ils contr ô laient  , formant un vaste empire qui s '  étend ait autour de la Méditerranée orientale  . </s>

right label: 0	prob: [0.9105834364891052, 0.08941650390625]	<s> Après un moment  , Ray a dit  , je ne pense pas  . </s>

right label: 1	prob: [0.06191582977771759, 0.9380842447280884]	<s> Ils ont continué à prendre de les photos ensemble devant d ' autres sites historiques  . </s>

right label: 1	prob: [0.060168005526065826, 0.9398320317268372]	<s> - S avou rez ces  tik ki s avec de le ke tch up  . </s>

right label: 0	prob: [0.945686936378479, 0.054313041269779205]	<s> Ces personnes ne ressentent pas le besoin d ' exprimer leur sympathie  , ni de réfléchir à de les moyens d ' éviter de tels incidents  , mais elles ressentent le besoin d ' affirmer leurs droits et de chercher de les réponses rapides et simples - comme le dit Bus ch  , les propriétaires d ' armes à feu voulaient p endre [ l ' enfant ] à l ' arbre le plus haut  . </s>

right label: 0	prob: [0.9455294013023376, 0.05447068065404892]	<s> A ceux qui disaient qu ' ils avaient le sentiment que le savon ne se trouvait pas dans les mines  , le Capitaine s ' était risqué à suggérer que c ' était peut - être parce que personne n ' avait assez cherché  , et cette possibilité avait été reconnue à contre cœur  . </s>

right label: 0	prob: [0.9439597725868225, 0.056040190160274506]	<s> Il reste à voir si cela se produira un jour  , mais l ' aide offerte par la Grèce à la Turquie après le tremblement de terre dévastateur de 1999 est peut - être un signe que l ' anim osité entre ces deux ennemis traditionnels commence à diminuer  . </s>

right label: 0	prob: [0.91580730676651, 0.08419270068407059]	<s> Je me suis demandé si la nourriture livrée dans mes quartiers ces derniers jours avait été aussi incroyable  . </s>

right label: 0	prob: [0.9437825083732605, 0.05621752515435219]	<s> En 15 66  , ils  arrache nt Chi os à les Gé nois  , renforçant ainsi leur main mise sur les îles orientale s de la mer É gée  , mais les C y cla des restent à les mains de les Vé nit iens pendant une autre génération ou plus - Tin os est la dernière à tomber en 17 15  . </s>

right label: 0	prob: [0.9139500260353088, 0.08604995906352997]	<s> Un matériau ancien important  , l ' ob si dienne  , a été découvert sur l ' île de Mil os  . </s>

right label: 0	prob: [0.9197525978088379, 0.08024745434522629]	<s> On m ' emp ois onne  , mais on ne sait pas que je ... si je ... </s>

right label: 1	prob: [0.12668082118034363, 0.8733192086219788]	<s> De les gens regardent un homme jouer à un jeu vidéo de boxe dans un immeuble  . </s>

right label: 1	prob: [0.06939597427845001, 0.9306040406227112]	<s> Une bouteille de Frank s Red Hot B uff alo S au ce est parfaite pour cette recette ! </s>

right label: 1	prob: [0.06992605328559875, 0.9300739765167236]	<s> Un policier est assis sur une moto  . </s>

right label: 1	prob: [0.05712636187672615, 0.9428735971450806]	<s> un conférencier présente un documentaire dans une galerie d ' art de la banlieue tranquille  . </s>

right label: 0	prob: [0.8294631242752075, 0.1705368161201477]	<s> Madame  , je dois tenir compte de sa santé  . </s>

right label: 1	prob: [0.1505671888589859, 0.8494328260421753]	<s> La famille prenant quelques verres avant notre barbecue annuel est toujours un bon souvenir  . </s>

right label: 0	prob: [0.9459820985794067, 0.05401787534356117]	<s> Cependant  , même ces révision nistes conviennent que les Juifs n ' avaient pas l ' intention d '  expulser les musulmans de Palestine  . </s>

right label: 1	prob: [0.10362008959054947, 0.8963798880577087]	<s> On a eu de la d inde ce soir  . </s>

right label: 1	prob: [0.05838447064161301, 0.9416155219078064]	<s> Le chien est assis à l ' arrière de la voiture  . </s>

right label: 0	prob: [0.9407603740692139, 0.059239596128463745]	<s> Et si ce n ' est pas un can ular  , alors je suis directement impliqué et eux aussi  , ce qui me donne le droit de parler avec eux  . </s>

right label: 1	prob: [0.09726476669311523, 0.9027352929115295]	<s> L ' avion de ligne est montré devant le hangar après son arrivée  . </s>

right label: 1	prob: [0.05851428955793381, 0.9414857625961304]	<s> Place z le hamburger dans une casserole avec 1 / 3 de tasse d ' eau  , a s saison nez avec de le sel et de le poivre  . </s>

right label: 1	prob: [0.21028585731983185, 0.7897142171859741]	<s> Je dis  , tu veux une autre bière ? </s>

right label: 0	prob: [0.9468846321105957, 0.05311542749404907]	<s> Après avoir vu mon vaisseau se déchire r  , après avoir passé vingt - trois bonnes heures à flotte r en silence dans l '  épave  , après m ' être demandé si je faisais face à les étoiles de la constellation de la Balance ou de la constellation d ' Or ion vues de la Terre  , après m ' être demandé ce que je ressent ais en s uff o quant et après avoir eu le sentiment que oui  , j '  allais mourir seul dans l ' espace  , il m ' a fallu de le temps pour que ce sentiment se d issi pe  . </s>

right label: 1	prob: [0.09639234095811844, 0.9036076068878174]	<s> la recherche bio médi cale comporte de nombreux murs angulaire s  . </s>

right label: 0	prob: [0.9470043182373047, 0.052995674312114716]	<s> L ' origine de le navire et la raison pour laquelle Je ffer son m ' a sauvé avaient - elles vraiment de l ' importance  , si maintenant  , j ' étais content ? </s>

right label: 0	prob: [0.7720475196838379, 0.2279524803161621]	<s> Quelle est notre destination ? </s>

right label: 1	prob: [0.21861793100833893, 0.7813820242881775]	<s> Deux hommes et une femme sont assis dans une rame de métro  . </s>

right label: 0	prob: [0.9339191913604736, 0.06608074903488159]	<s> L ' univers tel que nous le connaissons ne sera plus le même  . </s>

right label: 0	prob: [0.944439709186554, 0.055560335516929626]	<s> Maintenant  , pouvez - vous me dire quel sera votre plan d ' attaque avant que nous ne tour ni ons dans le sens inverse de les aiguilles d ' une montre dans un roman d ' Anne Ri ce ? </s>

right label: 1	prob: [0.07242570072412491, 0.9275742769241333]	<s> Pour faire la pâte 1 tasse de farine tout usage / Ma ida 1 tasse d ' eau 1 cuillère à soupe de sucre 1 cuillère à soupe d ' huile végétale 1 / 2 cuillère à café de sel Pour faire les Chu rro s Huile pour la f riture Pour saupoudr er / Rou ler 1 cuillère à soupe de sucre 1 cuillère à café de cannelle moulu e </s>

right label: 1	prob: [0.0657891035079956, 0.9342109560966492]	<s> Patrick a lancé la balle ; </s>

right label: 1	prob: [0.059037595987319946, 0.9409623742103577]	<s> Ben se d étend dans un fauteuil confortable à le coin de le feu  . </s>

right label: 0	prob: [0.9322064518928528, 0.0677935928106308]	<s> Il n ' a pas été découragé par la distance  , j ' en suis sûr  . </s>

right label: 1	prob: [0.06898951530456543, 0.9310104250907898]	<s> De les personnes sur de les motos descend ent une rue où flotte un drapeau américain  . </s>

right label: 0	prob: [0.9372776746749878, 0.062722347676754]	<s> Tout membre de l ' équipe qui aurait pu mettre en danger le projet était de la viande  . </s>

right label: 1	prob: [0.055793870240449905, 0.944206178188324]	<s> Un j ockey monte un cheval dans l ' herbe verte  . </s>

right label: 0	prob: [0.8441782593727112, 0.15582169592380524]	<s> Cela ne dérange ait personne ; </s>

right label: 1	prob: [0.06702616065740585, 0.9329738020896912]	<s> De les po m - po m girls en tenue rouge s ' entraîne nt dans l ' herbe  . </s>

right label: 0	prob: [0.9370854496955872, 0.06291458755731583]	<s> Le plafond était haut et en bois  , et je pouvais voir une partie de la cabine d ' un DJ à le bout de le couloir  . </s>

right label: 0	prob: [0.8404604196548462, 0.15953955054283142]	<s> J ' en doute  , dit Mar vin  . </s>

right label: 1	prob: [0.12098667770624161, 0.8790133595466614]	<s> Papa veut savoir si ces balance s sont arrivée s  . </s>

right label: 0	prob: [0.9415848851203918, 0.05841507762670517]	<s> Le comté de Mah on ing était une région mono - industriel le et les habitants de Young s town  , S tru ther s  , Campbell  , Bo ard man Town ship et de les nombreux autres petits villages de la région n ' avaient qu ' un seul employeur principal : les a ci éri es  . </s>

right label: 1	prob: [0.05547264963388443, 0.9445273280143738]	<s> une personne a dirigé la cérémonie de découpe de le gâteau de la fête nationale </s>

right label: 0	prob: [0.9364244341850281, 0.06357558071613312]	<s> La Grèce se voit attribuer une bande de terre le long de la côte occidentale de l ' Asie Mine ure  , où la population grecque était importante depuis plus de 2 000 ans  . </s>

right label: 1	prob: [0.07532298564910889, 0.9246770143508911]	<s> Vous aurez besoin d ' un fer à repasser  , d ' une barre métallique plate ( j ' ai utilisé un niveau )  , d ' un aspirateur  , de sacs My lar et de les aliments à emb aller  . </s>

right label: 0	prob: [0.946358323097229, 0.05364169925451279]	<s> Le vaisseau  , il était étrange et vieux  , soit tellement dépassé  , soit tellement modifié que je ne pouvais pas dire de quelle marque il était  , et d ' une certaine manière  , l ' équipage qui se tenait autour de moi correspond ait à la même description  , un  amalgame de personnes singulière ment atypique  . </s>

right label: 1	prob: [0.05844871327280998, 0.9415512681007385]	<s> Utilisez une cuillère ou un couteau à beurre pour répartir la gelée sur la tranche de pain opposée  , encore ordinaire  . </s>

right label: 0	prob: [0.9175964593887329, 0.0824035257101059]	<s> ... c ' est ce que je pensais  . </s>

right label: 0	prob: [0.9395732879638672, 0.060426756739616394]	<s> Franchement  , je ne sais pas si nous pouvons faire quoi que ce soit contre un vampire  . </s>

right label: 1	prob: [0.07109315693378448, 0.9289067983627319]	<s> L ' homme est souriant et porte un costume  . </s>

right label: 0	prob: [0.9438016414642334, 0.0561983585357666]	<s> Et moi  , je suppose que j ' étais une pièce de plus dans leur puzzle  . </s>

right label: 0	prob: [0.9442027807235718, 0.05579724907875061]	<s> Les événements qui ont suivi cette date ( connus sous le nom de " lundi noir " ) sont considérés par les personnes qui en ont été témoins soit comme de les histoires de grand courage et de détermination  , soit comme de les monuments de l ' échec humain et de les faux espoirs  . </s>

right label: 0	prob: [0.9320805072784424, 0.06791951507329941]	<s> Il était temps de découvrir à quoi ressemblait l ' enfer  . </s>

right label: 1	prob: [0.1048855260014534, 0.8951144218444824]	<s> J ' adore  , dit Greg  , et il regarde H il ary aller vers une petite bouilloire sur une plaque chauffant e dans le coin de la pièce et verser de l ' eau bouillante sur un sachet de thé  . </s>

right label: 1	prob: [0.06120435148477554, 0.9387956857681274]	<s> je vais me faire faire ça pour mes cheveux  . </s>

right label: 1	prob: [0.09120429307222366, 0.9087957143783569]	<s> Mes meilleures amies et moi avons fait en sorte de prendre de les photos ensemble  . </s>

right label: 1	prob: [0.4750322103500366, 0.5249678492546082]	<s> Claire et Am anda ne s ' étaient pas vues depuis dix ans et étaient ravie s de passer de le temps ensemble  . </s>

right label: 0	prob: [0.939240038394928, 0.06075997278094292]	<s> Moi  , j ' ai suivi l ' exemple d ' Adrien ne et je n ' ai rien dit ( je me suis inventé de les excuses pour rester en sécurité en mode observation )  . même si je pensais que Z h eng avait raison  . </s>

right label: 0	prob: [0.5867703557014465, 0.41322964429855347]	<s> Cordialement  , Erik M <unk> ller </s>

right label: 1	prob: [0.05833151564002037, 0.9416685104370117]	<s> Un skate r fait de les figures dans le  hal f pipe  . </s>

right label: 0	prob: [0.5226306319236755, 0.4773693382740021]	<s> Qu ' est - ce que tu en pense s ? demanda le boss u  . </s>

right label: 0	prob: [0.9019472002983093, 0.09805279225111008]	<s> Lorsque j ' ai posté sur Facebook que je venais en ville  , pas moins de trois personnes m ' ont dit que je devais absolument visiter le Tu pel o Ho ney Ca fe  . </s>

right label: 0	prob: [0.9447584748268127, 0.05524151772260666]	<s> Un  observateur occasionnel n ' aurait pas su dire si c ' était parce qu ' il était  ivre  , malade ou suicidaire  , et en effet  , il n ' y avait pas d ' observateurs occasionnel s dans le vieux Pink Dog Bar de le quartier sud de Han D old City  , car ce n ' était pas le genre d ' endroit où l ' on pouvait se permettre de faire les choses avec dés in vol ture si l ' on voulait rester en vie  . </s>

right label: 1	prob: [0.05732894688844681, 0.9426710605621338]	<s> Un ours brun se tient dans l ' herbe le long d ' une route  . </s>

right label: 0	prob: [0.9448038339614868, 0.05519617721438408]	<s> Les Otto man s ont apporté de nouvelles influences à les îles qu ' ils contr ô laient  , formant un vaste empire qui s '  étend ait autour de la Méditerranée orientale  . </s>

right label: 0	prob: [0.9444652199745178, 0.05553479492664337]	<s> Dix on ne pouvait s ' empêcher d ' admirer la façon dont  , sans rien dire ni faire de particulier  , ils s ' établi ssaient si facilement qu ' il n ' était pas censé les accompagner lui - même  . </s>

right label: 0	prob: [0.9296790957450867, 0.07032093405723572]	<s> Nous n ' avons pas embarqué beaucoup de passagers  , juste quelques privilégiés  , éparpill és ici et là entre les étoiles  . </s>

right label: 0	prob: [0.8488525748252869, 0.1511474847793579]	<s> La poussière épaisse amorti ssait nos pas  . </s>

right label: 1	prob: [0.06867390125989914, 0.9313260912895203]	<s> " Si vous le souhaitez  , vous pouvez rassembler de le glaçage ou d ' autres garniture s et décorer votre gâteau " " Cup " " avant de le manger  . </s>

right label: 1	prob: [0.06283334642648697, 0.937166690826416]	<s> Une jeune femme et un jeune homme discute nt avec un groupe d ' autres personnes autour d ' eux  . </s>

right label: 0	prob: [0.940406858921051, 0.05959312245249748]	<s> Le riche parfum de le vin avait une touche de quelque chose de chimique que j ' ai reconnu de le bar  , mais il a rempli ma bouche et a coulé dans mes veines avec une chaleur rassurant e  . </s>

right label: 1	prob: [0.06690695881843567, 0.9330930113792419]	<s> L ' homme pose pour une photo avec une cravate  , de les lunettes de soleil et un chapeau  . </s>

right label: 0	prob: [0.9234620332717896, 0.07653801888227463]	<s> Il est maintenant bien documenté que la CIA a toléré la vente de crack dans les villes américaines pour financer les opérations de les contra s sud - américain s </s>

right label: 0	prob: [0.8942654728889465, 0.10573451966047287]	<s> Son affirmation selon laquelle il est possible d ' acheter de les munitions dans les supermarché s est indépendante de cette affirmation  . </s>

right label: 1	prob: [0.05898807570338249, 0.9410118460655212]	<s> Elle prépare le restaurant pour l ' arrivée de les clients  . </s>

right label: 1	prob: [0.0807432234287262, 0.9192568063735962]	<s> Elle entre dans le bâtiment  . </s>

right label: 1	prob: [0.06799045950174332, 0.9320095777511597]	<s> Ce sont de les filles qui jouent à un jeu vidéo </s>

right label: 0	prob: [0.9459198117256165, 0.05408021807670593]	<s> Ceux qui vivaient encore étaient frappé s et a pathique s  , comme s ' ils souf fr aient d ' une maladie de l ' esprit plutôt que de le corps  . </s>

right label: 1	prob: [0.057744406163692474, 0.9422556161880493]	<s> l ' image peut contenir : personne  , sur scène  , assis  , jouant d ' un instrument de musique et intérieur </s>

right label: 1	prob: [0.05930126830935478, 0.9406988024711609]	<s> Un troupeau de z è bres b route dans un champ  . </s>

right label: 0	prob: [0.9424797296524048, 0.05752028524875641]	<s> Les jours passaient  , les semaines passaient  , mais je ne pouvais pas dire si cela faisait de les mois ou de les années que j ' avais été se cour u  . </s>

right label: 1	prob: [0.05875490605831146, 0.9412451386451721]	<s> Un homme marche dans un marché étroit </s>

right label: 0	prob: [0.9418979287147522, 0.05810210481286049]	<s> J ' ai appelé M itch et nos autres amis  , en espérant que le hangar s ' était écrasé chez l ' un d ' entre eux  , mais je n ' ai pas eu de chance  . </s>

right label: 0	prob: [0.9278267621994019, 0.07217321544885635]	<s> C ' était D vor ov  . </s>

right label: 1	prob: [0.05998685956001282, 0.9400131702423096]	<s> Chauffe r le four à  375 degrés F . Déposer une couche de sauce à le fond d ' un plat de cuisson de 9 par 13 pouces  . </s>

right label: 0	prob: [0.9426334500312805, 0.057366568595170975]	<s> Tara ne laissera pas ses espoirs démesuré s les entraîner sur un rocher qui signifie rait la fin de le projet et de l ' espèce Arr al lin  . </s>

right label: 0	prob: [0.9292888641357422, 0.070711150765419]	<s> La pièce pu ait  , principalement son propre désespoir  . </s>

right label: 0	prob: [0.8133227825164795, 0.1866772174835205]	<s> Une femme est dans un bus public traversant une ville  . </s>

right label: 1	prob: [0.05457378178834915, 0.9454262256622314]	<s> Un hi bou est assis dans la branche d ' un arbre </s>

right label: 1	prob: [0.09065831452608109, 0.9093416929244995]	<s> Un jeune homme et une femme apprécient un repas  . </s>

right label: 1	prob: [0.09256988763809204, 0.907430112361908]	<s> Un homme est debout dans un salon  . </s>

right label: 0	prob: [0.9251919388771057, 0.07480805367231369]	<s> Je ne sais pas comment on aurait pu l ' entendre avec la musique  . " </s>

right label: 0	prob: [0.9440827965736389, 0.0559171587228775]	<s> Tout s '  efface  , se perd en poussière et en atomes dispersé s entre les étoiles  , et chacun d ' entre nous se retrouve aussi seul qu ' à le moment de sa naissance  . </s>

right label: 0	prob: [0.9451631307601929, 0.0548369400203228]	<s> Il ne savait pas que T ed Col e avait cessé d ' être un travailleur acharné  , et que ce qui restait de les " normes " doute uses de T ed avait été compromis par l ' échec insupportable de son mariage avec Marion - ceci en combinaison avec ces décès inacceptable s  . </s>

right label: 1	prob: [0.06603024154901505, 0.9339697360992432]	<s> Un avi ateur guide un drone alors qu ' il se dirige vers la piste d '  atterrissage  . </s>

right label: 0	prob: [0.9393442273139954, 0.06065578758716583]	<s> J ' essaie de me lever  , mais je retombe  , paralysé par le froid et la prise de conscience de ma misérable  impuissance  . </s>

right label: 0	prob: [0.9157420992851257, 0.0842578336596489]	<s> Mus ta fa avait 14 ans quand il a été tué  . </s>

right label: 1	prob: [0.06854232400655746, 0.9314576387405396]	<s> Pour créer le visage de Pep pa  , vous devez réaliser une forme de cœur  . </s>

right label: 0	prob: [0.9403489828109741, 0.059651006013154984]	<s> La raison pour laquelle il a été publié sous la forme d ' un composant électronique micro - sous - mé son est que s ' il était imprimé sous la forme d ' un livre normal  , un auto - s top peur inter s tel laire aurait besoin de plusieurs bâtiments de taille in com mode pour le transporter  . </s>

right label: 0	prob: [0.9468692541122437, 0.053130801767110825]	<s> Après avoir vu mon vaisseau se déchire r  , après avoir passé vingt - trois bonnes heures à flotte r en silence dans l '  épave  , à me demander si je faisais face à les étoiles de la constellation de la Balance ou de la constellation d ' Or ion vues de la Terre  , à me demander ce que cela faisait de s uff o quer  , et après avoir eu le sentiment que oui  , j '  allais en fait mourir seul dans l ' espace  , il a fallu de le temps pour que ce sentiment se d issi pe  . </s>

right label: 0	prob: [0.9389751553535461, 0.06102481856942177]	<s> La lutte a contour né la plupart de les îles  , bien que de violents combats aient eu lieu à Sam os  . </s>

right label: 1	prob: [0.06123751029372215, 0.9387624859809875]	<s> voiture de reportage restée gar ée devant la maison  . </s>

right label: 1	prob: [0.05740556865930557, 0.9425944685935974]	<s> Un jeune ours gr izz ly se promène dans un ruisseau  . </s>

right label: 0	prob: [0.9387549161911011, 0.06124510243535042]	<s> Il est maintenant bien documenté que la CIA a toléré la vente de crack dans les villes américaines pour financer les opérations de les contra s sud - américain s  . </s>

right label: 1	prob: [0.10495372116565704, 0.8950462341308594]	<s> Une vieille télévision est assise sur une plage de sable  . </s>

right label: 0	prob: [0.9459701776504517, 0.05402986705303192]	<s> L ' Empire byzantin possédait de les villes puissantes et bien fortifié es  , mais les campagnes et les îles périphériques étaient ravagé es par de les vagues d '  envahisseur s  . </s>

right label: 1	prob: [0.0626247301697731, 0.9373753070831299]	<s> Un homme passe devant un bâtiment couvert de graffiti s  . </s>

right label: 0	prob: [0.9385396242141724, 0.06146033853292465]	<s> C ' est le message clé de cette partie de l ' animation  , qui est à nouveau ignoré par ses détracteurs  . </s>

right label: 1	prob: [0.29699429869651794, 0.7030056715011597]	<s> 2 ) </s>

right label: 1	prob: [0.25269559025764465, 0.7473044395446777]	<s> J ' ai roulé aussi vite que possible jusqu ' à ce que je trouve l ' école  . </s>

right label: 1	prob: [0.06166395917534828, 0.9383360743522644]	<s> Plusieurs personnes se dirigent vers la plage pour aller faire de le surf  . </s>

right label: 1	prob: [0.07108377665281296, 0.9289162755012512]	<s> Un jeune garçon se tient à le bord d ' un  étang  . </s>

right label: 0	prob: [0.8385860919952393, 0.16141393780708313]	<s> Dans un autre ordre d ' idées  , j ' ai fait une découverte à le Tu pel o Ho ney Ca fe  , que j '  aimerais partager avec vous maintenant  . </s>

right label: 1	prob: [0.0560561902821064, 0.9439438581466675]	<s> une personne utilise de les huiles pour peindre à la main une publicité  . </s>

right label: 0	prob: [0.9399448037147522, 0.06005513668060303]	<s> Un opportuniste et un homme d ' affaires  , tel était Je ffer son  . </s>

right label: 1	prob: [0.05663710832595825, 0.943362832069397]	<s> Un homme vérifie son téléphone en s ' ass ey ant sur un banc de pierre  . </s>

right label: 1	prob: [0.16659042239189148, 0.8334095478057861]	<s> les c ow - boy s comme lui existent - ils vraiment ? </s>

right label: 0	prob: [0.9145277142524719, 0.08547230064868927]	<s> Si - " Vous voyez ce que je veux dire  . </s>

right label: 0	prob: [0.9400585889816284, 0.05994141846895218]	<s> Comment pourrait - il même penser à bl âme r la pauvreté et les programmes de travail forcé pour tout ce qui arrive de mal ? </s>

right label: 0	prob: [0.7276503443717957, 0.27234962582588196]	<s> La nourriture était délicieuse et tout le monde était ras s asi é et heureux  . </s>

right label: 1	prob: [0.12773971259593964, 0.8722602725028992]	<s> Ils avaient une grande variété d ' aliments parmi lesquels choisir  . </s>

right label: 0	prob: [0.9431377649307251, 0.0568622425198555]	<s> On pourrait penser que ce sont là les philosophe s professionnels : trop occupés à thé or iser dans l ' abstrait pour remarquer à quelle station ils se trouvent  , sans parler de ce qui se passe dans le monde non abstrait dans lequel nous vivons tous  . </s>

right label: 1	prob: [0.05617092177271843, 0.9438289999961853]	<s> R assemble z les ingrédients nécessaires à la préparation de les c up cake s à le chocolat  . </s>

right label: 1	prob: [0.08821115642786026, 0.9117888808250427]	<s> Un jeune garçon en maillot de bain jette une pierre dans l ' eau  . </s>

right label: 1	prob: [0.0639331117272377, 0.9360668659210205]	<s> Un homme est assis dans l ' herbe avec une vache près d ' une clôture  . </s>

right label: 1	prob: [0.09552746266126633, 0.9044725298881531]	<s> De bout devant un tableau noir numérique  , il a commencé à noter de les informations importantes qui se sont affichée s instantanément  . </s>

right label: 0	prob: [0.9260585904121399, 0.07394146919250488]	<s> Un homme vêtu d ' un sweat - shirt à capuche bleu a les mains sur les rayons arrière de son vélo renversé  , alors qu ' il est assis sur un mur et couvert de graffiti s parmi de les palmier s  . </s>

right label: 0	prob: [0.9444298148155212, 0.05557014048099518]	<s> Il savait que cette grotte sacrée était réservée exclusivement à les reli ques de les Pape s  , mais d ' une certaine manière Mort ati a senti que c ' était approprié  . </s>

right label: 1	prob: [0.06454215943813324, 0.9354578852653503]	<s> Une vieille femme regarde le gâteau de son 95 e anniversaire  . </s>

right label: 1	prob: [0.09609430283308029, 0.9039056897163391]	<s> améliorez votre événement avec une performance de qualité  , nous pouvons vous aider  , appelez - nous dès aujourd ' hui ! </s>

right label: 0	prob: [0.6921308040618896, 0.30786916613578796]	<s> mais j ' admet s que le roman est actuellement en retard sur la réalité probable  . </s>

right label: 1	prob: [0.05998685956001282, 0.9400131702423096]	<s> Chauffe r le four à  375 degrés F . Déposer une couche de sauce à le fond d ' un plat de cuisson de 9 par 13 pouces  . </s>

right label: 0	prob: [0.7724631428718567, 0.2275368869304657]	<s> De les gens sont dehors en train de dans er lors d ' un événement nocturne tandis que les artistes chantent et jouent de les instruments sur une scène bien éclairée  . </s>

right label: 0	prob: [0.9278959631919861, 0.07210403680801392]	<s> Si c ' était en mars  , cela signifiait que nous étions ensemble depuis presque un an et demi  . </s>

right label: 0	prob: [0.8735195398330688, 0.12648046016693115]	<s> Un homme en maillot de bain noir est en train de plonger d ' un plonge oir dans une piscine  . </s>

right label: 0	prob: [0.6943051218986511, 0.3056948482990265]	<s> Personne ne s ' en souci e ; </s>

right label: 1	prob: [0.0595351941883564, 0.9404648542404175]	<s> Place z le beurre et le sucre dans un grand bol à mélanger et batte z - les ensemble jusqu ' à ce qu ' ils soient légers et mousse ux  . </s>

right label: 0	prob: [0.9381618499755859, 0.06183809041976929]	<s> Même L ock he ed ne croyait pas que le public était aussi cré du le  . </s>

right label: 1	prob: [0.0975704938173294, 0.902429461479187]	<s> Je ne pouvais pas m ' arrêter sans prendre une dernière photo de les montagnes enneigé es ! </s>

right label: 0	prob: [0.919991672039032, 0.08000835031270981]	<s> L ' acier étranger était également beaucoup moins cher  . </s>

right label: 0	prob: [0.7946398854255676, 0.20536015927791595]	<s> C ' était le thème m élo dra matique de ce soir : la nature éphémère de la vie  . </s>

right label: 1	prob: [0.07184162735939026, 0.9281583428382874]	<s> É goutte r le bœuf haché en laissant une petite quantité de graisse dans la casserole avec le bœuf haché et ajouter le rot el  , la crème de soupe à le poulet  , l '  assaisonnement pour ta cos  , le j ala pe no haché et une boîte de soupe pleine d ' eau  . </s>

right label: 1	prob: [0.061203695833683014, 0.93879634141922]	<s> Batt ez en crème le beurre et le sucre jusqu ' à ce qu ' ils soient légers et mousse ux  . </s>

right label: 1	prob: [0.05769810825586319, 0.942301869392395]	<s> Le chat regarde à l ' intérieur de le sac à dos ouvert  . </s>

right label: 1	prob: [0.06967402249574661, 0.930325984954834]	<s> Un homme est allongé dans le sable à côté d ' une vache  . </s>

right label: 0	prob: [0.8806024789810181, 0.11939745396375656]	<s> Sur votre page web  , vous déclare z que la résolution de Moore est discutable  . </s>

right label: 0	prob: [0.9136788845062256, 0.08632113039493561]	<s> Le sien était coupé de près  , avec une touche de style qui accent u ait les beaux angles de ses pomme ttes et de sa mâchoire  . </s>

right label: 0	prob: [0.8224314451217651, 0.17756853997707367]	<s> Il allait nous donner de les informations précieuses pour elle  . </s>

right label: 0	prob: [0.9261502027511597, 0.07384979724884033]	<s> Le taux de chômage est faible par rapport à les villes environnant es  , et les rues sont propres et bien entretenue s  . </s>

right label: 0	prob: [0.9460234045982361, 0.05397665500640869]	<s> L ' église était complètement différente maintenant : la lumière de le soleil tombait à travers les vitraux  , at trap ant la poussière qui flot tait encore dans l ' air et envoyant une chaleur sèche et saine dans les bords de la pièce  , à travers la pierre et le béton poudre ux qui avaient été recouvert s la nuit dernière par la chair et les lumières clignotant es  . </s>

right label: 1	prob: [0.09265147894620895, 0.9073485732078552]	<s> Les gens passaient un bon moment et avaient de les conversations  . </s>

right label: 0	prob: [0.8330202698707581, 0.16697971522808075]	<s> Tu veux rester coincé ici pour le reste de ta vie ? </s>

right label: 1	prob: [0.28482624888420105, 0.7151737809181213]	<s> Après minuit  , tout le monde se sentait fatigué et é tour di  . </s>

right label: 0	prob: [0.8970311880111694, 0.10296878963708878]	<s> Un jeune garçon est sur le dos d ' une autre personne qui porte un chapeau  . </s>

right label: 1	prob: [0.05808139219880104, 0.9419185519218445]	<s> Un chat noir et blanc regarde dans la cuvette de les toilettes  . </s>

right label: 1	prob: [0.10114279389381409, 0.8988571763038635]	<s> Les ingrédients nécessaires pour ce goûter sont une préparation pour gâteau à le chocolat  , 3 œufs  , 1 / 3 de tasse d ' huile végétale  , 1 tasse d ' eau  , 1 boîte de sucre en poudre  , 1 bâton de mar gar ine  , 4 cuillère s à soupe de cacao  , 1 / 4 de tasse de lait  , de les Twi zz ler s  , de les M & M ' s  , de les paillettes  , de le papier ci ré et de les  écorce s d ' amandes à le chocolat blanc  . </s>

right label: 0	prob: [0.9436498880386353, 0.056350041180849075]	<s> En 1946  , les Juifs ne poss éd aient que 7 % de la Palestine  , mais la menace de déplacement était largement perçue par les Arabes  . </s>

right label: 1	prob: [0.1553739607334137, 0.8446260690689087]	<s> Bien sûr  , dit Greg ..  , </s>

right label: 0	prob: [0.9159091711044312, 0.08409079909324646]	<s> La première loi de la thermodynamique affirme sans équivoque que l ' énergie est toujours conservé e et qu ' elle ne peut donc ni se perdre ni se renouveler  . </s>

right label: 1	prob: [0.05927126482129097, 0.9407287240028381]	<s> Dans un four pré chauffé à 400 degrés  , faites cuire votre zombie pendant 15 -18 minutes  . </s>

right label: 1	prob: [0.058242350816726685, 0.9417576193809509]	<s> Un homme marche tout en utilisant son téléphone portable  . </s>

right label: 0	prob: [0.9287498593330383, 0.07125017046928406]	<s> C ' est de lui qu ' il s '  agissait  . </s>

right label: 1	prob: [0.05784092843532562, 0.942159116268158]	<s> Un enfant blond joue avec un ornement de jardin en métal  . </s>

right label: 1	prob: [0.2325361669063568, 0.7674638032913208]	<s> Bon  , je vais aller me coiffe r  . </s>

right label: 0	prob: [0.9440656900405884, 0.05593428015708923]	<s> Par os et And ros ont contribué à l '  armement pers e  , tandis que d ' autres soute naient Athènes  . </s>

right label: 0	prob: [0.9421867728233337, 0.057813286781311035]	<s> Fait : L ' enfer  , c ' est les autres  . </s>

right label: 0	prob: [0.9454838633537292, 0.05451611429452896]	<s> Ne p thy s nous a conduit dans un couloir qui correspond ait à la façade de le bâtiment  , un couloir v oût é  , un  intestin ne rv uré  , dont les murs noirs avaient un aspect organique inquiétant  . </s>

right label: 0	prob: [0.8955631256103516, 0.10443694144487381]	<s> Mais nous voyons de nouveaux visages  . </s>

right label: 0	prob: [0.9459723830223083, 0.05402757227420807]	<s> Le nouveau juif palestinien  , disaient - ils  , devait être physiquement plus fort que les commerçants intelligents qui avaient été pi éti nés en Europe  . </s>

right label: 1	prob: [0.1992969959974289, 0.8007029891014099]	<s> l ' organisation a déménagé dans de les locaux temporaire s près de l '  intersection de les routes en avril pendant que le bâtiment principal subit de les rénovation s d ' une valeur de 14 , 4 millions de dollars  . </s>342 out of 416