
Uses verb segment ids: no
Model: flaubert/flaubert_base_uncased
Model type: flaubert/flaubert_base_uncased
Train set: 3328
Validation set: 416
Test set: 416
transformer.attentions.0.q_lin.bias                           (768,)
transformer.attentions.0.k_lin.weight                     (768, 768)
transformer.attentions.0.k_lin.bias                           (768,)
transformer.attentions.0.v_lin.weight                     (768, 768)
transformer.attentions.0.v_lin.bias                           (768,)
transformer.attentions.0.out_lin.weight                   (768, 768)
transformer.attentions.0.out_lin.bias                         (768,)
transformer.attentions.1.q_lin.weight                     (768, 768)
transformer.attentions.1.q_lin.bias                           (768,)
transformer.attentions.1.k_lin.weight                     (768, 768)
transformer.attentions.1.k_lin.bias                           (768,)
transformer.attentions.1.v_lin.weight                     (768, 768)
transformer.attentions.1.v_lin.bias                           (768,)
transformer.attentions.1.out_lin.weight                   (768, 768)
transformer.attentions.1.out_lin.bias                         (768,)
transformer.attentions.2.q_lin.weight                     (768, 768)
	======== Epoch 1 / 4 ========
Training...
	Batch    40	of	  104.		Elapsed: 0:04:19.
	Batch    80	of	  104.		Elapsed: 0:08:40.
	Average training loss: 0.60
	Training epoch took: 0:11:18
	Running Validation...
	Accuracy: 0.79
	Validation took: 0:00:24
	Confusion matrix:
              precision    recall  f1-score   support

           0       0.80      0.81      0.81       227
           1       0.77      0.76      0.77       189

    accuracy                           0.79       416
   macro avg       0.79      0.79      0.79       416
weighted avg       0.79      0.79      0.79       416

	======== Epoch 2 / 4 ========
Training...
	Batch    40	of	  104.		Elapsed: 0:04:22.
	Batch    80	of	  104.		Elapsed: 0:08:44.
	Average training loss: 0.44
	Training epoch took: 0:11:21
	Running Validation...
	Accuracy: 0.84
	Validation took: 0:00:24
	Confusion matrix:
              precision    recall  f1-score   support

           0       0.87      0.83      0.85       227
           1       0.81      0.85      0.83       189

    accuracy                           0.84       416
   macro avg       0.84      0.84      0.84       416
weighted avg       0.84      0.84      0.84       416

	======== Epoch 3 / 4 ========
Training...
	Batch    40	of	  104.		Elapsed: 0:04:22.
	Batch    80	of	  104.		Elapsed: 0:08:45.
	Average training loss: 0.36
	Training epoch took: 0:11:22
	Running Validation...
	Accuracy: 0.84
	Validation took: 0:00:24
	Confusion matrix:
              precision    recall  f1-score   support

           0       0.87      0.84      0.85       227
           1       0.81      0.85      0.83       189

    accuracy                           0.84       416
   macro avg       0.84      0.84      0.84       416
weighted avg       0.84      0.84      0.84       416

	======== Epoch 4 / 4 ========
Training...
	Batch    40	of	  104.		Elapsed: 0:04:23.
	Batch    80	of	  104.		Elapsed: 0:08:46.
	Average training loss: 0.30
	Training epoch took: 0:11:24
	Running Validation...
	Accuracy: 0.84
	Validation took: 0:00:24
	Confusion matrix:
              precision    recall  f1-score   support

           0       0.87      0.84      0.85       227
           1       0.81      0.85      0.83       189

    accuracy                           0.84       416
   macro avg       0.84      0.84      0.84       416
weighted avg       0.84      0.84      0.84       416

Loaded model succesful. Running testing...
Accuracy: 0.84
Confusion matrix:
              precision    recall  f1-score   support

           0       0.87      0.84      0.85       227
           1       0.81      0.85      0.83       189

    accuracy                           0.84       416
   macro avg       0.84      0.84      0.84       416
weighted avg       0.84      0.84      0.84       416


Wrong predictions:

wrong label: 1	prob: [0.20091290771961212, 0.7990871071815491]	E n refer mant la boîte , il s ' est arrêté près de la porte ouverte et m ' a regardé . 

wrong label: 1	prob: [0.11608540266752243, 0.8839146494865417]	D e les groupes de personnes sont dans un parc urbain ou marchent vers le quartier principal . 

wrong label: 0	prob: [0.9365682601928711, 0.0634317547082901]	J e comprends , la police ne porterait pas plainte pour une personne qui a disparu pendant la nuit . 

wrong label: 1	prob: [0.03138580918312073, 0.9686142206192017]	Il m ' a fallu une trentaine de secondes pour choisir le sandwich à le poulet C har les ton : poitrine de poulet mar inée et grill ée sur un pain à le levain avec de le hav ar ti fondu , de la lai tue romaine et de la mayonnaise à les cann e berges . 

wrong label: 1	prob: [0.42906197905540466, 0.5709380507469177]	L or sque le lecteur souhaite approfondir certains sujets , ou lorsque de les questions techniques sont en jeu , la lecture de les ouvrages pertinents cités dans la bibliographie est recommandée . 

wrong label: 1	prob: [0.013986906968057156, 0.9860131144523621]	U ne foule se rassemble dans un bar local . 

wrong label: 1	prob: [0.214218869805336, 0.7857811450958252]	U n homme en chemise rouge tient deux animaux écor chés morts sur une table , avec une scie à proximité et un couteau à la main . 

wrong label: 1	prob: [0.021580791100859642, 0.9784191846847534]	D eux hommes regardent dans les téles copes solaires . 

wrong label: 1	prob: [0.41547340154647827, 0.584526538848877]	S a crinière est si cool . 

wrong label: 0	prob: [0.8129008412361145, 0.18709924817085266]	C er tains messages étaient politiques . 

wrong label: 1	prob: [0.04611372575163841, 0.9538862109184265]	La chaîne de la corde s ' en roule sur mes genoux . 

wrong label: 1	prob: [0.23847651481628418, 0.761523425579071]	C ela fait plus d ' une semaine , et je veux danser . 

wrong label: 0	prob: [0.8027189373970032, 0.19728103280067444]	Ç a ne te fati gu erait pas ? dit rapidement D es mond . 

wrong label: 0	prob: [0.5536536574363708, 0.44634634256362915]	J e commençais à être très fatigué . 

wrong label: 1	prob: [0.2921748161315918, 0.707825243473053]	U ne médecine pour l ' esprit 

wrong label: 1	prob: [0.37637993693351746, 0.6236200928688049]	V oy ager à l ' étranger peut être un plaisir ! 

wrong label: 1	prob: [0.005037891212850809, 0.9949620962142944]	" D e les demi- paires de chaussettes allon gées dans de les tasses de café à moitié bu es . 

wrong label: 0	prob: [0.8098658323287964, 0.19013413786888123]	J e veux prendre mon badge , sinon si tu le ti res , il va déchirer mon jean . 

wrong label: 0	prob: [0.5363680720329285, 0.46363192796707153]	J e vous le li rai plus tard et vous dirai exactement ce qui se passe . 

wrong label: 0	prob: [0.6930833458900452, 0.3069166839122772]	C a sey , qui n ' était pas sûre de son avenir , était devenue une grande créatrice de mode à N ew Y or k . 

wrong label: 0	prob: [0.7877042889595032, 0.21229568123817444]	J e ne l ' ai jamais fait , dit R ose , avec sa vieille énergie . 

wrong label: 0	prob: [0.8137587308883667, 0.1862412840127945]	E st -ce que C laire est passée ? 

wrong label: 0	prob: [0.7496941685676575, 0.25030580163002014]	I ls devaient être riches , vu la taille de leurs pierres tom bales . 

wrong label: 1	prob: [0.38062283396720886, 0.6193771958351135]	M on chauffeur a tourné à nouveau à côté d ' un vieil entrepôt dans lequel j ' ai peut-être été une fois lorsque M it ch nous a emmenés à une r ave en deuxième année . 

wrong label: 1	prob: [0.04156262055039406, 0.9584373831748962]	T out le monde est habillé à les couleurs de mon mariage . 

wrong label: 1	prob: [0.38208872079849243, 0.6179112792015076]	U n chien noir participe à une course de chiens . 

wrong label: 1	prob: [0.11208559572696686, 0.8879144191741943]	Le calme de la pièce y a contribué , tout comme la vue . 

wrong label: 1	prob: [0.2938804030418396, 0.7061196565628052]	C ' est H allo ween et tous les enfants sont déguisés . 

wrong label: 1	prob: [0.10357049107551575, 0.8964294791221619]	D e nombreuses personnes sont dehors et regardent les patin eurs sur glace . 

wrong label: 1	prob: [0.19705338776111603, 0.8029466271400452]	U n petit garçon en chemise blanche fait de l ' escalade . 

wrong label: 0	prob: [0.5489804744720459, 0.4510195851325989]	E h bien , je ne vais pas le faire là-dedans . 

wrong label: 0	prob: [0.6921298503875732, 0.30787014961242676]	U n homme portant une casquette noire , une chemise noire à manches longues et un tablier violet est souriant 

wrong label: 0	prob: [0.8959819674491882, 0.10401800274848938]	La vérité est que je n ' ai aucune chance de trouver un emploi . 

wrong label: 1	prob: [0.34037455916404724, 0.6596254110336304]	E lles ont toujours été ma partie préférée de les mythes grecs que j ' ai lus à l ' école primaire . 

wrong label: 1	prob: [0.004508726764470339, 0.9954913258552551]	D e les adultes et de les enfants dansent dans une pièce . 

wrong label: 0	prob: [0.9965009689331055, 0.003498996375128627]	Il ne l ' attribue certainement pas à un discours où elle n ' a pas été prononcée et , comme indiqué ci-dessus , le faire deux fois n ' aurait aucun sens si M o ore était le maître de la tromperie que ses détracteurs prétendent qu ' il est . 

wrong label: 0	prob: [0.7519470453262329, 0.2480529248714447]	P ar exemple , toute tâche de diagnostic peut être facilitée par une tax onomie de les symptômes et une tax onomie de les causes , ainsi que par les liens entre eux . 

wrong label: 0	prob: [0.986993670463562, 0.013006380759179592]	P as seulement parce que c ' était un motif ridi culement in adéquat , mais parce que ce n ' était pas vrai . , 

wrong label: 1	prob: [0.4205574095249176, 0.5794425010681152]	U ne maison est en construction . 

wrong label: 0	prob: [0.6948704719543457, 0.3051294982433319]	P apa veut savoir si ces balances sont arrivées . 

wrong label: 0	prob: [0.9517790079116821, 0.04822097718715668]	M ais ... bon , personne d ' important ne disparaît jamais , alors ça n ' a pas vraiment d ' importance , n ' est -ce pas ? 

wrong label: 0	prob: [0.5947239995002747, 0.40527600049972534]	N ous étions très proches . 

wrong label: 1	prob: [0.03991026431322098, 0.9600896835327148]	U n joueur de tennis asiatique s ' apprête à frapper la balle . 

wrong label: 0	prob: [0.8645372986793518, 0.13546274602413177]	M ais voyant un regard de sympathie , elle a répondu : O ui , c ' est vrai . 

wrong label: 1	prob: [0.19760358333587646, 0.8023964762687683]	Il s ' est assis sans bouger et a ignoré la pensée furieusement . 

wrong label: 1	prob: [0.02868971973657608, 0.9713103175163269]	U n homme vêtu de cuir noir avec un band ana rouge sourit à la caméra . 

wrong label: 1	prob: [0.05841432511806488, 0.9415857195854187]	Les photos vont être magnifiques . 

wrong label: 1	prob: [0.17348626255989075, 0.8265137672424316]	La réception va être géniale . 

wrong label: 1	prob: [0.2273678034543991, 0.7726321816444397]	R . 

wrong label: 1	prob: [0.23504142463207245, 0.7649586200714111]	D eux femmes et un homme portent de les vestes noires et souri ent . 

wrong label: 1	prob: [0.02137191966176033, 0.9786280989646912]	vous l ' utilisez pour faire naviguer un mini radeau sur la lente et lourde rivière M oth ; 

wrong label: 0	prob: [0.6264258027076721, 0.37357422709465027]	un ami est quelqu' un qui peut voir la vérité et la douleur en vous , même lorsque vous trompez tout le monde . 

wrong label: 0	prob: [0.7588863372802734, 0.24111366271972656]	2 ) 

wrong label: 0	prob: [0.7350766658782959, 0.2649233937263489]	E t cela aurait pu facilement la faire pani quer . 

wrong label: 1	prob: [0.014116227626800537, 0.9858837723731995]	D eux jeunes hommes exécutent un numéro de danse moderne . 

wrong label: 1	prob: [0.04435047134757042, 0.9556494951248169]	D e les gens sont dehors en train de danser lors d ' un événement nocturne tandis que les artistes chantent et jouent de les instruments sur une scène bien éclairée . 

wrong label: 0	prob: [0.9524044394493103, 0.04759552329778671]	J e n ' aime pas l ' attitude de le peuple E mma . 

wrong label: 1	prob: [0.475059449672699, 0.524940550327301]	P lu si eurs personnes , dont l ' une est à vélo , traversent une rue très fréquentée . 

wrong label: 0	prob: [0.8640297055244446, 0.13597026467323303]	U ne aptitude est donc une capacité plus une inclin ation ou un intérêt . 

wrong label: 0	prob: [0.644180178642273, 0.35581982135772705]	Le soir , les routes étaient relativement dégagées . 

wrong label: 1	prob: [0.0815197229385376, 0.9184802770614624]	Les couverts sont vraiment magnifiques . 

wrong label: 1	prob: [0.4304397702217102, 0.5695602893829346]	E t les meilleurs acteurs , chanteurs et danseurs de l ' O pé ra étaient là pour agrémenter les dîners . 

wrong label: 1	prob: [0.39280736446380615, 0.6071926355361938]	T u veux rester coincé ici pour le reste de ta vie ? 

wrong label: 0	prob: [0.7695626616477966, 0.23043733835220337]	A près minuit , tout le monde se sentait fatigué et étour di . 

wrong label: 0	prob: [0.7726243138313293, 0.22737561166286469]	P ar définition et intentionnellement , les rou tines sont in flexibles . 

wrong label: 0	prob: [0.7578632831573486, 0.24213670194149017]	Il y avait aussi beaucoup de gens qui prê taient serment . 66 out of 416

Right predictions:

right label: 0	prob: [0.8623902797698975, 0.13760969042778015]	M ais ce décret n ' avait pas la puissance de le droit civil derrière lui . 

right label: 0	prob: [0.9492220878601074, 0.050777941942214966]	Il est certain que M o ore est l ' un de les cinéastes les plus talentueux de les É tats- U nis aujourd' hui , et que son film méritait pleinement son O s car . 

right label: 0	prob: [0.9293469190597534, 0.07065305858850479]	C ' était juste une petite installation où quelqu' un avait empil é quelques caisses et apporté quelque chose d ' alcool isé à partager , principalement de la bière . 

right label: 1	prob: [0.27292197942733765, 0.7270780801773071]	U n chien blond est allongé sur le carrelage 

right label: 1	prob: [0.0031537439208477736, 0.9968462586402893]	U ne personne tient un long ho t- dog devant une boîte d ' animaux en peluche . 

right label: 1	prob: [0.013274187222123146, 0.9867258071899414]	U ne femme tient un ours en peluche et sourit . 

right label: 1	prob: [0.018631137907505035, 0.981368899345398]	U ne femme tient un ours habillé comme un soldat britannique . 

right label: 0	prob: [0.9876223206520081, 0.012377738952636719]	C ' est naïf à l ' extrême - H es ton ne serait pas président de la N R A s ' il n ' était pas tenu à le courant de les cas les plus marquants de violence armée . 

right label: 0	prob: [0.8271780610084534, 0.17282192409038544]	J e ne suis pas sûre d ' être prête à sortir . 

right label: 1	prob: [0.07292815297842026, 0.9270718693733215]	E lle aimait poser et sourire pour l ' appareil photo . 

right label: 1	prob: [0.03321105241775513, 0.9667889475822449]	cabines privées - pour les invités les plus importants , nous avons de les lits situés dans de les cabines privées . 

right label: 1	prob: [0.06648620963096619, 0.9335137605667114]	Il s ' est rapidement famili arisé avec les collègues de la nouvelle entreprise . 

right label: 0	prob: [0.9619120359420776, 0.03808791935443878]	Le tout se résu mait à l ' expression d ' une sécurité absolue et à l ' ignorance de toute transgression . 

right label: 1	prob: [0.01638820581138134, 0.9836117625236511]	U n alpin iste grimpe à le sommet d ' une montagne ennei gée . 

right label: 0	prob: [0.9739287495613098, 0.026071220636367798]	U ne petite fille dans un harnais est dans les airs par une journée ensoleillée . 

right label: 1	prob: [0.2368127852678299, 0.7631872296333313]	U ne main tient de la nourriture et une boisson est sur la table . 

right label: 1	prob: [0.06553808599710464, 0.9344618320465088]	J ' ai essayé de m ' entraîner à faire de les portraits ces derniers temps . 

right label: 0	prob: [0.9717550277709961, 0.028245020657777786]	M on nom , J es us Q u iles , est juste là . 

right label: 0	prob: [0.977377712726593, 0.02262233756482601]	A r th ur essayait de mesurer la vitesse à laquelle ils voyag eaient , mais le noir extérieur était absolu et il n ' avait aucun point de référence . 

right label: 1	prob: [0.011134570464491844, 0.9888654351234436]	U ne femme fu mant une cigarette joue de la guitare . 

right label: 1	prob: [0.056739285588264465, 0.9432607293128967]	vous êtes-vous déjà demandé à quoi ressemble la maison blanche pendant les vacances ? 

right label: 1	prob: [0.3225943148136139, 0.6774057149887085]	M on te . 

right label: 1	prob: [0.01815629005432129, 0.9818437695503235]	La femme lit un livre dans la bibliothèque . 

right label: 0	prob: [0.7884677648544312, 0.21153222024440765]	D ans les régions pauvres , le commerce très rentable de la drogue est souvent considéré comme le dernier recours . 

right label: 0	prob: [0.954350471496582, 0.04564947634935379]	C on cer nant l ' extrait de le site de la N R A sur l ' affaire et le sur lign age de la phrase 48 heures après que K ay la R ol land ait été déclarée morte : 

right label: 0	prob: [0.8922596573829651, 0.10774027556180954]	J ' étais maintenant l ' un d ' entre eux . 

right label: 0	prob: [0.9471746683120728, 0.05282530188560486]	O n pourrait dire que je suis plus différent que différent . 

right label: 0	prob: [0.9720235466957092, 0.027976473793387413]	P ar une coïncidence extraordinaire , le jour suivant , il y avait deux rapports dans le journal , l ' un concernant les incidents les plus étonnants avec une sou coupe volante , et l ' autre sur une série d ' émeutes incon ven antes dans les pubs . 

right label: 0	prob: [0.8590591549873352, 0.1409408301115036]	J é hu se rendit alors à J ez réel où résidait la vieille re ine- mère , J é zab el . 

right label: 0	prob: [0.9042819142341614, 0.09571807831525803]	Il sait pour nous . 

right label: 1	prob: [0.006550671998411417, 0.9934493899345398]	comment se battre si l ' on est arrêté à un feu rouge 

right label: 1	prob: [0.03929311782121658, 0.960706889629364]	U n homme portant un chapeau de cow- boy monte un cheval brun . 

right label: 0	prob: [0.510992169380188, 0.4890078902244568]	C ur tis souriait et se frot tait les mains , savour ant le coup de grâce . 

right label: 1	prob: [0.07257580757141113, 0.9274242520332336]	les clients n ' aimer ont jamais une entreprise tant que les employés ne l ' aiment pas d ' abord . 

right label: 1	prob: [0.22437675297260284, 0.7756233215332031]	U n groupe de personnes hab illées professionnellement à l ' extérieur . 

right label: 0	prob: [0.9905205965042114, 0.009479420259594917]	C e pendant , la ville étant divisée par de les fortifications et de les fils barbelés , aucun pèlerin israélien ou juif n ' a été autorisé à visiter le M ur occidental ou d ' autres sites juifs à J éru salem - E st . 

right label: 0	prob: [0.9500609636306763, 0.049938980489969254]	E n un clin d ' oeil à la lumière str ob os copique , il était sur ses pieds et se précipi tait hors de la pièce . 

right label: 1	prob: [0.007223087828606367, 0.9927769899368286]	un joueur de football a échangé de les maillots signés en été lorsque l ' intérêt était 

right label: 0	prob: [0.9912830591201782, 0.008716936223208904]	N ous ne nous souci ons pas d ' être les derniers et nous ne nous souci ons pas qu ' il n ' y ait plus d ' étoiles . 

right label: 0	prob: [0.8856629729270935, 0.11433709412813187]	J e veux voir à quoi ressemble une pierre magique . 

right label: 1	prob: [0.02532806247472763, 0.9746719598770142]	mais 4 écr ous sur vos 4 boulons comme le montre l ' image . 

right label: 0	prob: [0.6590338349342346, 0.340966135263443]	E lle prit une gorgée de sa boisson , de l ' eau plate car , avait -elle expliqué plus tôt , elle n ' avait jamais aimé le goût de l ' alcool , puis fix a son regard sur moi . 

right label: 0	prob: [0.907239556312561, 0.09276051819324493]	Il est toutefois peu probable que les attaques injustes dont il fait l ' objet aient un impact significatif . 

right label: 1	prob: [0.4203144609928131, 0.5796855688095093]	J ' ai rencontré certains de les coureurs . 

right label: 1	prob: [0.19901303946971893, 0.8009869456291199]	U n homme en costu me- cravate et chapeau tient un pistolet . 

right label: 0	prob: [0.9851624369621277, 0.014837530441582203]	Il était naturel qu ' une petite ville hod za ne puisse maintenir ce qu ' un G rand V ez ir avait fondé et que les événements historiques avaient condamné à le désastre . 

right label: 0	prob: [0.937885046005249, 0.06211496517062187]	M ais si jamais tu vois une fée , dis- lui que tu es de le sang d ' I van B og aty rivi tch et elle ne te laissera pas passer si vite . 

right label: 1	prob: [0.001835855538956821, 0.9981641173362732]	M et tez l ' ail , le basilic , les câ pres et le jus de citron dans un mixeur avec environ une demi- tasse d ' huile d ' olive et commencez à mixer . 

right label: 1	prob: [0.23255620896816254, 0.7674437761306763]	Il y a plusieurs verres de vin vides sur la table . 

right label: 0	prob: [0.9961631298065186, 0.0038368606474250555]	U ne grande partie de la meilleure architecture islamique de la ville a été construite à l ' époque mamel ou ke , mais les mille dernières années ont fait de les ravages : J éru salem n ' a pas pu retrouver la prospérité dont elle avait bénéficié auparavant . 

right label: 0	prob: [0.996533989906311, 0.0034659586381167173]	Q u and votre vie , la raison pour laquelle vous avez vécu , les gens , les visages , les lieux , les émotions que vous avez ressenti es , les personnes et les choses que vous avez ai mées , quand tout cela aura disparu , qu ' est -ce qu ' il vous restera ? 

right label: 0	prob: [0.9685445427894592, 0.03145546466112137]	La reine H él ène , une chrétienne fer vente et la mère de l ' empereur C on st antin le G rand , a fait un pèlerinage en T erre S ain te en 326 pour identifier les sites associés à la vie de J é sus . 

right label: 0	prob: [0.8438745737075806, 0.15612539649009705]	D ans une main , je tenais en équilibre mon assiette de cra ckers en forme d ' étoile , de boules de trem p ettes et de garnitures élégantes , de petites boules rou lées de viandes et de fromages traversées par de les tiges d ' une plante vert pâle , et un ensemble d ' autres petites choses délec tables . 

right label: 0	prob: [0.9863542914390564, 0.013645734637975693]	E t bien que cette pensée eût dû être douloureuse , l ' avocat était cal mé par la certitude que personne ne s ' affli gerait . 

right label: 0	prob: [0.9884141683578491, 0.011585778556764126]	C eux d ' entre nous qui vivent en permanence dans ce monde ont tendance à s ' installer dans de les endroits comme celui-ci , où la population humaine est si écrasante qu ' on ne les remarque pas dans le bon coin , avec les bons sorts de protection ... 

right label: 0	prob: [0.9172120094299316, 0.08278807252645493]	V os accusations de coupures in appropriées sont une fois de plus totalement in fondées . 

right label: 0	prob: [0.990643322467804, 0.009356716647744179]	S es yeux étaient rouges et il avait dénu dé une série de crocs qui auraient pu m ' arracher la main . 

right label: 1	prob: [0.04225101321935654, 0.9577489495277405]	N ous avons profité de le reste de la journée à le bord de la plage en regardant le coucher de le soleil . 

right label: 1	prob: [0.17987875640392303, 0.820121169090271]	U ne nag euse portant un costume rose sort de l ' eau d ' une piscine et fait de les éclabou s sures . 

right label: 0	prob: [0.9761728644371033, 0.023827096447348595]	J e ne sais pas comment J eff erson a su que je me trouvais là . 

right label: 0	prob: [0.984567403793335, 0.015432562679052353]	La seule chose que l ' on savait . 

right label: 1	prob: [0.08537378162145615, 0.9146262407302856]	F ai tes une fente verticale dans l ' une de les olives J um bo , ce sera le corps , que vous far ci rez de fromage frais . 

right label: 0	prob: [0.9881941080093384, 0.011805846355855465]	C on st anti no ple a été prise par les forces de les C ro isés en 120 4 , qui ont dépouillé la ville de nombre de ses plus beaux trésors - qui ornent aujourd' hui les bâtiments publics de V en ise - bien qu ' un important lot de livres et de manuscrits ait été transféré à le monastère de P at mos avant la chute de la ville . 

right label: 0	prob: [0.7733952403068542, 0.22660483419895172]	H é , j ' ai dit , tu es sûr qu ' on devrait aller par là ? 

right label: 1	prob: [0.04171331226825714, 0.958286702632904]	F ai tes -en un autre si vous l ' aimez ! ! ! 

right label: 0	prob: [0.9801759123802185, 0.019824065268039703]	A l ' époque , J éru salem était un bastion can ané en situé sur une route commerciale secondaire , bien moins important que les villes bibliques telles que H az or , M e gi d do , B eth S he an et S i chem . 

right label: 1	prob: [0.011290033347904682, 0.9887099862098694]	inquiet : les agriculteurs craignaient que la forte hausse de les températures cette année n ' entraîne un raccour cissement de la saison de culture de le genre biologique , mais les pluies récentes pourraient l ' aider à poursuivre sa croissance jusqu ' à la fin de le mois de juillet 

right label: 0	prob: [0.860179603099823, 0.1398204267024994]	T ous les mets raffinés et les éclairages décoratifs , il fallait un prix exorbi tant pour les entretenir . 

right label: 1	prob: [0.0015605207299813628, 0.9984394907951355]	U n surf eur chevau che une vague sur sa planche de surf . 

right label: 0	prob: [0.9678576588630676, 0.03214230388402939]	J e me suis assis de côté dans le fauteuil , les pieds pend us à un bras , le cou reposant contre l ' autre , traçant dis traitement de les lignes invisibles entre les étoiles à l ' extérieur de ma fenêtre pendant que je rumin ais la situation . 

right label: 1	prob: [0.34991341829299927, 0.6500865817070007]	Les conditions d ' hygiène dans les bidonvilles sont catastrophiques . 

right label: 1	prob: [0.26560547947883606, 0.7343944907188416]	E lle a lutté pour se lever et l ' accompagner jusqu ' à la porte . 

right label: 0	prob: [0.9629504680633545, 0.03704950958490372]	R égi on alis me D ès ses premiers jours , la vallée de M a hon ing a été une région remplie de petits villages et hameaux . 

right label: 0	prob: [0.8273209929466248, 0.17267905175685883]	A lors , quelle est notre cargaison , hein , capitaine ? 

right label: 1	prob: [0.09095524996519089, 0.9090448021888733]	le plus important est de s ' assurer que la taille de le costume est adaptée à votre morphologie . 

right label: 0	prob: [0.9223138093948364, 0.07768616825342178]	U n homme et une femme sont dans un bus . 

right label: 0	prob: [0.9873839616775513, 0.012616048566997051]	U ne nouvelle école d ' historiens juifs est plus critique à l ' égard de les bouleversements causés par l ' acquisition de terres par les J ui fs , et conclut que cela n ' a pas toujours été juste . 

right label: 1	prob: [0.06618615984916687, 0.9338138103485107]	un bunker secret , nouvellement construit , est situé sous le vaste terrain . 

right label: 1	prob: [0.10160740464925766, 0.8983926177024841]	E ss ayez de comprendre les gens avant de leur faire confiance . 

right label: 1	prob: [0.0014409641735255718, 0.9985590577125549]	un réalisateur assiste à la cérémonie de remise d ' une étoile à un acteur . 

right label: 1	prob: [0.3278177082538605, 0.6721823215484619]	U ne vue à la première personne d ' un homme qui regarde la télévision les pieds en l ' air . 

right label: 0	prob: [0.9871861934661865, 0.012813737615942955]	U ne femme en vêtements noirs est dans une cuisine , en train de râ per de le fromage . 

right label: 0	prob: [0.9966914653778076, 0.0033085301984101534]	C e que l ' étranger pensera , c ' est qu ' un homme qui peut faire de le stop à travers la galaxie , la rendre difficile , l ' en can ailler , lutter contre de terribles obstacles , gagner , et qui sait toujours où se trouve sa serviette est clairement un homme avec lequel il faut compter . 

right label: 0	prob: [0.9796196222305298, 0.020380374044179916]	Il nous a conduits à la porte d ' un bâtiment ressemblant à une pa gode courte surmontée d ' une enseigne montrant un visage à les mains levées , comme un saint sous la lumière de D ieu , et menot tés . 

right label: 0	prob: [0.9945735335350037, 0.0054264855571091175]	S on taux de change de huit N ing is pour un P u est assez simple , mais comme un N ing i est une pièce triangulaire en caoutchouc de six mille huit cents milles de côté , personne n ' a jamais rassemblé assez de pièces pour posséder un P u . 

right label: 0	prob: [0.991305410861969, 0.008694554679095745]	A près avoir vu mon vaisseau se déchirer , après avoir passé vingt-trois bonnes heures à flotter en silence dans l ' épave , après m ' être demandé si je faisais face à les étoiles de la const ellation de la B al ance ou de la const ellation d ' O rion vues de la T erre , après m ' être demandé ce que je res sentais en suff o quant et après avoir eu le sentiment que oui , j ' allais mourir seul dans l ' espace , il m ' a fallu de le temps pour que ce sentiment se dissi pe . 

right label: 0	prob: [0.9839434623718262, 0.01605658419430256]	C ela ressemble plus à une correction ultérieure à de les fins de relations publiques , mais bien sûr , personne ne remet en question les déclarations de la banque lorsqu ' elles peuvent être utilisées contre M o ore . 

right label: 1	prob: [0.06080620363354683, 0.9391937255859375]	Le cla quement de la porte résonne dans toute la maison . 

right label: 1	prob: [0.0013345254119485617, 0.998665452003479]	R oul ez -les en boules de la taille d ' une bouchée ( la taille de les boules dépend de la quantité que vous voulez faire ) . 

right label: 0	prob: [0.9533414840698242, 0.04665856063365936]	Il s ' est él ancé vers un escalier encastr é dans le mur , et nous avons couru après lui , en montant un énorme escalier qui semblait avoir plus d ' étages que le bâtiment ne pouvait en contenir . 

right label: 0	prob: [0.8796594738960266, 0.1203405112028122]	A lors , un camarade a demandé , D onner sa vie pour un autre être est le don ultime ? 

right label: 1	prob: [0.0009000152349472046, 0.9990999698638916]	un artiste country donne un concert surprise pendant le festival 

right label: 0	prob: [0.9949081540107727, 0.005091833416372538]	N o tre héritage ancien et notre physiologie même nous disent que le sexe est naturel - une voie privilégiée vers l ' épanouissement spirituel - et pourtant la religion moderne le décri e comme honteux , nous apprenant à craindre notre désir sexuel comme la main de le diable . 

right label: 0	prob: [0.8763347268104553, 0.12366528809070587]	P endant les 19 années suivantes , J éru salem était deux villes . 

right label: 0	prob: [0.9126562476158142, 0.087343730032444]	Il est maintenant bien documenté que la C I A a toléré la vente de crack dans les villes américaines pour financer les opérations de les contr as sud- américains 

right label: 1	prob: [0.030817106366157532, 0.9691828489303589]	J ' ai aussi pu passer de le temps avec le chat . 

right label: 0	prob: [0.9839314818382263, 0.016068529337644577]	La question de la vente de les terres est depuis longtemps un sous- thème de la lutte entre J ui fs et A ra bes . 

right label: 0	prob: [0.6710833311080933, 0.32891666889190674]	M ais R on deau n ' a pas tenu compte de l ' avertissement . 

right label: 1	prob: [0.10384621471166611, 0.8961538076400757]	D es mond dit que c ' est la femme avec qui il vit , n ' est -ce pas terrible , à son âge ! 

right label: 0	prob: [0.9417210221290588, 0.05827893689274788]	I ls ont rempli la soute à bagages de deux valises d ' effets personnels , de deux sacs de nourriture et d ' une couverture rou lée dans une housse à carreaux fraîche avec un oreiller - après tout , selon elle , ils ne pouvaient pas dormir dans la même que cette pauvre fille ... 

right label: 1	prob: [0.0036699662450701, 0.9963300824165344]	M ain tenant , mettez le tout dans le congélateur pour qu ' il soit congel é . 

right label: 1	prob: [0.2571701109409332, 0.7428299188613892]	N ous pourrions juste nous asseoir et collecter les loyers d ' un nombre toujours plus réduit de locataires . 

right label: 1	prob: [0.00248089455999434, 0.9975191354751587]	E n vous assurant qu ' elles sont encore chaudes , remplissez un mixeur ou un robot de cuisine avec les cacahuètes grillées . 

right label: 1	prob: [0.0012260917574167252, 0.9987738728523254]	D ans un bol , verser 1 / 2 tasse d ' eau bouillante et 1 / 2 tasse d ' eau froide A jou ter 1 cuillère à café de sucre à l ' eau et remuer A jou ter 1 cuillère à soupe de levure à l ' eau , remuer et laisser reposer 10 minutes ( une mousse doit se former à la surface de l ' eau ) . 

right label: 0	prob: [0.9581605195999146, 0.04183947667479515]	N ous , et de les milliers d ' autres comme nous , vivons séparément depuis qu ' il y a une société humaine , dit mon chauffeur . 

right label: 0	prob: [0.9819516539573669, 0.01804826408624649]	E n fait , cela a fait naître l ' espoir chez les travailleurs sans qu ' il y ait une réelle chance de sauver quoi que ce soit . 

right label: 0	prob: [0.9964558482170105, 0.0035441704094409943]	La fille était aussi douce et rose que l ' éclat de les pierres , et elle était vêtue d ' une robe blanche attachée à la taille par une ceinture comme un noeud celtique . 

right label: 0	prob: [0.9904882907867432, 0.009511715732514858]	O u encore , il pouvait s ' agir d ' une de ces étranges incitations qui surg issaient de temps à autre de cette zone sombre de son esprit qu ' il avait inexpli cablement verrou illée avant de devenir président de la galaxie . 

right label: 1	prob: [0.10165303200483322, 0.898347020149231]	c ' est un bain de salade . 

right label: 0	prob: [0.9890872240066528, 0.01091279648244381]	La brume bleue semblait s ' arrêter juste à côté de sa pâ leur , mettant en valeur son visage frappant sans en illuminer les détails , et ses poignets étincel aient de blancheur dans l ' obscurité . 

right label: 0	prob: [0.8477307558059692, 0.1522691696882248]	N o tre cuisine rend hommage à notre amour de les traditions de le S ud à table , mais , comme les bonnes gens d ' A she ville , elle marche à son propre rythme . 

right label: 1	prob: [0.014440136030316353, 0.9855599403381348]	La personne sur une moto roule sur la plage . 

right label: 0	prob: [0.9460458159446716, 0.05395415425300598]	E n quelques minutes , nous étions de retour à la première porte à laquelle nous avons frappé dans cette ville et D vor ov lui-même nous accueillait . 

right label: 0	prob: [0.8525857925415039, 0.14741414785385132]	C e passage , tu te souviens ? 

right label: 0	prob: [0.9955369234085083, 0.0044631059281528]	Les gens s ' accro chaient à de vagues idées de collecti vis ation de les travailleurs , mais personne ne pouvait vraiment comprendre comment cela fonctionn erait exactement ; les habitants de Y oun g sto wn n ' étaient , après tout , pas particulièrement familiers avec le socialisme ou la collecti vis ation en général . 

right label: 0	prob: [0.7581568360328674, 0.24184322357177734]	U ne femme a un tatouage dans le dos . 

right label: 0	prob: [0.9868955016136169, 0.013104435987770557]	L ' a pathie de l ' U S W A U ni ted S te el W or kers of A mer ica était le syndicat qui représentait les travailleurs de l ' acier de Y oun g sto wn à le moment de les fermetures . 

right label: 1	prob: [0.4627978503704071, 0.5372021198272705]	U ne machine agricole bleue tire de les personnes le long de rangées de végétation , tandis que quatre personnes font quelque chose avec la végétation dans les rangées . 

right label: 0	prob: [0.79078608751297, 0.209213986992836]	J e me sens encore un peu étour di . 

right label: 0	prob: [0.9625192880630493, 0.03748071566224098]	C ' est une généralisation erronée . 

right label: 0	prob: [0.9898321628570557, 0.010167873464524746]	Il promet un É tat moderne à son peuple , mais la situation devenant explosive , de les troubles civils éclatent dans les villes turques et les personnes considérées comme grecques sont victimes de menaces et de violences . 

right label: 1	prob: [0.40957173705101013, 0.5904282331466675]	E lle détes tait ces escaliers . 

right label: 0	prob: [0.9722616076469421, 0.027738377451896667]	J e ne savais pas comment ils pouvaient manquer de les traits si exotiques , même dans cette lumière dé for mante . 

right label: 0	prob: [0.9585503935813904, 0.041449613869190216]	J ' ai été surpris à l ' époque que vous par don niez si facilement mes fausses accusations contre les S pac ers , alors que vous m ' aviez auparavant ser m onné sur leur sensibilité . 

right label: 1	prob: [0.25076255202293396, 0.7492374777793884]	U ne femme tient un parapluie blanc par une nuit noire . 

right label: 0	prob: [0.7629043459892273, 0.2370956540107727]	E lle a de le bon sang sous les joues . 

right label: 1	prob: [0.0027448979672044516, 0.9972551465034485]	une personne va finalement jusqu ' à le bout 

right label: 1	prob: [0.004176843911409378, 0.9958231449127197]	Le chat est assis patiemment sur le banc de le piano . 

right label: 0	prob: [0.9495157599449158, 0.05048427730798721]	J e vous aurais juré qu ' il était mort . 

right label: 0	prob: [0.8169255256652832, 0.18307451903820038]	U ne femme en chemise rouge est sous une couverture et dort dans un véhicule . 

right label: 0	prob: [0.9431222081184387, 0.05687776207923889]	I ls tombaient maintenant ensemble , ce qui était très gentil et romantique , mais ne résol vait pas le problème de base , qui était qu ' ils tombaient , et que le sol n ' attendait pas de voir s ' il avait d ' autres tours dans son sac , mais venait à leur rencontre comme un train express . 

right label: 0	prob: [0.9896255135536194, 0.01037453394383192]	E n ce qui concerne son apparence physique , il suffit de dire que D oy le était assez viril pour les tâches qu ' il s ' était fixées , robuste , athlétique , sans vanité , mais pas au-dessus d ' un pin cement conditionné de la honte s ' il rencontrait de les supérieurs sociaux alors qu ' il portait de les man chettes ou un col eff ilo chés par ses limites financières . 

right label: 1	prob: [0.47242671251296997, 0.5275733470916748]	C ette petite poupée avait l ' impression qu ' elle ne pouvait plus continuer . 

right label: 0	prob: [0.9884159564971924, 0.011584109626710415]	C e pendant , le résultat de leurs arguments est toujours le même et témoigne de leur sagesse : après chaque conflit , les G rec s et les A r mé niens demandent de les temples séparés . 

right label: 1	prob: [0.3596898317337036, 0.6403102278709412]	Il est clair que les questions doivent être telles que l ' on peut s ' attendre à ce que la population concernée les comprenne et y réponde en connaissance de cause . 

right label: 1	prob: [0.4766322672367096, 0.523367702960968]	J ' ai décidé de briser ce schéma . 

right label: 1	prob: [0.008001601323485374, 0.9919983744621277]	U n chien court avec un jouet dans sa gueule . 

right label: 0	prob: [0.9865871071815491, 0.013412862084805965]	Q u ' il me suff ise de dire que je n ' ai pas perçu la moindre trace de modestie chez cette belle jeune fille à peine formée que la mixité moderne , les mœurs juvéniles , le vac arme de les feux de camp , etc. avaient complètement et irrémédiablement dé prav ée . 

right label: 1	prob: [0.016983574256300926, 0.9830164313316345]	D e nombreuses personnes marchent et participent à un défilé . 

right label: 1	prob: [0.03784141689538956, 0.9621585011482239]	D eux personnes s ' affrontent dans un match d ' arts martiaux . 

right label: 1	prob: [0.4029841125011444, 0.5970158576965332]	je veux ce texte , avec un arbre dans la chambre de mon fils . 

right label: 0	prob: [0.9579405784606934, 0.04205944016575813]	A l ' intérieur , l ' espace s ' ouvrait sur une large chambre carrée , avec de les miroirs et si sombre qu ' elle aurait pu être de n ' importe quelle taille . 

right label: 1	prob: [0.21040885150432587, 0.7895911931991577]	consacré : la veille de la grande annonce , le couple a été vu avec ses enfants en train de se promener près de leur maison . 

right label: 0	prob: [0.9444759488105774, 0.05552400276064873]	C ar même les meilleures qualités d ' une personne ne peuvent être appréciées à leur juste valeur que si elles nous sont présentées d ' une manière conforme à nos propres opinions et inclin ations . 

right label: 0	prob: [0.9597161412239075, 0.04028385877609253]	L ' écran lumineux fourni m ' avait informé de la date et de le lieu de les repas officiels , mais je n ' avais pas pris la peine de répondre à les invitations . 

right label: 1	prob: [0.0007931363652460277, 0.9992068409919739]	un homme est debout sur un skat ebo ard dans une rue 

right label: 0	prob: [0.9854688048362732, 0.014531209133565426]	M oi , j ' ai suivi l ' exemple d ' A dri enne et je n ' ai rien dit ( je me suis inventé de les excuses pour rester en sécurité dans le mode d ' observation " gat her - info " ) . 

right label: 0	prob: [0.6872683763504028, 0.31273165345191956]	S ' il vous plaît , si nous pouvions le voir , nous vous en serions très reconnaissants . 

right label: 1	prob: [0.003783889813348651, 0.9962161183357239]	R é fri gérer l ' écorce jusqu ' à ce qu ' elle soit complètement dur cie . 

right label: 0	prob: [0.9966937303543091, 0.0033063124865293503]	Le jaune de ce ciel n ' était pas seulement de le smo g : il était d ' une noirceur pesante et sanglante . 

right label: 0	prob: [0.9740999937057495, 0.025900082662701607]	E n 1946 , les J ui fs ne possédaient que 7 % de la P al esti ne , mais la menace de déplacement était largement perçue par les A ra bes . 

right label: 0	prob: [0.9861236810684204, 0.013876333832740784]	J ' ai réalisé que R ach el avait disparu sans laisser d ' indice et que je ne pouvais rien faire d ' autre qu ' attendre qu ' elle se manifeste - ce qui , si elle était dans une situation où je devrais faire quelque chose , ne serait probablement jamais . 4 

right label: 1	prob: [0.041235409677028656, 0.9587645530700684]	personne , a déménagé et vient certains vendredis soirs pour rencontrer de nouvelles personnes . 

right label: 1	prob: [0.10966308414936066, 0.8903369903564453]	E lle se déten d en espérant que le repos guéri ra son corps . 

right label: 0	prob: [0.8404815793037415, 0.15951846539974213]	a demandé A dri enne , en utilisant la formulation de S ar ah . 

right label: 0	prob: [0.9900340437889099, 0.009965939447283745]	U ne fois - c ' était dans les années trente - il m ' a dit avec un certain embarras que les femmes ne sont jamais tout à fait elles-mêmes , ou , pour le dire cr ûment , qu ' elles sont toujours en train de faire semblant et de prendre de les attitudes . 

right label: 1	prob: [0.35433429479599, 0.64566570520401]	R ien de le tout , dit G reg en sortant par la porte d ' entrée . 

right label: 0	prob: [0.9945306181907654, 0.005469383671879768]	Les lois inexor ables de la mécanique céleste avaient décrété que l ' E n de av our était le premier , et le dernier , de tous les vaisseaux de l ' H om me qui entr eraient en contact avec R ama . 

right label: 1	prob: [0.029528308659791946, 0.9704716801643372]	U n homme blond chante passionnément dans le microphone . 

right label: 1	prob: [0.12007556855678558, 0.8799244165420532]	J ' ai passé un bon moment là-bas . 

right label: 1	prob: [0.3431521952152252, 0.6568478345870972]	C er tains outils à main sont magnifiquement conçus pour s ' adapter à l ' utilisateur , par exemple la faux à deux mains . 

right label: 0	prob: [0.944532573223114, 0.055467404425144196]	Les be ys et les ay ans se lev èrent et prirent congé en silence , heureux d ' être en vie et aussi perpl exes que s ' ils avaient assisté à un spectacle de presti digi tation . 

right label: 1	prob: [0.140843465924263, 0.8591564893722534]	T out le monde semble s ' intéresser à lui ces derniers temps . 

right label: 1	prob: [0.013506432063877583, 0.9864935874938965]	une fan montre sa déception alors que la personne était bouleversée le samedi soir . 

right label: 1	prob: [0.1317758709192276, 0.8682241439819336]	C e sont les côtes que mon mari cuisine . 

right label: 1	prob: [0.0045238579623401165, 0.9954761862754822]	U n homme est assis sur le bord de la route à un stand de fruits . 

right label: 0	prob: [0.9490563869476318, 0.050943631678819656]	E lle a soudain repris sa manière de parler , celle qu ' il associ ait à leur conversation téléphonique : l ' H er z ég ovine était paci fiée . 

right label: 0	prob: [0.525597870349884, 0.4744020998477936]	V oi là ce qui arrive quand on n ' utilise pas de mercenaires . 

right label: 1	prob: [0.015231589786708355, 0.9847684502601624]	détendu : une personne a passé son bras autour de l ' épaule de le modèle . 

right label: 0	prob: [0.9616016745567322, 0.03839835152029991]	J ' ai appuyé mes jambes contre le sol en pierre et il était sur moi . 

right label: 1	prob: [0.008842676877975464, 0.9911572933197021]	Les enfants se sont amus és à jouer ensemble . 

right label: 0	prob: [0.8910982012748718, 0.10890176892280579]	E ss ayer de soutenir les usines d ' une ville était impossible face à la dépression qui s ' est étendue à toute l ' industrie . 

right label: 0	prob: [0.9579147696495056, 0.04208526760339737]	Les pommes de terre étaient légères et non grasses ; 

right label: 1	prob: [0.0010317964479327202, 0.998968243598938]	une façon naturelle de recycler les déchets alimentaires - les donner à les poules 

right label: 0	prob: [0.9431151151657104, 0.056884873658418655]	L ' ob sidi enne est une roche volcanique dure et vitr euse , qui pouvait être faç onnée en outils de coupe et de poignar dage . 

right label: 0	prob: [0.702547550201416, 0.29745247960090637]	Z hen g avait l ' air sceptique . 

right label: 0	prob: [0.9788095355033875, 0.021190529689192772]	Les O t tom ans ont apporté de nouvelles influences à les îles qu ' ils contrôl aient , formant un vaste empire qui s ' étendait autour de la M édi terran ée orientale . 

right label: 0	prob: [0.8314889669418335, 0.1685110628604889]	A près un moment , R ay a dit , je ne pense pas . 

right label: 1	prob: [0.019603107124567032, 0.9803968667984009]	I ls ont continué à prendre de les photos ensemble devant d ' autres sites historiques . 

right label: 1	prob: [0.004415495321154594, 0.9955845475196838]	- S avou rez ces ti k kis avec de le ket chup . 

right label: 0	prob: [0.9921509027481079, 0.007849116809666157]	C es personnes ne ressentent pas le besoin d ' exprimer leur sympathie , ni de réfléchir à de les moyens d ' éviter de tels incidents , mais elles ressentent le besoin d ' affirmer leurs droits et de chercher de les réponses rapides et simples - comme le dit B us ch , les propriétaires d ' armes à feu voulaient pendre [ l ' enfant ] à l ' arbre le plus haut . 

right label: 0	prob: [0.9674158692359924, 0.03258416801691055]	A ceux qui disaient qu ' ils avaient le sentiment que le savon ne se trouvait pas dans les mines , le C api taine s ' était risqué à suggérer que c ' était peut-être parce que personne n ' avait assez cherché , et cette possibilité avait été reconnue à contr ec œur . 

right label: 0	prob: [0.9889863729476929, 0.011013681069016457]	Il reste à voir si cela se produira un jour , mais l ' aide offerte par la G rè ce à la T ur quie après le tremblement de terre dévastateur de 1999 est peut-être un signe que l ' animo sité entre ces deux ennemis traditionnels commence à diminuer . 

right label: 0	prob: [0.8626335859298706, 0.1373663693666458]	J e me suis demandé si la nourriture livrée dans mes quartiers ces derniers jours avait été aussi incroyable . 

right label: 0	prob: [0.9733521938323975, 0.026647869497537613]	E n 15 66 , ils arra chent C hi os à les G én ois , renforçant ainsi leur mainmise sur les îles orientales de la mer É gée , mais les C y cl ades restent à les mains de les V éni tiens pendant une autre génération ou plus - T inos est la dernière à tomber en 17 15 . 

right label: 0	prob: [0.6961355209350586, 0.3038644790649414]	U n matériau ancien important , l ' ob sidi enne , a été découvert sur l ' île de M il os . 

right label: 0	prob: [0.9757221341133118, 0.024277882650494576]	O n m ' empois onne , mais on ne sait pas que je ... si je ... 

right label: 1	prob: [0.015578445978462696, 0.9844214916229248]	D e les gens regardent un homme jouer à un jeu vidéo de boxe dans un immeuble . 

right label: 1	prob: [0.1393672525882721, 0.8606327176094055]	U ne bouteille de F ran ks R ed H ot B u ff alo S au ce est parfaite pour cette recette ! 

right label: 1	prob: [0.005946014076471329, 0.9940540194511414]	U n policier est assis sur une moto . 

right label: 1	prob: [0.0017958944663405418, 0.9982041120529175]	un conférencier présente un documentaire dans une galerie d ' art de la banlieue tranquille . 

right label: 0	prob: [0.8337400555610657, 0.1662599891424179]	M ad ame , je dois tenir compte de sa santé . 

right label: 1	prob: [0.07965022325515747, 0.9203497767448425]	La famille prenant quelques verres avant notre barbecue annuel est toujours un bon souvenir . 

right label: 0	prob: [0.9853552579879761, 0.014644719660282135]	C e pendant , même ces révisionn istes conviennent que les J ui fs n ' avaient pas l ' intention d ' expulser les musulmans de P al esti ne . 

right label: 1	prob: [0.0948629379272461, 0.9051371216773987]	O n a eu de la dinde ce soir . 

right label: 1	prob: [0.0044643511064350605, 0.9955356121063232]	Le chien est assis à l ' arrière de la voiture . 

right label: 0	prob: [0.9911444783210754, 0.008855444379150867]	E t si ce n ' est pas un canu lar , alors je suis directement impliqué et eux aussi , ce qui me donne le droit de parler avec eux . 

right label: 1	prob: [0.07886429131031036, 0.9211357235908508]	L ' avion de ligne est montré devant le hangar après son arrivée . 

right label: 1	prob: [0.0007302698213607073, 0.9992697834968567]	P lac ez le hamburger dans une casserole avec 1 / 3 de tasse d ' eau , assaisonn ez avec de le sel et de le poivre . 

right label: 1	prob: [0.12730816006660461, 0.872691810131073]	J e dis , tu veux une autre bière ? 

right label: 0	prob: [0.991305410861969, 0.008694554679095745]	A près avoir vu mon vaisseau se déchirer , après avoir passé vingt-trois bonnes heures à flotter en silence dans l ' épave , après m ' être demandé si je faisais face à les étoiles de la const ellation de la B al ance ou de la const ellation d ' O rion vues de la T erre , après m ' être demandé ce que je res sentais en suff o quant et après avoir eu le sentiment que oui , j ' allais mourir seul dans l ' espace , il m ' a fallu de le temps pour que ce sentiment se dissi pe . 

right label: 1	prob: [0.04052858427166939, 0.9594714641571045]	la recherche biomédi cale comporte de nombreux murs angu laires . 

right label: 0	prob: [0.9700389504432678, 0.02996102161705494]	L ' origine de le navire et la raison pour laquelle J eff erson m ' a sauvé avaient - elles vraiment de l ' importance , si maintenant , j ' étais content ? 

right label: 0	prob: [0.946655809879303, 0.053344108164310455]	Q u elle est notre destination ? 

right label: 1	prob: [0.014162521809339523, 0.9858373999595642]	D eux hommes et une femme sont assis dans une rame de métro . 

right label: 0	prob: [0.9683409333229065, 0.031659044325351715]	L ' univers tel que nous le connaissons ne sera plus le même . 

right label: 0	prob: [0.9814675450325012, 0.018532482907176018]	M ain tenant , pouvez -vous me dire quel sera votre plan d ' attaque avant que nous ne tour nions dans le sens inverse de les aiguilles d ' une montre dans un roman d ' A n ne R ice ? 

right label: 1	prob: [0.0020919532980769873, 0.9979081153869629]	P our faire la pâte 1 tasse de farine tout usage / M aida 1 tasse d ' eau 1 cuillère à soupe de sucre 1 cuillère à soupe d ' huile végétale 1 / 2 cuillère à café de sel P our faire les C hur ros H u ile pour la fri ture P our saupoudrer / R ou ler 1 cuillère à soupe de sucre 1 cuillère à café de cannelle mou lue 

right label: 1	prob: [0.05221731215715408, 0.9477827548980713]	P atri ck a lancé la balle ; 

right label: 1	prob: [0.004598189610987902, 0.9954017400741577]	B en se déten d dans un fauteuil confortable à le coin de le feu . 

right label: 0	prob: [0.9456261396408081, 0.05437386408448219]	Il n ' a pas été découragé par la distance , j ' en suis sûr . 

right label: 1	prob: [0.03128335252404213, 0.9687166810035706]	D e les personnes sur de les motos descendent une rue où flotte un drapeau américain . 

right label: 0	prob: [0.9061166048049927, 0.09388339519500732]	T out membre de l ' équipe qui aurait pu mettre en danger le projet était de la viande . 

right label: 1	prob: [0.0037713751662522554, 0.9962286949157715]	U n joc key monte un cheval dans l ' herbe verte . 

right label: 0	prob: [0.816504180431366, 0.18349583446979523]	C ela ne déran geait personne ; 

right label: 1	prob: [0.0833631306886673, 0.9166368842124939]	dans son discours , le militaire a assuré les pays de son engagement durable envers la sécurité et la prospérité de la région . 

right label: 1	prob: [0.02338220737874508, 0.9766178131103516]	D e les pom - pom girls en tenue rouge s ' entraînent dans l ' herbe . 

right label: 0	prob: [0.9718034267425537, 0.02819662354886532]	Le plafond était haut et en bois , et je pouvais voir une partie de la cabine d ' un D J à le bout de le couloir . 

right label: 0	prob: [0.8720062971115112, 0.12799376249313354]	J ' en doute , dit M ar vin . 

right label: 0	prob: [0.9877451062202454, 0.012254901230335236]	Le comté de M a hon ing était une région mono- industrielle et les habitants de Y oun g sto wn , S tru thers , C am p bell , B o ard man T ow n ship et de les nombreux autres petits villages de la région n ' avaient qu ' un seul employeur principal : les aci éri es . 

right label: 1	prob: [0.0017690337263047695, 0.9982309937477112]	une personne a dirigé la cérémonie de découpe de le gâteau de la fête nationale 

right label: 0	prob: [0.9769357442855835, 0.02306429296731949]	La G rè ce se voit attribuer une bande de terre le long de la côte occidentale de l ' A sie M in eure , où la population grecque était importante depuis plus de 2 000 ans . 

right label: 1	prob: [0.019361481070518494, 0.9806384444236755]	V ous aurez besoin d ' un fer à repasser , d ' une barre métallique plate ( j ' ai utilisé un niveau ) , d ' un aspirateur , de sacs M y lar et de les aliments à emballer . 

right label: 0	prob: [0.9939082860946655, 0.0060916985385119915]	Le vaisseau , il était étrange et vieux , soit tellement dépassé , soit tellement modifié que je ne pouvais pas dire de quelle marque il était , et d ' une certaine manière , l ' équipage qui se tenait autour de moi correspondait à la même description , un amalgame de personnes singulièrement atypique . 

right label: 1	prob: [0.0008705390500836074, 0.9991294741630554]	U ti lisez une cuillère ou un couteau à beurre pour répartir la gelée sur la tranche de pain opposée , encore ordinaire . 

right label: 0	prob: [0.7496641874313354, 0.25033581256866455]	... c ' est ce que je pensais . 

right label: 0	prob: [0.9739508032798767, 0.026049189269542694]	F ran chement , je ne sais pas si nous pouvons faire quoi que ce soit contre un vampire . 

right label: 1	prob: [0.4030557870864868, 0.5969442129135132]	L ' homme est souriant et porte un costume . 

right label: 0	prob: [0.9770553112030029, 0.022944673895835876]	E t moi , je suppose que j ' étais une pièce de plus dans leur puzzle . 

right label: 0	prob: [0.9975563287734985, 0.0024436400271952152]	Les événements qui ont suivi cette date ( connus sous le nom de " lundi noir " ) sont considérés par les personnes qui en ont été témoins soit comme de les histoires de grand courage et de détermination , soit comme de les monuments de l ' échec humain et de les faux espoirs . 

right label: 0	prob: [0.874005138874054, 0.12599484622478485]	Il était temps de découvrir à quoi ressemblait l ' enfer . 

right label: 1	prob: [0.08780982345342636, 0.9121901988983154]	J ' adore , dit G reg , et il regarde H il ary aller vers une petite bouilloire sur une plaque chauff ante dans le coin de la pièce et verser de l ' eau bouillante sur un sachet de thé . 

right label: 1	prob: [0.051993463188409805, 0.9480065107345581]	je vais me faire faire ça pour mes cheveux . 

right label: 1	prob: [0.06979924440383911, 0.9302007555961609]	M es meilleures amies et moi avons fait en sorte de prendre de les photos ensemble . 

right label: 1	prob: [0.2702147364616394, 0.7297852039337158]	C laire et A man da ne s ' étaient pas vues depuis dix ans et étaient ravi es de passer de le temps ensemble . 

right label: 0	prob: [0.985136091709137, 0.014863921329379082]	M oi , j ' ai suivi l ' exemple d ' A dri enne et je n ' ai rien dit ( je me suis inventé de les excuses pour rester en sécurité en mode observation ) . même si je pensais que Z hen g avait raison . 

right label: 0	prob: [0.8169261813163757, 0.18307378888130188]	C ordi alement , E ri k M ö ller 

right label: 1	prob: [0.21472877264022827, 0.7852712273597717]	U n sk ater fait de les figures dans le half pipe . 

right label: 0	prob: [0.8538340330123901, 0.14616592228412628]	Q u ' est -ce que tu en penses ? demanda le boss u . 

right label: 0	prob: [0.925997257232666, 0.07400280982255936]	L or sque j ' ai posté sur F ac ebook que je venais en ville , pas moins de trois personnes m ' ont dit que je devais absolument visiter le T u pel o H oney C afe . 

right label: 0	prob: [0.7386714220046997, 0.2613285779953003]	E h bien , vous devez vous détendre beaucoup dans un travail comme le mien , dit -il . 

right label: 0	prob: [0.9934544563293457, 0.006545521784573793]	U n observateur occasionnel n ' aurait pas su dire si c ' était parce qu ' il était ivre , malade ou suicidaire , et en effet , il n ' y avait pas d ' observateurs occasionnels dans le vieux P ink D og B ar de le quartier sud de H an D old C ity , car ce n ' était pas le genre d ' endroit où l ' on pouvait se permettre de faire les choses avec désinvol ture si l ' on voulait rester en vie . 

right label: 1	prob: [0.005677734035998583, 0.9943222999572754]	U n ours brun se tient dans l ' herbe le long d ' une route . 

right label: 0	prob: [0.9788095355033875, 0.021190529689192772]	Les O t tom ans ont apporté de nouvelles influences à les îles qu ' ils contrôl aient , formant un vaste empire qui s ' étendait autour de la M édi terran ée orientale . 

right label: 0	prob: [0.9694792032241821, 0.030520819127559662]	D ix on ne pouvait s ' empêcher d ' admirer la façon dont , sans rien dire ni faire de particulier , ils s ' établ issaient si facilement qu ' il n ' était pas censé les accompagner lui-même . 

right label: 0	prob: [0.9422502517700195, 0.05774980038404465]	N ous n ' avons pas embarqué beaucoup de passagers , juste quelques privilégiés , éparpillés ici et là entre les étoiles . 

right label: 0	prob: [0.8681586980819702, 0.1318412870168686]	La poussière épaisse amor tiss ait nos pas . 

right label: 1	prob: [0.011120900511741638, 0.9888790845870972]	" S i vous le souhaitez , vous pouvez rassembler de le glaçage ou d ' autres garnitures et décorer votre gâteau " " C up " " avant de le manger . 

right label: 1	prob: [0.40010613203048706, 0.5998938083648682]	I ci , à une réunion de T e am U S A , ils montrent la nouvelle ligne de vêtements pour 2015 . 

right label: 1	prob: [0.05340017378330231, 0.9465998411178589]	U ne jeune femme et un jeune homme discutent avec un groupe d ' autres personnes autour d ' eux . 

right label: 0	prob: [0.9946802258491516, 0.005319810006767511]	Le riche parfum de le vin avait une touche de quelque chose de chimique que j ' ai reconnu de le bar , mais il a rempli ma bouche et a coulé dans mes veines avec une chaleur rassurante . 

right label: 1	prob: [0.030437283217906952, 0.9695627093315125]	L ' homme pose pour une photo avec une cravate , de les lunettes de soleil et un chapeau . 

right label: 0	prob: [0.9126562476158142, 0.087343730032444]	Il est maintenant bien documenté que la C I A a toléré la vente de crack dans les villes américaines pour financer les opérations de les contr as sud- américains 

right label: 0	prob: [0.9427910447120667, 0.05720892548561096]	S on affirmation selon laquelle il est possible d ' acheter de les munitions dans les supermarchés est indépendante de cette affirmation . 

right label: 1	prob: [0.01169737521559, 0.9883026480674744]	E lle prépare le restaurant pour l ' arrivée de les clients . 

right label: 1	prob: [0.025004761293530464, 0.9749951958656311]	E lle entre dans le bâtiment . 

right label: 1	prob: [0.11097729206085205, 0.8890227675437927]	C e sont de les filles qui jouent à un jeu vidéo 

right label: 0	prob: [0.9810994267463684, 0.018900537863373756]	C eux qui vivaient encore étaient frappés et a pathiques , comme s ' ils souff raient d ' une maladie de l ' esprit plutôt que de le corps . 

right label: 1	prob: [0.0026443174574524164, 0.9973556995391846]	l ' image peut contenir : personne , sur scène , assis , jouant d ' un instrument de musique et intérieur 

right label: 1	prob: [0.04364854097366333, 0.9563514590263367]	U n troupeau de z èbres brou te dans un champ . 

right label: 0	prob: [0.9889609217643738, 0.011039065197110176]	Les jours passaient , les semaines passaient , mais je ne pouvais pas dire si cela faisait de les mois ou de les années que j ' avais été secour u . 

right label: 1	prob: [0.007800458464771509, 0.9921995997428894]	U n homme marche dans un marché étroit 

right label: 0	prob: [0.9647107124328613, 0.03528929874300957]	J ' ai appelé M it ch et nos autres amis , en espérant que le hangar s ' était écrasé chez l ' un d ' entre eux , mais je n ' ai pas eu de chance . 

right label: 0	prob: [0.9652113914489746, 0.03478855639696121]	C ' était D vor ov . 

right label: 1	prob: [0.003938902169466019, 0.9960610270500183]	C hau ffer le four à 375 degrés F . D é poser une couche de sauce à le fond d ' un plat de cuisson de 9 par 13 pouces . 

right label: 0	prob: [0.9439956545829773, 0.056004349142313004]	T ara ne laissera pas ses espoirs dé mesurés les entraîner sur un rocher qui signifierait la fin de le projet et de l ' espèce A r ral lin . 

right label: 0	prob: [0.9157050251960754, 0.08429500460624695]	La pièce pu ait , principalement son propre désespoir . 

right label: 0	prob: [0.9810768365859985, 0.01892317458987236]	U ne femme est dans un bus public traversant une ville . 

right label: 1	prob: [0.010132276453077793, 0.9898676872253418]	U n hibou est assis dans la branche d ' un arbre 

right label: 1	prob: [0.021045399829745293, 0.9789546132087708]	U n jeune homme et une femme apprécient un repas . 

right label: 1	prob: [0.009117617271840572, 0.990882396697998]	U n homme est debout dans un salon . 

right label: 0	prob: [0.8861274719238281, 0.11387255787849426]	J e ne sais pas comment on aurait pu l ' entendre avec la musique . " 

right label: 0	prob: [0.980307936668396, 0.019692018628120422]	T out s ' efface , se perd en poussière et en atomes dispersés entre les étoiles , et chacun d ' entre nous se retrouve aussi seul qu ' à le moment de sa naissance . 

right label: 0	prob: [0.993740975856781, 0.006258987355977297]	Il ne savait pas que T ed C ole avait cessé d ' être un travailleur acharné , et que ce qui restait de les " normes " douteuses de T ed avait été compromis par l ' échec insupportable de son mariage avec M ari on - ceci en combinaison avec ces décès inacceptables . 

right label: 1	prob: [0.07126304507255554, 0.9287369847297668]	U n avi ateur guide un drone alors qu ' il se dirige vers la piste d ' atterrissage . 

right label: 0	prob: [0.7823001742362976, 0.2176998108625412]	J ' essaie de me lever , mais je retombe , paralysé par le froid et la prise de conscience de ma misérable impuissance . 

right label: 0	prob: [0.6932647228240967, 0.3067352771759033]	M u sta fa avait 14 ans quand il a été tué . 

right label: 1	prob: [0.2613026201725006, 0.7386974096298218]	J e me suis sentie si bien lorsque mon nom a été appelé et que je me suis dirigée vers l ' avant de la scène pour recevoir mon diplôme . 

right label: 1	prob: [0.042435552924871445, 0.9575644135475159]	P our créer le visage de P ep pa , vous devez réaliser une forme de cœur . 

right label: 0	prob: [0.9762018322944641, 0.023798109963536263]	La raison pour laquelle il a été publié sous la forme d ' un composant électronique micro- sous- mé son est que s ' il était imprimé sous la forme d ' un livre normal , un auto- stop peur inter st ell aire aurait besoin de plusieurs bâtiments de taille incom mode pour le transporter . 

right label: 0	prob: [0.9886447191238403, 0.011355278082191944]	A près avoir vu mon vaisseau se déchirer , après avoir passé vingt-trois bonnes heures à flotter en silence dans l ' épave , à me demander si je faisais face à les étoiles de la const ellation de la B al ance ou de la const ellation d ' O rion vues de la T erre , à me demander ce que cela faisait de suff o quer , et après avoir eu le sentiment que oui , j ' allais en fait mourir seul dans l ' espace , il a fallu de le temps pour que ce sentiment se dissi pe . 

right label: 0	prob: [0.9773241877555847, 0.022675862535834312]	La lutte a con tourné la plupart de les îles , bien que de violents combats aient eu lieu à S amos . 

right label: 1	prob: [0.036124613136053085, 0.9638753533363342]	voiture de reportage restée gar ée devant la maison . 

right label: 1	prob: [0.009959195740520954, 0.9900408387184143]	U n jeune ours gri zz ly se promène dans un ruisseau . 

right label: 0	prob: [0.9489094614982605, 0.05109062418341637]	Il est maintenant bien documenté que la C I A a toléré la vente de crack dans les villes américaines pour financer les opérations de les contr as sud- américains . 

right label: 1	prob: [0.013001776300370693, 0.9869982004165649]	U ne vieille télévision est assise sur une plage de sable . 

right label: 0	prob: [0.9860131144523621, 0.01398684736341238]	L ' E m pire byzantin possédait de les villes puissantes et bien fortifi ées , mais les campagnes et les îles périphériques étaient ravag ées par de les vagues d ' envahisseurs . 

right label: 1	prob: [0.06705603748559952, 0.9329439997673035]	U n homme passe devant un bâtiment couvert de graffitis . 

right label: 0	prob: [0.9445518851280212, 0.05544810742139816]	C ' est le message clé de cette partie de l ' animation , qui est à nouveau ignoré par ses détracteurs . 

right label: 1	prob: [0.11401661485433578, 0.885983407497406]	J ' ai roulé aussi vite que possible jusqu ' à ce que je trouve l ' école . 

right label: 1	prob: [0.017145486548542976, 0.9828544855117798]	P lu si eurs personnes se dirigent vers la plage pour aller faire de le surf . 

right label: 1	prob: [0.005360048729926348, 0.9946399331092834]	U n jeune garçon se tient à le bord d ' un étang . 

right label: 0	prob: [0.5425146818161011, 0.4574853181838989]	D ans un autre ordre d ' idées , j ' ai fait une découverte à le T u pel o H oney C afe , que j ' aimerais partager avec vous maintenant . 

right label: 1	prob: [0.0035426884423941374, 0.9964572787284851]	une personne utilise de les huiles pour peindre à la main une publicité . 

right label: 0	prob: [0.9636595249176025, 0.03634044528007507]	U n opportuniste et un homme d ' affaires , tel était J eff erson . 

right label: 1	prob: [0.010567826218903065, 0.9894322156906128]	U n homme vérifie son téléphone en s ' assey ant sur un banc de pierre . 

right label: 1	prob: [0.23088115453720093, 0.7691187858581543]	les cow- boys comme lui existent -ils vraiment ? 

right label: 0	prob: [0.9402426481246948, 0.05975736305117607]	S i - " V ous voyez ce que je veux dire . 

right label: 0	prob: [0.972748339176178, 0.027251627296209335]	C om ment pourrait -il même penser à blâmer la pauvreté et les programmes de travail forcé pour tout ce qui arrive de mal ? 

right label: 0	prob: [0.8640915155410767, 0.13590849936008453]	La nourriture était délicieuse et tout le monde était rassasi é et heureux . 

right label: 1	prob: [0.29781574010849, 0.70218425989151]	I ls avaient une grande variété d ' aliments parmi lesquels choisir . 

right label: 1	prob: [0.4546608030796051, 0.5453391671180725]	I ls vont seulement se perdre dans les miens . 

right label: 0	prob: [0.9909502863883972, 0.009049746207892895]	O n pourrait penser que ce sont là les philosophes professionnels : trop occupés à thé oriser dans l ' abstrait pour remarquer à quelle station ils se trouvent , sans parler de ce qui se passe dans le monde non abstrait dans lequel nous vivons tous . 

right label: 1	prob: [0.0008687260560691357, 0.9991312623023987]	R assembl ez les ingrédients nécessaires à la préparation de les cupcakes à le chocolat . 

right label: 1	prob: [0.026135293766856194, 0.973864734172821]	U n jeune garçon en maillot de bain jette une pierre dans l ' eau . 

right label: 1	prob: [0.003874146845191717, 0.9961258769035339]	U n homme est assis dans l ' herbe avec une vache près d ' une clôture . 

right label: 1	prob: [0.0345669724047184, 0.9654330015182495]	D e bout devant un tableau noir numérique , il a commencé à noter de les informations importantes qui se sont affichées instantanément . 

right label: 0	prob: [0.9638473391532898, 0.036152634769678116]	U n homme vêtu d ' un swe at- shirt à capuche bleu a les mains sur les rayons arrière de son vélo renversé , alors qu ' il est assis sur un muret couvert de graffitis parmi de les palmiers . 

right label: 0	prob: [0.975210428237915, 0.02478955313563347]	Il savait que cette grotte sacrée était réservée exclusivement à les reliques de les P ap es , mais d ' une certaine manière M or ta ti a senti que c ' était approprié . 

right label: 1	prob: [0.005641750525683165, 0.994358241558075]	U ne vieille femme regarde le gâteau de son 9 5e anniversaire . 

right label: 1	prob: [0.01110377162694931, 0.9888962507247925]	améliorez votre événement avec une performance de qualité , nous pouvons vous aider , appelez - nous dès aujourd' hui ! 

right label: 0	prob: [0.8212088942527771, 0.17879104614257812]	mais j ' ad mets que le roman est actuellement en retard sur la réalité probable . 

right label: 1	prob: [0.003938902169466019, 0.9960610270500183]	C hau ffer le four à 375 degrés F . D é poser une couche de sauce à le fond d ' un plat de cuisson de 9 par 13 pouces . 

right label: 1	prob: [0.22578026354312897, 0.7742197513580322]	V oi là , je vais garder ça . 

right label: 0	prob: [0.9388648271560669, 0.061135146766901016]	S i c ' était en mars , cela signifiait que nous étions ensemble depuis presque un an et demi . 

right label: 0	prob: [0.9470463395118713, 0.05295361950993538]	U n homme en maillot de bain noir est en train de plonger d ' un plon ge oir dans une piscine . 

right label: 0	prob: [0.6834757328033447, 0.3165242671966553]	P er sonne ne s ' en soucie ; 

right label: 1	prob: [0.0008389881113544106, 0.9991610050201416]	P lac ez le beurre et le sucre dans un grand bol à mélanger et battez -les ensemble jusqu ' à ce qu ' ils soient légers et mousseux . 

right label: 0	prob: [0.957109808921814, 0.04289020597934723]	M ême L oc khe ed ne croyait pas que le public était aussi cré dule . 

right label: 1	prob: [0.1193181723356247, 0.8806818127632141]	J e ne pouvais pas m ' arrêter sans prendre une dernière photo de les montagnes enne ig ées ! 

right label: 0	prob: [0.8981690406799316, 0.10183092951774597]	L ' acier étranger était également beaucoup moins cher . 

right label: 0	prob: [0.9598158597946167, 0.04018416255712509]	C ' était le thème mélo dramatique de ce soir : la nature éphémère de la vie . 

right label: 1	prob: [0.0024932650849223137, 0.9975067973136902]	É gou tter le bœuf haché en laissant une petite quantité de graisse dans la casserole avec le bœuf haché et ajouter le ro tel , la crème de soupe à le poulet , l ' assaisonnement pour ta cos , le jal ap eno haché et une boîte de soupe pleine d ' eau . 

right label: 1	prob: [0.0011863004183396697, 0.9988137483596802]	B at tez en crème le beurre et le sucre jusqu ' à ce qu ' ils soient légers et mousseux . 

right label: 1	prob: [0.008950745686888695, 0.9910492897033691]	Le chat regarde à l ' intérieur de le sac à dos ouvert . 

right label: 1	prob: [0.03455200046300888, 0.9654480218887329]	U n homme est allongé dans le sable à côté d ' une vache . 

right label: 0	prob: [0.9746763110160828, 0.02532368339598179]	S ur votre page web , vous déclar ez que la résolution de M o ore est discutable . 

right label: 0	prob: [0.9845733046531677, 0.015426636673510075]	Le sien était coupé de près , avec une touche de style qui accentu ait les beaux angles de ses pom mettes et de sa mâchoire . 

right label: 0	prob: [0.6665952801704407, 0.3334047198295593]	Il allait nous donner de les informations précieuses pour elle . 

right label: 0	prob: [0.6514521241188049, 0.3485478460788727]	Le taux de chômage est faible par rapport à les villes environnantes , et les rues sont propres et bien entretenues . 

right label: 0	prob: [0.9924901127815247, 0.007509834598749876]	L ' église était complètement différente maintenant : la lumière de le soleil tombait à travers les vitraux , attrap ant la poussière qui flot tait encore dans l ' air et envoyant une chaleur sèche et saine dans les bords de la pièce , à travers la pierre et le béton poudr eux qui avaient été recouverts la nuit dernière par la chair et les lumières cligno tantes . 

right label: 1	prob: [0.12277086824178696, 0.8772291541099548]	Les gens passaient un bon moment et avaient de les conversations . 

right label: 0	prob: [0.9955171942710876, 0.004482871852815151]	U n jeune garçon est sur le dos d ' une autre personne qui porte un chapeau . 

right label: 1	prob: [0.12024202942848206, 0.8797579407691956]	D ans une étrange juxta position de la réalité , un vieux piano est assis à le coin d ' une rue animée la nuit . 

right label: 1	prob: [0.0031072336714714766, 0.9968926906585693]	U n chat noir et blanc regarde dans la cuvette de les toilettes . 

right label: 1	prob: [0.017358949407935143, 0.9826410412788391]	Les ingrédients nécessaires pour ce goûter sont une préparation pour gâteau à le chocolat , 3 œufs , 1 / 3 de tasse d ' huile végétale , 1 tasse d ' eau , 1 boîte de sucre en poudre , 1 bâton de margar ine , 4 cuillères à soupe de cacao , 1 / 4 de tasse de lait , de les T wi zz lers , de les M & M ' s , de les paillettes , de le papier ci ré et de les écor ces d ' amandes à le chocolat blanc . 

right label: 0	prob: [0.9740999937057495, 0.025900082662701607]	E n 1946 , les J ui fs ne possédaient que 7 % de la P al esti ne , mais la menace de déplacement était largement perçue par les A ra bes . 

right label: 1	prob: [0.4820055067539215, 0.5179945230484009]	B ien sûr , dit G reg .. , 

right label: 0	prob: [0.9106727242469788, 0.08932726830244064]	La première loi de la thermodynamique affirme sans équivoque que l ' énergie est toujours conservée et qu ' elle ne peut donc ni se perdre ni se renouveler . 

right label: 1	prob: [0.0023446243721991777, 0.9976553916931152]	D ans un four préchauffé à 400 degrés , faites cuire votre zombie pendant 15- 18 minutes . 

right label: 1	prob: [0.006305353250354528, 0.9936946034431458]	U n homme marche tout en utilisant son téléphone portable . 

right label: 0	prob: [0.8532864451408386, 0.146713525056839]	C ' est de lui qu ' il s ' agissait . 

right label: 1	prob: [0.013832769356667995, 0.9861672520637512]	U n enfant blond joue avec un ornement de jardin en métal . 

right label: 1	prob: [0.12104558199644089, 0.8789544105529785]	B on , je vais aller me coiffer . 

right label: 0	prob: [0.9687544107437134, 0.031245561316609383]	P ar os et A n dro s ont contribué à l ' armement perse , tandis que d ' autres soutenaient A thè nes . 

right label: 0	prob: [0.9749059081077576, 0.025094086304306984]	F ait : L ' enfer , c ' est les autres . 

right label: 0	prob: [0.9961203336715698, 0.0038797452580183744]	N ep th ys nous a conduit dans un couloir qui correspondait à la façade de le bâtiment , un couloir voû té , un intestin ner vu ré , dont les murs noirs avaient un aspect organique inquiétant . 

right label: 0	prob: [0.7867720723152161, 0.21322789788246155]	M ais nous voyons de nouveaux visages . 

right label: 0	prob: [0.9968791007995605, 0.003120899898931384]	Le nouveau juif palestinien , disaient -ils , devait être physiquement plus fort que les commerçants intelli gents qui avaient été piétin és en E uro pe . 

right label: 1	prob: [0.030571602284908295, 0.9694283604621887]	l ' organisation a déménagé dans de les locaux temporaires près de l ' intersection de les routes en avril pendant que le bâtiment principal subit de les rénovations d ' une valeur de 14, 4 millions de dollars . 350 out of 416