
Uses verb segment ids: yes
Model: flaubert/flaubert_small_cased
Model type: flaubert/flaubert_small_cased
Train set: 3328
Validation set: 416
Test set: 416
transformer.attentions.0.q_lin.bias                           (512,)
transformer.attentions.0.k_lin.weight                     (512, 512)
transformer.attentions.0.k_lin.bias                           (512,)
transformer.attentions.0.v_lin.weight                     (512, 512)
transformer.attentions.0.v_lin.bias                           (512,)
transformer.attentions.0.out_lin.weight                   (512, 512)
transformer.attentions.0.out_lin.bias                         (512,)
transformer.attentions.1.q_lin.weight                     (512, 512)
transformer.attentions.1.q_lin.bias                           (512,)
transformer.attentions.1.k_lin.weight                     (512, 512)
transformer.attentions.1.k_lin.bias                           (512,)
transformer.attentions.1.v_lin.weight                     (512, 512)
transformer.attentions.1.v_lin.bias                           (512,)
transformer.attentions.1.out_lin.weight                   (512, 512)
transformer.attentions.1.out_lin.bias                         (512,)
transformer.attentions.2.q_lin.weight                     (512, 512)
	======== Epoch 1 / 4 ========
Training...
	Batch    40	of	  104.		Elapsed: 0:01:05.
	Batch    80	of	  104.		Elapsed: 0:02:13.
	Average training loss: 0.61
	Training epoch took: 0:02:52
	Running Validation...
	Accuracy: 0.75
	Validation took: 0:00:06
	Confusion matrix:
              precision    recall  f1-score   support

           0       0.74      0.82      0.78       227
           1       0.75      0.66      0.70       189

    accuracy                           0.75       416
   macro avg       0.75      0.74      0.74       416
weighted avg       0.75      0.75      0.75       416

	======== Epoch 2 / 4 ========
Training...
	Batch    40	of	  104.		Elapsed: 0:01:10.
	Batch    80	of	  104.		Elapsed: 0:02:14.
	Average training loss: 0.54
	Training epoch took: 0:02:53
	Running Validation...
	Accuracy: 0.78
	Validation took: 0:00:06
	Confusion matrix:
              precision    recall  f1-score   support

           0       0.76      0.86      0.81       227
           1       0.80      0.68      0.73       189

    accuracy                           0.78       416
   macro avg       0.78      0.77      0.77       416
weighted avg       0.78      0.78      0.77       416

	======== Epoch 3 / 4 ========
Training...
	Batch    40	of	  104.		Elapsed: 0:01:07.
	Batch    80	of	  104.		Elapsed: 0:02:15.
	Average training loss: 0.50
	Training epoch took: 0:02:55
	Running Validation...
	Accuracy: 0.79
	Validation took: 0:00:06
	Confusion matrix:
              precision    recall  f1-score   support

           0       0.79      0.84      0.81       227
           1       0.79      0.74      0.76       189

    accuracy                           0.79       416
   macro avg       0.79      0.79      0.79       416
weighted avg       0.79      0.79      0.79       416

	======== Epoch 4 / 4 ========
Training...
	Batch    40	of	  104.		Elapsed: 0:01:06.
	Batch    80	of	  104.		Elapsed: 0:02:11.
	Average training loss: 0.48
	Training epoch took: 0:02:51
	Running Validation...
	Accuracy: 0.79
	Validation took: 0:00:06
	Confusion matrix:
              precision    recall  f1-score   support

           0       0.78      0.86      0.82       227
           1       0.81      0.71      0.76       189

    accuracy                           0.79       416
   macro avg       0.80      0.79      0.79       416
weighted avg       0.79      0.79      0.79       416

Loaded model succesful. Running testing...
Accuracy: 0.79
Confusion matrix:
              precision    recall  f1-score   support

           0       0.78      0.86      0.82       227
           1       0.81      0.71      0.76       189

    accuracy                           0.79       416
   macro avg       0.80      0.79      0.79       416
weighted avg       0.79      0.79      0.79       416


Wrong predictions:

wrong label: 0	prob: [0.6226630210876465, 0.3773370683193207]	Il s ' est rapidement famili arisé avec les collègues de la nouvelle entreprise . 

wrong label: 1	prob: [0.4824850559234619, 0.5175148844718933]	Une petite fille dans un harnais est dans les airs par une journée ensoleillée . 

wrong label: 0	prob: [0.5609169602394104, 0.4390830397605896]	J ' ai essayé de m ' entraîner à faire de les portraits ces derniers temps . 

wrong label: 1	prob: [0.4643138647079468, 0.5356861352920532]	Il sait pour nous . 

wrong label: 0	prob: [0.8669443130493164, 0.1330556422472]	Je comprends , la police ne porterait pas plainte pour une personne qui a disparu pendant la nuit . 

wrong label: 1	prob: [0.452561616897583, 0.5474384427070618]	Curtis souri ait et se frott ait les mains , savour ant le coup de grâce . 

wrong label: 0	prob: [0.5349439382553101, 0.46505600214004517]	les clients n ' aimer ont jamais une entreprise tant que les employés ne l ' aiment pas d ' abord . 

wrong label: 1	prob: [0.2089860588312149, 0.7910139560699463]	Une foule se rassemble dans un bar local . 

wrong label: 1	prob: [0.43964883685112, 0.5603511333465576]	Je veux voir à quoi ressemble une pierre magique . 

wrong label: 0	prob: [0.6894121170043945, 0.31058791279792786]	J ' ai rencontré certains de les coureurs . 

wrong label: 1	prob: [0.3680136501789093, 0.6319863796234131]	Deux hommes regardent dans les télesco pes solaires . 

wrong label: 0	prob: [0.6646983027458191, 0.3353016972541809]	Une n ageuse portant un costume rose sort de l ' eau d ' une piscine et fait de les éclabou ssures . 

wrong label: 0	prob: [0.9647825956344604, 0.03521742299199104]	inquiet : les agriculteurs craign aient que la forte hausse de les températures cette année n ' entraîne un raccour c issement de la saison de culture de le genre biologique , mais les pluies récentes pourraient l ' aider à poursuivre sa croissance jusqu ' à la fin de le mois de juillet 

wrong label: 0	prob: [0.92242830991745, 0.07757171988487244]	Les conditions d ' hygiène dans les bidon villes sont catastrophiques . 

wrong label: 0	prob: [0.8584913015365601, 0.14150865375995636]	Certains messages étaient politiques . 

wrong label: 1	prob: [0.18635007739067078, 0.8136499524116516]	La chaîne de la corde s ' en roule sur mes genoux . 

wrong label: 1	prob: [0.23546089231967926, 0.7645391225814819]	Cela fait plus d ' une semaine , et je veux danser . 

wrong label: 0	prob: [0.6997230052947998, 0.3002770245075226]	Ça ne te fati gu erait pas ? dit rapidement Des mond . 

wrong label: 0	prob: [0.9357261657714844, 0.06427385658025742]	Des mond dit que c ' est la femme avec qui il vit , n ' est -ce pas terrible , à son âge ! 

wrong label: 0	prob: [0.638751745223999, 0.3612481951713562]	Je commençais à être très fatigué . 

wrong label: 1	prob: [0.11411583423614502, 0.885884165763855]	Une femme a un tatouage dans le dos . 

wrong label: 0	prob: [0.8809249401092529, 0.1190749779343605]	Une machine agricole bleue tire de les personnes le long de rangées de végétation , tandis que quatre personnes font quelque chose avec la végétation dans les rangées . 

wrong label: 1	prob: [0.35972681641578674, 0.6402731537818909]	Elle a de le bon sang sous les joues . 

wrong label: 1	prob: [0.20358768105506897, 0.7964123487472534]	" De les demi- paires de chaussettes allon gées dans de les tasses de café à moitié bu es . 

wrong label: 1	prob: [0.4288561940193176, 0.5711438059806824]	Une femme en chemise rouge est sous une couverture et dort dans un véhicule . 

wrong label: 0	prob: [0.9643320441246033, 0.03566789627075195]	Il est clair que les questions doivent être telles que l ' on peut s ' attendre à ce que la population concernée les comprenne et y réponde en connaissance de cause . 

wrong label: 0	prob: [0.6738226413726807, 0.32617735862731934]	J ' ai décidé de briser ce schéma . 

wrong label: 0	prob: [0.9600729942321777, 0.03992696478962898]	Cas ey , qui n ' était pas sûre de son avenir , était devenue une grande créatrice de mode à New York . 

wrong label: 0	prob: [0.8789821863174438, 0.12101776152849197]	Je ne l ' ai jamais fait , dit Rose , avec sa vieille énergie . 

wrong label: 1	prob: [0.43736395239830017, 0.5626360177993774]	a demandé Adri enne , en utilisant la formulation de Sarah . 

wrong label: 0	prob: [0.5523595809936523, 0.4476403295993805]	J ' ai passé un bon moment là-bas . 

wrong label: 0	prob: [0.8729099631309509, 0.12709000706672668]	Est -ce que Claire est passée ? 

wrong label: 0	prob: [0.6447501182556152, 0.3552498519420624]	Ils devaient être riches , vu la taille de leurs pierres tomb ales . 

wrong label: 0	prob: [0.7971124053001404, 0.20288753509521484]	Ce sont les côtes que mon mari cuisine . 

wrong label: 1	prob: [0.33618485927581787, 0.6638151407241821]	Voilà ce qui arrive quand on n ' utilise pas de mercenaires . 

wrong label: 1	prob: [0.44789841771125793, 0.5521016120910645]	Tout le monde est habillé à les couleurs de mon mariage . 

wrong label: 1	prob: [0.030490631237626076, 0.9695093631744385]	Un chien noir participe à une course de chiens . 

wrong label: 1	prob: [0.4238843321800232, 0.5761156678199768]	C ' est Halloween et tous les enfants sont dégu isés . 

wrong label: 1	prob: [0.06133367866277695, 0.9386664032936096]	Un petit garçon en chemise blanche fait de l ' escalade . 

wrong label: 0	prob: [0.9297351837158203, 0.0702647939324379]	Eh bien , je ne vais pas le faire là-dedans . 

wrong label: 0	prob: [0.818725049495697, 0.18127495050430298]	Un homme portant une casquette noire , une chemise noire à manches longues et un tablier violet est souriant 

wrong label: 0	prob: [0.8616929650306702, 0.13830703496932983]	La vérité est que je n ' ai aucune chance de trouver un emploi . 

wrong label: 0	prob: [0.7924016714096069, 0.20759832859039307]	Je dis , tu veux une autre bière ? 

wrong label: 1	prob: [0.38964956998825073, 0.610350489616394]	De les adultes et de les enfants dansent dans une pièce . 

wrong label: 0	prob: [0.9831660985946655, 0.01683390885591507]	Il ne l ' attribue certainement pas à un discours où elle n ' a pas été prononcée et , comme indiqué ci-dessus , le faire deux fois n ' aurait aucun sens si Moore était le maître de la tromperie que ses détracteurs prétendent qu ' il est . 

wrong label: 0	prob: [0.9585698843002319, 0.04143015295267105]	Par exemple , toute tâche de diagnostic peut être facilitée par une tax onomie de les symptômes et une tax onomie de les causes , ainsi que par les liens entre eux . 

wrong label: 0	prob: [0.9965755343437195, 0.0034244805574417114]	Pas seulement parce que c ' était un motif ridi culement in adéquat , mais parce que ce n ' était pas vrai . , 

wrong label: 0	prob: [0.6107047200202942, 0.3892953395843506]	dans son discours , le militaire a assuré les pays de son engagement durable envers la sécurité et la prospérité de la région . 

wrong label: 1	prob: [0.471004843711853, 0.5289952158927917]	Une maison est en construction . 

wrong label: 0	prob: [0.9721512794494629, 0.027848748490214348]	Mais ... bon , personne d ' important ne disparaît jamais , alors ça n ' a pas vraiment d ' importance , n ' est -ce pas ? 

wrong label: 0	prob: [0.6218369007110596, 0.3781631886959076]	L ' homme est souriant et porte un costume . 

wrong label: 0	prob: [0.5383371710777283, 0.4616628587245941]	J ' adore , dit Greg , et il regarde Hil ary aller vers une petite bouilloire sur une plaque chauff ante dans le coin de la pièce et verser de l ' eau bouillante sur un sachet de thé . 

wrong label: 0	prob: [0.8598142266273499, 0.14018581807613373]	Nous étions très proches . 

wrong label: 0	prob: [0.8593357801437378, 0.14066427946090698]	Claire et Amanda ne s ' étaient pas vues depuis dix ans et étaient ravi es de passer de le temps ensemble . 

wrong label: 0	prob: [0.5816890597343445, 0.41831091046333313]	Ici , à une réunion de Team USA , ils montrent la nouvelle ligne de vêtements pour 2015 . 

wrong label: 0	prob: [0.7155939340591431, 0.28440603613853455]	Une jeune femme et un jeune homme discutent avec un groupe d ' autres personnes autour d ' eux . 

wrong label: 1	prob: [0.060855939984321594, 0.9391441345214844]	Un joueur de tennis asiatique s ' apprête à frapper la balle . 

wrong label: 0	prob: [0.8785513043403625, 0.12144875526428223]	Mais voyant un regard de sympathie , elle a répondu : Oui , c ' est vrai . 

wrong label: 1	prob: [0.30806440114974976, 0.6919355988502502]	Un homme vêtu de cuir noir avec un band ana rouge sourit à la caméra . 

wrong label: 0	prob: [0.7296493053436279, 0.27035072445869446]	Un homme est debout dans un salon . 

wrong label: 1	prob: [0.10891144722700119, 0.8910885453224182]	Les photos vont être magnifiques . 

wrong label: 1	prob: [0.49457427859306335, 0.505425751209259]	La réception va être géniale . 

wrong label: 1	prob: [0.3571673333644867, 0.6428326964378357]	R . 

wrong label: 0	prob: [0.9253588914871216, 0.07464113086462021]	Je me suis sentie si bien lorsque mon nom a été appelé et que je me suis dirigée vers l ' avant de la scène pour recevoir mon diplôme . 

wrong label: 1	prob: [0.009429940953850746, 0.990570068359375]	vous l ' utilisez pour faire naviguer un mini ra deau sur la lente et lourde rivière M oth ; 

wrong label: 0	prob: [0.5424172282218933, 0.4575828015804291]	un ami est quelqu' un qui peut voir la vérité et la douleur en vous , même lorsque vous tromp ez tout le monde . 

wrong label: 0	prob: [0.5439112782478333, 0.45608875155448914]	J ' ai roulé aussi vite que possible jusqu ' à ce que je trouve l ' école . 

wrong label: 0	prob: [0.5320999026298523, 0.4679000675678253]	Debout devant un tableau noir numérique , il a commencé à noter de les informations importantes qui se sont affichées instantanément . 

wrong label: 0	prob: [0.699849545955658, 0.30015042424201965]	Et cela aurait pu facilement la faire pani quer . 

wrong label: 1	prob: [0.2110399752855301, 0.7889600396156311]	Deux jeunes hommes exécutent un numéro de danse moderne . 

wrong label: 1	prob: [0.31707289814949036, 0.6829270720481873]	mais j ' ad mets que le roman est actuellement en retard sur la réalité probable . 

wrong label: 0	prob: [0.5278285145759583, 0.4721713960170746]	Voilà , je vais garder ça . 

wrong label: 1	prob: [0.4697820544242859, 0.5302179455757141]	Un homme en maillot de bain noir est en train de plonger d ' un plon ge oir dans une piscine . 

wrong label: 0	prob: [0.5028712749481201, 0.49712875485420227]	Je n ' aime pas l ' attitude de le peuple Emma . 

wrong label: 0	prob: [0.9033311009407043, 0.09666892141103745]	Une aptitude est donc une capacité plus une incl ination ou un intérêt . 

wrong label: 0	prob: [0.7691134214401245, 0.23088650405406952]	Le soir , les routes étaient relativement dégag ées . 

wrong label: 1	prob: [0.3849588930606842, 0.6150410771369934]	Il allait nous donner de les informations précieuses pour elle . 

wrong label: 1	prob: [0.3901120722293854, 0.6098880171775818]	Et les meilleurs acteurs , chanteurs et danseurs de l ' Opéra étaient là pour agrémenter les dîners . 

wrong label: 0	prob: [0.5270241498947144, 0.47297582030296326]	Les gens passaient un bon moment et avaient de les conversations . 

wrong label: 1	prob: [0.47139772772789, 0.5286022424697876]	Tu veux rester coincé ici pour le reste de ta vie ? 

wrong label: 0	prob: [0.5707260966300964, 0.42927390336990356]	Après minuit , tout le monde se sentait fatigué et étour di . 

wrong label: 0	prob: [0.8218690156936646, 0.17813098430633545]	Dans une étrange juxta position de la réalité , un vieux piano est assis à le coin d ' une rue animée la nuit . 

wrong label: 0	prob: [0.9165463447570801, 0.08345367014408112]	Par définition et inten tionnellement , les rou tines sont inflexi bles . 

wrong label: 0	prob: [0.9751665592193604, 0.02483344078063965]	Bien sûr , dit Greg .. , 

wrong label: 0	prob: [0.9441370964050293, 0.0558629147708416]	Il y avait aussi beaucoup de gens qui prê taient serment . 

wrong label: 0	prob: [0.6539113521575928, 0.3460886776447296]	l ' organisation a déménagé dans de les locaux temporaires près de l ' intersection de les routes en avril pendant que le bâtiment principal subit de les rénovations d ' une valeur de 14, 4 millions de dollars . 86 out of 416

Right predictions:

right label: 0	prob: [0.8045844435691833, 0.19541555643081665]	Mais ce décret n ' avait pas la puissance de le droit civil derrière lui . 

right label: 0	prob: [0.9493748545646667, 0.05062512680888176]	Il est certain que Moore est l ' un de les cinéastes les plus talentueux de les États-Unis aujourd' hui , et que son film méritait pleinement son Oscar . 

right label: 0	prob: [0.8826461434364319, 0.11735383421182632]	C ' était juste une petite installation où quelqu' un avait empil é quelques caisses et apporté quelque chose d ' alcool isé à partager , principalement de la bière . 

right label: 1	prob: [0.012915389612317085, 0.9870845675468445]	Un chien blond est allongé sur le carrelage 

right label: 1	prob: [0.00874829851090908, 0.9912516474723816]	Une personne tient un long ho t- dog devant une boîte d ' animaux en peluche . 

right label: 1	prob: [0.018974855542182922, 0.9810251593589783]	Une femme tient un ours en peluche et sourit . 

right label: 1	prob: [0.05089208856225014, 0.9491079449653625]	Une femme tient un ours habillé comme un soldat britannique . 

right label: 0	prob: [0.9800482988357544, 0.019951708614826202]	C ' est naïf à l ' extrême - Hes ton ne serait pas président de la N RA s ' il n ' était pas tenu à le courant de les cas les plus marquants de violence armée . 

right label: 0	prob: [0.8604231476783752, 0.1395767629146576]	Je ne suis pas sûre d ' être prête à sortir . 

right label: 1	prob: [0.022936340421438217, 0.9770635962486267]	Elle aimait poser et sourire pour l ' appareil photo . 

right label: 1	prob: [0.3321301341056824, 0.6678698062896729]	cabines privées - pour les invités les plus importants , nous avons de les lits situés dans de les cabines privées . 

right label: 0	prob: [0.8854556083679199, 0.11454442888498306]	Le tout se résu mait à l ' expression d ' une sécurité absolue et à l ' ignorance de toute transgr ession . 

right label: 1	prob: [0.05725378915667534, 0.9427462816238403]	Un alpin iste grimpe à le sommet d ' une montagne ennei gée . 

right label: 1	prob: [0.0563998781144619, 0.9436001181602478]	Une main tient de la nourriture et une boisson est sur la table . 

right label: 0	prob: [0.9694943428039551, 0.03050570748746395]	Mon nom , Jesus Qui les , est juste là . 

right label: 0	prob: [0.8343083262443542, 0.16569165885448456]	Arthur essayait de mesurer la vitesse à laquelle ils voyage aient , mais le noir extérieur était absolu et il n ' avait aucun point de référence . 

right label: 1	prob: [0.07566404342651367, 0.9243360161781311]	Une femme fum ant une cigarette joue de la guitare . 

right label: 1	prob: [0.16311229765415192, 0.8368876576423645]	vous êtes-vous déjà demandé à quoi ressemble la maison blanche pendant les vacances ? 

right label: 1	prob: [0.3909180760383606, 0.6090819239616394]	Monte . 

right label: 0	prob: [0.6162039041519165, 0.3837960958480835]	En refer mant la boîte , il s ' est arrêté près de la porte ouverte et m ' a regardé . 

right label: 1	prob: [0.05054457485675812, 0.9494554400444031]	La femme lit un livre dans la bibliothèque . 

right label: 0	prob: [0.948107123374939, 0.05189293250441551]	Dans les régions pauvres , le commerce très rentable de la drogue est souvent considéré comme le dernier recours . 

right label: 0	prob: [0.9566603302955627, 0.04333966225385666]	Concernant l ' extrait de le site de la N RA sur l ' affaire et le sur lign age de la phrase 48 heures après que Kay la Rolland ait été déclarée morte : 

right label: 0	prob: [0.8820896148681641, 0.11791037023067474]	J ' étais maintenant l ' un d ' entre eux . 

right label: 0	prob: [0.6888535022735596, 0.31114649772644043]	De les groupes de personnes sont dans un parc urbain ou marchent vers le quartier principal . 

right label: 0	prob: [0.913676381111145, 0.08632358908653259]	On pourrait dire que je suis plus différent que différent . 

right label: 0	prob: [0.9664918184280396, 0.03350809961557388]	Par une coïncidence extraordinaire , le jour suivant , il y avait deux rapports dans le journal , l ' un concernant les incidents les plus étonnants avec une sou coupe vol ante , et l ' autre sur une série d ' émeutes incon ven antes dans les pubs . 

right label: 0	prob: [0.8722777366638184, 0.12772220373153687]	Jé hu se rendit alors à Je z réel où résidait la vieille re ine- mère , Jé z abel . 

right label: 1	prob: [0.03491007164120674, 0.9650899171829224]	comment se battre si l ' on est arrêté à un feu rouge 

right label: 1	prob: [0.10300614684820175, 0.89699387550354]	Un homme portant un chapeau de cow- boy monte un cheval brun . 

right label: 0	prob: [0.6494938731193542, 0.3505061864852905]	Il m ' a fallu une trentaine de secondes pour choisir le sandwich à le poulet Charles ton : poitrine de poulet mar inée et grill ée sur un pain à le lev ain avec de le hav ar ti fondu , de la lai tue romaine et de la mayonnaise à les cann e berges . 

right label: 1	prob: [0.1453106552362442, 0.8546894192695618]	Un groupe de personnes hab illées professionnellement à l ' extérieur . 

right label: 0	prob: [0.9905444383621216, 0.00945548340678215]	Cependant , la ville étant divisée par de les fortifications et de les fils barbel és , aucun pèler in israélien ou juif n ' a été autorisé à visiter le Mur occidental ou d ' autres sites juifs à Jérusalem-Est . 

right label: 0	prob: [0.6582906246185303, 0.34170934557914734]	Lorsque le lecteur souhaite approfondir certains sujets , ou lorsque de les questions techniques sont en jeu , la lecture de les ouvrages pertinents cités dans la bibliographie est recommandée . 

right label: 0	prob: [0.8873662948608398, 0.11263369023799896]	En un clin d ' oeil à la lumière str ob oscopique , il était sur ses pieds et se précipi tait hors de la pièce . 

right label: 1	prob: [0.2227036952972412, 0.7772963047027588]	un joueur de football a échangé de les maillots signés en été lorsque l ' intérêt était 

right label: 0	prob: [0.915944516658783, 0.08405546098947525]	Nous ne nous souci ons pas d ' être les derniers et nous ne nous souci ons pas qu ' il n ' y ait plus d ' étoiles . 

right label: 1	prob: [0.04399670660495758, 0.9560033082962036]	mais 4 écr ous sur vos 4 boul ons comme le montre l ' image . 

right label: 0	prob: [0.9480968117713928, 0.05190320685505867]	Elle prit une gor gée de sa boisson , de l ' eau plate car , avait -elle expliqué plus tôt , elle n ' avait jamais aimé le goût de l ' alcool , puis fix a son regard sur moi . 

right label: 0	prob: [0.9695199131965637, 0.030480077490210533]	Il est toutefois peu probable que les attaques injustes dont il fait l ' objet aient un impact significatif . 

right label: 0	prob: [0.6908307671546936, 0.3091692328453064]	Un homme en chemise rouge tient deux animaux écor chés morts sur une table , avec une scie à proximité et un couteau à la main . 

right label: 1	prob: [0.05456314608454704, 0.9454368948936462]	Un homme en costu me- cravate et chapeau tient un pistolet . 

right label: 0	prob: [0.9834246039390564, 0.016575368121266365]	Il était naturel qu ' une petite ville ho d za ne puisse maintenir ce qu ' un Grand V ez ir avait fondé et que les événements historiques avaient condamné à le désastre . 

right label: 0	prob: [0.978646993637085, 0.02135293185710907]	Mais si jamais tu vois une fée , dis- lui que tu es de le sang d ' Ivan Bog aty ri vitch et elle ne te laissera pas passer si vite . 

right label: 1	prob: [0.01905386708676815, 0.9809461236000061]	Mettez l ' ail , le basilic , les câ pres et le jus de citron dans un mix eur avec environ une demi- tasse d ' huile d ' olive et commencez à mixer . 

right label: 1	prob: [0.24960024654865265, 0.7503997683525085]	Il y a plusieurs verres de vin vides sur la table . 

right label: 0	prob: [0.99140465259552, 0.008595328778028488]	Une grande partie de la meilleure architecture islamique de la ville a été construite à l ' époque mam el ou ke , mais les mille dernières années ont fait de les ravages : Jérusalem n ' a pas pu retrouver la prospérité dont elle avait bénéficié auparavant . 

right label: 0	prob: [0.9950786828994751, 0.0049212658777832985]	Quand votre vie , la raison pour laquelle vous avez vécu , les gens , les visages , les lieux , les émotions que vous avez ressenti es , les personnes et les choses que vous avez aim ées , quand tout cela aura disparu , qu ' est -ce qu ' il vous restera ? 

right label: 0	prob: [0.9874666333198547, 0.012533384375274181]	La reine Hélène , une chrétienne fer vente et la mère de l ' empereur Constantin le Grand , a fait un pèlerinage en Terre Sainte en 3 26 pour identifier les sites associés à la vie de Jésus . 

right label: 0	prob: [0.7025425434112549, 0.2974575161933899]	Dans une main , je tenais en équilibre mon assiette de cr ack ers en forme d ' étoile , de boules de tremp ettes et de garni tures élégantes , de petites boules rou lées de viandes et de fromages traversées par de les tiges d ' une plante vert pâle , et un ensemble d ' autres petites choses délec tables . 

right label: 0	prob: [0.9670489430427551, 0.03295101225376129]	Et bien que cette pensée eût dû être douloureuse , l ' avocat était cal mé par la certitude que personne ne s ' affli gerait . 

right label: 0	prob: [0.9863428473472595, 0.013657123781740665]	Ceux d ' entre nous qui vivent en permanence dans ce monde ont tendance à s ' installer dans de les endroits comme celui-ci , où la population humaine est si écrasante qu ' on ne les remarque pas dans le bon coin , avec les bons sorts de protection ... 

right label: 0	prob: [0.920849084854126, 0.07915090769529343]	Vos accusations de coupures in appropriées sont une fois de plus totalement in fondées . 

right label: 0	prob: [0.969044029712677, 0.030955994501709938]	Ses yeux étaient rouges et il avait dénu dé une série de cro cs qui auraient pu m ' arracher la main . 

right label: 1	prob: [0.1164419949054718, 0.8835579752922058]	Nous avons profité de le reste de la journée à le bord de la plage en regardant le coucher de le soleil . 

right label: 0	prob: [0.8621776103973389, 0.13782240450382233]	Je ne sais pas comment Jeff erson a su que je me trouvais là . 

right label: 0	prob: [0.8432904481887817, 0.15670959651470184]	La seule chose que l ' on savait . 

right label: 1	prob: [0.13479961454868317, 0.8652004599571228]	Faites une fente verticale dans l ' une de les olives Jum bo , ce sera le corps , que vous far ci rez de fromage frais . 

right label: 0	prob: [0.9896154403686523, 0.01038450002670288]	Constantinople a été prise par les forces de les Cro isés en 120 4 , qui ont dépouillé la ville de nombre de ses plus beaux trésors - qui or nent aujourd' hui les bâtiments publics de Venise - bien qu ' un important lot de livres et de manuscrits ait été transféré à le monastère de Pat mos avant la chute de la ville . 

right label: 0	prob: [0.7360965013504028, 0.26390349864959717]	Hé , j ' ai dit , tu es sûr qu ' on devrait aller par là ? 

right label: 1	prob: [0.0601406991481781, 0.9398593306541443]	Faites - en un autre si vous l ' aimez ! ! ! 

right label: 0	prob: [0.9909121990203857, 0.009087746031582355]	A l ' époque , Jérusalem était un bastion can an éen situé sur une route commerciale secondaire , bien moins important que les villes bibliques telles que Haz or , Me gi d do , B eth She an et Si che m . 

right label: 0	prob: [0.6465389728546143, 0.35346105694770813]	Tous les mets raffinés et les éclairages décoratifs , il fallait un prix exorbi tant pour les entretenir . 

right label: 1	prob: [0.006378418765962124, 0.9936215281486511]	Un surf eur chev auche une vague sur sa planche de surf . 

right label: 0	prob: [0.9614943861961365, 0.038505565375089645]	Je me suis assis de côté dans le fauteuil , les pieds pend us à un bras , le cou reposant contre l ' autre , traçant dis traitement de les lignes invisibles entre les étoiles à l ' extérieur de ma fenêtre pendant que je ru min ais la situation . 

right label: 1	prob: [0.16237838566303253, 0.8376216292381287]	Elle a lutté pour se lever et l ' accompagner jusqu ' à la porte . 

right label: 0	prob: [0.8793526887893677, 0.12064734101295471]	Régi on alis me Dès ses premiers jours , la vallée de Mah oning a été une région remplie de petits villages et hameaux . 

right label: 0	prob: [0.9699037075042725, 0.03009624406695366]	Alors , quelle est notre cargaison , hein , capitaine ? 

right label: 1	prob: [0.19673703610897064, 0.8032630085945129]	le plus important est de s ' assurer que la taille de le costume est adaptée à votre morphologie . 

right label: 0	prob: [0.652783215045929, 0.34721675515174866]	Un homme et une femme sont dans un bus . 

right label: 0	prob: [0.679340660572052, 0.320659339427948]	Sa cr inière est si cool . 

right label: 0	prob: [0.9755746126174927, 0.024425342679023743]	Une nouvelle école d ' historiens juifs est plus critique à l ' égard de les bouleversements causés par l ' acquisition de terres par les Juifs , et conclut que cela n ' a pas toujours été juste . 

right label: 1	prob: [0.19675636291503906, 0.8032436966896057]	un bun ker secret , nouvellement construit , est situé sous le vaste terrain . 

right label: 1	prob: [0.2574749290943146, 0.7425249814987183]	Essayez de comprendre les gens avant de leur faire confiance . 

right label: 1	prob: [0.009001792408525944, 0.9909982681274414]	un réalisateur assiste à la cérémonie de remise d ' une étoile à un acteur . 

right label: 1	prob: [0.49927371740341187, 0.5007262825965881]	Une vue à la première personne d ' un homme qui regarde la télévision les pieds en l ' air . 

right label: 0	prob: [0.5360080003738403, 0.4639919698238373]	Une femme en vêtements noirs est dans une cuisine , en train de râ per de le fromage . 

right label: 0	prob: [0.9916449189186096, 0.008355035446584225]	Ce que l ' étranger pen sera , c ' est qu ' un homme qui peut faire de le stop à travers la galaxie , la rendre difficile , l ' en can ailler , lutter contre de terribles obstacles , gagner , et qui sait toujours où se trouve sa serviette est clairement un homme avec lequel il faut compter . 

right label: 0	prob: [0.946508526802063, 0.053491439670324326]	Il nous a conduits à la porte d ' un bâtiment ressemblant à une pag ode courte surmontée d ' une enseigne montrant un visage à les mains levées , comme un saint sous la lumière de Dieu , et men ot tés . 

right label: 0	prob: [0.986412763595581, 0.013587229885160923]	Son taux de change de huit N ing is pour un P u est assez simple , mais comme un N ing i est une pièce triangulaire en caoutchouc de six mille huit cents milles de côté , personne n ' a jamais rassemblé assez de pièces pour posséder un P u . 

right label: 0	prob: [0.9806098341941833, 0.01939014159142971]	Après avoir vu mon vaisseau se déchirer , après avoir passé vingt-trois bonnes heures à flotter en silence dans l ' épave , après m ' être demandé si je faisais face à les étoiles de la const ellation de la Balance ou de la const ellation d ' Ori on vues de la Terre , après m ' être demandé ce que je ressent ais en suff o quant et après avoir eu le sentiment que oui , j ' allais mourir seul dans l ' espace , il m ' a fallu de le temps pour que ce sentiment se dissi pe . 

right label: 0	prob: [0.9778450727462769, 0.022154908627271652]	Cela ressemble plus à une correction ultérieure à de les fins de relations publiques , mais bien sûr , personne ne remet en question les déclarations de la banque lorsqu ' elles peuvent être utilisées contre Moore . 

right label: 1	prob: [0.40316954255104065, 0.5968304872512817]	Le cla quement de la porte résonne dans toute la maison . 

right label: 1	prob: [0.04592490568757057, 0.9540750980377197]	Roul ez - les en boules de la taille d ' une bouchée ( la taille de les boules dépend de la quantité que vous voulez faire ) . 

right label: 0	prob: [0.92171710729599, 0.07828289270401001]	Il s ' est él ancé vers un escalier encastr é dans le mur , et nous avons couru après lui , en montant un énorme escalier qui semblait avoir plus d ' étages que le bâtiment ne pouvait en contenir . 

right label: 0	prob: [0.8871743679046631, 0.11282569169998169]	Alors , un camarade a demandé , Donner sa vie pour un autre être est le don ultime ? 

right label: 1	prob: [0.001072736456990242, 0.9989272952079773]	un artiste country donne un concert surprise pendant le festival 

right label: 0	prob: [0.9894270896911621, 0.010572917759418488]	Notre héritage ancien et notre physiologie même nous disent que le sexe est naturel - une voie privilégiée vers l ' épanouissement spirituel - et pourtant la religion moderne le déc rie comme honteux , nous apprenant à craindre notre désir sexuel comme la main de le diable . 

right label: 0	prob: [0.9694669842720032, 0.03053300641477108]	Pendant les 19 années suivantes , Jérusalem était deux villes . 

right label: 0	prob: [0.9875766038894653, 0.012423374690115452]	Il est maintenant bien documenté que la CIA a toléré la vente de cr ack dans les villes américaines pour financer les opérations de les contr as sud- américains 

right label: 1	prob: [0.19908514618873596, 0.8009148836135864]	J ' ai aussi pu passer de le temps avec le chat . 

right label: 0	prob: [0.9642266631126404, 0.03577335178852081]	La question de la vente de les terres est depuis longtemps un sous- thème de la lutte entre Juifs et Arabes . 

right label: 0	prob: [0.8281417489051819, 0.17185822129249573]	Mais Ron deau n ' a pas tenu compte de l ' avertissement . 

right label: 0	prob: [0.9607633948326111, 0.03923659026622772]	Ils ont rempli la sou te à bagages de deux valises d ' effets personnels , de deux sacs de nourriture et d ' une couverture rou lée dans une housse à carreaux fraîche avec un oreiller - après tout , selon elle , ils ne pouvaient pas dormir dans la même que cette pauvre fille ... 

right label: 1	prob: [0.042345527559518814, 0.9576544761657715]	Maintenant , mettez le tout dans le congélateur pour qu ' il soit congel é . 

right label: 1	prob: [0.3708001375198364, 0.6291998624801636]	Nous pourrions juste nous asseoir et collecter les loyers d ' un nombre toujours plus réduit de locataires . 

right label: 1	prob: [0.155674546957016, 0.8443254232406616]	En vous assurant qu ' elles sont encore chaudes , remplissez un mix eur ou un robot de cuisine avec les cacahu ètes grillées . 

right label: 1	prob: [0.08919347077608109, 0.9108064770698547]	Dans un bol , verser 1 / 2 tasse d ' eau bouillante et 1 / 2 tasse d ' eau froide Ajouter 1 cuillère à café de sucre à l ' eau et remuer Ajouter 1 cuillère à soupe de levure à l ' eau , remuer et laisser reposer 10 minutes ( une mousse doit se former à la surface de l ' eau ) . 

right label: 0	prob: [0.9600078463554382, 0.039992135018110275]	Nous , et de les milliers d ' autres comme nous , vivons séparément depuis qu ' il y a une société humaine , dit mon chauffeur . 

right label: 0	prob: [0.9719927906990051, 0.02800717018544674]	En fait , cela a fait naître l ' espoir chez les travailleurs sans qu ' il y ait une réelle chance de sauver quoi que ce soit . 

right label: 0	prob: [0.9861039519309998, 0.013896051794290543]	La fille était aussi douce et rose que l ' éclat de les pierres , et elle était vêtue d ' une robe blanche attachée à la taille par une ceinture comme un noeud celtique . 

right label: 0	prob: [0.9933204650878906, 0.006679530721157789]	Ou encore , il pouvait s ' agir d ' une de ces étranges incitations qui surg issaient de temps à autre de cette zone sombre de son esprit qu ' il avait in explic ablement verrou illée avant de devenir président de la galaxie . 

right label: 1	prob: [0.1571253389120102, 0.8428746461868286]	c ' est un bain de salade . 

right label: 0	prob: [0.9669500589370728, 0.033049922436475754]	La brume bleue semblait s ' arrêter juste à côté de sa pâ leur , mettant en valeur son visage frappant sans en illumin er les détails , et ses poignets étincel aient de blancheur dans l ' obscurité . 

right label: 0	prob: [0.750216543674469, 0.24978341162204742]	Notre cuisine rend hommage à notre amour de les traditions de le Sud à table , mais , comme les bonnes gens d ' Ash eville , elle marche à son propre rythme . 

right label: 1	prob: [0.09275007992982864, 0.907249927520752]	La personne sur une moto roule sur la plage . 

right label: 0	prob: [0.9786262512207031, 0.02137378603219986]	En quelques minutes , nous étions de retour à la première porte à laquelle nous avons frappé dans cette ville et D vor ov lui-même nous accueillait . 

right label: 0	prob: [0.9208747148513794, 0.0791253000497818]	Ce passage , tu te souviens ? 

right label: 0	prob: [0.9911895990371704, 0.008810384199023247]	Les gens s ' accro chaient à de vagues idées de collecti vis ation de les travailleurs , mais personne ne pouvait vraiment comprendre comment cela fonctionn erait exactement ; les habitants de You ng sto wn n ' étaient , après tout , pas particulièrement familiers avec le socialisme ou la collecti vis ation en général . 

right label: 0	prob: [0.9660798907279968, 0.03392008692026138]	L ' a pathie de l ' US W A United Steel Wor kers of America était le syndicat qui représentait les travailleurs de l ' acier de You ng sto wn à le moment de les fermetures . 

right label: 0	prob: [0.8868526816368103, 0.11314733326435089]	Je me sens encore un peu étour di . 

right label: 0	prob: [0.9132278561592102, 0.08677211403846741]	C ' est une généralisation erronée . 

right label: 0	prob: [0.9745796918869019, 0.025420289486646652]	Il promet un État moderne à son peuple , mais la situation devenant explosive , de les troubles civils éclatent dans les villes turques et les personnes considérées comme grecques sont victimes de menaces et de violences . 

right label: 1	prob: [0.4312022924423218, 0.568797767162323]	Elle détes tait ces escaliers . 

right label: 0	prob: [0.9706457853317261, 0.02935427986085415]	Je ne savais pas comment ils pouvaient manquer de les traits si exotiques , même dans cette lumière dé for mante . 

right label: 0	prob: [0.9706560969352722, 0.02934395521879196]	J ' ai été surpris à l ' époque que vous par don ni ez si facilement mes fausses accusations contre les Spa c ers , alors que vous m ' aviez auparavant ser m onné sur leur sensibilité . 

right label: 1	prob: [0.12118509411811829, 0.8788148760795593]	Une femme tient un parapluie blanc par une nuit noire . 

right label: 1	prob: [0.031936757266521454, 0.9680632948875427]	une personne va finalement jusqu ' à le bout 

right label: 1	prob: [0.04567769914865494, 0.954322338104248]	Le chat est assis patiemment sur le banc de le piano . 

right label: 0	prob: [0.5198389291763306, 0.48016098141670227]	Une médecine pour l ' esprit 

right label: 0	prob: [0.8453746438026428, 0.15462535619735718]	Je vous aurais juré qu ' il était mort . 

right label: 0	prob: [0.5713419318199158, 0.42865806818008423]	Voy ager à l ' étranger peut être un plaisir ! 

right label: 0	prob: [0.9869019985198975, 0.013097976334393024]	Ils tombaient maintenant ensemble , ce qui était très gentil et romantique , mais ne résol vait pas le problème de base , qui était qu ' ils tombaient , et que le sol n ' attendait pas de voir s ' il avait d ' autres tours dans son sac , mais venait à leur rencontre comme un train express . 

right label: 1	prob: [0.4134378135204315, 0.5865621566772461]	Je veux prendre mon badge , sinon si tu le ti res , il va déchirer mon jean . 

right label: 0	prob: [0.9826490879058838, 0.01735089160501957]	En ce qui concerne son apparence physique , il suffit de dire que Doy le était assez vi ril pour les tâches qu ' il s ' était fixées , robuste , athl étique , sans vanité , mais pas au-dessus d ' un pinc ement conditionné de la honte s ' il rencontrait de les supérieurs sociaux alors qu ' il portait de les man chettes ou un col effi lo chés par ses limites financières . 

right label: 1	prob: [0.45411694049835205, 0.545883059501648]	Je vous le li rai plus tard et vous dirai exactement ce qui se passe . 

right label: 1	prob: [0.4238491654396057, 0.5761508345603943]	Cette petite poupée avait l ' impression qu ' elle ne pouvait plus continuer . 

right label: 0	prob: [0.9905939102172852, 0.009406077675521374]	Cependant , le résultat de leurs arguments est toujours le même et témoigne de leur sagesse : après chaque conflit , les Grecs et les Arméniens demandent de les temples séparés . 

right label: 1	prob: [0.0713525041937828, 0.9286474585533142]	Un chien court avec un jouet dans sa gueule . 

right label: 0	prob: [0.9880154728889465, 0.011984564363956451]	Qu ' il me suff ise de dire que je n ' ai pas perçu la moindre trace de modestie chez cette belle jeune fille à peine formée que la mixité moderne , les mœurs juvéni les , le vac arme de les feux de camp , etc. avaient complètement et irrémédiablement dé pr av ée . 

right label: 1	prob: [0.30543771386146545, 0.6945623159408569]	De nombreuses personnes marchent et participent à un défilé . 

right label: 1	prob: [0.13026323914527893, 0.8697367906570435]	Deux personnes s ' affrontent dans un match d ' arts martiaux . 

right label: 1	prob: [0.10925387591123581, 0.8907461166381836]	je veux ce texte , avec un arbre dans la chambre de mon fils . 

right label: 0	prob: [0.8534742593765259, 0.1465257704257965]	A l ' intérieur , l ' espace s ' ouvrait sur une large chambre carrée , avec de les miroirs et si sombre qu ' elle aurait pu être de n ' importe quelle taille . 

right label: 1	prob: [0.37705060839653015, 0.6229494214057922]	consacré : la veille de la grande annonce , le couple a été vu avec ses enfants en train de se promener près de leur maison . 

right label: 0	prob: [0.9624797701835632, 0.037520214915275574]	Car même les meilleures qualités d ' une personne ne peuvent être appréciées à leur juste valeur que si elles nous sont présentées d ' une manière conforme à nos propres opinions et inclin ations . 

right label: 0	prob: [0.8901700377464294, 0.10982995480298996]	L ' écran lumineux fourni m ' avait informé de la date et de le lieu de les repas officiels , mais je n ' avais pas pris la peine de répondre à les invitations . 

right label: 1	prob: [0.017398931086063385, 0.9826011061668396]	un homme est debout sur un sk ate board dans une rue 

right label: 0	prob: [0.979343056678772, 0.02065698429942131]	Moi , j ' ai suivi l ' exemple d ' Adri enne et je n ' ai rien dit ( je me suis inventé de les excuses pour rester en sécurité dans le mode d ' observation " g ath er- info " ) . 

right label: 0	prob: [0.822327733039856, 0.17767223715782166]	S ' il vous plaît , si nous pouvions le voir , nous vous en serions très reconnaissants . 

right label: 1	prob: [0.26078811287879944, 0.739211916923523]	Ré fri gérer l ' écorce jusqu ' à ce qu ' elle soit complètement dur cie . 

right label: 0	prob: [0.9731433987617493, 0.026856616139411926]	Le jaune de ce ciel n ' était pas seulement de le smo g : il était d ' une noirceur pes ante et sanglante . 

right label: 0	prob: [0.993024468421936, 0.006975487805902958]	En 1946 , les Juifs ne possédaient que 7 % de la Palestine , mais la menace de déplacement était largement perçue par les Arabes . 

right label: 0	prob: [0.9957595467567444, 0.0042405142448842525]	J ' ai réalisé que Rachel avait disparu sans laisser d ' indice et que je ne pouvais rien faire d ' autre qu ' attendre qu ' elle se manifeste - ce qui , si elle était dans une situation où je devrais faire quelque chose , ne serait probablement jamais . 4 

right label: 1	prob: [0.12183385342359543, 0.878166139125824]	personne , a déménagé et vient certains vendredis soirs pour rencontrer de nouvelles personnes . 

right label: 1	prob: [0.41525137424468994, 0.5847486853599548]	Elle se dé tend en espérant que le repos guéri ra son corps . 

right label: 0	prob: [0.9884741902351379, 0.011525786481797695]	Une fois - c ' était dans les années trente - il m ' a dit avec un certain embarras que les femmes ne sont jamais tout à fait elles-mêmes , ou , pour le dire cr ûment , qu ' elles sont toujours en train de faire semblant et de prendre de les attitudes . 

right label: 1	prob: [0.27616944909095764, 0.72383052110672]	Rien de le tout , dit Greg en sortant par la porte d ' entrée . 

right label: 0	prob: [0.9923607707023621, 0.007639278192073107]	Les lois inexor ables de la mécanique céleste avaient décrété que l ' En de av our était le premier , et le dernier , de tous les vaisseaux de l ' Homme qui entr eraient en contact avec R ama . 

right label: 1	prob: [0.26900288462638855, 0.7309970855712891]	Un homme blond chante passionn ément dans le microphone . 

right label: 1	prob: [0.2676354944705963, 0.7323644757270813]	Certains outils à main sont magnifiquement conçus pour s ' adapter à l ' utilisateur , par exemple la faux à deux mains . 

right label: 0	prob: [0.9819314479827881, 0.018068498000502586]	Les be ys et les ay ans se lev èrent et prirent congé en silence , heureux d ' être en vie et aussi perpl exes que s ' ils avaient assisté à un spectacle de pres tidi gi tation . 

right label: 1	prob: [0.2301761507987976, 0.7698238492012024]	Tout le monde semble s ' intéresser à lui ces derniers temps . 

right label: 1	prob: [0.14528661966323853, 0.8547133207321167]	une fan montre sa déception alors que la personne était bouleversée le samedi soir . 

right label: 1	prob: [0.09298539161682129, 0.9070146083831787]	Un homme est assis sur le bord de la route à un stand de fruits . 

right label: 0	prob: [0.9810234308242798, 0.018976541236042976]	Elle a soudain repris sa manière de parler , celle qu ' il associ ait à leur conversation téléphonique : l ' Herzégovine était paci fiée . 

right label: 1	prob: [0.09666876494884491, 0.9033311605453491]	détendu : une personne a passé son bras autour de l ' épaule de le modèle . 

right label: 0	prob: [0.6065979599952698, 0.3934020698070526]	J ' ai appuyé mes jambes contre le sol en pierre et il était sur moi . 

right label: 1	prob: [0.17794905602931976, 0.822050929069519]	Les enfants se sont amus és à jouer ensemble . 

right label: 0	prob: [0.7659911513328552, 0.23400890827178955]	Ess ayer de soutenir les usines d ' une ville était impossible face à la dépression qui s ' est étendue à toute l ' industrie . 

right label: 0	prob: [0.9660754799842834, 0.03392460197210312]	Les pommes de terre étaient légères et non grasses ; 

right label: 0	prob: [0.9177072644233704, 0.08229275792837143]	Mon chauffeur a tourné à nouveau à côté d ' un vieil entrepôt dans lequel j ' ai peut-être été une fois lorsque Mit ch nous a emmenés à une r ave en deuxième année . 

right label: 1	prob: [0.007013803813606501, 0.9929861426353455]	une façon naturelle de recycler les déchets alimentaires - les donner à les poules 

right label: 0	prob: [0.7330990433692932, 0.2669009864330292]	Le calme de la pièce y a contribué , tout comme la vue . 

right label: 0	prob: [0.9365819692611694, 0.06341803073883057]	L ' ob sidi enne est une roche volcanique dure et vitr euse , qui pouvait être faç onnée en outils de coupe et de poign ard age . 

right label: 0	prob: [0.8638008832931519, 0.13619913160800934]	Z h eng avait l ' air sceptique . 

right label: 0	prob: [0.9799056649208069, 0.020094266161322594]	Les Ott om ans ont apporté de nouvelles influences à les îles qu ' ils contrô laient , formant un vaste empire qui s ' étendait autour de la Méditerranée orientale . 

right label: 0	prob: [0.7590633630752563, 0.24093669652938843]	Après un moment , Ray a dit , je ne pense pas . 

right label: 1	prob: [0.09299854189157486, 0.9070014357566833]	Ils ont continué à prendre de les photos ensemble devant d ' autres sites historiques . 

right label: 0	prob: [0.6153303384780884, 0.38466960191726685]	De nombreuses personnes sont dehors et regardent les patin eurs sur glace . 

right label: 1	prob: [0.16062888503074646, 0.8393711447715759]	-S avou rez ces ti kk is avec de le ket chu p . 

right label: 0	prob: [0.9895687699317932, 0.01043127104640007]	Ces personnes ne ressentent pas le besoin d ' exprimer leur sympathie , ni de réfléchir à de les moyens d ' éviter de tels incidents , mais elles ressentent le besoin d ' affirmer leurs droits et de chercher de les réponses rapides et simples - comme le dit Bus ch , les propriétaires d ' armes à feu voulaient pendre [ l ' enfant ] à l ' arbre le plus haut . 

right label: 0	prob: [0.981963038444519, 0.018036991357803345]	A ceux qui disaient qu ' ils avaient le sentiment que le savon ne se trouvait pas dans les mines , le Capitaine s ' était risqué à suggérer que c ' était peut-être parce que personne n ' avait assez cherché , et cette possibilité avait été reconnue à contrec œur . 

right label: 0	prob: [0.9361295104026794, 0.06387047469615936]	Il reste à voir si cela se produira un jour , mais l ' aide offerte par la Grèce à la Turquie après le tremblement de terre dévastateur de 1999 est peut-être un signe que l ' anim osité entre ces deux ennemis traditionnels commence à diminuer . 

right label: 0	prob: [0.7905282378196716, 0.20947173237800598]	Je me suis demandé si la nourriture livrée dans mes quartiers ces derniers jours avait été aussi incroyable . 

right label: 0	prob: [0.9940359592437744, 0.005963990930467844]	En 15 66 , ils arra chent Chi os à les Gén ois , renforçant ainsi leur mainmise sur les îles orientales de la mer É gée , mais les Cycl ades restent à les mains de les V éni tiens pendant une autre génération ou plus - Tin os est la dernière à tomber en 17 15 . 

right label: 0	prob: [0.9659092426300049, 0.034090735018253326]	Un matériau ancien important , l ' ob sidi enne , a été découvert sur l ' île de Mil os . 

right label: 0	prob: [0.866660475730896, 0.13333947956562042]	On m ' empois onne , mais on ne sait pas que je ... si je ... 

right label: 1	prob: [0.09012294560670853, 0.9098770618438721]	De les gens regardent un homme jouer à un jeu vidéo de boxe dans un immeuble . 

right label: 1	prob: [0.3175685703754425, 0.6824313998222351]	Une bouteille de Fran ks Red Hot Buffalo Sau ce est parfaite pour cette recette ! 

right label: 1	prob: [0.037856727838516235, 0.9621433019638062]	Un policier est assis sur une moto . 

right label: 1	prob: [0.014195488765835762, 0.9858044981956482]	un conférencier présente un documentaire dans une galerie d ' art de la banlieue tranquille . 

right label: 0	prob: [0.8080758452415466, 0.1919241100549698]	Madame , je dois tenir compte de sa santé . 

right label: 1	prob: [0.30367955565452576, 0.6963205337524414]	La famille prenant quelques verres avant notre barbecue annuel est toujours un bon souvenir . 

right label: 0	prob: [0.9767792820930481, 0.02322072722017765]	Cependant , même ces ré visionn istes conviennent que les Juifs n ' avaient pas l ' intention d ' expulser les musulmans de Palestine . 

right label: 1	prob: [0.32480841875076294, 0.6751915216445923]	On a eu de la dinde ce soir . 

right label: 1	prob: [0.07662537693977356, 0.923374593257904]	Le chien est assis à l ' arrière de la voiture . 

right label: 0	prob: [0.982725203037262, 0.017274772748351097]	Et si ce n ' est pas un can ul ar , alors je suis directement impliqué et eux aussi , ce qui me donne le droit de parler avec eux . 

right label: 1	prob: [0.2189909815788269, 0.7810089588165283]	L ' avion de ligne est montré devant le hangar après son arrivée . 

right label: 1	prob: [0.009799355641007423, 0.9902006983757019]	Placez le ham burger dans une casserole avec 1 / 3 de tasse d ' eau , assais onnez avec de le sel et de le poivre . 

right label: 0	prob: [0.9806099534034729, 0.019390132278203964]	Après avoir vu mon vaisseau se déchirer , après avoir passé vingt-trois bonnes heures à flotter en silence dans l ' épave , après m ' être demandé si je faisais face à les étoiles de la const ellation de la Balance ou de la const ellation d ' Ori on vues de la Terre , après m ' être demandé ce que je ressent ais en suff o quant et après avoir eu le sentiment que oui , j ' allais mourir seul dans l ' espace , il m ' a fallu de le temps pour que ce sentiment se dissi pe . 

right label: 0	prob: [0.9281437993049622, 0.07185626775026321]	Elles ont toujours été ma partie préférée de les mythes grecs que j ' ai lus à l ' école primaire . 

right label: 1	prob: [0.3816501200199127, 0.6183499097824097]	la recherche biomédi cale comporte de nombreux murs angulaires . 

right label: 0	prob: [0.9916292428970337, 0.008370802737772465]	L ' origine de le navire et la raison pour laquelle Jeff erson m ' a sauvé avaient -elles vraiment de l ' importance , si maintenant , j ' étais content ? 

right label: 0	prob: [0.8990703821182251, 0.10092967003583908]	Quelle est notre destination ? 

right label: 1	prob: [0.23036104440689087, 0.7696389555931091]	Deux hommes et une femme sont assis dans une rame de métro . 

right label: 0	prob: [0.9044196605682373, 0.0955803394317627]	L ' univers tel que nous le connaissons ne sera plus le même . 

right label: 0	prob: [0.9294927716255188, 0.0705072358250618]	Maintenant , pouvez -vous me dire quel sera votre plan d ' attaque avant que nous ne tour ni ons dans le sens inverse de les aiguilles d ' une montre dans un roman d ' Anne Rice ? 

right label: 1	prob: [0.00020719761960208416, 0.9997928738594055]	Pour faire la pâte 1 tasse de farine tout usage / Mai da 1 tasse d ' eau 1 cuillère à soupe de sucre 1 cuillère à soupe d ' huile végétale 1 / 2 cuillère à café de sel Pour faire les Chur ros Huile pour la fri ture Pour saupoudrer / Roul er 1 cuillère à soupe de sucre 1 cuillère à café de cannelle mou lue 

right label: 1	prob: [0.4281642436981201, 0.5718358159065247]	Patrick a lancé la balle ; 

right label: 1	prob: [0.041554976254701614, 0.9584450125694275]	Ben se dé tend dans un fauteuil confortable à le coin de le feu . 

right label: 0	prob: [0.9227734804153442, 0.07722650468349457]	Il n ' a pas été décour agé par la distance , j ' en suis sûr . 

right label: 1	prob: [0.21981827914714813, 0.7801817059516907]	De les personnes sur de les motos descendent une rue où flotte un drapeau américain . 

right label: 0	prob: [0.7705407738685608, 0.22945916652679443]	Tout membre de l ' équipe qui aurait pu mettre en danger le projet était de la viande . 

right label: 1	prob: [0.037618447095155716, 0.9623814821243286]	Un j ockey monte un cheval dans l ' herbe verte . 

right label: 0	prob: [0.9878385066986084, 0.012161471880972385]	Cela ne déran geait personne ; 

right label: 1	prob: [0.3135600686073303, 0.6864399909973145]	De les pom - po m girls en tenue rouge s ' entraînent dans l ' herbe . 

right label: 0	prob: [0.8858623504638672, 0.11413761973381042]	Le plafond était haut et en bois , et je pouvais voir une partie de la cabine d ' un DJ à le bout de le couloir . 

right label: 0	prob: [0.8471815586090088, 0.15281841158866882]	J ' en doute , dit Mar vin . 

right label: 1	prob: [0.4242606461048126, 0.575739324092865]	Papa veut savoir si ces bal ances sont arrivées . 

right label: 0	prob: [0.9833229184150696, 0.016677116975188255]	Le comté de Mah oning était une région mon o- industrielle et les habitants de You ng sto wn , S tru thers , Campbell , Bo ard man Town ship et de les nombreux autres petits villages de la région n ' avaient qu ' un seul employeur principal : les aci éries . 

right label: 1	prob: [0.0010566692799329758, 0.9989433884620667]	une personne a dirigé la cérémonie de découpe de le gâteau de la fête nationale 

right label: 0	prob: [0.9753291606903076, 0.024670826271176338]	La Grèce se voit attribuer une bande de terre le long de la côte occidentale de l ' Asie Min eure , où la population grecque était importante depuis plus de 2 000 ans . 

right label: 1	prob: [0.25008222460746765, 0.7499178051948547]	Vous aurez besoin d ' un fer à repasser , d ' une barre métallique plate ( j ' ai utilisé un niveau ) , d ' un aspirateur , de sacs M yl ar et de les aliments à emballer . 

right label: 0	prob: [0.9984152317047119, 0.0015847801696509123]	Le vaisseau , il était étrange et vieux , soit tellement dépassé , soit tellement modifié que je ne pouvais pas dire de quelle marque il était , et d ' une certaine manière , l ' équipage qui se tenait autour de moi correspondait à la même description , un amalgame de personnes singulièrement atypique . 

right label: 1	prob: [0.022847065702080727, 0.977152943611145]	Utilisez une cuillère ou un couteau à beurre pour répartir la gelée sur la tranche de pain opposée , encore ordinaire . 

right label: 0	prob: [0.774706244468689, 0.22529378533363342]	... c ' est ce que je pensais . 

right label: 0	prob: [0.7054226398468018, 0.294577419757843]	Franchement , je ne sais pas si nous pouvons faire quoi que ce soit contre un vampire . 

right label: 0	prob: [0.7767986059188843, 0.22320131957530975]	Et moi , je suppose que j ' étais une pièce de plus dans leur puzzle . 

right label: 0	prob: [0.9948914051055908, 0.005108596291393042]	Les événements qui ont suivi cette date ( connus sous le nom de " lundi noir " ) sont considérés par les personnes qui en ont été témoins soit comme de les histoires de grand courage et de détermination , soit comme de les monuments de l ' échec humain et de les faux espoirs . 

right label: 0	prob: [0.5816697478294373, 0.41833022236824036]	Il était temps de découvrir à quoi ressemblait l ' enfer . 

right label: 1	prob: [0.05945167317986488, 0.9405483603477478]	je vais me faire faire ça pour mes cheveux . 

right label: 1	prob: [0.23852495849132538, 0.7614749670028687]	Mes meilleures amies et moi avons fait en sorte de prendre de les photos ensemble . 

right label: 0	prob: [0.9867903590202332, 0.013209644705057144]	Moi , j ' ai suivi l ' exemple d ' Adri enne et je n ' ai rien dit ( je me suis inventé de les excuses pour rester en sécurité en mode observation ) . même si je pensais que Z h eng avait raison . 

right label: 0	prob: [0.9647103548049927, 0.03528962284326553]	Cordi alement , Erik M ö ller 

right label: 1	prob: [0.08863124251365662, 0.911368727684021]	Un sk ater fait de les figures dans le hal f pipe . 

right label: 0	prob: [0.8935992121696472, 0.10640076547861099]	Qu ' est -ce que tu en penses ? demanda le boss u . 

right label: 0	prob: [0.9035037159919739, 0.09649626910686493]	Lorsque j ' ai posté sur Facebook que je venais en ville , pas moins de trois personnes m ' ont dit que je devais absolument visiter le Tu pel o Hon ey Caf e . 

right label: 0	prob: [0.741247296333313, 0.258752703666687]	Eh bien , vous devez vous détendre beaucoup dans un travail comme le mien , dit -il . 

right label: 0	prob: [0.985196590423584, 0.014803365804255009]	Un observateur occasionnel n ' aurait pas su dire si c ' était parce qu ' il était ivre , malade ou suicidaire , et en effet , il n ' y avait pas d ' observateurs occasionnels dans le vieux Pink Do g Bar de le quartier sud de Han D old City , car ce n ' était pas le genre d ' endroit où l ' on pouvait se permettre de faire les choses avec désinvol ture si l ' on voulait rester en vie . 

right label: 1	prob: [0.15301689505577087, 0.8469831347465515]	Un ours brun se tient dans l ' herbe le long d ' une route . 

right label: 0	prob: [0.9799056649208069, 0.020094266161322594]	Les Ott om ans ont apporté de nouvelles influences à les îles qu ' ils contrô laient , formant un vaste empire qui s ' étendait autour de la Méditerranée orientale . 

right label: 0	prob: [0.9687114357948303, 0.03128861263394356]	Di xon ne pouvait s ' empêcher d ' admirer la façon dont , sans rien dire ni faire de particulier , ils s ' établis saient si facilement qu ' il n ' était pas censé les accompagner lui-même . 

right label: 0	prob: [0.9425539970397949, 0.057445988059043884]	Nous n ' avons pas embarqué beaucoup de passagers , juste quelques privilégiés , épar pillés ici et là entre les étoiles . 

right label: 0	prob: [0.6685267090797424, 0.3314732611179352]	La poussière épaisse amor tiss ait nos pas . 

right label: 1	prob: [0.16284239292144775, 0.8371576070785522]	" Si vous le souhaitez , vous pouvez rassembler de le glaçage ou d ' autres garni tures et décorer votre gâteau " " Cup " " avant de le manger . 

right label: 0	prob: [0.9433368444442749, 0.05666309967637062]	Le riche parfum de le vin avait une touche de quelque chose de chimique que j ' ai reconnu de le bar , mais il a rempli ma bouche et a coulé dans mes veines avec une chaleur rassurante . 

right label: 1	prob: [0.24766531586647034, 0.752334713935852]	L ' homme pose pour une photo avec une cravate , de les lunettes de soleil et un chapeau . 

right label: 0	prob: [0.9875766038894653, 0.012423374690115452]	Il est maintenant bien documenté que la CIA a toléré la vente de cr ack dans les villes américaines pour financer les opérations de les contr as sud- américains 

right label: 0	prob: [0.8483139872550964, 0.15168604254722595]	Son affirmation selon laquelle il est possible d ' acheter de les munitions dans les supermarchés est indépendante de cette affirmation . 

right label: 1	prob: [0.01640317775309086, 0.9835967421531677]	Elle prépare le restaurant pour l ' arrivée de les clients . 

right label: 1	prob: [0.2261730432510376, 0.7738270163536072]	Elle entre dans le bâtiment . 

right label: 1	prob: [0.07979090511798859, 0.9202091097831726]	Ce sont de les filles qui jouent à un jeu vidéo 

right label: 0	prob: [0.9824260473251343, 0.017573926597833633]	Ceux qui vivaient encore étaient frappés et a pathiques , comme s ' ils souff raient d ' une maladie de l ' esprit plutôt que de le corps . 

right label: 1	prob: [0.035548366606235504, 0.9644516110420227]	l ' image peut contenir : personne , sur scène , assis , jouant d ' un instrument de musique et intérieur 

right label: 0	prob: [0.5277845859527588, 0.4722154140472412]	Il s ' est assis sans bouger et a ignoré la pensée furi eusement . 

right label: 1	prob: [0.1474144011735916, 0.8525856137275696]	Un troupeau de z èbres b route dans un champ . 

right label: 0	prob: [0.9802156090736389, 0.019784411415457726]	Les jours passaient , les semaines passaient , mais je ne pouvais pas dire si cela faisait de les mois ou de les années que j ' avais été secour u . 

right label: 1	prob: [0.18212909996509552, 0.8178708553314209]	Un homme marche dans un marché étroit 

right label: 0	prob: [0.9422770142555237, 0.057723015546798706]	J ' ai appelé Mit ch et nos autres amis , en espérant que le hangar s ' était écrasé chez l ' un d ' entre eux , mais je n ' ai pas eu de chance . 

right label: 0	prob: [0.890868067741394, 0.10913191735744476]	C ' était D vor ov . 

right label: 1	prob: [0.019324008375406265, 0.9806759357452393]	Chau ffer le four à 375 degrés F. Déposer une couche de sauce à le fond d ' un plat de cuisson de 9 par 13 pouces . 

right label: 0	prob: [0.8787447214126587, 0.1212553083896637]	Tara ne laissera pas ses espoirs dé mesurés les entraîner sur un rocher qui signifierait la fin de le projet et de l ' espèce Arr allin . 

right label: 0	prob: [0.8198211193084717, 0.1801789253950119]	La pièce pu ait , principalement son propre désespoir . 

right label: 0	prob: [0.6446025967597961, 0.35539746284484863]	Une femme est dans un bus public traversant une ville . 

right label: 1	prob: [0.08606995642185211, 0.9139299988746643]	Un hib ou est assis dans la branche d ' un arbre 

right label: 1	prob: [0.41746804118156433, 0.5825319290161133]	Un jeune homme et une femme apprécient un repas . 

right label: 0	prob: [0.8837142586708069, 0.1162857934832573]	Je ne sais pas comment on aurait pu l ' entendre avec la musique . " 

right label: 0	prob: [0.7951003313064575, 0.20489972829818726]	Tout s ' efface , se perd en poussière et en atomes dispersés entre les étoiles , et chacun d ' entre nous se retrouve aussi seul qu ' à le moment de sa naissance . 

right label: 0	prob: [0.9908549785614014, 0.009145060554146767]	Il ne savait pas que Ted Cole avait cessé d ' être un travailleur acharné , et que ce qui restait de les " normes " douteuses de Ted avait été compromis par l ' échec insupportable de son mariage avec Marion - ceci en combinaison avec ces décès inacceptables . 

right label: 1	prob: [0.1877937763929367, 0.8122062087059021]	Un avi ateur guide un drone alors qu ' il se dirige vers la piste d ' atterrissage . 

right label: 0	prob: [0.901008665561676, 0.0989912748336792]	J ' essaie de me lever , mais je retombe , paralysé par le froid et la prise de conscience de ma misérable impuissance . 

right label: 0	prob: [0.7343043088912964, 0.2656956613063812]	Must afa avait 14 ans quand il a été tué . 

right label: 1	prob: [0.07790324091911316, 0.9220967292785645]	Pour créer le visage de Pep pa , vous devez réaliser une forme de cœur . 

right label: 0	prob: [0.9719842672348022, 0.028015779331326485]	La raison pour laquelle il a été publié sous la forme d ' un composant électronique micro- sous- mé son est que s ' il était imprimé sous la forme d ' un livre normal , un auto- stopp eur inter st ell aire aurait besoin de plusieurs bâtiments de taille in commode pour le transporter . 

right label: 0	prob: [0.5782444477081299, 0.4217556118965149]	Deux femmes et un homme portent de les vestes noires et souri ent . 

right label: 0	prob: [0.9640650749206543, 0.03593486174941063]	Après avoir vu mon vaisseau se déchirer , après avoir passé vingt-trois bonnes heures à flotter en silence dans l ' épave , à me demander si je faisais face à les étoiles de la const ellation de la Balance ou de la const ellation d ' Ori on vues de la Terre , à me demander ce que cela faisait de suff o quer , et après avoir eu le sentiment que oui , j ' allais en fait mourir seul dans l ' espace , il a fallu de le temps pour que ce sentiment se dissi pe . 

right label: 0	prob: [0.9814935922622681, 0.018506420776247978]	La lutte a con tourné la plupart de les îles , bien que de violents combats aient eu lieu à Sam os . 

right label: 1	prob: [0.02868977189064026, 0.9713101983070374]	voiture de reportage restée gar ée devant la maison . 

right label: 1	prob: [0.12342534959316254, 0.8765746355056763]	Un jeune ours gri zz ly se promène dans un ruisseau . 

right label: 0	prob: [0.9591706395149231, 0.0408293753862381]	Il est maintenant bien documenté que la CIA a toléré la vente de cr ack dans les villes américaines pour financer les opérations de les contr as sud- américains . 

right label: 1	prob: [0.28194400668144226, 0.7180560827255249]	Une vieille télévision est assise sur une plage de sable . 

right label: 0	prob: [0.9783591628074646, 0.021640818566083908]	L ' Empire byzantin possédait de les villes puissantes et bien forti fiées , mais les campagnes et les îles périphériques étaient rav agées par de les vagues d ' envahisseurs . 

right label: 1	prob: [0.1274450123310089, 0.8725549578666687]	Un homme passe devant un bâtiment couvert de graffi tis . 

right label: 0	prob: [0.9376380443572998, 0.06236196309328079]	C ' est le message clé de cette partie de l ' animation , qui est à nouveau ignoré par ses détracteurs . 

right label: 1	prob: [0.44964340329170227, 0.5503566265106201]	2 ) 

right label: 1	prob: [0.05836208537220955, 0.9416379332542419]	Plusieurs personnes se dirigent vers la plage pour aller faire de le surf . 

right label: 1	prob: [0.04665769636631012, 0.9533423185348511]	Un jeune garçon se tient à le bord d ' un étang . 

right label: 0	prob: [0.8644320964813232, 0.13556788861751556]	Dans un autre ordre d ' idées , j ' ai fait une découverte à le Tu pel o Hon ey Caf e , que j ' aimerais partager avec vous maintenant . 

right label: 1	prob: [0.010255521163344383, 0.9897444844245911]	une personne utilise de les huiles pour peindre à la main une publicité . 

right label: 0	prob: [0.8890807032585144, 0.1109192743897438]	Un opportun iste et un homme d ' affaires , tel était Jeff erson . 

right label: 1	prob: [0.07349280267953873, 0.9265071749687195]	Un homme vérifie son télé phone en s ' asse yant sur un banc de pierre . 

right label: 1	prob: [0.3358972668647766, 0.6641027331352234]	les cow- boys comme lui existent -ils vraiment ? 

right label: 0	prob: [0.8718979954719543, 0.12810204923152924]	Si - " Vous voyez ce que je veux dire . 

right label: 0	prob: [0.90290766954422, 0.09709229320287704]	Comment pourrait -il même penser à blâmer la pauvreté et les programmes de travail forcé pour tout ce qui arrive de mal ? 

right label: 0	prob: [0.898047149181366, 0.10195287317037582]	La nourriture était délicieuse et tout le monde était rassasi é et heureux . 

right label: 1	prob: [0.4362580478191376, 0.56374192237854]	Ils avaient une grande variété d ' aliments parmi lesquels choisir . 

right label: 1	prob: [0.4288069009780884, 0.5711931586265564]	Ils vont seulement se perdre dans les miens . 

right label: 0	prob: [0.974509596824646, 0.025490425527095795]	On pourrait penser que ce sont là les philosophes professionnels : trop occupés à thé oriser dans l ' abstrait pour remarquer à quelle station ils se trouvent , sans parler de ce qui se passe dans le monde non abstrait dans lequel nous vivons tous . 

right label: 1	prob: [0.004695178009569645, 0.9953048229217529]	R assembl ez les ingrédients nécessaires à la préparation de les cup cakes à le chocolat . 

right label: 1	prob: [0.08415085077285767, 0.9158492088317871]	Un jeune garçon en maillot de bain jette une pierre dans l ' eau . 

right label: 1	prob: [0.3663133680820465, 0.6336866021156311]	Un homme est assis dans l ' herbe avec une vache près d ' une clôture . 

right label: 0	prob: [0.7713108062744141, 0.22868916392326355]	Un homme vêtu d ' un swe at- shirt à capuche bleu a les mains sur les rayons arrière de son vélo renversé , alors qu ' il est assis sur un mur et couvert de graffi tis parmi de les palmiers . 

right label: 0	prob: [0.9809991121292114, 0.019000839442014694]	Il savait que cette grotte sacrée était réservée exclusivement à les reliques de les Pap es , mais d ' une certaine manière Mor tat i a senti que c ' était approprié . 

right label: 1	prob: [0.028265587985515594, 0.9717344045639038]	Une vieille femme regarde le gâteau de son 9 5e anniversaire . 

right label: 1	prob: [0.12473976612091064, 0.8752602338790894]	amélior ez votre événement avec une performance de qualité , nous pouvons vous aider , appelez - nous dès aujourd' hui ! 

right label: 1	prob: [0.019324008375406265, 0.9806759357452393]	Chau ffer le four à 375 degrés F. Déposer une couche de sauce à le fond d ' un plat de cuisson de 9 par 13 pouces . 

right label: 0	prob: [0.7638973593711853, 0.2361026406288147]	De les gens sont dehors en train de danser lors d ' un événement nocturne tandis que les artistes chantent et jouent de les instruments sur une scène bien éclairée . 

right label: 0	prob: [0.9132152199745178, 0.08678477257490158]	Si c ' était en mars , cela signifiait que nous étions ensemble depuis presque un an et demi . 

right label: 0	prob: [0.9555565118789673, 0.04444349929690361]	Personne ne s ' en soucie ; 

right label: 1	prob: [0.02878793142735958, 0.9712120294570923]	Placez le beurre et le sucre dans un grand bol à mélanger et batt ez - les ensemble jusqu ' à ce qu ' ils soient légers et mouss eux . 

right label: 0	prob: [0.8877367377281189, 0.11226330697536469]	Même Lock he ed ne croyait pas que le public était aussi cré dule . 

right label: 1	prob: [0.4347454011440277, 0.5652545690536499]	Je ne pouvais pas m ' arrêter sans prendre une dernière photo de les montagnes ennei gées ! 

right label: 0	prob: [0.9315879940986633, 0.06841197609901428]	L ' acier étranger était également beaucoup moins cher . 

right label: 0	prob: [0.870762825012207, 0.12923718988895416]	C ' était le thème mél o dramatique de ce soir : la nature éphémère de la vie . 

right label: 0	prob: [0.7677763104438782, 0.2322237193584442]	Plusieurs personnes , dont l ' une est à vélo , traversent une rue très fréquentée . 

right label: 1	prob: [0.12206866592168808, 0.8779313564300537]	É gou tter le bœuf haché en laissant une petite quantité de graisse dans la casserole avec le bœuf haché et ajouter le ro tel , la crème de soupe à le poulet , l ' assaisonnement pour tac os , le jal ap eno haché et une boîte de soupe pleine d ' eau . 

right label: 1	prob: [0.02136864885687828, 0.9786313772201538]	Batt ez en crème le beurre et le sucre jusqu ' à ce qu ' ils soient légers et mouss eux . 

right label: 1	prob: [0.009929037652909756, 0.9900709986686707]	Le chat regarde à l ' intérieur de le sac à dos ouvert . 

right label: 1	prob: [0.1743704080581665, 0.8256295919418335]	Un homme est allongé dans le sable à côté d ' une vache . 

right label: 0	prob: [0.7116312384605408, 0.28836873173713684]	Les couverts sont vraiment magnifiques . 

right label: 0	prob: [0.5559532046318054, 0.4440467953681946]	Sur votre page web , vous déclar ez que la résolution de Moore est discutable . 

right label: 0	prob: [0.9617231488227844, 0.03827690705657005]	Le sien était coupé de près , avec une touche de style qui accen tu ait les beaux angles de ses pomm ettes et de sa mâchoire . 

right label: 0	prob: [0.9512926340103149, 0.04870733991265297]	Le taux de chômage est faible par rapport à les villes environnantes , et les rues sont propres et bien entreten ues . 

right label: 0	prob: [0.9858627915382385, 0.014137138612568378]	L ' église était complètement différente maintenant : la lumière de le soleil tombait à travers les vitraux , attrap ant la poussière qui flott ait encore dans l ' air et envoyant une chaleur sèche et saine dans les bords de la pièce , à travers la pierre et le béton poudr eux qui avaient été recouverts la nuit dernière par la chair et les lumières cli gnot antes . 

right label: 0	prob: [0.6238959431648254, 0.37610405683517456]	Un jeune garçon est sur le dos d ' une autre personne qui porte un chapeau . 

right label: 1	prob: [0.09500918537378311, 0.9049908518791199]	Un chat noir et blanc regarde dans la cuvette de les toilettes . 

right label: 1	prob: [0.1325712352991104, 0.8674287796020508]	Les ingrédients nécessaires pour ce goûter sont une préparation pour gâteau à le chocolat , 3 œufs , 1 / 3 de tasse d ' huile végétale , 1 tasse d ' eau , 1 boîte de sucre en poudre , 1 bâton de mar gar ine , 4 cuillères à soupe de cacao , 1 / 4 de tasse de lait , de les T wi zz lers , de les M & M' s , de les paillettes , de le papier ci ré et de les écor ces d ' amandes à le chocolat blanc . 

right label: 0	prob: [0.993024468421936, 0.006975487805902958]	En 1946 , les Juifs ne possédaient que 7 % de la Palestine , mais la menace de déplacement était largement perçue par les Arabes . 

right label: 0	prob: [0.9637718200683594, 0.03622822463512421]	La première loi de la ther modyn amique affirme sans équivoque que l ' énergie est toujours conservée et qu ' elle ne peut donc ni se perdre ni se renouveler . 

right label: 1	prob: [0.0517776720225811, 0.9482223391532898]	Dans un four préchauffé à 400 degrés , faites cuire votre zombie pendant 15- 18 minutes . 

right label: 1	prob: [0.06389695405960083, 0.936103105545044]	Un homme marche tout en utilisant son télé phone portable . 

right label: 0	prob: [0.8569208383560181, 0.14307913184165955]	C ' est de lui qu ' il s ' agissait . 

right label: 1	prob: [0.0576205849647522, 0.942379355430603]	Un enfant blond joue avec un ornement de jardin en métal . 

right label: 1	prob: [0.37212657928466797, 0.627873420715332]	Bon , je vais aller me coiff er . 

right label: 0	prob: [0.9673092365264893, 0.03269074112176895]	Par os et An dro s ont contribué à l ' armement per se , tandis que d ' autres sou tenaient Athènes . 

right label: 0	prob: [0.9018042087554932, 0.09819582849740982]	Fait : L ' enfer , c ' est les autres . 

right label: 0	prob: [0.9447841644287109, 0.055215850472450256]	Ne p th ys nous a conduit dans un couloir qui correspondait à la façade de le bâtiment , un couloir voû té , un intestin nerv ur é , dont les murs noirs avaient un aspect organique inquiétant . 

right label: 0	prob: [0.7438539266586304, 0.25614607334136963]	Mais nous voyons de nouveaux visages . 

right label: 0	prob: [0.9962148070335388, 0.0037851680535823107]	Le nouveau juif palestinien , disaient -ils , devait être physiquement plus fort que les commerçants intelli gents qui avaient été piétin és en Europe . 330 out of 416